2025-10-24 04:49:54 - Backed up patient_medication_records with 0 records
2025-10-24 04:49:54 - Backed up infant_records with 0 records
2025-10-24 04:49:54 - Backed up postnatal_records with 0 records
2025-10-24 04:49:54 - Backed up child_health_records with 0 records
2025-10-24 04:49:54 - Backed up pregnant_records with 0 records
2025-10-24 04:49:54 - Backed up fp_records with 0 records
2025-10-24 04:49:54 - Backed up household_records with 0 records
2025-10-24 04:49:54 - Automatic backup created successfully in backup/automatic/all/
2025-10-24 05:01:22 - Automatic backup failed: SQLSTATE[42S22]: Column not found: 1054 Unknown column 'sm.senior_record_id' in 'on clause'
2025-10-24 05:10:09 - Automatic backup failed: SQLSTATE[42S22]: Column not found: 1054 Unknown column 'sm.senior_record_id' in 'on clause'
2025-10-24 05:12:41 - Automatic backup failed: SQLSTATE[42S22]: Column not found: 1054 Unknown column 'sm.senior_record_id' in 'on clause'
2025-10-24 08:07:27 - Backed up patient_medication_records with 0 records
2025-10-24 08:07:27 - Backed up infant_records with 0 records
2025-10-24 08:07:27 - Backed up postnatal_records with 0 records
2025-10-24 08:07:27 - Backed up child_health_records with 0 records
2025-10-24 08:07:27 - Backed up pregnant_records with 0 records
2025-10-24 08:07:27 - Backed up fp_records with 0 records
2025-10-24 08:07:27 - Backed up household_records with 0 records
2025-10-24 08:07:27 - Automatic backup created successfully in backup/automatic/all/
2025-10-24 08:16:18 - Backed up patient_medication_records with 0 records
2025-10-24 08:16:18 - Backed up infant_records with 0 records
2025-10-24 08:16:18 - Backed up postnatal_records with 0 records
2025-10-24 08:16:18 - Backed up child_health_records with 0 records
2025-10-24 08:16:18 - Backed up pregnant_records with 0 records
2025-10-24 08:16:18 - Backed up fp_records with 0 records
2025-10-24 08:16:18 - Backed up household_records with 0 records
2025-10-24 08:16:18 - Automatic backup created successfully in backup/automatic/all/
2025-10-25 04:52:58 - Backed up patient_medication_records with 0 records
2025-10-25 04:52:58 - Backed up infant_records with 0 records
2025-10-25 04:52:58 - Backed up postnatal_records with 0 records
2025-10-25 04:52:58 - Backed up child_health_records with 0 records
2025-10-25 04:52:58 - Backed up pregnant_records with 0 records
2025-10-25 04:52:58 - Backed up fp_records with 0 records
2025-10-25 04:52:58 - Backed up household_records with 0 records
2025-10-25 04:52:58 - Automatic backup created successfully in backup/automatic/all/
2025-10-25 04:56:32 - Backed up patient_medication_records with 0 records
2025-10-25 04:56:32 - Backed up infant_records with 0 records
2025-10-25 04:56:32 - Backed up postnatal_records with 0 records
2025-10-25 04:56:32 - Backed up child_health_records with 0 records
2025-10-25 04:56:32 - Backed up pregnant_records with 0 records
2025-10-25 04:56:32 - Backed up fp_records with 0 records
2025-10-25 04:56:32 - Backed up household_records with 0 records
2025-10-25 04:56:32 - Automatic backup created successfully in backup/automatic/all/
2025-10-25 05:00:14 - Backed up patient_medication_records with 0 records
2025-10-25 05:00:14 - Backed up infant_records with 0 records
2025-10-25 05:00:14 - Backed up postnatal_records with 0 records
2025-10-25 05:00:14 - Backed up child_health_records with 0 records
2025-10-25 05:00:14 - Backed up pregnant_records with 0 records
2025-10-25 05:00:14 - Backed up fp_records with 0 records
2025-10-25 05:00:14 - Backed up household_records with 0 records
2025-10-25 05:00:14 - Automatic backup created successfully in backup/automatic/all/
2025-10-25 15:04:20 - Backed up patient_medication_records with 0 records
2025-10-25 15:04:20 - Backed up infant_records with 0 records
2025-10-25 15:04:20 - Backed up postnatal_records with 0 records
2025-10-25 15:04:20 - Backed up child_health_records with 0 records
2025-10-25 15:04:20 - Backed up pregnant_records with 0 records
2025-10-25 15:04:20 - Backed up fp_records with 0 records
2025-10-25 15:04:20 - Backed up household_records with 0 records
2025-10-25 15:04:20 - Automatic backup created successfully in backup/automatic/all/
2025-10-25 15:10:09 - Backed up patient_medication_records with 0 records
2025-10-25 15:10:09 - Backed up infant_records with 0 records
2025-10-25 15:10:09 - Backed up postnatal_records with 0 records
2025-10-25 15:10:09 - Backed up child_health_records with 0 records
2025-10-25 15:10:09 - Backed up pregnant_records with 0 records
2025-10-25 15:10:09 - Backed up fp_records with 0 records
2025-10-25 15:10:09 - Backed up household_records with 0 records
2025-10-25 15:10:09 - Automatic backup created successfully in backup/automatic/all/
2025-11-27 21:45:49 - Patient medication records query executed, found 3 records
2025-11-27 21:45:49 - Backed up patient_medication_records with 3 records
2025-11-27 21:45:49 - Infant records query executed, found 1 records
2025-11-27 21:45:49 - Backed up infant_records with 1 records
2025-11-27 21:45:49 - Postnatal records query executed, found 0 records
2025-11-27 21:45:49 - Backed up postnatal_records with 0 records
2025-11-27 21:45:49 - Child health records query executed, found 11 records
2025-11-27 21:45:49 - Backed up child_health_records with 11 records
2025-11-27 21:45:49 - Pregnant records query executed, found 1 records
2025-11-27 21:45:49 - Backed up pregnant_records with 1 records
2025-11-27 21:45:49 - FP records query executed, found 22 records
2025-11-27 21:45:49 - Backed up fp_records with 22 records
2025-11-27 21:45:49 - Household records query executed, found 62 records
2025-11-27 21:45:49 - Backed up household_records with 62 records
2025-11-27 22:19:17 - Patient medication records query executed, found 3 records
2025-11-27 22:19:17 - Backed up patient_medication_records with 3 records
2025-11-27 22:19:17 - Infant records query executed, found 1 records
2025-11-27 22:19:17 - Backed up infant_records with 1 records
2025-11-27 22:19:17 - Postnatal records query executed, found 0 records
2025-11-27 22:19:17 - Backed up postnatal_records with 0 records
2025-11-27 22:19:17 - Child health records query executed, found 11 records
2025-11-27 22:19:17 - Backed up child_health_records with 11 records
2025-11-27 22:19:17 - Pregnant records query executed, found 1 records
2025-11-27 22:19:17 - Backed up pregnant_records with 1 records
2025-11-27 22:19:17 - FP records query executed, found 22 records
2025-11-27 22:19:17 - Backed up fp_records with 22 records
2025-11-27 22:19:17 - Household records query executed, found 62 records
2025-11-27 22:19:17 - Backed up household_records with 62 records
2025-11-27 22:19:17 - Automatic backup created successfully in backup/automatic/Purok 1/all/
2025-11-30 16:32:20 - Backed up patient_medication_records with 0 records
2025-11-30 16:32:20 - Backed up infant_records with 0 records
2025-11-30 16:32:20 - Backed up postnatal_records with 0 records
2025-11-30 16:32:20 - Backed up child_health_records with 0 records
2025-11-30 16:32:20 - Backed up pregnant_records with 0 records
2025-11-30 16:32:20 - Backed up fp_records with 0 records
2025-11-30 16:32:20 - Backed up household_records with 0 records
2025-11-30 16:32:20 - Automatic backup created successfully in backup/automatic/all/
2025-12-01 02:37:20 - Patient medication records query executed, found 20 records
2025-12-01 02:37:20 - Backed up patient_medication_records with 20 records
2025-12-01 02:37:20 - Infant records query executed, found 1 records
2025-12-01 02:37:20 - Backed up infant_records with 1 records
2025-12-01 02:37:20 - Postnatal records query executed, found 0 records
2025-12-01 02:37:20 - Backed up postnatal_records with 0 records
2025-12-01 02:37:20 - Child health records query executed, found 21 records
2025-12-01 02:37:20 - Backed up child_health_records with 21 records
2025-12-01 02:37:20 - Pregnant records query executed, found 1 records
2025-12-01 02:37:20 - Backed up pregnant_records with 1 records
2025-12-01 02:37:20 - FP records query executed, found 60 records
2025-12-01 02:37:20 - Backed up fp_records with 60 records
2025-12-01 02:37:20 - Household records query executed, found 317 records
2025-12-01 02:37:20 - Backed up household_records with 317 records
2025-12-01 02:37:20 - Automatic backup created successfully in backup/automatic/all/
