[2025-11-24 00:01:03] === Starting Hourly Key Check ===
[2025-11-24 00:01:03] Purok P1: 1.1% used (11/1000) - No action needed
[2025-11-24 00:01:03] Purok P2: 3.5% used (35/1000) - No action needed
[2025-11-24 00:01:03] Purok P3: 0.5% used (5/1000) - No action needed
[2025-11-24 00:01:03] Purok P4A: 0.1% used (1/1000) - No action needed
[2025-11-24 00:01:03] Purok P4B: 1% used (10/1000) - No action needed
[2025-11-24 00:01:03] Purok P5: 1.9% used (19/1000) - No action needed
[2025-11-24 00:01:03] Purok P6: 0% used (0/1000) - No action needed
[2025-11-24 00:01:03] Purok P7: 0.7% used (7/1000) - No action needed
[2025-11-24 00:01:03] === Hourly Key Check Completed ===
[2025-11-24 00:01:03] Puroks regenerated: None
[2025-11-24 01:01:03] === Starting Hourly Key Check ===
[2025-11-24 01:01:03] Purok P1: 1.1% used (11/1000) - No action needed
[2025-11-24 01:01:03] Purok P2: 3.5% used (35/1000) - No action needed
[2025-11-24 01:01:03] Purok P3: 0.5% used (5/1000) - No action needed
[2025-11-24 01:01:03] Purok P4A: 0.1% used (1/1000) - No action needed
[2025-11-24 01:01:03] Purok P4B: 1% used (10/1000) - No action needed
[2025-11-24 01:01:03] Purok P5: 1.9% used (19/1000) - No action needed
[2025-11-24 01:01:03] Purok P6: 0% used (0/1000) - No action needed
[2025-11-24 01:01:03] Purok P7: 0.7% used (7/1000) - No action needed
[2025-11-24 01:01:03] === Hourly Key Check Completed ===
[2025-11-24 01:01:03] Puroks regenerated: None
[2025-11-24 02:01:03] === Starting Hourly Key Check ===
[2025-11-24 02:01:03] Purok P1: 1.1% used (11/1000) - No action needed
[2025-11-24 02:01:03] Purok P2: 3.5% used (35/1000) - No action needed
[2025-11-24 02:01:03] Purok P3: 0.5% used (5/1000) - No action needed
[2025-11-24 02:01:03] Purok P4A: 0.1% used (1/1000) - No action needed
[2025-11-24 02:01:03] Purok P4B: 1% used (10/1000) - No action needed
[2025-11-24 02:01:03] Purok P5: 1.9% used (19/1000) - No action needed
[2025-11-24 02:01:03] Purok P6: 0% used (0/1000) - No action needed
[2025-11-24 02:01:03] Purok P7: 0.7% used (7/1000) - No action needed
[2025-11-24 02:01:03] === Hourly Key Check Completed ===
[2025-11-24 02:01:03] Puroks regenerated: None
[2025-11-24 03:01:04] === Starting Hourly Key Check ===
[2025-11-24 03:01:04] Purok P1: 1.1% used (11/1000) - No action needed
[2025-11-24 03:01:04] Purok P2: 3.5% used (35/1000) - No action needed
[2025-11-24 03:01:04] Purok P3: 0.5% used (5/1000) - No action needed
[2025-11-24 03:01:04] Purok P4A: 0.1% used (1/1000) - No action needed
[2025-11-24 03:01:04] Purok P4B: 1% used (10/1000) - No action needed
[2025-11-24 03:01:04] Purok P5: 1.9% used (19/1000) - No action needed
[2025-11-24 03:01:04] Purok P6: 0% used (0/1000) - No action needed
[2025-11-24 03:01:04] Purok P7: 0.7% used (7/1000) - No action needed
[2025-11-24 03:01:04] === Hourly Key Check Completed ===
[2025-11-24 03:01:04] Puroks regenerated: None
[2025-11-24 04:01:03] === Starting Hourly Key Check ===
[2025-11-24 04:01:03] Purok P1: 1.1% used (11/1000) - No action needed
[2025-11-24 04:01:03] Purok P2: 3.5% used (35/1000) - No action needed
[2025-11-24 04:01:03] Purok P3: 0.5% used (5/1000) - No action needed
[2025-11-24 04:01:03] Purok P4A: 0.1% used (1/1000) - No action needed
[2025-11-24 04:01:03] Purok P4B: 1% used (10/1000) - No action needed
[2025-11-24 04:01:03] Purok P5: 1.9% used (19/1000) - No action needed
[2025-11-24 04:01:03] Purok P6: 0% used (0/1000) - No action needed
[2025-11-24 04:01:03] Purok P7: 0.7% used (7/1000) - No action needed
[2025-11-24 04:01:03] === Hourly Key Check Completed ===
[2025-11-24 04:01:03] Puroks regenerated: None
[2025-11-24 05:01:03] === Starting Hourly Key Check ===
[2025-11-24 05:01:03] Purok P1: 1.1% used (11/1000) - No action needed
[2025-11-24 05:01:03] Purok P2: 3.5% used (35/1000) - No action needed
[2025-11-24 05:01:03] Purok P3: 0.5% used (5/1000) - No action needed
[2025-11-24 05:01:03] Purok P4A: 0.1% used (1/1000) - No action needed
[2025-11-24 05:01:03] Purok P4B: 1% used (10/1000) - No action needed
[2025-11-24 05:01:03] Purok P5: 1.9% used (19/1000) - No action needed
[2025-11-24 05:01:03] Purok P6: 0% used (0/1000) - No action needed
[2025-11-24 05:01:03] Purok P7: 0.8% used (8/1000) - No action needed
[2025-11-24 05:01:03] === Hourly Key Check Completed ===
[2025-11-24 05:01:03] Puroks regenerated: None
[2025-11-24 06:01:07] === Starting Hourly Key Check ===
[2025-11-24 06:01:07] Purok P1: 1.1% used (11/1000) - No action needed
[2025-11-24 06:01:07] Purok P2: 3.5% used (35/1000) - No action needed
[2025-11-24 06:01:07] Purok P3: 0.5% used (5/1000) - No action needed
[2025-11-24 06:01:07] Purok P4A: 0.1% used (1/1000) - No action needed
[2025-11-24 06:01:07] Purok P4B: 1% used (10/1000) - No action needed
[2025-11-24 06:01:07] Purok P5: 1.9% used (19/1000) - No action needed
[2025-11-24 06:01:07] Purok P6: 0% used (0/1000) - No action needed
[2025-11-24 06:01:07] Purok P7: 1.4% used (14/1000) - No action needed
[2025-11-24 06:01:07] === Hourly Key Check Completed ===
[2025-11-24 06:01:07] Puroks regenerated: None
[2025-11-24 07:01:03] === Starting Hourly Key Check ===
[2025-11-24 07:01:03] Purok P1: 1.1% used (11/1000) - No action needed
[2025-11-24 07:01:03] Purok P2: 3.5% used (35/1000) - No action needed
[2025-11-24 07:01:03] Purok P3: 0.5% used (5/1000) - No action needed
[2025-11-24 07:01:03] Purok P4A: 0.4% used (4/1000) - No action needed
[2025-11-24 07:01:03] Purok P4B: 1% used (10/1000) - No action needed
[2025-11-24 07:01:03] Purok P5: 1.9% used (19/1000) - No action needed
[2025-11-24 07:01:03] Purok P6: 0% used (0/1000) - No action needed
[2025-11-24 07:01:03] Purok P7: 1.4% used (14/1000) - No action needed
[2025-11-24 07:01:03] === Hourly Key Check Completed ===
[2025-11-24 07:01:03] Puroks regenerated: None
[2025-11-24 08:01:06] === Starting Hourly Key Check ===
[2025-11-24 08:01:06] Purok P1: 1.1% used (11/1000) - No action needed
[2025-11-24 08:01:06] Purok P2: 3.5% used (35/1000) - No action needed
[2025-11-24 08:01:06] Purok P3: 0.5% used (5/1000) - No action needed
[2025-11-24 08:01:06] Purok P4A: 1.5% used (15/1000) - No action needed
[2025-11-24 08:01:06] Purok P4B: 1% used (10/1000) - No action needed
[2025-11-24 08:01:06] Purok P5: 1.9% used (19/1000) - No action needed
[2025-11-24 08:01:06] Purok P6: 0% used (0/1000) - No action needed
[2025-11-24 08:01:06] Purok P7: 1.4% used (14/1000) - No action needed
[2025-11-24 08:01:06] === Hourly Key Check Completed ===
[2025-11-24 08:01:06] Puroks regenerated: None
[2025-11-24 09:01:03] === Starting Hourly Key Check ===
[2025-11-24 09:01:03] Purok P1: 1.1% used (11/1000) - No action needed
[2025-11-24 09:01:03] Purok P2: 3.5% used (35/1000) - No action needed
[2025-11-24 09:01:03] Purok P3: 0.5% used (5/1000) - No action needed
[2025-11-24 09:01:03] Purok P4A: 1.5% used (15/1000) - No action needed
[2025-11-24 09:01:03] Purok P4B: 1% used (10/1000) - No action needed
[2025-11-24 09:01:03] Purok P5: 1.9% used (19/1000) - No action needed
[2025-11-24 09:01:03] Purok P6: 0% used (0/1000) - No action needed
[2025-11-24 09:01:03] Purok P7: 1.4% used (14/1000) - No action needed
[2025-11-24 09:01:03] === Hourly Key Check Completed ===
[2025-11-24 09:01:03] Puroks regenerated: None
[2025-11-24 10:01:07] === Starting Hourly Key Check ===
[2025-11-24 10:01:07] Purok P1: 1.1% used (11/1000) - No action needed
[2025-11-24 10:01:07] Purok P2: 3.5% used (35/1000) - No action needed
[2025-11-24 10:01:07] Purok P3: 0.5% used (5/1000) - No action needed
[2025-11-24 10:01:07] Purok P4A: 1.5% used (15/1000) - No action needed
[2025-11-24 10:01:07] Purok P4B: 1% used (10/1000) - No action needed
[2025-11-24 10:01:07] Purok P5: 1.9% used (19/1000) - No action needed
[2025-11-24 10:01:07] Purok P6: 0% used (0/1000) - No action needed
[2025-11-24 10:01:07] Purok P7: 1.4% used (14/1000) - No action needed
[2025-11-24 10:01:07] === Hourly Key Check Completed ===
[2025-11-24 10:01:07] Puroks regenerated: None
[2025-11-24 11:01:03] === Starting Hourly Key Check ===
[2025-11-24 11:01:03] Purok P1: 1.1% used (11/1000) - No action needed
[2025-11-24 11:01:03] Purok P2: 3.5% used (35/1000) - No action needed
[2025-11-24 11:01:03] Purok P3: 0.5% used (5/1000) - No action needed
[2025-11-24 11:01:03] Purok P4A: 1.5% used (15/1000) - No action needed
[2025-11-24 11:01:03] Purok P4B: 1% used (10/1000) - No action needed
[2025-11-24 11:01:03] Purok P5: 1.9% used (19/1000) - No action needed
[2025-11-24 11:01:03] Purok P6: 0% used (0/1000) - No action needed
[2025-11-24 11:01:03] Purok P7: 1.4% used (14/1000) - No action needed
[2025-11-24 11:01:03] === Hourly Key Check Completed ===
[2025-11-24 11:01:03] Puroks regenerated: None
[2025-11-24 12:01:03] === Starting Hourly Key Check ===
[2025-11-24 12:01:03] Purok P1: 1.1% used (11/1000) - No action needed
[2025-11-24 12:01:03] Purok P2: 3.5% used (35/1000) - No action needed
[2025-11-24 12:01:03] Purok P3: 0.5% used (5/1000) - No action needed
[2025-11-24 12:01:03] Purok P4A: 1.5% used (15/1000) - No action needed
[2025-11-24 12:01:03] Purok P4B: 1% used (10/1000) - No action needed
[2025-11-24 12:01:03] Purok P5: 1.9% used (19/1000) - No action needed
[2025-11-24 12:01:03] Purok P6: 0% used (0/1000) - No action needed
[2025-11-24 12:01:03] Purok P7: 1.4% used (14/1000) - No action needed
[2025-11-24 12:01:03] === Hourly Key Check Completed ===
[2025-11-24 12:01:03] Puroks regenerated: None
[2025-11-24 13:01:03] === Starting Hourly Key Check ===
[2025-11-24 13:01:03] Purok P1: 1.1% used (11/1000) - No action needed
[2025-11-24 13:01:03] Purok P2: 3.5% used (35/1000) - No action needed
[2025-11-24 13:01:03] Purok P3: 0.5% used (5/1000) - No action needed
[2025-11-24 13:01:03] Purok P4A: 1.7% used (17/1000) - No action needed
[2025-11-24 13:01:03] Purok P4B: 1% used (10/1000) - No action needed
[2025-11-24 13:01:03] Purok P5: 1.9% used (19/1000) - No action needed
[2025-11-24 13:01:03] Purok P6: 0% used (0/1000) - No action needed
[2025-11-24 13:01:03] Purok P7: 1.4% used (14/1000) - No action needed
[2025-11-24 13:01:03] === Hourly Key Check Completed ===
[2025-11-24 13:01:03] Puroks regenerated: None
[2025-11-24 14:01:03] === Starting Hourly Key Check ===
[2025-11-24 14:01:03] Purok P1: 1.1% used (11/1000) - No action needed
[2025-11-24 14:01:03] Purok P2: 3.5% used (35/1000) - No action needed
[2025-11-24 14:01:03] Purok P3: 0.5% used (5/1000) - No action needed
[2025-11-24 14:01:03] Purok P4A: 2.3% used (23/1000) - No action needed
[2025-11-24 14:01:03] Purok P4B: 1% used (10/1000) - No action needed
[2025-11-24 14:01:03] Purok P5: 1.9% used (19/1000) - No action needed
[2025-11-24 14:01:03] Purok P6: 0% used (0/1000) - No action needed
[2025-11-24 14:01:03] Purok P7: 1.4% used (14/1000) - No action needed
[2025-11-24 14:01:03] === Hourly Key Check Completed ===
[2025-11-24 14:01:03] Puroks regenerated: None
[2025-11-24 15:01:04] === Starting Hourly Key Check ===
[2025-11-24 15:01:04] Purok P1: 1.1% used (11/1000) - No action needed
[2025-11-24 15:01:04] Purok P2: 3.5% used (35/1000) - No action needed
[2025-11-24 15:01:04] Purok P3: 0.5% used (5/1000) - No action needed
[2025-11-24 15:01:04] Purok P4A: 2.3% used (23/1000) - No action needed
[2025-11-24 15:01:04] Purok P4B: 1% used (10/1000) - No action needed
[2025-11-24 15:01:04] Purok P5: 1.9% used (19/1000) - No action needed
[2025-11-24 15:01:04] Purok P6: 0% used (0/1000) - No action needed
[2025-11-24 15:01:04] Purok P7: 1.4% used (14/1000) - No action needed
[2025-11-24 15:01:04] === Hourly Key Check Completed ===
[2025-11-24 15:01:04] Puroks regenerated: None
[2025-11-24 16:01:03] === Starting Hourly Key Check ===
[2025-11-24 16:01:03] Purok P1: 1.1% used (11/1000) - No action needed
[2025-11-24 16:01:03] Purok P2: 3.5% used (35/1000) - No action needed
[2025-11-24 16:01:03] Purok P3: 0.5% used (5/1000) - No action needed
[2025-11-24 16:01:03] Purok P4A: 2.3% used (23/1000) - No action needed
[2025-11-24 16:01:03] Purok P4B: 1% used (10/1000) - No action needed
[2025-11-24 16:01:03] Purok P5: 1.9% used (19/1000) - No action needed
[2025-11-24 16:01:03] Purok P6: 0% used (0/1000) - No action needed
[2025-11-24 16:01:03] Purok P7: 1.4% used (14/1000) - No action needed
[2025-11-24 16:01:03] === Hourly Key Check Completed ===
[2025-11-24 16:01:03] Puroks regenerated: None
[2025-11-24 17:01:03] === Starting Hourly Key Check ===
[2025-11-24 17:01:03] Purok P1: 1.1% used (11/1000) - No action needed
[2025-11-24 17:01:03] Purok P2: 3.5% used (35/1000) - No action needed
[2025-11-24 17:01:03] Purok P3: 0.5% used (5/1000) - No action needed
[2025-11-24 17:01:03] Purok P4A: 2.3% used (23/1000) - No action needed
[2025-11-24 17:01:03] Purok P4B: 1% used (10/1000) - No action needed
[2025-11-24 17:01:03] Purok P5: 1.9% used (19/1000) - No action needed
[2025-11-24 17:01:03] Purok P6: 0% used (0/1000) - No action needed
[2025-11-24 17:01:03] Purok P7: 1.4% used (14/1000) - No action needed
[2025-11-24 17:01:03] === Hourly Key Check Completed ===
[2025-11-24 17:01:03] Puroks regenerated: None
[2025-11-24 18:01:05] === Starting Hourly Key Check ===
[2025-11-24 18:01:05] Purok P1: 1.1% used (11/1000) - No action needed
[2025-11-24 18:01:05] Purok P2: 3.5% used (35/1000) - No action needed
[2025-11-24 18:01:05] Purok P3: 0.5% used (5/1000) - No action needed
[2025-11-24 18:01:05] Purok P4A: 2.3% used (23/1000) - No action needed
[2025-11-24 18:01:05] Purok P4B: 1% used (10/1000) - No action needed
[2025-11-24 18:01:05] Purok P5: 1.9% used (19/1000) - No action needed
[2025-11-24 18:01:05] Purok P6: 0% used (0/1000) - No action needed
[2025-11-24 18:01:05] Purok P7: 1.4% used (14/1000) - No action needed
[2025-11-24 18:01:05] === Hourly Key Check Completed ===
[2025-11-24 18:01:05] Puroks regenerated: None
[2025-11-24 19:01:03] === Starting Hourly Key Check ===
[2025-11-24 19:01:03] Purok P1: 1.1% used (11/1000) - No action needed
[2025-11-24 19:01:03] Purok P2: 3.5% used (35/1000) - No action needed
[2025-11-24 19:01:03] Purok P3: 0.5% used (5/1000) - No action needed
[2025-11-24 19:01:03] Purok P4A: 2.3% used (23/1000) - No action needed
[2025-11-24 19:01:03] Purok P4B: 1% used (10/1000) - No action needed
[2025-11-24 19:01:03] Purok P5: 1.9% used (19/1000) - No action needed
[2025-11-24 19:01:03] Purok P6: 0% used (0/1000) - No action needed
[2025-11-24 19:01:03] Purok P7: 1.4% used (14/1000) - No action needed
[2025-11-24 19:01:03] === Hourly Key Check Completed ===
[2025-11-24 19:01:03] Puroks regenerated: None
[2025-11-24 20:01:03] === Starting Hourly Key Check ===
[2025-11-24 20:01:03] Purok P1: 1.1% used (11/1000) - No action needed
[2025-11-24 20:01:03] Purok P2: 3.5% used (35/1000) - No action needed
[2025-11-24 20:01:03] Purok P3: 0.5% used (5/1000) - No action needed
[2025-11-24 20:01:03] Purok P4A: 2.3% used (23/1000) - No action needed
[2025-11-24 20:01:03] Purok P4B: 1% used (10/1000) - No action needed
[2025-11-24 20:01:03] Purok P5: 1.9% used (19/1000) - No action needed
[2025-11-24 20:01:03] Purok P6: 0% used (0/1000) - No action needed
[2025-11-24 20:01:03] Purok P7: 1.4% used (14/1000) - No action needed
[2025-11-24 20:01:03] === Hourly Key Check Completed ===
[2025-11-24 20:01:03] Puroks regenerated: None
[2025-11-24 21:01:03] === Starting Hourly Key Check ===
[2025-11-24 21:01:03] Purok P1: 1.1% used (11/1000) - No action needed
[2025-11-24 21:01:03] Purok P2: 3.5% used (35/1000) - No action needed
[2025-11-24 21:01:03] Purok P3: 0.5% used (5/1000) - No action needed
[2025-11-24 21:01:03] Purok P4A: 2.3% used (23/1000) - No action needed
[2025-11-24 21:01:03] Purok P4B: 1% used (10/1000) - No action needed
[2025-11-24 21:01:03] Purok P5: 1.9% used (19/1000) - No action needed
[2025-11-24 21:01:03] Purok P6: 0% used (0/1000) - No action needed
[2025-11-24 21:01:03] Purok P7: 1.4% used (14/1000) - No action needed
[2025-11-24 21:01:03] === Hourly Key Check Completed ===
[2025-11-24 21:01:03] Puroks regenerated: None
[2025-11-24 22:01:04] === Starting Hourly Key Check ===
[2025-11-24 22:01:04] Purok P1: 1.1% used (11/1000) - No action needed
[2025-11-24 22:01:04] Purok P2: 3.5% used (35/1000) - No action needed
[2025-11-24 22:01:04] Purok P3: 0.5% used (5/1000) - No action needed
[2025-11-24 22:01:04] Purok P4A: 2.3% used (23/1000) - No action needed
[2025-11-24 22:01:04] Purok P4B: 1% used (10/1000) - No action needed
[2025-11-24 22:01:04] Purok P5: 1.9% used (19/1000) - No action needed
[2025-11-24 22:01:04] Purok P6: 0% used (0/1000) - No action needed
[2025-11-24 22:01:04] Purok P7: 1.4% used (14/1000) - No action needed
[2025-11-24 22:01:04] === Hourly Key Check Completed ===
[2025-11-24 22:01:04] Puroks regenerated: None
[2025-11-24 23:01:03] === Starting Hourly Key Check ===
[2025-11-24 23:01:03] Purok P1: 1.1% used (11/1000) - No action needed
[2025-11-24 23:01:03] Purok P2: 3.5% used (35/1000) - No action needed
[2025-11-24 23:01:03] Purok P3: 0.5% used (5/1000) - No action needed
[2025-11-24 23:01:03] Purok P4A: 2.3% used (23/1000) - No action needed
[2025-11-24 23:01:03] Purok P4B: 1% used (10/1000) - No action needed
[2025-11-24 23:01:03] Purok P5: 1.9% used (19/1000) - No action needed
[2025-11-24 23:01:03] Purok P6: 0% used (0/1000) - No action needed
[2025-11-24 23:01:03] Purok P7: 1.4% used (14/1000) - No action needed
[2025-11-24 23:01:03] === Hourly Key Check Completed ===
[2025-11-24 23:01:03] Puroks regenerated: None
