[2025-10-16 00:01:08] === Starting Hourly Key Check ===
[2025-10-16 00:01:08] Purok P1: 0% used (0/1000) - No action needed
[2025-10-16 00:01:08] Purok P2: 0.3% used (3/1000) - No action needed
[2025-10-16 00:01:08] Purok P3: 0% used (0/1000) - No action needed
[2025-10-16 00:01:08] Purok P4A: 0% used (0/1000) - No action needed
[2025-10-16 00:01:08] Purok P4B: 0% used (0/1000) - No action needed
[2025-10-16 00:01:08] Purok P5: 0% used (0/1000) - No action needed
[2025-10-16 00:01:08] Purok P6: 0% used (0/1000) - No action needed
[2025-10-16 00:01:08] Purok P7: 0% used (0/1000) - No action needed
[2025-10-16 00:01:08] === Hourly Key Check Completed ===
[2025-10-16 00:01:08] Puroks regenerated: None
[2025-10-16 01:01:06] === Starting Hourly Key Check ===
[2025-10-16 01:01:06] Purok P1: 0% used (0/1000) - No action needed
[2025-10-16 01:01:06] Purok P2: 0.3% used (3/1000) - No action needed
[2025-10-16 01:01:06] Purok P3: 0% used (0/1000) - No action needed
[2025-10-16 01:01:06] Purok P4A: 0% used (0/1000) - No action needed
[2025-10-16 01:01:06] Purok P4B: 0% used (0/1000) - No action needed
[2025-10-16 01:01:06] Purok P5: 0% used (0/1000) - No action needed
[2025-10-16 01:01:06] Purok P6: 0% used (0/1000) - No action needed
[2025-10-16 01:01:06] Purok P7: 0% used (0/1000) - No action needed
[2025-10-16 01:01:06] === Hourly Key Check Completed ===
[2025-10-16 01:01:06] Puroks regenerated: None
[2025-10-16 03:01:04] === Starting Hourly Key Check ===
[2025-10-16 03:01:04] Purok P1: 0% used (0/1000) - No action needed
[2025-10-16 03:01:04] Purok P2: 0.3% used (3/1000) - No action needed
[2025-10-16 03:01:04] Purok P3: 0% used (0/1000) - No action needed
[2025-10-16 03:01:04] Purok P4A: 0% used (0/1000) - No action needed
[2025-10-16 03:01:04] Purok P4B: 0% used (0/1000) - No action needed
[2025-10-16 03:01:04] Purok P5: 0% used (0/1000) - No action needed
[2025-10-16 03:01:04] Purok P6: 0% used (0/1000) - No action needed
[2025-10-16 03:01:04] Purok P7: 0% used (0/1000) - No action needed
[2025-10-16 03:01:04] === Hourly Key Check Completed ===
[2025-10-16 03:01:04] Puroks regenerated: None
[2025-10-16 04:01:03] === Starting Hourly Key Check ===
[2025-10-16 04:01:03] Purok P1: 0.1% used (1/1000) - No action needed
[2025-10-16 04:01:03] Purok P2: 0.3% used (3/1000) - No action needed
[2025-10-16 04:01:03] Purok P3: 0% used (0/1000) - No action needed
[2025-10-16 04:01:03] Purok P4A: 0% used (0/1000) - No action needed
[2025-10-16 04:01:03] Purok P4B: 0% used (0/1000) - No action needed
[2025-10-16 04:01:03] Purok P5: 0% used (0/1000) - No action needed
[2025-10-16 04:01:03] Purok P6: 0% used (0/1000) - No action needed
[2025-10-16 04:01:03] Purok P7: 0.1% used (1/1000) - No action needed
[2025-10-16 04:01:03] === Hourly Key Check Completed ===
[2025-10-16 04:01:03] Puroks regenerated: None
[2025-10-16 05:01:04] === Starting Hourly Key Check ===
[2025-10-16 05:01:04] Purok P1: 0.1% used (1/1000) - No action needed
[2025-10-16 05:01:04] Purok P2: 0.3% used (3/1000) - No action needed
[2025-10-16 05:01:04] Purok P3: 0.1% used (1/1000) - No action needed
[2025-10-16 05:01:04] Purok P4A: 0% used (0/1000) - No action needed
[2025-10-16 05:01:04] Purok P4B: 0% used (0/1000) - No action needed
[2025-10-16 05:01:04] Purok P5: 0% used (0/1000) - No action needed
[2025-10-16 05:01:04] Purok P6: 0% used (0/1000) - No action needed
[2025-10-16 05:01:04] Purok P7: 0.1% used (1/1000) - No action needed
[2025-10-16 05:01:04] === Hourly Key Check Completed ===
[2025-10-16 05:01:04] Puroks regenerated: None
[2025-10-16 06:01:05] === Starting Hourly Key Check ===
[2025-10-16 06:01:05] Purok P1: 0.1% used (1/1000) - No action needed
[2025-10-16 06:01:05] Purok P2: 0.3% used (3/1000) - No action needed
[2025-10-16 06:01:05] Purok P3: 0.1% used (1/1000) - No action needed
[2025-10-16 06:01:05] Purok P4A: 0% used (0/1000) - No action needed
[2025-10-16 06:01:05] Purok P4B: 0% used (0/1000) - No action needed
[2025-10-16 06:01:05] Purok P5: 0% used (0/1000) - No action needed
[2025-10-16 06:01:05] Purok P6: 0% used (0/1000) - No action needed
[2025-10-16 06:01:05] Purok P7: 0.1% used (1/1000) - No action needed
[2025-10-16 06:01:05] === Hourly Key Check Completed ===
[2025-10-16 06:01:05] Puroks regenerated: None
[2025-10-16 07:01:04] === Starting Hourly Key Check ===
[2025-10-16 07:01:04] Purok P1: 0.1% used (1/1000) - No action needed
[2025-10-16 07:01:04] Purok P2: 0.3% used (3/1000) - No action needed
[2025-10-16 07:01:04] Purok P3: 0.1% used (1/1000) - No action needed
[2025-10-16 07:01:04] Purok P4A: 0% used (0/1000) - No action needed
[2025-10-16 07:01:04] Purok P4B: 0% used (0/1000) - No action needed
[2025-10-16 07:01:04] Purok P5: 0% used (0/1000) - No action needed
[2025-10-16 07:01:04] Purok P6: 0% used (0/1000) - No action needed
[2025-10-16 07:01:04] Purok P7: 0.1% used (1/1000) - No action needed
[2025-10-16 07:01:04] === Hourly Key Check Completed ===
[2025-10-16 07:01:04] Puroks regenerated: None
[2025-10-16 08:01:04] === Starting Hourly Key Check ===
[2025-10-16 08:01:04] Purok P1: 0.1% used (1/1000) - No action needed
[2025-10-16 08:01:04] Purok P2: 0.3% used (3/1000) - No action needed
[2025-10-16 08:01:04] Purok P3: 0.1% used (1/1000) - No action needed
[2025-10-16 08:01:04] Purok P4A: 0% used (0/1000) - No action needed
[2025-10-16 08:01:04] Purok P4B: 0% used (0/1000) - No action needed
[2025-10-16 08:01:04] Purok P5: 0% used (0/1000) - No action needed
[2025-10-16 08:01:04] Purok P6: 0% used (0/1000) - No action needed
[2025-10-16 08:01:04] Purok P7: 0.1% used (1/1000) - No action needed
[2025-10-16 08:01:04] === Hourly Key Check Completed ===
[2025-10-16 08:01:04] Puroks regenerated: None
[2025-10-16 09:01:03] === Starting Hourly Key Check ===
[2025-10-16 09:01:03] Purok P1: 0.1% used (1/1000) - No action needed
[2025-10-16 09:01:03] Purok P2: 0.3% used (3/1000) - No action needed
[2025-10-16 09:01:03] Purok P3: 0.1% used (1/1000) - No action needed
[2025-10-16 09:01:03] Purok P4A: 0% used (0/1000) - No action needed
[2025-10-16 09:01:03] Purok P4B: 0% used (0/1000) - No action needed
[2025-10-16 09:01:03] Purok P5: 0% used (0/1000) - No action needed
[2025-10-16 09:01:03] Purok P6: 0% used (0/1000) - No action needed
[2025-10-16 09:01:03] Purok P7: 0.1% used (1/1000) - No action needed
[2025-10-16 09:01:03] === Hourly Key Check Completed ===
[2025-10-16 09:01:03] Puroks regenerated: None
[2025-10-16 10:01:03] === Starting Hourly Key Check ===
[2025-10-16 10:01:03] Purok P1: 0.1% used (1/1000) - No action needed
[2025-10-16 10:01:03] Purok P2: 0.3% used (3/1000) - No action needed
[2025-10-16 10:01:03] Purok P3: 0.1% used (1/1000) - No action needed
[2025-10-16 10:01:03] Purok P4A: 0% used (0/1000) - No action needed
[2025-10-16 10:01:03] Purok P4B: 0% used (0/1000) - No action needed
[2025-10-16 10:01:03] Purok P5: 0% used (0/1000) - No action needed
[2025-10-16 10:01:03] Purok P6: 0% used (0/1000) - No action needed
[2025-10-16 10:01:03] Purok P7: 0.1% used (1/1000) - No action needed
[2025-10-16 10:01:03] === Hourly Key Check Completed ===
[2025-10-16 10:01:03] Puroks regenerated: None
[2025-10-16 11:01:03] === Starting Hourly Key Check ===
[2025-10-16 11:01:03] Purok P1: 0.1% used (1/1000) - No action needed
[2025-10-16 11:01:03] Purok P2: 0.3% used (3/1000) - No action needed
[2025-10-16 11:01:03] Purok P3: 0.1% used (1/1000) - No action needed
[2025-10-16 11:01:03] Purok P4A: 0% used (0/1000) - No action needed
[2025-10-16 11:01:03] Purok P4B: 0% used (0/1000) - No action needed
[2025-10-16 11:01:03] Purok P5: 0% used (0/1000) - No action needed
[2025-10-16 11:01:03] Purok P6: 0% used (0/1000) - No action needed
[2025-10-16 11:01:03] Purok P7: 0.1% used (1/1000) - No action needed
[2025-10-16 11:01:03] === Hourly Key Check Completed ===
[2025-10-16 11:01:03] Puroks regenerated: None
[2025-10-16 12:01:03] === Starting Hourly Key Check ===
[2025-10-16 12:01:03] Purok P1: 0.1% used (1/1000) - No action needed
[2025-10-16 12:01:03] Purok P2: 0.3% used (3/1000) - No action needed
[2025-10-16 12:01:03] Purok P3: 0.1% used (1/1000) - No action needed
[2025-10-16 12:01:03] Purok P4A: 0% used (0/1000) - No action needed
[2025-10-16 12:01:03] Purok P4B: 0% used (0/1000) - No action needed
[2025-10-16 12:01:03] Purok P5: 0% used (0/1000) - No action needed
[2025-10-16 12:01:03] Purok P6: 0% used (0/1000) - No action needed
[2025-10-16 12:01:03] Purok P7: 0.1% used (1/1000) - No action needed
[2025-10-16 12:01:03] === Hourly Key Check Completed ===
[2025-10-16 12:01:03] Puroks regenerated: None
[2025-10-16 13:01:03] === Starting Hourly Key Check ===
[2025-10-16 13:01:03] Purok P1: 0.1% used (1/1000) - No action needed
[2025-10-16 13:01:03] Purok P2: 0.3% used (3/1000) - No action needed
[2025-10-16 13:01:03] Purok P3: 0.1% used (1/1000) - No action needed
[2025-10-16 13:01:03] Purok P4A: 0% used (0/1000) - No action needed
[2025-10-16 13:01:03] Purok P4B: 0% used (0/1000) - No action needed
[2025-10-16 13:01:03] Purok P5: 0% used (0/1000) - No action needed
[2025-10-16 13:01:03] Purok P6: 0% used (0/1000) - No action needed
[2025-10-16 13:01:03] Purok P7: 0.1% used (1/1000) - No action needed
[2025-10-16 13:01:03] === Hourly Key Check Completed ===
[2025-10-16 13:01:03] Puroks regenerated: None
[2025-10-16 14:01:03] === Starting Hourly Key Check ===
[2025-10-16 14:01:03] Purok P1: 0.1% used (1/1000) - No action needed
[2025-10-16 14:01:03] Purok P2: 0.3% used (3/1000) - No action needed
[2025-10-16 14:01:03] Purok P3: 0.1% used (1/1000) - No action needed
[2025-10-16 14:01:03] Purok P4A: 0% used (0/1000) - No action needed
[2025-10-16 14:01:03] Purok P4B: 0% used (0/1000) - No action needed
[2025-10-16 14:01:03] Purok P5: 0% used (0/1000) - No action needed
[2025-10-16 14:01:03] Purok P6: 0% used (0/1000) - No action needed
[2025-10-16 14:01:03] Purok P7: 0.1% used (1/1000) - No action needed
[2025-10-16 14:01:03] === Hourly Key Check Completed ===
[2025-10-16 14:01:03] Puroks regenerated: None
[2025-10-16 15:01:04] === Starting Hourly Key Check ===
[2025-10-16 15:01:04] Purok P1: 0.1% used (1/1000) - No action needed
[2025-10-16 15:01:04] Purok P2: 0.3% used (3/1000) - No action needed
[2025-10-16 15:01:04] Purok P3: 0.1% used (1/1000) - No action needed
[2025-10-16 15:01:04] Purok P4A: 0% used (0/1000) - No action needed
[2025-10-16 15:01:04] Purok P4B: 0% used (0/1000) - No action needed
[2025-10-16 15:01:04] Purok P5: 0% used (0/1000) - No action needed
[2025-10-16 15:01:04] Purok P6: 0% used (0/1000) - No action needed
[2025-10-16 15:01:04] Purok P7: 0.1% used (1/1000) - No action needed
[2025-10-16 15:01:04] === Hourly Key Check Completed ===
[2025-10-16 15:01:04] Puroks regenerated: None
[2025-10-16 16:01:02] === Starting Hourly Key Check ===
[2025-10-16 16:01:02] Purok P1: 0.1% used (1/1000) - No action needed
[2025-10-16 16:01:02] Purok P2: 0.3% used (3/1000) - No action needed
[2025-10-16 16:01:02] Purok P3: 0.1% used (1/1000) - No action needed
[2025-10-16 16:01:02] Purok P4A: 0% used (0/1000) - No action needed
[2025-10-16 16:01:02] Purok P4B: 0% used (0/1000) - No action needed
[2025-10-16 16:01:02] Purok P5: 0% used (0/1000) - No action needed
[2025-10-16 16:01:02] Purok P6: 0% used (0/1000) - No action needed
[2025-10-16 16:01:02] Purok P7: 0.1% used (1/1000) - No action needed
[2025-10-16 16:01:02] === Hourly Key Check Completed ===
[2025-10-16 16:01:02] Puroks regenerated: None
[2025-10-16 17:01:02] === Starting Hourly Key Check ===
[2025-10-16 17:01:02] Purok P1: 0.1% used (1/1000) - No action needed
[2025-10-16 17:01:02] Purok P2: 0.3% used (3/1000) - No action needed
[2025-10-16 17:01:02] Purok P3: 0.1% used (1/1000) - No action needed
[2025-10-16 17:01:02] Purok P4A: 0% used (0/1000) - No action needed
[2025-10-16 17:01:02] Purok P4B: 0% used (0/1000) - No action needed
[2025-10-16 17:01:02] Purok P5: 0% used (0/1000) - No action needed
[2025-10-16 17:01:02] Purok P6: 0% used (0/1000) - No action needed
[2025-10-16 17:01:02] Purok P7: 0.1% used (1/1000) - No action needed
[2025-10-16 17:01:02] === Hourly Key Check Completed ===
[2025-10-16 17:01:02] Puroks regenerated: None
[2025-10-16 18:01:02] === Starting Hourly Key Check ===
[2025-10-16 18:01:02] Purok P1: 0.1% used (1/1000) - No action needed
[2025-10-16 18:01:02] Purok P2: 0.3% used (3/1000) - No action needed
[2025-10-16 18:01:02] Purok P3: 0.1% used (1/1000) - No action needed
[2025-10-16 18:01:02] Purok P4A: 0% used (0/1000) - No action needed
[2025-10-16 18:01:02] Purok P4B: 0% used (0/1000) - No action needed
[2025-10-16 18:01:02] Purok P5: 0% used (0/1000) - No action needed
[2025-10-16 18:01:02] Purok P6: 0% used (0/1000) - No action needed
[2025-10-16 18:01:02] Purok P7: 0.1% used (1/1000) - No action needed
[2025-10-16 18:01:02] === Hourly Key Check Completed ===
[2025-10-16 18:01:02] Puroks regenerated: None
[2025-10-16 19:01:03] === Starting Hourly Key Check ===
[2025-10-16 19:01:03] Purok P1: 0.1% used (1/1000) - No action needed
[2025-10-16 19:01:03] Purok P2: 0.3% used (3/1000) - No action needed
[2025-10-16 19:01:03] Purok P3: 0.1% used (1/1000) - No action needed
[2025-10-16 19:01:03] Purok P4A: 0% used (0/1000) - No action needed
[2025-10-16 19:01:03] Purok P4B: 0% used (0/1000) - No action needed
[2025-10-16 19:01:03] Purok P5: 0% used (0/1000) - No action needed
[2025-10-16 19:01:03] Purok P6: 0% used (0/1000) - No action needed
[2025-10-16 19:01:03] Purok P7: 0.1% used (1/1000) - No action needed
[2025-10-16 19:01:03] === Hourly Key Check Completed ===
[2025-10-16 19:01:03] Puroks regenerated: None
[2025-10-16 20:01:02] === Starting Hourly Key Check ===
[2025-10-16 20:01:02] Purok P1: 0.1% used (1/1000) - No action needed
[2025-10-16 20:01:02] Purok P2: 0.3% used (3/1000) - No action needed
[2025-10-16 20:01:02] Purok P3: 0.1% used (1/1000) - No action needed
[2025-10-16 20:01:02] Purok P4A: 0% used (0/1000) - No action needed
[2025-10-16 20:01:02] Purok P4B: 0% used (0/1000) - No action needed
[2025-10-16 20:01:02] Purok P5: 0% used (0/1000) - No action needed
[2025-10-16 20:01:02] Purok P6: 0% used (0/1000) - No action needed
[2025-10-16 20:01:02] Purok P7: 0.1% used (1/1000) - No action needed
[2025-10-16 20:01:02] === Hourly Key Check Completed ===
[2025-10-16 20:01:02] Puroks regenerated: None
[2025-10-16 21:01:04] === Starting Hourly Key Check ===
[2025-10-16 21:01:04] Purok P1: 0.1% used (1/1000) - No action needed
[2025-10-16 21:01:04] Purok P2: 0.3% used (3/1000) - No action needed
[2025-10-16 21:01:04] Purok P3: 0.1% used (1/1000) - No action needed
[2025-10-16 21:01:04] Purok P4A: 0% used (0/1000) - No action needed
[2025-10-16 21:01:04] Purok P4B: 0% used (0/1000) - No action needed
[2025-10-16 21:01:04] Purok P5: 0% used (0/1000) - No action needed
[2025-10-16 21:01:04] Purok P6: 0% used (0/1000) - No action needed
[2025-10-16 21:01:04] Purok P7: 0.1% used (1/1000) - No action needed
[2025-10-16 21:01:04] === Hourly Key Check Completed ===
[2025-10-16 21:01:04] Puroks regenerated: None
[2025-10-16 22:01:02] === Starting Hourly Key Check ===
[2025-10-16 22:01:02] Purok P1: 0.1% used (1/1000) - No action needed
[2025-10-16 22:01:02] Purok P2: 0.3% used (3/1000) - No action needed
[2025-10-16 22:01:02] Purok P3: 0.1% used (1/1000) - No action needed
[2025-10-16 22:01:02] Purok P4A: 0% used (0/1000) - No action needed
[2025-10-16 22:01:02] Purok P4B: 0% used (0/1000) - No action needed
[2025-10-16 22:01:02] Purok P5: 0% used (0/1000) - No action needed
[2025-10-16 22:01:02] Purok P6: 0% used (0/1000) - No action needed
[2025-10-16 22:01:02] Purok P7: 0.1% used (1/1000) - No action needed
[2025-10-16 22:01:02] === Hourly Key Check Completed ===
[2025-10-16 22:01:02] Puroks regenerated: None
[2025-10-16 23:01:03] === Starting Hourly Key Check ===
[2025-10-16 23:01:03] Purok P1: 0.1% used (1/1000) - No action needed
[2025-10-16 23:01:03] Purok P2: 0.3% used (3/1000) - No action needed
[2025-10-16 23:01:03] Purok P3: 0.1% used (1/1000) - No action needed
[2025-10-16 23:01:03] Purok P4A: 0% used (0/1000) - No action needed
[2025-10-16 23:01:03] Purok P4B: 0% used (0/1000) - No action needed
[2025-10-16 23:01:03] Purok P5: 0% used (0/1000) - No action needed
[2025-10-16 23:01:03] Purok P6: 0% used (0/1000) - No action needed
[2025-10-16 23:01:03] Purok P7: 0.1% used (1/1000) - No action needed
[2025-10-16 23:01:03] === Hourly Key Check Completed ===
[2025-10-16 23:01:03] Puroks regenerated: None
