[2025-10-11 00:01:03] === Starting Hourly Key Check ===
[2025-10-11 00:01:03] Purok P1: 0% used (0/1000) - No action needed
[2025-10-11 00:01:03] Purok P2: 0% used (0/1000) - No action needed
[2025-10-11 00:01:03] Purok P3: 0% used (0/1000) - No action needed
[2025-10-11 00:01:03] Purok P4A: 0% used (0/1000) - No action needed
[2025-10-11 00:01:03] Purok P4B: 0% used (0/1000) - No action needed
[2025-10-11 00:01:03] Purok P5: 0% used (0/1000) - No action needed
[2025-10-11 00:01:03] Purok P6: 0% used (0/1000) - No action needed
[2025-10-11 00:01:03] Purok P7: 0% used (0/1000) - No action needed
[2025-10-11 00:01:03] === Hourly Key Check Completed ===
[2025-10-11 00:01:03] Puroks regenerated: None
[2025-10-11 01:01:02] === Starting Hourly Key Check ===
[2025-10-11 01:01:02] Purok P1: 0% used (0/1000) - No action needed
[2025-10-11 01:01:02] Purok P2: 0% used (0/1000) - No action needed
[2025-10-11 01:01:02] Purok P3: 0% used (0/1000) - No action needed
[2025-10-11 01:01:02] Purok P4A: 0% used (0/1000) - No action needed
[2025-10-11 01:01:02] Purok P4B: 0% used (0/1000) - No action needed
[2025-10-11 01:01:02] Purok P5: 0% used (0/1000) - No action needed
[2025-10-11 01:01:02] Purok P6: 0% used (0/1000) - No action needed
[2025-10-11 01:01:02] Purok P7: 0% used (0/1000) - No action needed
[2025-10-11 01:01:02] === Hourly Key Check Completed ===
[2025-10-11 01:01:02] Puroks regenerated: None
[2025-10-11 02:01:02] === Starting Hourly Key Check ===
[2025-10-11 02:01:02] Purok P1: 0% used (0/1000) - No action needed
[2025-10-11 02:01:02] Purok P2: 0% used (0/1000) - No action needed
[2025-10-11 02:01:02] Purok P3: 0% used (0/1000) - No action needed
[2025-10-11 02:01:02] Purok P4A: 0% used (0/1000) - No action needed
[2025-10-11 02:01:02] Purok P4B: 0% used (0/1000) - No action needed
[2025-10-11 02:01:02] Purok P5: 0% used (0/1000) - No action needed
[2025-10-11 02:01:02] Purok P6: 0% used (0/1000) - No action needed
[2025-10-11 02:01:02] Purok P7: 0% used (0/1000) - No action needed
[2025-10-11 02:01:02] === Hourly Key Check Completed ===
[2025-10-11 02:01:02] Puroks regenerated: None
[2025-10-11 03:01:03] === Starting Hourly Key Check ===
[2025-10-11 03:01:03] Purok P1: 0% used (0/1000) - No action needed
[2025-10-11 03:01:03] Purok P2: 0% used (0/1000) - No action needed
[2025-10-11 03:01:03] Purok P3: 0% used (0/1000) - No action needed
[2025-10-11 03:01:03] Purok P4A: 0% used (0/1000) - No action needed
[2025-10-11 03:01:03] Purok P4B: 0% used (0/1000) - No action needed
[2025-10-11 03:01:03] Purok P5: 0% used (0/1000) - No action needed
[2025-10-11 03:01:03] Purok P6: 0% used (0/1000) - No action needed
[2025-10-11 03:01:03] Purok P7: 0% used (0/1000) - No action needed
[2025-10-11 03:01:03] === Hourly Key Check Completed ===
[2025-10-11 03:01:03] Puroks regenerated: None
[2025-10-11 04:01:02] === Starting Hourly Key Check ===
[2025-10-11 04:01:02] Purok P1: 0% used (0/1000) - No action needed
[2025-10-11 04:01:02] Purok P2: 0% used (0/1000) - No action needed
[2025-10-11 04:01:02] Purok P3: 0% used (0/1000) - No action needed
[2025-10-11 04:01:02] Purok P4A: 0% used (0/1000) - No action needed
[2025-10-11 04:01:02] Purok P4B: 0% used (0/1000) - No action needed
[2025-10-11 04:01:02] Purok P5: 0% used (0/1000) - No action needed
[2025-10-11 04:01:02] Purok P6: 0% used (0/1000) - No action needed
[2025-10-11 04:01:02] Purok P7: 0% used (0/1000) - No action needed
[2025-10-11 04:01:02] === Hourly Key Check Completed ===
[2025-10-11 04:01:02] Puroks regenerated: None
[2025-10-11 05:01:03] === Starting Hourly Key Check ===
[2025-10-11 05:01:03] Purok P1: 0% used (0/1000) - No action needed
[2025-10-11 05:01:03] Purok P2: 0% used (0/1000) - No action needed
[2025-10-11 05:01:03] Purok P3: 0% used (0/1000) - No action needed
[2025-10-11 05:01:03] Purok P4A: 0% used (0/1000) - No action needed
[2025-10-11 05:01:03] Purok P4B: 0% used (0/1000) - No action needed
[2025-10-11 05:01:03] Purok P5: 0% used (0/1000) - No action needed
[2025-10-11 05:01:03] Purok P6: 0% used (0/1000) - No action needed
[2025-10-11 05:01:03] Purok P7: 0% used (0/1000) - No action needed
[2025-10-11 05:01:03] === Hourly Key Check Completed ===
[2025-10-11 05:01:03] Puroks regenerated: None
[2025-10-11 06:01:03] === Starting Hourly Key Check ===
[2025-10-11 06:01:03] Purok P1: 0% used (0/1000) - No action needed
[2025-10-11 06:01:03] Purok P2: 0% used (0/1000) - No action needed
[2025-10-11 06:01:03] Purok P3: 0% used (0/1000) - No action needed
[2025-10-11 06:01:03] Purok P4A: 0% used (0/1000) - No action needed
[2025-10-11 06:01:03] Purok P4B: 0% used (0/1000) - No action needed
[2025-10-11 06:01:03] Purok P5: 0% used (0/1000) - No action needed
[2025-10-11 06:01:03] Purok P6: 0% used (0/1000) - No action needed
[2025-10-11 06:01:03] Purok P7: 0% used (0/1000) - No action needed
[2025-10-11 06:01:03] === Hourly Key Check Completed ===
[2025-10-11 06:01:03] Puroks regenerated: None
[2025-10-11 07:01:07] === Starting Hourly Key Check ===
[2025-10-11 07:01:07] Purok P1: 0% used (0/1000) - No action needed
[2025-10-11 07:01:07] Purok P2: 0% used (0/1000) - No action needed
[2025-10-11 07:01:07] Purok P3: 0% used (0/1000) - No action needed
[2025-10-11 07:01:07] Purok P4A: 0% used (0/1000) - No action needed
[2025-10-11 07:01:07] Purok P4B: 0% used (0/1000) - No action needed
[2025-10-11 07:01:07] Purok P5: 0% used (0/1000) - No action needed
[2025-10-11 07:01:07] Purok P6: 0% used (0/1000) - No action needed
[2025-10-11 07:01:07] Purok P7: 0% used (0/1000) - No action needed
[2025-10-11 07:01:07] === Hourly Key Check Completed ===
[2025-10-11 07:01:07] Puroks regenerated: None
[2025-10-11 08:01:05] === Starting Hourly Key Check ===
[2025-10-11 08:01:05] Purok P1: 0% used (0/1000) - No action needed
[2025-10-11 08:01:05] Purok P2: 0% used (0/1000) - No action needed
[2025-10-11 08:01:05] Purok P3: 0% used (0/1000) - No action needed
[2025-10-11 08:01:05] Purok P4A: 0% used (0/1000) - No action needed
[2025-10-11 08:01:05] Purok P4B: 0% used (0/1000) - No action needed
[2025-10-11 08:01:05] Purok P5: 0% used (0/1000) - No action needed
[2025-10-11 08:01:05] Purok P6: 0% used (0/1000) - No action needed
[2025-10-11 08:01:05] Purok P7: 0% used (0/1000) - No action needed
[2025-10-11 08:01:05] === Hourly Key Check Completed ===
[2025-10-11 08:01:05] Puroks regenerated: None
[2025-10-11 09:01:10] === Starting Hourly Key Check ===
[2025-10-11 09:01:10] Purok P1: 0% used (0/1000) - No action needed
[2025-10-11 09:01:10] Purok P2: 0% used (0/1000) - No action needed
[2025-10-11 09:01:10] Purok P3: 0% used (0/1000) - No action needed
[2025-10-11 09:01:10] Purok P4A: 0% used (0/1000) - No action needed
[2025-10-11 09:01:10] Purok P4B: 0% used (0/1000) - No action needed
[2025-10-11 09:01:10] Purok P5: 0% used (0/1000) - No action needed
[2025-10-11 09:01:10] Purok P6: 0% used (0/1000) - No action needed
[2025-10-11 09:01:10] Purok P7: 0% used (0/1000) - No action needed
[2025-10-11 09:01:10] === Hourly Key Check Completed ===
[2025-10-11 09:01:10] Puroks regenerated: None
[2025-10-11 10:01:03] === Starting Hourly Key Check ===
[2025-10-11 10:01:03] Purok P1: 0% used (0/1000) - No action needed
[2025-10-11 10:01:03] Purok P2: 0% used (0/1000) - No action needed
[2025-10-11 10:01:03] Purok P3: 0% used (0/1000) - No action needed
[2025-10-11 10:01:03] Purok P4A: 0% used (0/1000) - No action needed
[2025-10-11 10:01:03] Purok P4B: 0% used (0/1000) - No action needed
[2025-10-11 10:01:03] Purok P5: 0% used (0/1000) - No action needed
[2025-10-11 10:01:03] Purok P6: 0% used (0/1000) - No action needed
[2025-10-11 10:01:03] Purok P7: 0% used (0/1000) - No action needed
[2025-10-11 10:01:03] === Hourly Key Check Completed ===
[2025-10-11 10:01:03] Puroks regenerated: None
[2025-10-11 11:01:02] === Starting Hourly Key Check ===
[2025-10-11 11:01:02] Purok P1: 0% used (0/1000) - No action needed
[2025-10-11 11:01:02] Purok P2: 0% used (0/1000) - No action needed
[2025-10-11 11:01:03] Purok P3: 0% used (0/1000) - No action needed
[2025-10-11 11:01:03] Purok P4A: 0% used (0/1000) - No action needed
[2025-10-11 11:01:03] Purok P4B: 0% used (0/1000) - No action needed
[2025-10-11 11:01:03] Purok P5: 0% used (0/1000) - No action needed
[2025-10-11 11:01:03] Purok P6: 0% used (0/1000) - No action needed
[2025-10-11 11:01:03] Purok P7: 0% used (0/1000) - No action needed
[2025-10-11 11:01:03] === Hourly Key Check Completed ===
[2025-10-11 11:01:03] Puroks regenerated: None
[2025-10-11 12:01:03] === Starting Hourly Key Check ===
[2025-10-11 12:01:03] Purok P1: 0% used (0/1000) - No action needed
[2025-10-11 12:01:03] Purok P2: 0% used (0/1000) - No action needed
[2025-10-11 12:01:03] Purok P3: 0% used (0/1000) - No action needed
[2025-10-11 12:01:03] Purok P4A: 0% used (0/1000) - No action needed
[2025-10-11 12:01:03] Purok P4B: 0% used (0/1000) - No action needed
[2025-10-11 12:01:03] Purok P5: 0% used (0/1000) - No action needed
[2025-10-11 12:01:03] Purok P6: 0% used (0/1000) - No action needed
[2025-10-11 12:01:03] Purok P7: 0% used (0/1000) - No action needed
[2025-10-11 12:01:03] === Hourly Key Check Completed ===
[2025-10-11 12:01:03] Puroks regenerated: None
[2025-10-11 13:01:03] === Starting Hourly Key Check ===
[2025-10-11 13:01:03] Purok P1: 0% used (0/1000) - No action needed
[2025-10-11 13:01:03] Purok P2: 0% used (0/1000) - No action needed
[2025-10-11 13:01:03] Purok P3: 0% used (0/1000) - No action needed
[2025-10-11 13:01:03] Purok P4A: 0% used (0/1000) - No action needed
[2025-10-11 13:01:03] Purok P4B: 0% used (0/1000) - No action needed
[2025-10-11 13:01:03] Purok P5: 0% used (0/1000) - No action needed
[2025-10-11 13:01:03] Purok P6: 0% used (0/1000) - No action needed
[2025-10-11 13:01:03] Purok P7: 0% used (0/1000) - No action needed
[2025-10-11 13:01:03] === Hourly Key Check Completed ===
[2025-10-11 13:01:03] Puroks regenerated: None
[2025-10-11 14:01:03] === Starting Hourly Key Check ===
[2025-10-11 14:01:03] Purok P1: 0% used (0/1000) - No action needed
[2025-10-11 14:01:03] Purok P2: 0% used (0/1000) - No action needed
[2025-10-11 14:01:03] Purok P3: 0% used (0/1000) - No action needed
[2025-10-11 14:01:03] Purok P4A: 0% used (0/1000) - No action needed
[2025-10-11 14:01:03] Purok P4B: 0% used (0/1000) - No action needed
[2025-10-11 14:01:03] Purok P5: 0% used (0/1000) - No action needed
[2025-10-11 14:01:03] Purok P6: 0% used (0/1000) - No action needed
[2025-10-11 14:01:03] Purok P7: 0% used (0/1000) - No action needed
[2025-10-11 14:01:03] === Hourly Key Check Completed ===
[2025-10-11 14:01:03] Puroks regenerated: None
[2025-10-11 15:01:03] === Starting Hourly Key Check ===
[2025-10-11 15:01:03] Purok P1: 0% used (0/1000) - No action needed
[2025-10-11 15:01:03] Purok P2: 0% used (0/1000) - No action needed
[2025-10-11 15:01:03] Purok P3: 0% used (0/1000) - No action needed
[2025-10-11 15:01:03] Purok P4A: 0% used (0/1000) - No action needed
[2025-10-11 15:01:03] Purok P4B: 0% used (0/1000) - No action needed
[2025-10-11 15:01:03] Purok P5: 0% used (0/1000) - No action needed
[2025-10-11 15:01:03] Purok P6: 0% used (0/1000) - No action needed
[2025-10-11 15:01:03] Purok P7: 0% used (0/1000) - No action needed
[2025-10-11 15:01:03] === Hourly Key Check Completed ===
[2025-10-11 15:01:03] Puroks regenerated: None
[2025-10-11 16:01:02] === Starting Hourly Key Check ===
[2025-10-11 16:01:02] Purok P1: 0% used (0/1000) - No action needed
[2025-10-11 16:01:02] Purok P2: 0% used (0/1000) - No action needed
[2025-10-11 16:01:02] Purok P3: 0% used (0/1000) - No action needed
[2025-10-11 16:01:02] Purok P4A: 0% used (0/1000) - No action needed
[2025-10-11 16:01:02] Purok P4B: 0% used (0/1000) - No action needed
[2025-10-11 16:01:02] Purok P5: 0% used (0/1000) - No action needed
[2025-10-11 16:01:02] Purok P6: 0% used (0/1000) - No action needed
[2025-10-11 16:01:02] Purok P7: 0% used (0/1000) - No action needed
[2025-10-11 16:01:02] === Hourly Key Check Completed ===
[2025-10-11 16:01:02] Puroks regenerated: None
[2025-10-11 17:01:03] === Starting Hourly Key Check ===
[2025-10-11 17:01:03] Purok P1: 0% used (0/1000) - No action needed
[2025-10-11 17:01:03] Purok P2: 0% used (0/1000) - No action needed
[2025-10-11 17:01:03] Purok P3: 0% used (0/1000) - No action needed
[2025-10-11 17:01:03] Purok P4A: 0% used (0/1000) - No action needed
[2025-10-11 17:01:03] Purok P4B: 0% used (0/1000) - No action needed
[2025-10-11 17:01:03] Purok P5: 0% used (0/1000) - No action needed
[2025-10-11 17:01:03] Purok P6: 0% used (0/1000) - No action needed
[2025-10-11 17:01:03] Purok P7: 0% used (0/1000) - No action needed
[2025-10-11 17:01:03] === Hourly Key Check Completed ===
[2025-10-11 17:01:03] Puroks regenerated: None
[2025-10-11 18:01:09] === Starting Hourly Key Check ===
[2025-10-11 18:01:09] Purok P1: 0% used (0/1000) - No action needed
[2025-10-11 18:01:09] Purok P2: 0% used (0/1000) - No action needed
[2025-10-11 18:01:09] Purok P3: 0% used (0/1000) - No action needed
[2025-10-11 18:01:09] Purok P4A: 0% used (0/1000) - No action needed
[2025-10-11 18:01:09] Purok P4B: 0% used (0/1000) - No action needed
[2025-10-11 18:01:09] Purok P5: 0% used (0/1000) - No action needed
[2025-10-11 18:01:09] Purok P6: 0% used (0/1000) - No action needed
[2025-10-11 18:01:09] Purok P7: 0% used (0/1000) - No action needed
[2025-10-11 18:01:09] === Hourly Key Check Completed ===
[2025-10-11 18:01:09] Puroks regenerated: None
[2025-10-11 19:01:03] === Starting Hourly Key Check ===
[2025-10-11 19:01:03] Purok P1: 0% used (0/1000) - No action needed
[2025-10-11 19:01:03] Purok P2: 0% used (0/1000) - No action needed
[2025-10-11 19:01:03] Purok P3: 0% used (0/1000) - No action needed
[2025-10-11 19:01:03] Purok P4A: 0% used (0/1000) - No action needed
[2025-10-11 19:01:03] Purok P4B: 0% used (0/1000) - No action needed
[2025-10-11 19:01:03] Purok P5: 0% used (0/1000) - No action needed
[2025-10-11 19:01:03] Purok P6: 0% used (0/1000) - No action needed
[2025-10-11 19:01:03] Purok P7: 0% used (0/1000) - No action needed
[2025-10-11 19:01:03] === Hourly Key Check Completed ===
[2025-10-11 19:01:03] Puroks regenerated: None
[2025-10-11 20:01:02] === Starting Hourly Key Check ===
[2025-10-11 20:01:02] Purok P1: 0% used (0/1000) - No action needed
[2025-10-11 20:01:02] Purok P2: 0% used (0/1000) - No action needed
[2025-10-11 20:01:02] Purok P3: 0% used (0/1000) - No action needed
[2025-10-11 20:01:02] Purok P4A: 0% used (0/1000) - No action needed
[2025-10-11 20:01:02] Purok P4B: 0% used (0/1000) - No action needed
[2025-10-11 20:01:02] Purok P5: 0% used (0/1000) - No action needed
[2025-10-11 20:01:02] Purok P6: 0% used (0/1000) - No action needed
[2025-10-11 20:01:02] Purok P7: 0% used (0/1000) - No action needed
[2025-10-11 20:01:02] === Hourly Key Check Completed ===
[2025-10-11 20:01:02] Puroks regenerated: None
[2025-10-11 21:01:03] === Starting Hourly Key Check ===
[2025-10-11 21:01:03] Purok P1: 0% used (0/1000) - No action needed
[2025-10-11 21:01:03] Purok P2: 0% used (0/1000) - No action needed
[2025-10-11 21:01:03] Purok P3: 0% used (0/1000) - No action needed
[2025-10-11 21:01:03] Purok P4A: 0% used (0/1000) - No action needed
[2025-10-11 21:01:03] Purok P4B: 0% used (0/1000) - No action needed
[2025-10-11 21:01:03] Purok P5: 0% used (0/1000) - No action needed
[2025-10-11 21:01:03] Purok P6: 0% used (0/1000) - No action needed
[2025-10-11 21:01:03] Purok P7: 0% used (0/1000) - No action needed
[2025-10-11 21:01:03] === Hourly Key Check Completed ===
[2025-10-11 21:01:03] Puroks regenerated: None
[2025-10-11 22:01:02] === Starting Hourly Key Check ===
[2025-10-11 22:01:02] Purok P1: 0% used (0/1000) - No action needed
[2025-10-11 22:01:02] Purok P2: 0% used (0/1000) - No action needed
[2025-10-11 22:01:02] Purok P3: 0% used (0/1000) - No action needed
[2025-10-11 22:01:02] Purok P4A: 0% used (0/1000) - No action needed
[2025-10-11 22:01:02] Purok P4B: 0% used (0/1000) - No action needed
[2025-10-11 22:01:02] Purok P5: 0% used (0/1000) - No action needed
[2025-10-11 22:01:02] Purok P6: 0% used (0/1000) - No action needed
[2025-10-11 22:01:02] Purok P7: 0% used (0/1000) - No action needed
[2025-10-11 22:01:02] === Hourly Key Check Completed ===
[2025-10-11 22:01:02] Puroks regenerated: None
[2025-10-11 23:01:03] === Starting Hourly Key Check ===
[2025-10-11 23:01:03] Purok P1: 0% used (0/1000) - No action needed
[2025-10-11 23:01:03] Purok P2: 0% used (0/1000) - No action needed
[2025-10-11 23:01:03] Purok P3: 0% used (0/1000) - No action needed
[2025-10-11 23:01:03] Purok P4A: 0% used (0/1000) - No action needed
[2025-10-11 23:01:03] Purok P4B: 0% used (0/1000) - No action needed
[2025-10-11 23:01:03] Purok P5: 0% used (0/1000) - No action needed
[2025-10-11 23:01:03] Purok P6: 0% used (0/1000) - No action needed
[2025-10-11 23:01:03] Purok P7: 0% used (0/1000) - No action needed
[2025-10-11 23:01:03] === Hourly Key Check Completed ===
[2025-10-11 23:01:03] Puroks regenerated: None
