[2025-10-13 00:01:03] === Starting Hourly Key Check ===
[2025-10-13 00:01:03] Purok P1: 0% used (0/1000) - No action needed
[2025-10-13 00:01:03] Purok P2: 0% used (0/1000) - No action needed
[2025-10-13 00:01:03] Purok P3: 0% used (0/1000) - No action needed
[2025-10-13 00:01:03] Purok P4A: 0% used (0/1000) - No action needed
[2025-10-13 00:01:03] Purok P4B: 0% used (0/1000) - No action needed
[2025-10-13 00:01:03] Purok P5: 0% used (0/1000) - No action needed
[2025-10-13 00:01:03] Purok P6: 0% used (0/1000) - No action needed
[2025-10-13 00:01:03] Purok P7: 0% used (0/1000) - No action needed
[2025-10-13 00:01:03] === Hourly Key Check Completed ===
[2025-10-13 00:01:03] Puroks regenerated: None
[2025-10-13 01:01:02] === Starting Hourly Key Check ===
[2025-10-13 01:01:02] Purok P1: 0% used (0/1000) - No action needed
[2025-10-13 01:01:02] Purok P2: 0% used (0/1000) - No action needed
[2025-10-13 01:01:02] Purok P3: 0% used (0/1000) - No action needed
[2025-10-13 01:01:02] Purok P4A: 0% used (0/1000) - No action needed
[2025-10-13 01:01:02] Purok P4B: 0% used (0/1000) - No action needed
[2025-10-13 01:01:02] Purok P5: 0% used (0/1000) - No action needed
[2025-10-13 01:01:02] Purok P6: 0% used (0/1000) - No action needed
[2025-10-13 01:01:02] Purok P7: 0% used (0/1000) - No action needed
[2025-10-13 01:01:02] === Hourly Key Check Completed ===
[2025-10-13 01:01:02] Puroks regenerated: None
[2025-10-13 02:01:04] === Starting Hourly Key Check ===
[2025-10-13 02:01:04] Purok P1: 0% used (0/1000) - No action needed
[2025-10-13 02:01:04] Purok P2: 0% used (0/1000) - No action needed
[2025-10-13 02:01:04] Purok P3: 0% used (0/1000) - No action needed
[2025-10-13 02:01:04] Purok P4A: 0% used (0/1000) - No action needed
[2025-10-13 02:01:04] Purok P4B: 0% used (0/1000) - No action needed
[2025-10-13 02:01:04] Purok P5: 0% used (0/1000) - No action needed
[2025-10-13 02:01:04] Purok P6: 0% used (0/1000) - No action needed
[2025-10-13 02:01:04] Purok P7: 0% used (0/1000) - No action needed
[2025-10-13 02:01:04] === Hourly Key Check Completed ===
[2025-10-13 02:01:04] Puroks regenerated: None
[2025-10-13 03:01:02] === Starting Hourly Key Check ===
[2025-10-13 03:01:02] Purok P1: 0% used (0/1000) - No action needed
[2025-10-13 03:01:02] Purok P2: 0% used (0/1000) - No action needed
[2025-10-13 03:01:02] Purok P3: 0% used (0/1000) - No action needed
[2025-10-13 03:01:02] Purok P4A: 0% used (0/1000) - No action needed
[2025-10-13 03:01:02] Purok P4B: 0% used (0/1000) - No action needed
[2025-10-13 03:01:02] Purok P5: 0% used (0/1000) - No action needed
[2025-10-13 03:01:02] Purok P6: 0% used (0/1000) - No action needed
[2025-10-13 03:01:02] Purok P7: 0% used (0/1000) - No action needed
[2025-10-13 03:01:02] === Hourly Key Check Completed ===
[2025-10-13 03:01:02] Puroks regenerated: None
[2025-10-13 04:01:02] === Starting Hourly Key Check ===
[2025-10-13 04:01:02] Purok P1: 0% used (0/1000) - No action needed
[2025-10-13 04:01:02] Purok P2: 0% used (0/1000) - No action needed
[2025-10-13 04:01:02] Purok P3: 0% used (0/1000) - No action needed
[2025-10-13 04:01:02] Purok P4A: 0% used (0/1000) - No action needed
[2025-10-13 04:01:02] Purok P4B: 0% used (0/1000) - No action needed
[2025-10-13 04:01:02] Purok P5: 0% used (0/1000) - No action needed
[2025-10-13 04:01:02] Purok P6: 0% used (0/1000) - No action needed
[2025-10-13 04:01:02] Purok P7: 0% used (0/1000) - No action needed
[2025-10-13 04:01:02] === Hourly Key Check Completed ===
[2025-10-13 04:01:02] Puroks regenerated: None
[2025-10-13 05:01:02] === Starting Hourly Key Check ===
[2025-10-13 05:01:02] Purok P1: 0% used (0/1000) - No action needed
[2025-10-13 05:01:02] Purok P2: 0% used (0/1000) - No action needed
[2025-10-13 05:01:02] Purok P3: 0% used (0/1000) - No action needed
[2025-10-13 05:01:02] Purok P4A: 0% used (0/1000) - No action needed
[2025-10-13 05:01:02] Purok P4B: 0% used (0/1000) - No action needed
[2025-10-13 05:01:02] Purok P5: 0% used (0/1000) - No action needed
[2025-10-13 05:01:02] Purok P6: 0% used (0/1000) - No action needed
[2025-10-13 05:01:02] Purok P7: 0% used (0/1000) - No action needed
[2025-10-13 05:01:02] === Hourly Key Check Completed ===
[2025-10-13 05:01:02] Puroks regenerated: None
[2025-10-13 06:01:06] === Starting Hourly Key Check ===
[2025-10-13 06:01:06] Purok P1: 0% used (0/1000) - No action needed
[2025-10-13 06:01:06] Purok P2: 0% used (0/1000) - No action needed
[2025-10-13 06:01:06] Purok P3: 0% used (0/1000) - No action needed
[2025-10-13 06:01:06] Purok P4A: 0% used (0/1000) - No action needed
[2025-10-13 06:01:06] Purok P4B: 0% used (0/1000) - No action needed
[2025-10-13 06:01:06] Purok P5: 0% used (0/1000) - No action needed
[2025-10-13 06:01:06] Purok P6: 0% used (0/1000) - No action needed
[2025-10-13 06:01:06] Purok P7: 0% used (0/1000) - No action needed
[2025-10-13 06:01:06] === Hourly Key Check Completed ===
[2025-10-13 06:01:06] Puroks regenerated: None
[2025-10-13 07:01:03] === Starting Hourly Key Check ===
[2025-10-13 07:01:03] Purok P1: 0% used (0/1000) - No action needed
[2025-10-13 07:01:03] Purok P2: 0% used (0/1000) - No action needed
[2025-10-13 07:01:03] Purok P3: 0% used (0/1000) - No action needed
[2025-10-13 07:01:03] Purok P4A: 0% used (0/1000) - No action needed
[2025-10-13 07:01:03] Purok P4B: 0% used (0/1000) - No action needed
[2025-10-13 07:01:03] Purok P5: 0% used (0/1000) - No action needed
[2025-10-13 07:01:03] Purok P6: 0% used (0/1000) - No action needed
[2025-10-13 07:01:03] Purok P7: 0% used (0/1000) - No action needed
[2025-10-13 07:01:03] === Hourly Key Check Completed ===
[2025-10-13 07:01:03] Puroks regenerated: None
[2025-10-13 08:01:02] === Starting Hourly Key Check ===
[2025-10-13 08:01:02] Purok P1: 0% used (0/1000) - No action needed
[2025-10-13 08:01:02] Purok P2: 0% used (0/1000) - No action needed
[2025-10-13 08:01:02] Purok P3: 0% used (0/1000) - No action needed
[2025-10-13 08:01:02] Purok P4A: 0% used (0/1000) - No action needed
[2025-10-13 08:01:02] Purok P4B: 0% used (0/1000) - No action needed
[2025-10-13 08:01:02] Purok P5: 0% used (0/1000) - No action needed
[2025-10-13 08:01:02] Purok P6: 0% used (0/1000) - No action needed
[2025-10-13 08:01:02] Purok P7: 0% used (0/1000) - No action needed
[2025-10-13 08:01:02] === Hourly Key Check Completed ===
[2025-10-13 08:01:02] Puroks regenerated: None
[2025-10-13 09:01:03] === Starting Hourly Key Check ===
[2025-10-13 09:01:03] Purok P1: 0% used (0/1000) - No action needed
[2025-10-13 09:01:03] Purok P2: 0% used (0/1000) - No action needed
[2025-10-13 09:01:03] Purok P3: 0% used (0/1000) - No action needed
[2025-10-13 09:01:03] Purok P4A: 0% used (0/1000) - No action needed
[2025-10-13 09:01:03] Purok P4B: 0% used (0/1000) - No action needed
[2025-10-13 09:01:03] Purok P5: 0% used (0/1000) - No action needed
[2025-10-13 09:01:03] Purok P6: 0% used (0/1000) - No action needed
[2025-10-13 09:01:03] Purok P7: 0% used (0/1000) - No action needed
[2025-10-13 09:01:03] === Hourly Key Check Completed ===
[2025-10-13 09:01:03] Puroks regenerated: None
[2025-10-13 10:01:03] === Starting Hourly Key Check ===
[2025-10-13 10:01:03] Purok P1: 0% used (0/1000) - No action needed
[2025-10-13 10:01:03] Purok P2: 0% used (0/1000) - No action needed
[2025-10-13 10:01:03] Purok P3: 0% used (0/1000) - No action needed
[2025-10-13 10:01:03] Purok P4A: 0% used (0/1000) - No action needed
[2025-10-13 10:01:03] Purok P4B: 0% used (0/1000) - No action needed
[2025-10-13 10:01:03] Purok P5: 0% used (0/1000) - No action needed
[2025-10-13 10:01:03] Purok P6: 0% used (0/1000) - No action needed
[2025-10-13 10:01:03] Purok P7: 0% used (0/1000) - No action needed
[2025-10-13 10:01:03] === Hourly Key Check Completed ===
[2025-10-13 10:01:03] Puroks regenerated: None
[2025-10-13 11:01:03] === Starting Hourly Key Check ===
[2025-10-13 11:01:03] Purok P1: 0% used (0/1000) - No action needed
[2025-10-13 11:01:03] Purok P2: 0% used (0/1000) - No action needed
[2025-10-13 11:01:03] Purok P3: 0% used (0/1000) - No action needed
[2025-10-13 11:01:03] Purok P4A: 0% used (0/1000) - No action needed
[2025-10-13 11:01:03] Purok P4B: 0% used (0/1000) - No action needed
[2025-10-13 11:01:03] Purok P5: 0% used (0/1000) - No action needed
[2025-10-13 11:01:03] Purok P6: 0% used (0/1000) - No action needed
[2025-10-13 11:01:03] Purok P7: 0% used (0/1000) - No action needed
[2025-10-13 11:01:03] === Hourly Key Check Completed ===
[2025-10-13 11:01:03] Puroks regenerated: None
[2025-10-13 12:01:03] === Starting Hourly Key Check ===
[2025-10-13 12:01:03] Purok P1: 0% used (0/1000) - No action needed
[2025-10-13 12:01:03] Purok P2: 0% used (0/1000) - No action needed
[2025-10-13 12:01:03] Purok P3: 0% used (0/1000) - No action needed
[2025-10-13 12:01:03] Purok P4A: 0% used (0/1000) - No action needed
[2025-10-13 12:01:03] Purok P4B: 0% used (0/1000) - No action needed
[2025-10-13 12:01:03] Purok P5: 0% used (0/1000) - No action needed
[2025-10-13 12:01:03] Purok P6: 0% used (0/1000) - No action needed
[2025-10-13 12:01:03] Purok P7: 0% used (0/1000) - No action needed
[2025-10-13 12:01:03] === Hourly Key Check Completed ===
[2025-10-13 12:01:03] Puroks regenerated: None
[2025-10-13 13:01:03] === Starting Hourly Key Check ===
[2025-10-13 13:01:03] Purok P1: 0% used (0/1000) - No action needed
[2025-10-13 13:01:03] Purok P2: 0% used (0/1000) - No action needed
[2025-10-13 13:01:03] Purok P3: 0% used (0/1000) - No action needed
[2025-10-13 13:01:03] Purok P4A: 0% used (0/1000) - No action needed
[2025-10-13 13:01:03] Purok P4B: 0% used (0/1000) - No action needed
[2025-10-13 13:01:03] Purok P5: 0% used (0/1000) - No action needed
[2025-10-13 13:01:03] Purok P6: 0% used (0/1000) - No action needed
[2025-10-13 13:01:03] Purok P7: 0% used (0/1000) - No action needed
[2025-10-13 13:01:03] === Hourly Key Check Completed ===
[2025-10-13 13:01:03] Puroks regenerated: None
[2025-10-13 14:01:03] === Starting Hourly Key Check ===
[2025-10-13 14:01:03] Purok P1: 0% used (0/1000) - No action needed
[2025-10-13 14:01:03] Purok P2: 0% used (0/1000) - No action needed
[2025-10-13 14:01:03] Purok P3: 0% used (0/1000) - No action needed
[2025-10-13 14:01:03] Purok P4A: 0% used (0/1000) - No action needed
[2025-10-13 14:01:03] Purok P4B: 0% used (0/1000) - No action needed
[2025-10-13 14:01:03] Purok P5: 0% used (0/1000) - No action needed
[2025-10-13 14:01:03] Purok P6: 0% used (0/1000) - No action needed
[2025-10-13 14:01:03] Purok P7: 0% used (0/1000) - No action needed
[2025-10-13 14:01:03] === Hourly Key Check Completed ===
[2025-10-13 14:01:03] Puroks regenerated: None
[2025-10-13 15:01:02] === Starting Hourly Key Check ===
[2025-10-13 15:01:02] Purok P1: 0% used (0/1000) - No action needed
[2025-10-13 15:01:02] Purok P2: 0% used (0/1000) - No action needed
[2025-10-13 15:01:02] Purok P3: 0% used (0/1000) - No action needed
[2025-10-13 15:01:02] Purok P4A: 0% used (0/1000) - No action needed
[2025-10-13 15:01:02] Purok P4B: 0% used (0/1000) - No action needed
[2025-10-13 15:01:02] Purok P5: 0% used (0/1000) - No action needed
[2025-10-13 15:01:02] Purok P6: 0% used (0/1000) - No action needed
[2025-10-13 15:01:02] Purok P7: 0% used (0/1000) - No action needed
[2025-10-13 15:01:02] === Hourly Key Check Completed ===
[2025-10-13 15:01:02] Puroks regenerated: None
[2025-10-13 16:01:03] === Starting Hourly Key Check ===
[2025-10-13 16:01:03] Purok P1: 0% used (0/1000) - No action needed
[2025-10-13 16:01:03] Purok P2: 0% used (0/1000) - No action needed
[2025-10-13 16:01:03] Purok P3: 0% used (0/1000) - No action needed
[2025-10-13 16:01:03] Purok P4A: 0% used (0/1000) - No action needed
[2025-10-13 16:01:03] Purok P4B: 0% used (0/1000) - No action needed
[2025-10-13 16:01:03] Purok P5: 0% used (0/1000) - No action needed
[2025-10-13 16:01:03] Purok P6: 0% used (0/1000) - No action needed
[2025-10-13 16:01:03] Purok P7: 0% used (0/1000) - No action needed
[2025-10-13 16:01:03] === Hourly Key Check Completed ===
[2025-10-13 16:01:03] Puroks regenerated: None
[2025-10-13 17:01:03] === Starting Hourly Key Check ===
[2025-10-13 17:01:03] Purok P1: 0% used (0/1000) - No action needed
[2025-10-13 17:01:03] Purok P2: 0% used (0/1000) - No action needed
[2025-10-13 17:01:03] Purok P3: 0% used (0/1000) - No action needed
[2025-10-13 17:01:03] Purok P4A: 0% used (0/1000) - No action needed
[2025-10-13 17:01:03] Purok P4B: 0% used (0/1000) - No action needed
[2025-10-13 17:01:03] Purok P5: 0% used (0/1000) - No action needed
[2025-10-13 17:01:03] Purok P6: 0% used (0/1000) - No action needed
[2025-10-13 17:01:03] Purok P7: 0% used (0/1000) - No action needed
[2025-10-13 17:01:03] === Hourly Key Check Completed ===
[2025-10-13 17:01:03] Puroks regenerated: None
[2025-10-13 18:01:04] === Starting Hourly Key Check ===
[2025-10-13 18:01:04] Purok P1: 0% used (0/1000) - No action needed
[2025-10-13 18:01:04] Purok P2: 0% used (0/1000) - No action needed
[2025-10-13 18:01:04] Purok P3: 0% used (0/1000) - No action needed
[2025-10-13 18:01:04] Purok P4A: 0% used (0/1000) - No action needed
[2025-10-13 18:01:04] Purok P4B: 0% used (0/1000) - No action needed
[2025-10-13 18:01:04] Purok P5: 0% used (0/1000) - No action needed
[2025-10-13 18:01:04] Purok P6: 0% used (0/1000) - No action needed
[2025-10-13 18:01:04] Purok P7: 0% used (0/1000) - No action needed
[2025-10-13 18:01:04] === Hourly Key Check Completed ===
[2025-10-13 18:01:04] Puroks regenerated: None
[2025-10-13 19:01:03] === Starting Hourly Key Check ===
[2025-10-13 19:01:03] Purok P1: 0% used (0/1000) - No action needed
[2025-10-13 19:01:03] Purok P2: 0% used (0/1000) - No action needed
[2025-10-13 19:01:03] Purok P3: 0% used (0/1000) - No action needed
[2025-10-13 19:01:03] Purok P4A: 0% used (0/1000) - No action needed
[2025-10-13 19:01:03] Purok P4B: 0% used (0/1000) - No action needed
[2025-10-13 19:01:03] Purok P5: 0% used (0/1000) - No action needed
[2025-10-13 19:01:03] Purok P6: 0% used (0/1000) - No action needed
[2025-10-13 19:01:03] Purok P7: 0% used (0/1000) - No action needed
[2025-10-13 19:01:03] === Hourly Key Check Completed ===
[2025-10-13 19:01:03] Puroks regenerated: None
[2025-10-13 20:01:03] === Starting Hourly Key Check ===
[2025-10-13 20:01:03] Purok P1: 0% used (0/1000) - No action needed
[2025-10-13 20:01:03] Purok P2: 0% used (0/1000) - No action needed
[2025-10-13 20:01:03] Purok P3: 0% used (0/1000) - No action needed
[2025-10-13 20:01:03] Purok P4A: 0% used (0/1000) - No action needed
[2025-10-13 20:01:03] Purok P4B: 0% used (0/1000) - No action needed
[2025-10-13 20:01:03] Purok P5: 0% used (0/1000) - No action needed
[2025-10-13 20:01:03] Purok P6: 0% used (0/1000) - No action needed
[2025-10-13 20:01:03] Purok P7: 0% used (0/1000) - No action needed
[2025-10-13 20:01:03] === Hourly Key Check Completed ===
[2025-10-13 20:01:03] Puroks regenerated: None
[2025-10-13 21:01:03] === Starting Hourly Key Check ===
[2025-10-13 21:01:03] Purok P1: 0% used (0/1000) - No action needed
[2025-10-13 21:01:03] Purok P2: 0% used (0/1000) - No action needed
[2025-10-13 21:01:03] Purok P3: 0% used (0/1000) - No action needed
[2025-10-13 21:01:03] Purok P4A: 0% used (0/1000) - No action needed
[2025-10-13 21:01:03] Purok P4B: 0% used (0/1000) - No action needed
[2025-10-13 21:01:03] Purok P5: 0% used (0/1000) - No action needed
[2025-10-13 21:01:03] Purok P6: 0% used (0/1000) - No action needed
[2025-10-13 21:01:03] Purok P7: 0% used (0/1000) - No action needed
[2025-10-13 21:01:03] === Hourly Key Check Completed ===
[2025-10-13 21:01:03] Puroks regenerated: None
[2025-10-13 22:01:03] === Starting Hourly Key Check ===
[2025-10-13 22:01:03] Purok P1: 0% used (0/1000) - No action needed
[2025-10-13 22:01:03] Purok P2: 0% used (0/1000) - No action needed
[2025-10-13 22:01:03] Purok P3: 0% used (0/1000) - No action needed
[2025-10-13 22:01:03] Purok P4A: 0% used (0/1000) - No action needed
[2025-10-13 22:01:03] Purok P4B: 0% used (0/1000) - No action needed
[2025-10-13 22:01:03] Purok P5: 0% used (0/1000) - No action needed
[2025-10-13 22:01:03] Purok P6: 0% used (0/1000) - No action needed
[2025-10-13 22:01:03] Purok P7: 0% used (0/1000) - No action needed
[2025-10-13 22:01:03] === Hourly Key Check Completed ===
[2025-10-13 22:01:03] Puroks regenerated: None
[2025-10-13 23:01:08] === Starting Hourly Key Check ===
[2025-10-13 23:01:08] Purok P1: 0% used (0/1000) - No action needed
[2025-10-13 23:01:08] Purok P2: 0% used (0/1000) - No action needed
[2025-10-13 23:01:08] Purok P3: 0% used (0/1000) - No action needed
[2025-10-13 23:01:08] Purok P4A: 0% used (0/1000) - No action needed
[2025-10-13 23:01:08] Purok P4B: 0% used (0/1000) - No action needed
[2025-10-13 23:01:08] Purok P5: 0% used (0/1000) - No action needed
[2025-10-13 23:01:08] Purok P6: 0% used (0/1000) - No action needed
[2025-10-13 23:01:08] Purok P7: 0% used (0/1000) - No action needed
[2025-10-13 23:01:08] === Hourly Key Check Completed ===
[2025-10-13 23:01:08] Puroks regenerated: None
