[2025-11-01 00:01:03] === Starting Hourly Key Check ===
[2025-11-01 00:01:03] Purok P1: 1.1% used (11/1000) - No action needed
[2025-11-01 00:01:03] Purok P2: 0.3% used (3/1000) - No action needed
[2025-11-01 00:01:03] Purok P3: 0.4% used (4/1000) - No action needed
[2025-11-01 00:01:03] Purok P4A: 0% used (0/1000) - No action needed
[2025-11-01 00:01:03] Purok P4B: 1% used (10/1000) - No action needed
[2025-11-01 00:01:03] Purok P5: 0.3% used (3/1000) - No action needed
[2025-11-01 00:01:03] Purok P6: 0% used (0/1000) - No action needed
[2025-11-01 00:01:03] Purok P7: 0.1% used (1/1000) - No action needed
[2025-11-01 00:01:03] === Hourly Key Check Completed ===
[2025-11-01 00:01:03] Puroks regenerated: None
[2025-11-01 01:01:03] === Starting Hourly Key Check ===
[2025-11-01 01:01:03] Purok P1: 1.1% used (11/1000) - No action needed
[2025-11-01 01:01:03] Purok P2: 0.3% used (3/1000) - No action needed
[2025-11-01 01:01:03] Purok P3: 0.4% used (4/1000) - No action needed
[2025-11-01 01:01:03] Purok P4A: 0% used (0/1000) - No action needed
[2025-11-01 01:01:03] Purok P4B: 1% used (10/1000) - No action needed
[2025-11-01 01:01:03] Purok P5: 0.3% used (3/1000) - No action needed
[2025-11-01 01:01:03] Purok P6: 0% used (0/1000) - No action needed
[2025-11-01 01:01:03] Purok P7: 0.1% used (1/1000) - No action needed
[2025-11-01 01:01:03] === Hourly Key Check Completed ===
[2025-11-01 01:01:03] Puroks regenerated: None
[2025-11-01 02:01:08] === Starting Hourly Key Check ===
[2025-11-01 02:01:08] Purok P1: 1.1% used (11/1000) - No action needed
[2025-11-01 02:01:08] Purok P2: 0.3% used (3/1000) - No action needed
[2025-11-01 02:01:08] Purok P3: 0.4% used (4/1000) - No action needed
[2025-11-01 02:01:08] Purok P4A: 0% used (0/1000) - No action needed
[2025-11-01 02:01:08] Purok P4B: 1% used (10/1000) - No action needed
[2025-11-01 02:01:08] Purok P5: 0.3% used (3/1000) - No action needed
[2025-11-01 02:01:08] Purok P6: 0% used (0/1000) - No action needed
[2025-11-01 02:01:08] Purok P7: 0.1% used (1/1000) - No action needed
[2025-11-01 02:01:08] === Hourly Key Check Completed ===
[2025-11-01 02:01:08] Puroks regenerated: None
[2025-11-01 03:01:02] === Starting Hourly Key Check ===
[2025-11-01 03:01:02] Purok P1: 1.1% used (11/1000) - No action needed
[2025-11-01 03:01:02] Purok P2: 0.3% used (3/1000) - No action needed
[2025-11-01 03:01:02] Purok P3: 0.4% used (4/1000) - No action needed
[2025-11-01 03:01:02] Purok P4A: 0% used (0/1000) - No action needed
[2025-11-01 03:01:02] Purok P4B: 1% used (10/1000) - No action needed
[2025-11-01 03:01:02] Purok P5: 0.3% used (3/1000) - No action needed
[2025-11-01 03:01:02] Purok P6: 0% used (0/1000) - No action needed
[2025-11-01 03:01:02] Purok P7: 0.1% used (1/1000) - No action needed
[2025-11-01 03:01:02] === Hourly Key Check Completed ===
[2025-11-01 03:01:02] Puroks regenerated: None
[2025-11-01 04:01:03] === Starting Hourly Key Check ===
[2025-11-01 04:01:03] Purok P1: 1.1% used (11/1000) - No action needed
[2025-11-01 04:01:03] Purok P2: 0.3% used (3/1000) - No action needed
[2025-11-01 04:01:03] Purok P3: 0.4% used (4/1000) - No action needed
[2025-11-01 04:01:03] Purok P4A: 0% used (0/1000) - No action needed
[2025-11-01 04:01:03] Purok P4B: 1% used (10/1000) - No action needed
[2025-11-01 04:01:03] Purok P5: 0.3% used (3/1000) - No action needed
[2025-11-01 04:01:03] Purok P6: 0% used (0/1000) - No action needed
[2025-11-01 04:01:03] Purok P7: 0.1% used (1/1000) - No action needed
[2025-11-01 04:01:03] === Hourly Key Check Completed ===
[2025-11-01 04:01:03] Puroks regenerated: None
[2025-11-01 05:01:05] === Starting Hourly Key Check ===
[2025-11-01 05:01:05] Purok P1: 1.1% used (11/1000) - No action needed
[2025-11-01 05:01:05] Purok P2: 0.3% used (3/1000) - No action needed
[2025-11-01 05:01:05] Purok P3: 0.4% used (4/1000) - No action needed
[2025-11-01 05:01:05] Purok P4A: 0% used (0/1000) - No action needed
[2025-11-01 05:01:05] Purok P4B: 1% used (10/1000) - No action needed
[2025-11-01 05:01:05] Purok P5: 0.3% used (3/1000) - No action needed
[2025-11-01 05:01:05] Purok P6: 0% used (0/1000) - No action needed
[2025-11-01 05:01:05] Purok P7: 0.1% used (1/1000) - No action needed
[2025-11-01 05:01:05] === Hourly Key Check Completed ===
[2025-11-01 05:01:05] Puroks regenerated: None
[2025-11-01 06:01:03] === Starting Hourly Key Check ===
[2025-11-01 06:01:03] Purok P1: 1.1% used (11/1000) - No action needed
[2025-11-01 06:01:03] Purok P2: 0.3% used (3/1000) - No action needed
[2025-11-01 06:01:03] Purok P3: 0.4% used (4/1000) - No action needed
[2025-11-01 06:01:03] Purok P4A: 0% used (0/1000) - No action needed
[2025-11-01 06:01:03] Purok P4B: 1% used (10/1000) - No action needed
[2025-11-01 06:01:03] Purok P5: 0.3% used (3/1000) - No action needed
[2025-11-01 06:01:03] Purok P6: 0% used (0/1000) - No action needed
[2025-11-01 06:01:03] Purok P7: 0.1% used (1/1000) - No action needed
[2025-11-01 06:01:03] === Hourly Key Check Completed ===
[2025-11-01 06:01:03] Puroks regenerated: None
[2025-11-01 07:01:09] === Starting Hourly Key Check ===
[2025-11-01 07:01:09] Purok P1: 1.1% used (11/1000) - No action needed
[2025-11-01 07:01:09] Purok P2: 0.3% used (3/1000) - No action needed
[2025-11-01 07:01:09] Purok P3: 0.4% used (4/1000) - No action needed
[2025-11-01 07:01:09] Purok P4A: 0% used (0/1000) - No action needed
[2025-11-01 07:01:09] Purok P4B: 1% used (10/1000) - No action needed
[2025-11-01 07:01:09] Purok P5: 0.3% used (3/1000) - No action needed
[2025-11-01 07:01:09] Purok P6: 0% used (0/1000) - No action needed
[2025-11-01 07:01:09] Purok P7: 0.1% used (1/1000) - No action needed
[2025-11-01 07:01:09] === Hourly Key Check Completed ===
[2025-11-01 07:01:09] Puroks regenerated: None
[2025-11-01 08:01:03] === Starting Hourly Key Check ===
[2025-11-01 08:01:03] Purok P1: 1.1% used (11/1000) - No action needed
[2025-11-01 08:01:03] Purok P2: 0.3% used (3/1000) - No action needed
[2025-11-01 08:01:03] Purok P3: 0.4% used (4/1000) - No action needed
[2025-11-01 08:01:03] Purok P4A: 0% used (0/1000) - No action needed
[2025-11-01 08:01:03] Purok P4B: 1% used (10/1000) - No action needed
[2025-11-01 08:01:03] Purok P5: 0.3% used (3/1000) - No action needed
[2025-11-01 08:01:03] Purok P6: 0% used (0/1000) - No action needed
[2025-11-01 08:01:03] Purok P7: 0.1% used (1/1000) - No action needed
[2025-11-01 08:01:03] === Hourly Key Check Completed ===
[2025-11-01 08:01:03] Puroks regenerated: None
[2025-11-01 09:01:07] === Starting Hourly Key Check ===
[2025-11-01 09:01:07] Purok P1: 1.1% used (11/1000) - No action needed
[2025-11-01 09:01:07] Purok P2: 0.3% used (3/1000) - No action needed
[2025-11-01 09:01:07] Purok P3: 0.4% used (4/1000) - No action needed
[2025-11-01 09:01:07] Purok P4A: 0% used (0/1000) - No action needed
[2025-11-01 09:01:07] Purok P4B: 1% used (10/1000) - No action needed
[2025-11-01 09:01:07] Purok P5: 0.3% used (3/1000) - No action needed
[2025-11-01 09:01:07] Purok P6: 0% used (0/1000) - No action needed
[2025-11-01 09:01:07] Purok P7: 0.1% used (1/1000) - No action needed
[2025-11-01 09:01:07] === Hourly Key Check Completed ===
[2025-11-01 09:01:07] Puroks regenerated: None
[2025-11-01 10:01:05] === Starting Hourly Key Check ===
[2025-11-01 10:01:05] Purok P1: 1.1% used (11/1000) - No action needed
[2025-11-01 10:01:05] Purok P2: 0.3% used (3/1000) - No action needed
[2025-11-01 10:01:05] Purok P3: 0.4% used (4/1000) - No action needed
[2025-11-01 10:01:05] Purok P4A: 0% used (0/1000) - No action needed
[2025-11-01 10:01:05] Purok P4B: 1% used (10/1000) - No action needed
[2025-11-01 10:01:05] Purok P5: 0.3% used (3/1000) - No action needed
[2025-11-01 10:01:05] Purok P6: 0% used (0/1000) - No action needed
[2025-11-01 10:01:05] Purok P7: 0.1% used (1/1000) - No action needed
[2025-11-01 10:01:05] === Hourly Key Check Completed ===
[2025-11-01 10:01:05] Puroks regenerated: None
[2025-11-01 11:01:03] === Starting Hourly Key Check ===
[2025-11-01 11:01:03] Purok P1: 1.1% used (11/1000) - No action needed
[2025-11-01 11:01:03] Purok P2: 0.3% used (3/1000) - No action needed
[2025-11-01 11:01:03] Purok P3: 0.4% used (4/1000) - No action needed
[2025-11-01 11:01:03] Purok P4A: 0% used (0/1000) - No action needed
[2025-11-01 11:01:03] Purok P4B: 1% used (10/1000) - No action needed
[2025-11-01 11:01:03] Purok P5: 0.3% used (3/1000) - No action needed
[2025-11-01 11:01:03] Purok P6: 0% used (0/1000) - No action needed
[2025-11-01 11:01:03] Purok P7: 0.1% used (1/1000) - No action needed
[2025-11-01 11:01:03] === Hourly Key Check Completed ===
[2025-11-01 11:01:03] Puroks regenerated: None
[2025-11-01 12:01:02] === Starting Hourly Key Check ===
[2025-11-01 12:01:02] Purok P1: 1.1% used (11/1000) - No action needed
[2025-11-01 12:01:02] Purok P2: 0.3% used (3/1000) - No action needed
[2025-11-01 12:01:02] Purok P3: 0.4% used (4/1000) - No action needed
[2025-11-01 12:01:02] Purok P4A: 0% used (0/1000) - No action needed
[2025-11-01 12:01:02] Purok P4B: 1% used (10/1000) - No action needed
[2025-11-01 12:01:02] Purok P5: 0.3% used (3/1000) - No action needed
[2025-11-01 12:01:02] Purok P6: 0% used (0/1000) - No action needed
[2025-11-01 12:01:02] Purok P7: 0.1% used (1/1000) - No action needed
[2025-11-01 12:01:02] === Hourly Key Check Completed ===
[2025-11-01 12:01:02] Puroks regenerated: None
[2025-11-01 13:01:05] === Starting Hourly Key Check ===
[2025-11-01 13:01:05] Purok P1: 1.1% used (11/1000) - No action needed
[2025-11-01 13:01:05] Purok P2: 0.3% used (3/1000) - No action needed
[2025-11-01 13:01:05] Purok P3: 0.4% used (4/1000) - No action needed
[2025-11-01 13:01:05] Purok P4A: 0% used (0/1000) - No action needed
[2025-11-01 13:01:05] Purok P4B: 1% used (10/1000) - No action needed
[2025-11-01 13:01:05] Purok P5: 0.3% used (3/1000) - No action needed
[2025-11-01 13:01:05] Purok P6: 0% used (0/1000) - No action needed
[2025-11-01 13:01:05] Purok P7: 0.1% used (1/1000) - No action needed
[2025-11-01 13:01:05] === Hourly Key Check Completed ===
[2025-11-01 13:01:05] Puroks regenerated: None
[2025-11-01 14:01:03] === Starting Hourly Key Check ===
[2025-11-01 14:01:03] Purok P1: 1.1% used (11/1000) - No action needed
[2025-11-01 14:01:03] Purok P2: 0.3% used (3/1000) - No action needed
[2025-11-01 14:01:03] Purok P3: 0.4% used (4/1000) - No action needed
[2025-11-01 14:01:03] Purok P4A: 0% used (0/1000) - No action needed
[2025-11-01 14:01:03] Purok P4B: 1% used (10/1000) - No action needed
[2025-11-01 14:01:03] Purok P5: 0.3% used (3/1000) - No action needed
[2025-11-01 14:01:03] Purok P6: 0% used (0/1000) - No action needed
[2025-11-01 14:01:03] Purok P7: 0.1% used (1/1000) - No action needed
[2025-11-01 14:01:03] === Hourly Key Check Completed ===
[2025-11-01 14:01:03] Puroks regenerated: None
[2025-11-01 15:01:03] === Starting Hourly Key Check ===
[2025-11-01 15:01:03] Purok P1: 1.1% used (11/1000) - No action needed
[2025-11-01 15:01:03] Purok P2: 0.3% used (3/1000) - No action needed
[2025-11-01 15:01:03] Purok P3: 0.4% used (4/1000) - No action needed
[2025-11-01 15:01:03] Purok P4A: 0% used (0/1000) - No action needed
[2025-11-01 15:01:03] Purok P4B: 1% used (10/1000) - No action needed
[2025-11-01 15:01:03] Purok P5: 0.3% used (3/1000) - No action needed
[2025-11-01 15:01:03] Purok P6: 0% used (0/1000) - No action needed
[2025-11-01 15:01:03] Purok P7: 0.1% used (1/1000) - No action needed
[2025-11-01 15:01:03] === Hourly Key Check Completed ===
[2025-11-01 15:01:03] Puroks regenerated: None
[2025-11-01 16:01:03] === Starting Hourly Key Check ===
[2025-11-01 16:01:03] Purok P1: 1.1% used (11/1000) - No action needed
[2025-11-01 16:01:03] Purok P2: 0.3% used (3/1000) - No action needed
[2025-11-01 16:01:03] Purok P3: 0.4% used (4/1000) - No action needed
[2025-11-01 16:01:03] Purok P4A: 0% used (0/1000) - No action needed
[2025-11-01 16:01:03] Purok P4B: 1% used (10/1000) - No action needed
[2025-11-01 16:01:03] Purok P5: 0.3% used (3/1000) - No action needed
[2025-11-01 16:01:03] Purok P6: 0% used (0/1000) - No action needed
[2025-11-01 16:01:03] Purok P7: 0.1% used (1/1000) - No action needed
[2025-11-01 16:01:03] === Hourly Key Check Completed ===
[2025-11-01 16:01:03] Puroks regenerated: None
[2025-11-01 17:01:03] === Starting Hourly Key Check ===
[2025-11-01 17:01:03] Purok P1: 1.1% used (11/1000) - No action needed
[2025-11-01 17:01:03] Purok P2: 0.3% used (3/1000) - No action needed
[2025-11-01 17:01:03] Purok P3: 0.4% used (4/1000) - No action needed
[2025-11-01 17:01:03] Purok P4A: 0% used (0/1000) - No action needed
[2025-11-01 17:01:03] Purok P4B: 1% used (10/1000) - No action needed
[2025-11-01 17:01:03] Purok P5: 0.3% used (3/1000) - No action needed
[2025-11-01 17:01:03] Purok P6: 0% used (0/1000) - No action needed
[2025-11-01 17:01:03] Purok P7: 0.1% used (1/1000) - No action needed
[2025-11-01 17:01:03] === Hourly Key Check Completed ===
[2025-11-01 17:01:03] Puroks regenerated: None
[2025-11-01 18:01:03] === Starting Hourly Key Check ===
[2025-11-01 18:01:03] Purok P1: 1.1% used (11/1000) - No action needed
[2025-11-01 18:01:03] Purok P2: 0.3% used (3/1000) - No action needed
[2025-11-01 18:01:03] Purok P3: 0.4% used (4/1000) - No action needed
[2025-11-01 18:01:03] Purok P4A: 0% used (0/1000) - No action needed
[2025-11-01 18:01:03] Purok P4B: 1% used (10/1000) - No action needed
[2025-11-01 18:01:03] Purok P5: 0.3% used (3/1000) - No action needed
[2025-11-01 18:01:03] Purok P6: 0% used (0/1000) - No action needed
[2025-11-01 18:01:03] Purok P7: 0.1% used (1/1000) - No action needed
[2025-11-01 18:01:03] === Hourly Key Check Completed ===
[2025-11-01 18:01:03] Puroks regenerated: None
[2025-11-01 19:01:03] === Starting Hourly Key Check ===
[2025-11-01 19:01:03] Purok P1: 1.1% used (11/1000) - No action needed
[2025-11-01 19:01:03] Purok P2: 0.3% used (3/1000) - No action needed
[2025-11-01 19:01:03] Purok P3: 0.4% used (4/1000) - No action needed
[2025-11-01 19:01:03] Purok P4A: 0% used (0/1000) - No action needed
[2025-11-01 19:01:03] Purok P4B: 1% used (10/1000) - No action needed
[2025-11-01 19:01:03] Purok P5: 0.3% used (3/1000) - No action needed
[2025-11-01 19:01:03] Purok P6: 0% used (0/1000) - No action needed
[2025-11-01 19:01:03] Purok P7: 0.1% used (1/1000) - No action needed
[2025-11-01 19:01:03] === Hourly Key Check Completed ===
[2025-11-01 19:01:03] Puroks regenerated: None
[2025-11-01 20:01:03] === Starting Hourly Key Check ===
[2025-11-01 20:01:03] Purok P1: 1.1% used (11/1000) - No action needed
[2025-11-01 20:01:03] Purok P2: 0.3% used (3/1000) - No action needed
[2025-11-01 20:01:03] Purok P3: 0.4% used (4/1000) - No action needed
[2025-11-01 20:01:03] Purok P4A: 0% used (0/1000) - No action needed
[2025-11-01 20:01:03] Purok P4B: 1% used (10/1000) - No action needed
[2025-11-01 20:01:03] Purok P5: 0.3% used (3/1000) - No action needed
[2025-11-01 20:01:03] Purok P6: 0% used (0/1000) - No action needed
[2025-11-01 20:01:03] Purok P7: 0.1% used (1/1000) - No action needed
[2025-11-01 20:01:03] === Hourly Key Check Completed ===
[2025-11-01 20:01:03] Puroks regenerated: None
[2025-11-01 21:01:03] === Starting Hourly Key Check ===
[2025-11-01 21:01:03] Purok P1: 1.1% used (11/1000) - No action needed
[2025-11-01 21:01:03] Purok P2: 0.3% used (3/1000) - No action needed
[2025-11-01 21:01:04] Purok P3: 0.4% used (4/1000) - No action needed
[2025-11-01 21:01:04] Purok P4A: 0% used (0/1000) - No action needed
[2025-11-01 21:01:04] Purok P4B: 1% used (10/1000) - No action needed
[2025-11-01 21:01:04] Purok P5: 0.3% used (3/1000) - No action needed
[2025-11-01 21:01:04] Purok P6: 0% used (0/1000) - No action needed
[2025-11-01 21:01:04] Purok P7: 0.1% used (1/1000) - No action needed
[2025-11-01 21:01:04] === Hourly Key Check Completed ===
[2025-11-01 21:01:04] Puroks regenerated: None
[2025-11-01 22:01:03] === Starting Hourly Key Check ===
[2025-11-01 22:01:03] Purok P1: 1.1% used (11/1000) - No action needed
[2025-11-01 22:01:03] Purok P2: 0.3% used (3/1000) - No action needed
[2025-11-01 22:01:03] Purok P3: 0.4% used (4/1000) - No action needed
[2025-11-01 22:01:03] Purok P4A: 0% used (0/1000) - No action needed
[2025-11-01 22:01:03] Purok P4B: 1% used (10/1000) - No action needed
[2025-11-01 22:01:03] Purok P5: 0.3% used (3/1000) - No action needed
[2025-11-01 22:01:03] Purok P6: 0% used (0/1000) - No action needed
[2025-11-01 22:01:03] Purok P7: 0.1% used (1/1000) - No action needed
[2025-11-01 22:01:03] === Hourly Key Check Completed ===
[2025-11-01 22:01:03] Puroks regenerated: None
[2025-11-01 23:01:03] === Starting Hourly Key Check ===
[2025-11-01 23:01:03] Purok P1: 1.1% used (11/1000) - No action needed
[2025-11-01 23:01:03] Purok P2: 0.3% used (3/1000) - No action needed
[2025-11-01 23:01:03] Purok P3: 0.4% used (4/1000) - No action needed
[2025-11-01 23:01:03] Purok P4A: 0% used (0/1000) - No action needed
[2025-11-01 23:01:03] Purok P4B: 1% used (10/1000) - No action needed
[2025-11-01 23:01:03] Purok P5: 0.3% used (3/1000) - No action needed
[2025-11-01 23:01:03] Purok P6: 0% used (0/1000) - No action needed
[2025-11-01 23:01:03] Purok P7: 0.1% used (1/1000) - No action needed
[2025-11-01 23:01:03] === Hourly Key Check Completed ===
[2025-11-01 23:01:03] Puroks regenerated: None
