[2025-11-25 01:01:16] === Starting Hourly Key Check ===
[2025-11-25 01:01:16] Purok P1: 1.1% used (11/1000) - No action needed
[2025-11-25 01:01:16] Purok P2: 3.5% used (35/1000) - No action needed
[2025-11-25 01:01:16] Purok P3: 0.5% used (5/1000) - No action needed
[2025-11-25 01:01:16] Purok P4A: 2.3% used (23/1000) - No action needed
[2025-11-25 01:01:16] Purok P4B: 1% used (10/1000) - No action needed
[2025-11-25 01:01:16] Purok P5: 1.9% used (19/1000) - No action needed
[2025-11-25 01:01:16] Purok P6: 0% used (0/1000) - No action needed
[2025-11-25 01:01:17] Purok P7: 1.4% used (14/1000) - No action needed
[2025-11-25 01:01:17] === Hourly Key Check Completed ===
[2025-11-25 01:01:17] Puroks regenerated: None
[2025-11-25 02:01:18] === Starting Hourly Key Check ===
[2025-11-25 02:01:18] Purok P1: 1.1% used (11/1000) - No action needed
[2025-11-25 02:01:18] Purok P2: 3.5% used (35/1000) - No action needed
[2025-11-25 02:01:18] Purok P3: 0.5% used (5/1000) - No action needed
[2025-11-25 02:01:18] Purok P4A: 2.3% used (23/1000) - No action needed
[2025-11-25 02:01:18] Purok P4B: 1% used (10/1000) - No action needed
[2025-11-25 02:01:18] Purok P5: 1.9% used (19/1000) - No action needed
[2025-11-25 02:01:18] Purok P6: 0% used (0/1000) - No action needed
[2025-11-25 02:01:18] Purok P7: 1.4% used (14/1000) - No action needed
[2025-11-25 02:01:18] === Hourly Key Check Completed ===
[2025-11-25 02:01:18] Puroks regenerated: None
[2025-11-25 03:01:02] === Starting Hourly Key Check ===
[2025-11-25 03:01:02] Purok P1: 1.1% used (11/1000) - No action needed
[2025-11-25 03:01:02] Purok P2: 3.5% used (35/1000) - No action needed
[2025-11-25 03:01:02] Purok P3: 0.5% used (5/1000) - No action needed
[2025-11-25 03:01:02] Purok P4A: 2.3% used (23/1000) - No action needed
[2025-11-25 03:01:02] Purok P4B: 1% used (10/1000) - No action needed
[2025-11-25 03:01:02] Purok P5: 1.9% used (19/1000) - No action needed
[2025-11-25 03:01:02] Purok P6: 0% used (0/1000) - No action needed
[2025-11-25 03:01:02] Purok P7: 1.4% used (14/1000) - No action needed
[2025-11-25 03:01:02] === Hourly Key Check Completed ===
[2025-11-25 03:01:02] Puroks regenerated: None
[2025-11-25 04:01:03] === Starting Hourly Key Check ===
[2025-11-25 04:01:03] Purok P1: 1.1% used (11/1000) - No action needed
[2025-11-25 04:01:03] Purok P2: 3.5% used (35/1000) - No action needed
[2025-11-25 04:01:03] Purok P3: 0.5% used (5/1000) - No action needed
[2025-11-25 04:01:03] Purok P4A: 2.3% used (23/1000) - No action needed
[2025-11-25 04:01:03] Purok P4B: 1% used (10/1000) - No action needed
[2025-11-25 04:01:03] Purok P5: 1.9% used (19/1000) - No action needed
[2025-11-25 04:01:03] Purok P6: 0% used (0/1000) - No action needed
[2025-11-25 04:01:03] Purok P7: 1.4% used (14/1000) - No action needed
[2025-11-25 04:01:03] === Hourly Key Check Completed ===
[2025-11-25 04:01:03] Puroks regenerated: None
[2025-11-25 05:01:04] === Starting Hourly Key Check ===
[2025-11-25 05:01:04] Purok P1: 1.1% used (11/1000) - No action needed
[2025-11-25 05:01:04] Purok P2: 3.5% used (35/1000) - No action needed
[2025-11-25 05:01:04] Purok P3: 0.5% used (5/1000) - No action needed
[2025-11-25 05:01:04] Purok P4A: 2.3% used (23/1000) - No action needed
[2025-11-25 05:01:04] Purok P4B: 1% used (10/1000) - No action needed
[2025-11-25 05:01:04] Purok P5: 1.9% used (19/1000) - No action needed
[2025-11-25 05:01:04] Purok P6: 0% used (0/1000) - No action needed
[2025-11-25 05:01:04] Purok P7: 1.4% used (14/1000) - No action needed
[2025-11-25 05:01:04] === Hourly Key Check Completed ===
[2025-11-25 05:01:04] Puroks regenerated: None
[2025-11-25 06:01:04] === Starting Hourly Key Check ===
[2025-11-25 06:01:04] Purok P1: 1.1% used (11/1000) - No action needed
[2025-11-25 06:01:04] Purok P2: 3.5% used (35/1000) - No action needed
[2025-11-25 06:01:04] Purok P3: 0.5% used (5/1000) - No action needed
[2025-11-25 06:01:04] Purok P4A: 2.3% used (23/1000) - No action needed
[2025-11-25 06:01:04] Purok P4B: 1% used (10/1000) - No action needed
[2025-11-25 06:01:04] Purok P5: 1.9% used (19/1000) - No action needed
[2025-11-25 06:01:04] Purok P6: 0% used (0/1000) - No action needed
[2025-11-25 06:01:04] Purok P7: 1.4% used (14/1000) - No action needed
[2025-11-25 06:01:04] === Hourly Key Check Completed ===
[2025-11-25 06:01:04] Puroks regenerated: None
[2025-11-25 07:01:02] === Starting Hourly Key Check ===
[2025-11-25 07:01:02] Purok P1: 1.1% used (11/1000) - No action needed
[2025-11-25 07:01:02] Purok P2: 3.5% used (35/1000) - No action needed
[2025-11-25 07:01:02] Purok P3: 0.5% used (5/1000) - No action needed
[2025-11-25 07:01:02] Purok P4A: 2.3% used (23/1000) - No action needed
[2025-11-25 07:01:02] Purok P4B: 1% used (10/1000) - No action needed
[2025-11-25 07:01:02] Purok P5: 1.9% used (19/1000) - No action needed
[2025-11-25 07:01:02] Purok P6: 0% used (0/1000) - No action needed
[2025-11-25 07:01:02] Purok P7: 1.4% used (14/1000) - No action needed
[2025-11-25 07:01:02] === Hourly Key Check Completed ===
[2025-11-25 07:01:02] Puroks regenerated: None
[2025-11-25 08:01:03] === Starting Hourly Key Check ===
[2025-11-25 08:01:03] Purok P1: 1.1% used (11/1000) - No action needed
[2025-11-25 08:01:03] Purok P2: 3.5% used (35/1000) - No action needed
[2025-11-25 08:01:03] Purok P3: 0.5% used (5/1000) - No action needed
[2025-11-25 08:01:03] Purok P4A: 2.3% used (23/1000) - No action needed
[2025-11-25 08:01:03] Purok P4B: 1% used (10/1000) - No action needed
[2025-11-25 08:01:03] Purok P5: 1.9% used (19/1000) - No action needed
[2025-11-25 08:01:03] Purok P6: 0% used (0/1000) - No action needed
[2025-11-25 08:01:03] Purok P7: 1.4% used (14/1000) - No action needed
[2025-11-25 08:01:03] === Hourly Key Check Completed ===
[2025-11-25 08:01:03] Puroks regenerated: None
[2025-11-25 09:01:04] === Starting Hourly Key Check ===
[2025-11-25 09:01:04] Purok P1: 1.1% used (11/1000) - No action needed
[2025-11-25 09:01:04] Purok P2: 3.5% used (35/1000) - No action needed
[2025-11-25 09:01:04] Purok P3: 0.5% used (5/1000) - No action needed
[2025-11-25 09:01:04] Purok P4A: 2.3% used (23/1000) - No action needed
[2025-11-25 09:01:04] Purok P4B: 1% used (10/1000) - No action needed
[2025-11-25 09:01:04] Purok P5: 1.9% used (19/1000) - No action needed
[2025-11-25 09:01:04] Purok P6: 0% used (0/1000) - No action needed
[2025-11-25 09:01:04] Purok P7: 1.4% used (14/1000) - No action needed
[2025-11-25 09:01:04] === Hourly Key Check Completed ===
[2025-11-25 09:01:04] Puroks regenerated: None
[2025-11-25 10:01:02] === Starting Hourly Key Check ===
[2025-11-25 10:01:02] Purok P1: 1.1% used (11/1000) - No action needed
[2025-11-25 10:01:02] Purok P2: 3.5% used (35/1000) - No action needed
[2025-11-25 10:01:02] Purok P3: 0.5% used (5/1000) - No action needed
[2025-11-25 10:01:02] Purok P4A: 2.3% used (23/1000) - No action needed
[2025-11-25 10:01:02] Purok P4B: 1% used (10/1000) - No action needed
[2025-11-25 10:01:02] Purok P5: 1.9% used (19/1000) - No action needed
[2025-11-25 10:01:02] Purok P6: 0% used (0/1000) - No action needed
[2025-11-25 10:01:02] Purok P7: 1.4% used (14/1000) - No action needed
[2025-11-25 10:01:02] === Hourly Key Check Completed ===
[2025-11-25 10:01:02] Puroks regenerated: None
[2025-11-25 11:01:03] === Starting Hourly Key Check ===
[2025-11-25 11:01:03] Purok P1: 1.1% used (11/1000) - No action needed
[2025-11-25 11:01:03] Purok P2: 3.5% used (35/1000) - No action needed
[2025-11-25 11:01:03] Purok P3: 0.5% used (5/1000) - No action needed
[2025-11-25 11:01:03] Purok P4A: 2.3% used (23/1000) - No action needed
[2025-11-25 11:01:03] Purok P4B: 1% used (10/1000) - No action needed
[2025-11-25 11:01:03] Purok P5: 1.9% used (19/1000) - No action needed
[2025-11-25 11:01:03] Purok P6: 0% used (0/1000) - No action needed
[2025-11-25 11:01:03] Purok P7: 1.4% used (14/1000) - No action needed
[2025-11-25 11:01:03] === Hourly Key Check Completed ===
[2025-11-25 11:01:03] Puroks regenerated: None
[2025-11-25 12:01:03] === Starting Hourly Key Check ===
[2025-11-25 12:01:03] Purok P1: 1.1% used (11/1000) - No action needed
[2025-11-25 12:01:03] Purok P2: 3.5% used (35/1000) - No action needed
[2025-11-25 12:01:03] Purok P3: 0.5% used (5/1000) - No action needed
[2025-11-25 12:01:03] Purok P4A: 2.3% used (23/1000) - No action needed
[2025-11-25 12:01:03] Purok P4B: 1% used (10/1000) - No action needed
[2025-11-25 12:01:03] Purok P5: 1.9% used (19/1000) - No action needed
[2025-11-25 12:01:03] Purok P6: 0% used (0/1000) - No action needed
[2025-11-25 12:01:03] Purok P7: 1.4% used (14/1000) - No action needed
[2025-11-25 12:01:03] === Hourly Key Check Completed ===
[2025-11-25 12:01:03] Puroks regenerated: None
[2025-11-25 13:01:02] === Starting Hourly Key Check ===
[2025-11-25 13:01:02] Purok P1: 1.1% used (11/1000) - No action needed
[2025-11-25 13:01:02] Purok P2: 3.5% used (35/1000) - No action needed
[2025-11-25 13:01:02] Purok P3: 0.5% used (5/1000) - No action needed
[2025-11-25 13:01:02] Purok P4A: 2.3% used (23/1000) - No action needed
[2025-11-25 13:01:02] Purok P4B: 1% used (10/1000) - No action needed
[2025-11-25 13:01:02] Purok P5: 1.9% used (19/1000) - No action needed
[2025-11-25 13:01:02] Purok P6: 1.1% used (11/1000) - No action needed
[2025-11-25 13:01:02] Purok P7: 1.4% used (14/1000) - No action needed
[2025-11-25 13:01:02] === Hourly Key Check Completed ===
[2025-11-25 13:01:02] Puroks regenerated: None
[2025-11-25 14:01:03] === Starting Hourly Key Check ===
[2025-11-25 14:01:03] Purok P1: 1.1% used (11/1000) - No action needed
[2025-11-25 14:01:03] Purok P2: 3.5% used (35/1000) - No action needed
[2025-11-25 14:01:03] Purok P3: 0.5% used (5/1000) - No action needed
[2025-11-25 14:01:03] Purok P4A: 2.3% used (23/1000) - No action needed
[2025-11-25 14:01:03] Purok P4B: 1% used (10/1000) - No action needed
[2025-11-25 14:01:03] Purok P5: 1.9% used (19/1000) - No action needed
[2025-11-25 14:01:03] Purok P6: 2.9% used (29/1000) - No action needed
[2025-11-25 14:01:03] Purok P7: 1.4% used (14/1000) - No action needed
[2025-11-25 14:01:03] === Hourly Key Check Completed ===
[2025-11-25 14:01:03] Puroks regenerated: None
[2025-11-25 15:01:03] === Starting Hourly Key Check ===
[2025-11-25 15:01:03] Purok P1: 1.1% used (11/1000) - No action needed
[2025-11-25 15:01:03] Purok P2: 3.5% used (35/1000) - No action needed
[2025-11-25 15:01:03] Purok P3: 0.5% used (5/1000) - No action needed
[2025-11-25 15:01:03] Purok P4A: 2.3% used (23/1000) - No action needed
[2025-11-25 15:01:03] Purok P4B: 1% used (10/1000) - No action needed
[2025-11-25 15:01:03] Purok P5: 1.9% used (19/1000) - No action needed
[2025-11-25 15:01:03] Purok P6: 2.9% used (29/1000) - No action needed
[2025-11-25 15:01:03] Purok P7: 1.4% used (14/1000) - No action needed
[2025-11-25 15:01:03] === Hourly Key Check Completed ===
[2025-11-25 15:01:03] Puroks regenerated: None
[2025-11-25 16:01:10] === Starting Hourly Key Check ===
[2025-11-25 16:01:10] Purok P1: 1.1% used (11/1000) - No action needed
[2025-11-25 16:01:10] Purok P2: 3.5% used (35/1000) - No action needed
[2025-11-25 16:01:10] Purok P3: 0.5% used (5/1000) - No action needed
[2025-11-25 16:01:10] Purok P4A: 2.3% used (23/1000) - No action needed
[2025-11-25 16:01:10] Purok P4B: 1% used (10/1000) - No action needed
[2025-11-25 16:01:10] Purok P5: 1.9% used (19/1000) - No action needed
[2025-11-25 16:01:10] Purok P6: 2.9% used (29/1000) - No action needed
[2025-11-25 16:01:10] Purok P7: 1.4% used (14/1000) - No action needed
[2025-11-25 16:01:10] === Hourly Key Check Completed ===
[2025-11-25 16:01:10] Puroks regenerated: None
[2025-11-25 17:01:03] === Starting Hourly Key Check ===
[2025-11-25 17:01:03] Purok P1: 1.1% used (11/1000) - No action needed
[2025-11-25 17:01:03] Purok P2: 3.5% used (35/1000) - No action needed
[2025-11-25 17:01:03] Purok P3: 0.5% used (5/1000) - No action needed
[2025-11-25 17:01:03] Purok P4A: 2.3% used (23/1000) - No action needed
[2025-11-25 17:01:03] Purok P4B: 1% used (10/1000) - No action needed
[2025-11-25 17:01:03] Purok P5: 1.9% used (19/1000) - No action needed
[2025-11-25 17:01:03] Purok P6: 2.9% used (29/1000) - No action needed
[2025-11-25 17:01:03] Purok P7: 1.4% used (14/1000) - No action needed
[2025-11-25 17:01:03] === Hourly Key Check Completed ===
[2025-11-25 17:01:03] Puroks regenerated: None
[2025-11-25 18:01:02] === Starting Hourly Key Check ===
[2025-11-25 18:01:02] Purok P1: 1.1% used (11/1000) - No action needed
[2025-11-25 18:01:02] Purok P2: 3.5% used (35/1000) - No action needed
[2025-11-25 18:01:02] Purok P3: 0.5% used (5/1000) - No action needed
[2025-11-25 18:01:02] Purok P4A: 2.3% used (23/1000) - No action needed
[2025-11-25 18:01:02] Purok P4B: 1% used (10/1000) - No action needed
[2025-11-25 18:01:02] Purok P5: 1.9% used (19/1000) - No action needed
[2025-11-25 18:01:02] Purok P6: 2.9% used (29/1000) - No action needed
[2025-11-25 18:01:02] Purok P7: 1.4% used (14/1000) - No action needed
[2025-11-25 18:01:02] === Hourly Key Check Completed ===
[2025-11-25 18:01:02] Puroks regenerated: None
[2025-11-25 19:01:02] === Starting Hourly Key Check ===
[2025-11-25 19:01:02] Purok P1: 1.1% used (11/1000) - No action needed
[2025-11-25 19:01:02] Purok P2: 3.5% used (35/1000) - No action needed
[2025-11-25 19:01:02] Purok P3: 0.5% used (5/1000) - No action needed
[2025-11-25 19:01:02] Purok P4A: 2.3% used (23/1000) - No action needed
[2025-11-25 19:01:02] Purok P4B: 1% used (10/1000) - No action needed
[2025-11-25 19:01:02] Purok P5: 1.9% used (19/1000) - No action needed
[2025-11-25 19:01:02] Purok P6: 2.9% used (29/1000) - No action needed
[2025-11-25 19:01:02] Purok P7: 1.4% used (14/1000) - No action needed
[2025-11-25 19:01:02] === Hourly Key Check Completed ===
[2025-11-25 19:01:02] Puroks regenerated: None
[2025-11-25 20:01:02] === Starting Hourly Key Check ===
[2025-11-25 20:01:02] Purok P1: 1.1% used (11/1000) - No action needed
[2025-11-25 20:01:02] Purok P2: 3.5% used (35/1000) - No action needed
[2025-11-25 20:01:02] Purok P3: 0.5% used (5/1000) - No action needed
[2025-11-25 20:01:02] Purok P4A: 2.3% used (23/1000) - No action needed
[2025-11-25 20:01:02] Purok P4B: 1% used (10/1000) - No action needed
[2025-11-25 20:01:02] Purok P5: 1.9% used (19/1000) - No action needed
[2025-11-25 20:01:02] Purok P6: 2.9% used (29/1000) - No action needed
[2025-11-25 20:01:02] Purok P7: 1.4% used (14/1000) - No action needed
[2025-11-25 20:01:02] === Hourly Key Check Completed ===
[2025-11-25 20:01:02] Puroks regenerated: None
[2025-11-25 21:01:04] === Starting Hourly Key Check ===
[2025-11-25 21:01:04] Purok P1: 1.1% used (11/1000) - No action needed
[2025-11-25 21:01:04] Purok P2: 3.5% used (35/1000) - No action needed
[2025-11-25 21:01:04] Purok P3: 0.5% used (5/1000) - No action needed
[2025-11-25 21:01:04] Purok P4A: 2.3% used (23/1000) - No action needed
[2025-11-25 21:01:04] Purok P4B: 1% used (10/1000) - No action needed
[2025-11-25 21:01:04] Purok P5: 1.9% used (19/1000) - No action needed
[2025-11-25 21:01:04] Purok P6: 2.9% used (29/1000) - No action needed
[2025-11-25 21:01:04] Purok P7: 1.4% used (14/1000) - No action needed
[2025-11-25 21:01:04] === Hourly Key Check Completed ===
[2025-11-25 21:01:04] Puroks regenerated: None
[2025-11-25 22:01:02] === Starting Hourly Key Check ===
[2025-11-25 22:01:02] Purok P1: 1.1% used (11/1000) - No action needed
[2025-11-25 22:01:02] Purok P2: 3.5% used (35/1000) - No action needed
[2025-11-25 22:01:02] Purok P3: 0.5% used (5/1000) - No action needed
[2025-11-25 22:01:02] Purok P4A: 2.3% used (23/1000) - No action needed
[2025-11-25 22:01:02] Purok P4B: 1% used (10/1000) - No action needed
[2025-11-25 22:01:02] Purok P5: 1.9% used (19/1000) - No action needed
[2025-11-25 22:01:02] Purok P6: 2.9% used (29/1000) - No action needed
[2025-11-25 22:01:02] Purok P7: 1.4% used (14/1000) - No action needed
[2025-11-25 22:01:02] === Hourly Key Check Completed ===
[2025-11-25 22:01:02] Puroks regenerated: None
[2025-11-25 23:01:02] === Starting Hourly Key Check ===
[2025-11-25 23:01:02] Purok P1: 1.1% used (11/1000) - No action needed
[2025-11-25 23:01:02] Purok P2: 3.5% used (35/1000) - No action needed
[2025-11-25 23:01:02] Purok P3: 0.5% used (5/1000) - No action needed
[2025-11-25 23:01:02] Purok P4A: 2.3% used (23/1000) - No action needed
[2025-11-25 23:01:02] Purok P4B: 1% used (10/1000) - No action needed
[2025-11-25 23:01:02] Purok P5: 1.9% used (19/1000) - No action needed
[2025-11-25 23:01:02] Purok P6: 2.9% used (29/1000) - No action needed
[2025-11-25 23:01:02] Purok P7: 1.4% used (14/1000) - No action needed
[2025-11-25 23:01:02] === Hourly Key Check Completed ===
[2025-11-25 23:01:02] Puroks regenerated: None
