[2025-11-09 00:01:04] === Starting Hourly Key Check ===
[2025-11-09 00:01:04] Purok P1: 1.1% used (11/1000) - No action needed
[2025-11-09 00:01:04] Purok P2: 0.3% used (3/1000) - No action needed
[2025-11-09 00:01:04] Purok P3: 0.5% used (5/1000) - No action needed
[2025-11-09 00:01:04] Purok P4A: 0% used (0/1000) - No action needed
[2025-11-09 00:01:04] Purok P4B: 1% used (10/1000) - No action needed
[2025-11-09 00:01:04] Purok P5: 1.9% used (19/1000) - No action needed
[2025-11-09 00:01:04] Purok P6: 0% used (0/1000) - No action needed
[2025-11-09 00:01:04] Purok P7: 0.2% used (2/1000) - No action needed
[2025-11-09 00:01:04] === Hourly Key Check Completed ===
[2025-11-09 00:01:04] Puroks regenerated: None
[2025-11-09 01:01:03] === Starting Hourly Key Check ===
[2025-11-09 01:01:03] Purok P1: 1.1% used (11/1000) - No action needed
[2025-11-09 01:01:03] Purok P2: 0.3% used (3/1000) - No action needed
[2025-11-09 01:01:03] Purok P3: 0.5% used (5/1000) - No action needed
[2025-11-09 01:01:03] Purok P4A: 0% used (0/1000) - No action needed
[2025-11-09 01:01:03] Purok P4B: 1% used (10/1000) - No action needed
[2025-11-09 01:01:03] Purok P5: 1.9% used (19/1000) - No action needed
[2025-11-09 01:01:03] Purok P6: 0% used (0/1000) - No action needed
[2025-11-09 01:01:03] Purok P7: 0.2% used (2/1000) - No action needed
[2025-11-09 01:01:03] === Hourly Key Check Completed ===
[2025-11-09 01:01:03] Puroks regenerated: None
[2025-11-09 02:01:03] === Starting Hourly Key Check ===
[2025-11-09 02:01:03] Purok P1: 1.1% used (11/1000) - No action needed
[2025-11-09 02:01:03] Purok P2: 0.3% used (3/1000) - No action needed
[2025-11-09 02:01:03] Purok P3: 0.5% used (5/1000) - No action needed
[2025-11-09 02:01:03] Purok P4A: 0% used (0/1000) - No action needed
[2025-11-09 02:01:03] Purok P4B: 1% used (10/1000) - No action needed
[2025-11-09 02:01:03] Purok P5: 1.9% used (19/1000) - No action needed
[2025-11-09 02:01:03] Purok P6: 0% used (0/1000) - No action needed
[2025-11-09 02:01:03] Purok P7: 0.2% used (2/1000) - No action needed
[2025-11-09 02:01:03] === Hourly Key Check Completed ===
[2025-11-09 02:01:03] Puroks regenerated: None
[2025-11-09 03:01:04] === Starting Hourly Key Check ===
[2025-11-09 03:01:04] Purok P1: 1.1% used (11/1000) - No action needed
[2025-11-09 03:01:04] Purok P2: 0.3% used (3/1000) - No action needed
[2025-11-09 03:01:04] Purok P3: 0.5% used (5/1000) - No action needed
[2025-11-09 03:01:04] Purok P4A: 0% used (0/1000) - No action needed
[2025-11-09 03:01:04] Purok P4B: 1% used (10/1000) - No action needed
[2025-11-09 03:01:04] Purok P5: 1.9% used (19/1000) - No action needed
[2025-11-09 03:01:04] Purok P6: 0% used (0/1000) - No action needed
[2025-11-09 03:01:04] Purok P7: 0.2% used (2/1000) - No action needed
[2025-11-09 03:01:04] === Hourly Key Check Completed ===
[2025-11-09 03:01:04] Puroks regenerated: None
[2025-11-09 04:01:03] === Starting Hourly Key Check ===
[2025-11-09 04:01:03] Purok P1: 1.1% used (11/1000) - No action needed
[2025-11-09 04:01:03] Purok P2: 0.3% used (3/1000) - No action needed
[2025-11-09 04:01:03] Purok P3: 0.5% used (5/1000) - No action needed
[2025-11-09 04:01:03] Purok P4A: 0% used (0/1000) - No action needed
[2025-11-09 04:01:03] Purok P4B: 1% used (10/1000) - No action needed
[2025-11-09 04:01:03] Purok P5: 1.9% used (19/1000) - No action needed
[2025-11-09 04:01:03] Purok P6: 0% used (0/1000) - No action needed
[2025-11-09 04:01:03] Purok P7: 0.2% used (2/1000) - No action needed
[2025-11-09 04:01:03] === Hourly Key Check Completed ===
[2025-11-09 04:01:03] Puroks regenerated: None
[2025-11-09 05:01:02] === Starting Hourly Key Check ===
[2025-11-09 05:01:02] Purok P1: 1.1% used (11/1000) - No action needed
[2025-11-09 05:01:02] Purok P2: 0.3% used (3/1000) - No action needed
[2025-11-09 05:01:02] Purok P3: 0.5% used (5/1000) - No action needed
[2025-11-09 05:01:02] Purok P4A: 0% used (0/1000) - No action needed
[2025-11-09 05:01:02] Purok P4B: 1% used (10/1000) - No action needed
[2025-11-09 05:01:02] Purok P5: 1.9% used (19/1000) - No action needed
[2025-11-09 05:01:02] Purok P6: 0% used (0/1000) - No action needed
[2025-11-09 05:01:02] Purok P7: 0.2% used (2/1000) - No action needed
[2025-11-09 05:01:02] === Hourly Key Check Completed ===
[2025-11-09 05:01:02] Puroks regenerated: None
[2025-11-09 06:01:09] === Starting Hourly Key Check ===
[2025-11-09 06:01:09] Purok P1: 1.1% used (11/1000) - No action needed
[2025-11-09 06:01:09] Purok P2: 0.3% used (3/1000) - No action needed
[2025-11-09 06:01:09] Purok P3: 0.5% used (5/1000) - No action needed
[2025-11-09 06:01:09] Purok P4A: 0% used (0/1000) - No action needed
[2025-11-09 06:01:09] Purok P4B: 1% used (10/1000) - No action needed
[2025-11-09 06:01:09] Purok P5: 1.9% used (19/1000) - No action needed
[2025-11-09 06:01:09] Purok P6: 0% used (0/1000) - No action needed
[2025-11-09 06:01:09] Purok P7: 0.2% used (2/1000) - No action needed
[2025-11-09 06:01:09] === Hourly Key Check Completed ===
[2025-11-09 06:01:09] Puroks regenerated: None
[2025-11-09 07:01:03] === Starting Hourly Key Check ===
[2025-11-09 07:01:03] Purok P1: 1.1% used (11/1000) - No action needed
[2025-11-09 07:01:03] Purok P2: 0.3% used (3/1000) - No action needed
[2025-11-09 07:01:03] Purok P3: 0.5% used (5/1000) - No action needed
[2025-11-09 07:01:03] Purok P4A: 0% used (0/1000) - No action needed
[2025-11-09 07:01:03] Purok P4B: 1% used (10/1000) - No action needed
[2025-11-09 07:01:03] Purok P5: 1.9% used (19/1000) - No action needed
[2025-11-09 07:01:03] Purok P6: 0% used (0/1000) - No action needed
[2025-11-09 07:01:03] Purok P7: 0.2% used (2/1000) - No action needed
[2025-11-09 07:01:03] === Hourly Key Check Completed ===
[2025-11-09 07:01:03] Puroks regenerated: None
[2025-11-09 08:01:03] === Starting Hourly Key Check ===
[2025-11-09 08:01:03] Purok P1: 1.1% used (11/1000) - No action needed
[2025-11-09 08:01:03] Purok P2: 0.3% used (3/1000) - No action needed
[2025-11-09 08:01:03] Purok P3: 0.5% used (5/1000) - No action needed
[2025-11-09 08:01:03] Purok P4A: 0% used (0/1000) - No action needed
[2025-11-09 08:01:03] Purok P4B: 1% used (10/1000) - No action needed
[2025-11-09 08:01:03] Purok P5: 1.9% used (19/1000) - No action needed
[2025-11-09 08:01:03] Purok P6: 0% used (0/1000) - No action needed
[2025-11-09 08:01:03] Purok P7: 0.2% used (2/1000) - No action needed
[2025-11-09 08:01:03] === Hourly Key Check Completed ===
[2025-11-09 08:01:03] Puroks regenerated: None
[2025-11-09 09:01:03] === Starting Hourly Key Check ===
[2025-11-09 09:01:03] Purok P1: 1.1% used (11/1000) - No action needed
[2025-11-09 09:01:03] Purok P2: 0.3% used (3/1000) - No action needed
[2025-11-09 09:01:03] Purok P3: 0.5% used (5/1000) - No action needed
[2025-11-09 09:01:03] Purok P4A: 0% used (0/1000) - No action needed
[2025-11-09 09:01:03] Purok P4B: 1% used (10/1000) - No action needed
[2025-11-09 09:01:03] Purok P5: 1.9% used (19/1000) - No action needed
[2025-11-09 09:01:03] Purok P6: 0% used (0/1000) - No action needed
[2025-11-09 09:01:03] Purok P7: 0.2% used (2/1000) - No action needed
[2025-11-09 09:01:03] === Hourly Key Check Completed ===
[2025-11-09 09:01:03] Puroks regenerated: None
[2025-11-09 10:01:05] === Starting Hourly Key Check ===
[2025-11-09 10:01:05] Purok P1: 1.1% used (11/1000) - No action needed
[2025-11-09 10:01:05] Purok P2: 0.3% used (3/1000) - No action needed
[2025-11-09 10:01:05] Purok P3: 0.5% used (5/1000) - No action needed
[2025-11-09 10:01:05] Purok P4A: 0% used (0/1000) - No action needed
[2025-11-09 10:01:05] Purok P4B: 1% used (10/1000) - No action needed
[2025-11-09 10:01:05] Purok P5: 1.9% used (19/1000) - No action needed
[2025-11-09 10:01:05] Purok P6: 0% used (0/1000) - No action needed
[2025-11-09 10:01:05] Purok P7: 0.2% used (2/1000) - No action needed
[2025-11-09 10:01:05] === Hourly Key Check Completed ===
[2025-11-09 10:01:05] Puroks regenerated: None
[2025-11-09 11:01:02] === Starting Hourly Key Check ===
[2025-11-09 11:01:02] Purok P1: 1.1% used (11/1000) - No action needed
[2025-11-09 11:01:02] Purok P2: 0.3% used (3/1000) - No action needed
[2025-11-09 11:01:02] Purok P3: 0.5% used (5/1000) - No action needed
[2025-11-09 11:01:02] Purok P4A: 0% used (0/1000) - No action needed
[2025-11-09 11:01:02] Purok P4B: 1% used (10/1000) - No action needed
[2025-11-09 11:01:02] Purok P5: 1.9% used (19/1000) - No action needed
[2025-11-09 11:01:02] Purok P6: 0% used (0/1000) - No action needed
[2025-11-09 11:01:02] Purok P7: 0.2% used (2/1000) - No action needed
[2025-11-09 11:01:02] === Hourly Key Check Completed ===
[2025-11-09 11:01:02] Puroks regenerated: None
[2025-11-09 12:01:02] === Starting Hourly Key Check ===
[2025-11-09 12:01:02] Purok P1: 1.1% used (11/1000) - No action needed
[2025-11-09 12:01:02] Purok P2: 0.3% used (3/1000) - No action needed
[2025-11-09 12:01:02] Purok P3: 0.5% used (5/1000) - No action needed
[2025-11-09 12:01:02] Purok P4A: 0% used (0/1000) - No action needed
[2025-11-09 12:01:02] Purok P4B: 1% used (10/1000) - No action needed
[2025-11-09 12:01:02] Purok P5: 1.9% used (19/1000) - No action needed
[2025-11-09 12:01:02] Purok P6: 0% used (0/1000) - No action needed
[2025-11-09 12:01:02] Purok P7: 0.2% used (2/1000) - No action needed
[2025-11-09 12:01:02] === Hourly Key Check Completed ===
[2025-11-09 12:01:02] Puroks regenerated: None
[2025-11-09 13:01:04] === Starting Hourly Key Check ===
[2025-11-09 13:01:04] Purok P1: 1.1% used (11/1000) - No action needed
[2025-11-09 13:01:04] Purok P2: 0.3% used (3/1000) - No action needed
[2025-11-09 13:01:04] Purok P3: 0.5% used (5/1000) - No action needed
[2025-11-09 13:01:04] Purok P4A: 0% used (0/1000) - No action needed
[2025-11-09 13:01:04] Purok P4B: 1% used (10/1000) - No action needed
[2025-11-09 13:01:04] Purok P5: 1.9% used (19/1000) - No action needed
[2025-11-09 13:01:04] Purok P6: 0% used (0/1000) - No action needed
[2025-11-09 13:01:04] Purok P7: 0.2% used (2/1000) - No action needed
[2025-11-09 13:01:04] === Hourly Key Check Completed ===
[2025-11-09 13:01:04] Puroks regenerated: None
[2025-11-09 14:01:03] === Starting Hourly Key Check ===
[2025-11-09 14:01:03] Purok P1: 1.1% used (11/1000) - No action needed
[2025-11-09 14:01:03] Purok P2: 0.3% used (3/1000) - No action needed
[2025-11-09 14:01:03] Purok P3: 0.5% used (5/1000) - No action needed
[2025-11-09 14:01:03] Purok P4A: 0% used (0/1000) - No action needed
[2025-11-09 14:01:03] Purok P4B: 1% used (10/1000) - No action needed
[2025-11-09 14:01:03] Purok P5: 1.9% used (19/1000) - No action needed
[2025-11-09 14:01:03] Purok P6: 0% used (0/1000) - No action needed
[2025-11-09 14:01:03] Purok P7: 0.2% used (2/1000) - No action needed
[2025-11-09 14:01:03] === Hourly Key Check Completed ===
[2025-11-09 14:01:03] Puroks regenerated: None
[2025-11-09 15:01:03] === Starting Hourly Key Check ===
[2025-11-09 15:01:03] Purok P1: 1.1% used (11/1000) - No action needed
[2025-11-09 15:01:03] Purok P2: 0.3% used (3/1000) - No action needed
[2025-11-09 15:01:03] Purok P3: 0.5% used (5/1000) - No action needed
[2025-11-09 15:01:03] Purok P4A: 0% used (0/1000) - No action needed
[2025-11-09 15:01:03] Purok P4B: 1% used (10/1000) - No action needed
[2025-11-09 15:01:03] Purok P5: 1.9% used (19/1000) - No action needed
[2025-11-09 15:01:03] Purok P6: 0% used (0/1000) - No action needed
[2025-11-09 15:01:03] Purok P7: 0.2% used (2/1000) - No action needed
[2025-11-09 15:01:03] === Hourly Key Check Completed ===
[2025-11-09 15:01:03] Puroks regenerated: None
[2025-11-09 16:01:03] === Starting Hourly Key Check ===
[2025-11-09 16:01:03] Purok P1: 1.1% used (11/1000) - No action needed
[2025-11-09 16:01:03] Purok P2: 0.3% used (3/1000) - No action needed
[2025-11-09 16:01:03] Purok P3: 0.5% used (5/1000) - No action needed
[2025-11-09 16:01:03] Purok P4A: 0% used (0/1000) - No action needed
[2025-11-09 16:01:03] Purok P4B: 1% used (10/1000) - No action needed
[2025-11-09 16:01:03] Purok P5: 1.9% used (19/1000) - No action needed
[2025-11-09 16:01:03] Purok P6: 0% used (0/1000) - No action needed
[2025-11-09 16:01:03] Purok P7: 0.2% used (2/1000) - No action needed
[2025-11-09 16:01:03] === Hourly Key Check Completed ===
[2025-11-09 16:01:03] Puroks regenerated: None
[2025-11-09 17:01:03] === Starting Hourly Key Check ===
[2025-11-09 17:01:03] Purok P1: 1.1% used (11/1000) - No action needed
[2025-11-09 17:01:03] Purok P2: 0.3% used (3/1000) - No action needed
[2025-11-09 17:01:03] Purok P3: 0.5% used (5/1000) - No action needed
[2025-11-09 17:01:03] Purok P4A: 0% used (0/1000) - No action needed
[2025-11-09 17:01:03] Purok P4B: 1% used (10/1000) - No action needed
[2025-11-09 17:01:03] Purok P5: 1.9% used (19/1000) - No action needed
[2025-11-09 17:01:03] Purok P6: 0% used (0/1000) - No action needed
[2025-11-09 17:01:03] Purok P7: 0.2% used (2/1000) - No action needed
[2025-11-09 17:01:03] === Hourly Key Check Completed ===
[2025-11-09 17:01:03] Puroks regenerated: None
[2025-11-09 18:01:03] === Starting Hourly Key Check ===
[2025-11-09 18:01:03] Purok P1: 1.1% used (11/1000) - No action needed
[2025-11-09 18:01:03] Purok P2: 0.3% used (3/1000) - No action needed
[2025-11-09 18:01:03] Purok P3: 0.5% used (5/1000) - No action needed
[2025-11-09 18:01:03] Purok P4A: 0% used (0/1000) - No action needed
[2025-11-09 18:01:03] Purok P4B: 1% used (10/1000) - No action needed
[2025-11-09 18:01:03] Purok P5: 1.9% used (19/1000) - No action needed
[2025-11-09 18:01:03] Purok P6: 0% used (0/1000) - No action needed
[2025-11-09 18:01:03] Purok P7: 0.2% used (2/1000) - No action needed
[2025-11-09 18:01:03] === Hourly Key Check Completed ===
[2025-11-09 18:01:03] Puroks regenerated: None
[2025-11-09 19:01:03] === Starting Hourly Key Check ===
[2025-11-09 19:01:03] Purok P1: 1.1% used (11/1000) - No action needed
[2025-11-09 19:01:03] Purok P2: 0.3% used (3/1000) - No action needed
[2025-11-09 19:01:03] Purok P3: 0.5% used (5/1000) - No action needed
[2025-11-09 19:01:03] Purok P4A: 0% used (0/1000) - No action needed
[2025-11-09 19:01:03] Purok P4B: 1% used (10/1000) - No action needed
[2025-11-09 19:01:03] Purok P5: 1.9% used (19/1000) - No action needed
[2025-11-09 19:01:03] Purok P6: 0% used (0/1000) - No action needed
[2025-11-09 19:01:03] Purok P7: 0.2% used (2/1000) - No action needed
[2025-11-09 19:01:03] === Hourly Key Check Completed ===
[2025-11-09 19:01:03] Puroks regenerated: None
[2025-11-09 20:01:02] === Starting Hourly Key Check ===
[2025-11-09 20:01:02] Purok P1: 1.1% used (11/1000) - No action needed
[2025-11-09 20:01:02] Purok P2: 0.3% used (3/1000) - No action needed
[2025-11-09 20:01:02] Purok P3: 0.5% used (5/1000) - No action needed
[2025-11-09 20:01:02] Purok P4A: 0% used (0/1000) - No action needed
[2025-11-09 20:01:02] Purok P4B: 1% used (10/1000) - No action needed
[2025-11-09 20:01:02] Purok P5: 1.9% used (19/1000) - No action needed
[2025-11-09 20:01:02] Purok P6: 0% used (0/1000) - No action needed
[2025-11-09 20:01:02] Purok P7: 0.2% used (2/1000) - No action needed
[2025-11-09 20:01:02] === Hourly Key Check Completed ===
[2025-11-09 20:01:02] Puroks regenerated: None
[2025-11-09 21:01:03] === Starting Hourly Key Check ===
[2025-11-09 21:01:03] Purok P1: 1.1% used (11/1000) - No action needed
[2025-11-09 21:01:03] Purok P2: 0.3% used (3/1000) - No action needed
[2025-11-09 21:01:03] Purok P3: 0.5% used (5/1000) - No action needed
[2025-11-09 21:01:03] Purok P4A: 0% used (0/1000) - No action needed
[2025-11-09 21:01:03] Purok P4B: 1% used (10/1000) - No action needed
[2025-11-09 21:01:03] Purok P5: 1.9% used (19/1000) - No action needed
[2025-11-09 21:01:03] Purok P6: 0% used (0/1000) - No action needed
[2025-11-09 21:01:03] Purok P7: 0.2% used (2/1000) - No action needed
[2025-11-09 21:01:03] === Hourly Key Check Completed ===
[2025-11-09 21:01:03] Puroks regenerated: None
[2025-11-09 22:01:04] === Starting Hourly Key Check ===
[2025-11-09 22:01:04] Purok P1: 1.1% used (11/1000) - No action needed
[2025-11-09 22:01:04] Purok P2: 0.3% used (3/1000) - No action needed
[2025-11-09 22:01:04] Purok P3: 0.5% used (5/1000) - No action needed
[2025-11-09 22:01:04] Purok P4A: 0% used (0/1000) - No action needed
[2025-11-09 22:01:04] Purok P4B: 1% used (10/1000) - No action needed
[2025-11-09 22:01:04] Purok P5: 1.9% used (19/1000) - No action needed
[2025-11-09 22:01:04] Purok P6: 0% used (0/1000) - No action needed
[2025-11-09 22:01:04] Purok P7: 0.2% used (2/1000) - No action needed
[2025-11-09 22:01:04] === Hourly Key Check Completed ===
[2025-11-09 22:01:04] Puroks regenerated: None
[2025-11-09 23:01:02] === Starting Hourly Key Check ===
[2025-11-09 23:01:02] Purok P1: 1.1% used (11/1000) - No action needed
[2025-11-09 23:01:02] Purok P2: 0.3% used (3/1000) - No action needed
[2025-11-09 23:01:02] Purok P3: 0.5% used (5/1000) - No action needed
[2025-11-09 23:01:02] Purok P4A: 0% used (0/1000) - No action needed
[2025-11-09 23:01:02] Purok P4B: 1% used (10/1000) - No action needed
[2025-11-09 23:01:02] Purok P5: 1.9% used (19/1000) - No action needed
[2025-11-09 23:01:02] Purok P6: 0% used (0/1000) - No action needed
[2025-11-09 23:01:02] Purok P7: 0.2% used (2/1000) - No action needed
[2025-11-09 23:01:02] === Hourly Key Check Completed ===
[2025-11-09 23:01:02] Puroks regenerated: None
