[2025-10-29 00:01:02] === Starting Hourly Key Check ===
[2025-10-29 00:01:02] Purok P1: 1.1% used (11/1000) - No action needed
[2025-10-29 00:01:02] Purok P2: 0.3% used (3/1000) - No action needed
[2025-10-29 00:01:02] Purok P3: 0.4% used (4/1000) - No action needed
[2025-10-29 00:01:02] Purok P4A: 0% used (0/1000) - No action needed
[2025-10-29 00:01:02] Purok P4B: 1% used (10/1000) - No action needed
[2025-10-29 00:01:02] Purok P5: 0% used (0/1000) - No action needed
[2025-10-29 00:01:02] Purok P6: 0% used (0/1000) - No action needed
[2025-10-29 00:01:02] Purok P7: 0.1% used (1/1000) - No action needed
[2025-10-29 00:01:02] === Hourly Key Check Completed ===
[2025-10-29 00:01:02] Puroks regenerated: None
[2025-10-29 01:01:03] === Starting Hourly Key Check ===
[2025-10-29 01:01:03] Purok P1: 1.1% used (11/1000) - No action needed
[2025-10-29 01:01:03] Purok P2: 0.3% used (3/1000) - No action needed
[2025-10-29 01:01:03] Purok P3: 0.4% used (4/1000) - No action needed
[2025-10-29 01:01:03] Purok P4A: 0% used (0/1000) - No action needed
[2025-10-29 01:01:03] Purok P4B: 1% used (10/1000) - No action needed
[2025-10-29 01:01:03] Purok P5: 0% used (0/1000) - No action needed
[2025-10-29 01:01:03] Purok P6: 0% used (0/1000) - No action needed
[2025-10-29 01:01:03] Purok P7: 0.1% used (1/1000) - No action needed
[2025-10-29 01:01:03] === Hourly Key Check Completed ===
[2025-10-29 01:01:03] Puroks regenerated: None
[2025-10-29 02:01:02] === Starting Hourly Key Check ===
[2025-10-29 02:01:02] Purok P1: 1.1% used (11/1000) - No action needed
[2025-10-29 02:01:02] Purok P2: 0.3% used (3/1000) - No action needed
[2025-10-29 02:01:02] Purok P3: 0.4% used (4/1000) - No action needed
[2025-10-29 02:01:02] Purok P4A: 0% used (0/1000) - No action needed
[2025-10-29 02:01:02] Purok P4B: 1% used (10/1000) - No action needed
[2025-10-29 02:01:02] Purok P5: 0% used (0/1000) - No action needed
[2025-10-29 02:01:02] Purok P6: 0% used (0/1000) - No action needed
[2025-10-29 02:01:02] Purok P7: 0.1% used (1/1000) - No action needed
[2025-10-29 02:01:02] === Hourly Key Check Completed ===
[2025-10-29 02:01:02] Puroks regenerated: None
[2025-10-29 03:01:03] === Starting Hourly Key Check ===
[2025-10-29 03:01:03] Purok P1: 1.1% used (11/1000) - No action needed
[2025-10-29 03:01:03] Purok P2: 0.3% used (3/1000) - No action needed
[2025-10-29 03:01:03] Purok P3: 0.4% used (4/1000) - No action needed
[2025-10-29 03:01:03] Purok P4A: 0% used (0/1000) - No action needed
[2025-10-29 03:01:03] Purok P4B: 1% used (10/1000) - No action needed
[2025-10-29 03:01:03] Purok P5: 0% used (0/1000) - No action needed
[2025-10-29 03:01:03] Purok P6: 0% used (0/1000) - No action needed
[2025-10-29 03:01:03] Purok P7: 0.1% used (1/1000) - No action needed
[2025-10-29 03:01:03] === Hourly Key Check Completed ===
[2025-10-29 03:01:03] Puroks regenerated: None
[2025-10-29 04:01:03] === Starting Hourly Key Check ===
[2025-10-29 04:01:03] Purok P1: 1.1% used (11/1000) - No action needed
[2025-10-29 04:01:03] Purok P2: 0.3% used (3/1000) - No action needed
[2025-10-29 04:01:03] Purok P3: 0.4% used (4/1000) - No action needed
[2025-10-29 04:01:03] Purok P4A: 0% used (0/1000) - No action needed
[2025-10-29 04:01:03] Purok P4B: 1% used (10/1000) - No action needed
[2025-10-29 04:01:03] Purok P5: 0% used (0/1000) - No action needed
[2025-10-29 04:01:03] Purok P6: 0% used (0/1000) - No action needed
[2025-10-29 04:01:03] Purok P7: 0.1% used (1/1000) - No action needed
[2025-10-29 04:01:03] === Hourly Key Check Completed ===
[2025-10-29 04:01:03] Puroks regenerated: None
[2025-10-29 05:01:02] === Starting Hourly Key Check ===
[2025-10-29 05:01:02] Purok P1: 1.1% used (11/1000) - No action needed
[2025-10-29 05:01:02] Purok P2: 0.3% used (3/1000) - No action needed
[2025-10-29 05:01:02] Purok P3: 0.4% used (4/1000) - No action needed
[2025-10-29 05:01:02] Purok P4A: 0% used (0/1000) - No action needed
[2025-10-29 05:01:02] Purok P4B: 1% used (10/1000) - No action needed
[2025-10-29 05:01:02] Purok P5: 0% used (0/1000) - No action needed
[2025-10-29 05:01:02] Purok P6: 0% used (0/1000) - No action needed
[2025-10-29 05:01:02] Purok P7: 0.1% used (1/1000) - No action needed
[2025-10-29 05:01:02] === Hourly Key Check Completed ===
[2025-10-29 05:01:02] Puroks regenerated: None
[2025-10-29 06:01:03] === Starting Hourly Key Check ===
[2025-10-29 06:01:03] Purok P1: 1.1% used (11/1000) - No action needed
[2025-10-29 06:01:03] Purok P2: 0.3% used (3/1000) - No action needed
[2025-10-29 06:01:03] Purok P3: 0.4% used (4/1000) - No action needed
[2025-10-29 06:01:03] Purok P4A: 0% used (0/1000) - No action needed
[2025-10-29 06:01:03] Purok P4B: 1% used (10/1000) - No action needed
[2025-10-29 06:01:03] Purok P5: 0% used (0/1000) - No action needed
[2025-10-29 06:01:03] Purok P6: 0% used (0/1000) - No action needed
[2025-10-29 06:01:03] Purok P7: 0.1% used (1/1000) - No action needed
[2025-10-29 06:01:03] === Hourly Key Check Completed ===
[2025-10-29 06:01:03] Puroks regenerated: None
[2025-10-29 07:01:08] === Starting Hourly Key Check ===
[2025-10-29 07:01:08] Purok P1: 1.1% used (11/1000) - No action needed
[2025-10-29 07:01:08] Purok P2: 0.3% used (3/1000) - No action needed
[2025-10-29 07:01:08] Purok P3: 0.4% used (4/1000) - No action needed
[2025-10-29 07:01:08] Purok P4A: 0% used (0/1000) - No action needed
[2025-10-29 07:01:08] Purok P4B: 1% used (10/1000) - No action needed
[2025-10-29 07:01:08] Purok P5: 0% used (0/1000) - No action needed
[2025-10-29 07:01:08] Purok P6: 0% used (0/1000) - No action needed
[2025-10-29 07:01:08] Purok P7: 0.1% used (1/1000) - No action needed
[2025-10-29 07:01:08] === Hourly Key Check Completed ===
[2025-10-29 07:01:08] Puroks regenerated: None
[2025-10-29 08:01:02] === Starting Hourly Key Check ===
[2025-10-29 08:01:02] Purok P1: 1.1% used (11/1000) - No action needed
[2025-10-29 08:01:02] Purok P2: 0.3% used (3/1000) - No action needed
[2025-10-29 08:01:02] Purok P3: 0.4% used (4/1000) - No action needed
[2025-10-29 08:01:02] Purok P4A: 0% used (0/1000) - No action needed
[2025-10-29 08:01:02] Purok P4B: 1% used (10/1000) - No action needed
[2025-10-29 08:01:02] Purok P5: 0% used (0/1000) - No action needed
[2025-10-29 08:01:02] Purok P6: 0% used (0/1000) - No action needed
[2025-10-29 08:01:02] Purok P7: 0.1% used (1/1000) - No action needed
[2025-10-29 08:01:02] === Hourly Key Check Completed ===
[2025-10-29 08:01:02] Puroks regenerated: None
[2025-10-29 09:01:04] === Starting Hourly Key Check ===
[2025-10-29 09:01:04] Purok P1: 1.1% used (11/1000) - No action needed
[2025-10-29 09:01:04] Purok P2: 0.3% used (3/1000) - No action needed
[2025-10-29 09:01:04] Purok P3: 0.4% used (4/1000) - No action needed
[2025-10-29 09:01:04] Purok P4A: 0% used (0/1000) - No action needed
[2025-10-29 09:01:04] Purok P4B: 1% used (10/1000) - No action needed
[2025-10-29 09:01:04] Purok P5: 0% used (0/1000) - No action needed
[2025-10-29 09:01:04] Purok P6: 0% used (0/1000) - No action needed
[2025-10-29 09:01:04] Purok P7: 0.1% used (1/1000) - No action needed
[2025-10-29 09:01:04] === Hourly Key Check Completed ===
[2025-10-29 09:01:04] Puroks regenerated: None
[2025-10-29 10:01:03] === Starting Hourly Key Check ===
[2025-10-29 10:01:03] Purok P1: 1.1% used (11/1000) - No action needed
[2025-10-29 10:01:03] Purok P2: 0.3% used (3/1000) - No action needed
[2025-10-29 10:01:03] Purok P3: 0.4% used (4/1000) - No action needed
[2025-10-29 10:01:03] Purok P4A: 0% used (0/1000) - No action needed
[2025-10-29 10:01:03] Purok P4B: 1% used (10/1000) - No action needed
[2025-10-29 10:01:03] Purok P5: 0% used (0/1000) - No action needed
[2025-10-29 10:01:03] Purok P6: 0% used (0/1000) - No action needed
[2025-10-29 10:01:03] Purok P7: 0.1% used (1/1000) - No action needed
[2025-10-29 10:01:03] === Hourly Key Check Completed ===
[2025-10-29 10:01:03] Puroks regenerated: None
[2025-10-29 11:01:03] === Starting Hourly Key Check ===
[2025-10-29 11:01:03] Purok P1: 1.1% used (11/1000) - No action needed
[2025-10-29 11:01:03] Purok P2: 0.3% used (3/1000) - No action needed
[2025-10-29 11:01:03] Purok P3: 0.4% used (4/1000) - No action needed
[2025-10-29 11:01:03] Purok P4A: 0% used (0/1000) - No action needed
[2025-10-29 11:01:03] Purok P4B: 1% used (10/1000) - No action needed
[2025-10-29 11:01:03] Purok P5: 0% used (0/1000) - No action needed
[2025-10-29 11:01:03] Purok P6: 0% used (0/1000) - No action needed
[2025-10-29 11:01:03] Purok P7: 0.1% used (1/1000) - No action needed
[2025-10-29 11:01:03] === Hourly Key Check Completed ===
[2025-10-29 11:01:03] Puroks regenerated: None
[2025-10-29 12:01:03] === Starting Hourly Key Check ===
[2025-10-29 12:01:03] Purok P1: 1.1% used (11/1000) - No action needed
[2025-10-29 12:01:03] Purok P2: 0.3% used (3/1000) - No action needed
[2025-10-29 12:01:03] Purok P3: 0.4% used (4/1000) - No action needed
[2025-10-29 12:01:03] Purok P4A: 0% used (0/1000) - No action needed
[2025-10-29 12:01:03] Purok P4B: 1% used (10/1000) - No action needed
[2025-10-29 12:01:03] Purok P5: 0% used (0/1000) - No action needed
[2025-10-29 12:01:03] Purok P6: 0% used (0/1000) - No action needed
[2025-10-29 12:01:03] Purok P7: 0.1% used (1/1000) - No action needed
[2025-10-29 12:01:03] === Hourly Key Check Completed ===
[2025-10-29 12:01:03] Puroks regenerated: None
[2025-10-29 13:01:03] === Starting Hourly Key Check ===
[2025-10-29 13:01:03] Purok P1: 1.1% used (11/1000) - No action needed
[2025-10-29 13:01:03] Purok P2: 0.3% used (3/1000) - No action needed
[2025-10-29 13:01:03] Purok P3: 0.4% used (4/1000) - No action needed
[2025-10-29 13:01:03] Purok P4A: 0% used (0/1000) - No action needed
[2025-10-29 13:01:03] Purok P4B: 1% used (10/1000) - No action needed
[2025-10-29 13:01:03] Purok P5: 0% used (0/1000) - No action needed
[2025-10-29 13:01:03] Purok P6: 0% used (0/1000) - No action needed
[2025-10-29 13:01:03] Purok P7: 0.1% used (1/1000) - No action needed
[2025-10-29 13:01:03] === Hourly Key Check Completed ===
[2025-10-29 13:01:03] Puroks regenerated: None
[2025-10-29 14:01:52] === Starting Hourly Key Check ===
[2025-10-29 14:01:52] Purok P1: 1.1% used (11/1000) - No action needed
[2025-10-29 14:01:52] Purok P2: 0.3% used (3/1000) - No action needed
[2025-10-29 14:01:52] Purok P3: 0.4% used (4/1000) - No action needed
[2025-10-29 14:01:52] Purok P4A: 0% used (0/1000) - No action needed
[2025-10-29 14:01:52] Purok P4B: 1% used (10/1000) - No action needed
[2025-10-29 14:01:52] Purok P5: 0% used (0/1000) - No action needed
[2025-10-29 14:01:52] Purok P6: 0% used (0/1000) - No action needed
[2025-10-29 14:01:52] Purok P7: 0.1% used (1/1000) - No action needed
[2025-10-29 14:01:52] === Hourly Key Check Completed ===
[2025-10-29 14:01:52] Puroks regenerated: None
[2025-10-29 15:01:05] === Starting Hourly Key Check ===
[2025-10-29 15:01:05] Purok P1: 1.1% used (11/1000) - No action needed
[2025-10-29 15:01:05] Purok P2: 0.3% used (3/1000) - No action needed
[2025-10-29 15:01:05] Purok P3: 0.4% used (4/1000) - No action needed
[2025-10-29 15:01:05] Purok P4A: 0% used (0/1000) - No action needed
[2025-10-29 15:01:05] Purok P4B: 1% used (10/1000) - No action needed
[2025-10-29 15:01:05] Purok P5: 0% used (0/1000) - No action needed
[2025-10-29 15:01:05] Purok P6: 0% used (0/1000) - No action needed
[2025-10-29 15:01:05] Purok P7: 0.1% used (1/1000) - No action needed
[2025-10-29 15:01:05] === Hourly Key Check Completed ===
[2025-10-29 15:01:05] Puroks regenerated: None
[2025-10-29 16:01:03] === Starting Hourly Key Check ===
[2025-10-29 16:01:03] Purok P1: 1.1% used (11/1000) - No action needed
[2025-10-29 16:01:03] Purok P2: 0.3% used (3/1000) - No action needed
[2025-10-29 16:01:03] Purok P3: 0.4% used (4/1000) - No action needed
[2025-10-29 16:01:03] Purok P4A: 0% used (0/1000) - No action needed
[2025-10-29 16:01:03] Purok P4B: 1% used (10/1000) - No action needed
[2025-10-29 16:01:03] Purok P5: 0% used (0/1000) - No action needed
[2025-10-29 16:01:03] Purok P6: 0% used (0/1000) - No action needed
[2025-10-29 16:01:03] Purok P7: 0.1% used (1/1000) - No action needed
[2025-10-29 16:01:03] === Hourly Key Check Completed ===
[2025-10-29 16:01:03] Puroks regenerated: None
[2025-10-29 17:01:18] === Starting Hourly Key Check ===
[2025-10-29 17:01:18] Purok P1: 1.1% used (11/1000) - No action needed
[2025-10-29 17:01:18] Purok P2: 0.3% used (3/1000) - No action needed
[2025-10-29 17:01:18] Purok P3: 0.4% used (4/1000) - No action needed
[2025-10-29 17:01:18] Purok P4A: 0% used (0/1000) - No action needed
[2025-10-29 17:01:18] Purok P4B: 1% used (10/1000) - No action needed
[2025-10-29 17:01:18] Purok P5: 0% used (0/1000) - No action needed
[2025-10-29 17:01:18] Purok P6: 0% used (0/1000) - No action needed
[2025-10-29 17:01:18] Purok P7: 0.1% used (1/1000) - No action needed
[2025-10-29 17:01:18] === Hourly Key Check Completed ===
[2025-10-29 17:01:18] Puroks regenerated: None
[2025-10-29 18:01:04] === Starting Hourly Key Check ===
[2025-10-29 18:01:04] Purok P1: 1.1% used (11/1000) - No action needed
[2025-10-29 18:01:04] Purok P2: 0.3% used (3/1000) - No action needed
[2025-10-29 18:01:04] Purok P3: 0.4% used (4/1000) - No action needed
[2025-10-29 18:01:04] Purok P4A: 0% used (0/1000) - No action needed
[2025-10-29 18:01:04] Purok P4B: 1% used (10/1000) - No action needed
[2025-10-29 18:01:04] Purok P5: 0% used (0/1000) - No action needed
[2025-10-29 18:01:04] Purok P6: 0% used (0/1000) - No action needed
[2025-10-29 18:01:04] Purok P7: 0.1% used (1/1000) - No action needed
[2025-10-29 18:01:04] === Hourly Key Check Completed ===
[2025-10-29 18:01:04] Puroks regenerated: None
[2025-10-29 19:01:03] === Starting Hourly Key Check ===
[2025-10-29 19:01:03] Purok P1: 1.1% used (11/1000) - No action needed
[2025-10-29 19:01:03] Purok P2: 0.3% used (3/1000) - No action needed
[2025-10-29 19:01:03] Purok P3: 0.4% used (4/1000) - No action needed
[2025-10-29 19:01:03] Purok P4A: 0% used (0/1000) - No action needed
[2025-10-29 19:01:03] Purok P4B: 1% used (10/1000) - No action needed
[2025-10-29 19:01:03] Purok P5: 0% used (0/1000) - No action needed
[2025-10-29 19:01:03] Purok P6: 0% used (0/1000) - No action needed
[2025-10-29 19:01:03] Purok P7: 0.1% used (1/1000) - No action needed
[2025-10-29 19:01:03] === Hourly Key Check Completed ===
[2025-10-29 19:01:03] Puroks regenerated: None
[2025-10-29 20:01:16] === Starting Hourly Key Check ===
[2025-10-29 20:01:16] Purok P1: 1.1% used (11/1000) - No action needed
[2025-10-29 20:01:16] Purok P2: 0.3% used (3/1000) - No action needed
[2025-10-29 20:01:16] Purok P3: 0.4% used (4/1000) - No action needed
[2025-10-29 20:01:16] Purok P4A: 0% used (0/1000) - No action needed
[2025-10-29 20:01:16] Purok P4B: 1% used (10/1000) - No action needed
[2025-10-29 20:01:16] Purok P5: 0% used (0/1000) - No action needed
[2025-10-29 20:01:16] Purok P6: 0% used (0/1000) - No action needed
[2025-10-29 20:01:16] Purok P7: 0.1% used (1/1000) - No action needed
[2025-10-29 20:01:16] === Hourly Key Check Completed ===
[2025-10-29 20:01:16] Puroks regenerated: None
[2025-10-29 21:01:03] === Starting Hourly Key Check ===
[2025-10-29 21:01:03] Purok P1: 1.1% used (11/1000) - No action needed
[2025-10-29 21:01:03] Purok P2: 0.3% used (3/1000) - No action needed
[2025-10-29 21:01:03] Purok P3: 0.4% used (4/1000) - No action needed
[2025-10-29 21:01:03] Purok P4A: 0% used (0/1000) - No action needed
[2025-10-29 21:01:03] Purok P4B: 1% used (10/1000) - No action needed
[2025-10-29 21:01:03] Purok P5: 0% used (0/1000) - No action needed
[2025-10-29 21:01:03] Purok P6: 0% used (0/1000) - No action needed
[2025-10-29 21:01:03] Purok P7: 0.1% used (1/1000) - No action needed
[2025-10-29 21:01:03] === Hourly Key Check Completed ===
[2025-10-29 21:01:03] Puroks regenerated: None
[2025-10-29 22:01:02] === Starting Hourly Key Check ===
[2025-10-29 22:01:02] Purok P1: 1.1% used (11/1000) - No action needed
[2025-10-29 22:01:02] Purok P2: 0.3% used (3/1000) - No action needed
[2025-10-29 22:01:02] Purok P3: 0.4% used (4/1000) - No action needed
[2025-10-29 22:01:02] Purok P4A: 0% used (0/1000) - No action needed
[2025-10-29 22:01:02] Purok P4B: 1% used (10/1000) - No action needed
[2025-10-29 22:01:02] Purok P5: 0% used (0/1000) - No action needed
[2025-10-29 22:01:02] Purok P6: 0% used (0/1000) - No action needed
[2025-10-29 22:01:02] Purok P7: 0.1% used (1/1000) - No action needed
[2025-10-29 22:01:02] === Hourly Key Check Completed ===
[2025-10-29 22:01:02] Puroks regenerated: None
[2025-10-29 23:01:03] === Starting Hourly Key Check ===
[2025-10-29 23:01:03] Purok P1: 1.1% used (11/1000) - No action needed
[2025-10-29 23:01:03] Purok P2: 0.3% used (3/1000) - No action needed
[2025-10-29 23:01:03] Purok P3: 0.4% used (4/1000) - No action needed
[2025-10-29 23:01:03] Purok P4A: 0% used (0/1000) - No action needed
[2025-10-29 23:01:03] Purok P4B: 1% used (10/1000) - No action needed
[2025-10-29 23:01:03] Purok P5: 0% used (0/1000) - No action needed
[2025-10-29 23:01:03] Purok P6: 0% used (0/1000) - No action needed
[2025-10-29 23:01:03] Purok P7: 0.1% used (1/1000) - No action needed
[2025-10-29 23:01:03] === Hourly Key Check Completed ===
[2025-10-29 23:01:03] Puroks regenerated: None
