[2025-10-31 00:01:03] === Starting Hourly Key Check ===
[2025-10-31 00:01:03] Purok P1: 1.1% used (11/1000) - No action needed
[2025-10-31 00:01:03] Purok P2: 0.3% used (3/1000) - No action needed
[2025-10-31 00:01:03] Purok P3: 0.4% used (4/1000) - No action needed
[2025-10-31 00:01:03] Purok P4A: 0% used (0/1000) - No action needed
[2025-10-31 00:01:03] Purok P4B: 1% used (10/1000) - No action needed
[2025-10-31 00:01:03] Purok P5: 0% used (0/1000) - No action needed
[2025-10-31 00:01:03] Purok P6: 0% used (0/1000) - No action needed
[2025-10-31 00:01:03] Purok P7: 0.1% used (1/1000) - No action needed
[2025-10-31 00:01:03] === Hourly Key Check Completed ===
[2025-10-31 00:01:03] Puroks regenerated: None
[2025-10-31 01:01:03] === Starting Hourly Key Check ===
[2025-10-31 01:01:03] Purok P1: 1.1% used (11/1000) - No action needed
[2025-10-31 01:01:03] Purok P2: 0.3% used (3/1000) - No action needed
[2025-10-31 01:01:03] Purok P3: 0.4% used (4/1000) - No action needed
[2025-10-31 01:01:03] Purok P4A: 0% used (0/1000) - No action needed
[2025-10-31 01:01:03] Purok P4B: 1% used (10/1000) - No action needed
[2025-10-31 01:01:03] Purok P5: 0% used (0/1000) - No action needed
[2025-10-31 01:01:03] Purok P6: 0% used (0/1000) - No action needed
[2025-10-31 01:01:03] Purok P7: 0.1% used (1/1000) - No action needed
[2025-10-31 01:01:03] === Hourly Key Check Completed ===
[2025-10-31 01:01:03] Puroks regenerated: None
[2025-10-31 02:01:03] === Starting Hourly Key Check ===
[2025-10-31 02:01:03] Purok P1: 1.1% used (11/1000) - No action needed
[2025-10-31 02:01:03] Purok P2: 0.3% used (3/1000) - No action needed
[2025-10-31 02:01:03] Purok P3: 0.4% used (4/1000) - No action needed
[2025-10-31 02:01:03] Purok P4A: 0% used (0/1000) - No action needed
[2025-10-31 02:01:03] Purok P4B: 1% used (10/1000) - No action needed
[2025-10-31 02:01:03] Purok P5: 0% used (0/1000) - No action needed
[2025-10-31 02:01:03] Purok P6: 0% used (0/1000) - No action needed
[2025-10-31 02:01:03] Purok P7: 0.1% used (1/1000) - No action needed
[2025-10-31 02:01:03] === Hourly Key Check Completed ===
[2025-10-31 02:01:03] Puroks regenerated: None
[2025-10-31 03:01:07] === Starting Hourly Key Check ===
[2025-10-31 03:01:07] Purok P1: 1.1% used (11/1000) - No action needed
[2025-10-31 03:01:07] Purok P2: 0.3% used (3/1000) - No action needed
[2025-10-31 03:01:07] Purok P3: 0.4% used (4/1000) - No action needed
[2025-10-31 03:01:07] Purok P4A: 0% used (0/1000) - No action needed
[2025-10-31 03:01:07] Purok P4B: 1% used (10/1000) - No action needed
[2025-10-31 03:01:07] Purok P5: 0% used (0/1000) - No action needed
[2025-10-31 03:01:07] Purok P6: 0% used (0/1000) - No action needed
[2025-10-31 03:01:07] Purok P7: 0.1% used (1/1000) - No action needed
[2025-10-31 03:01:07] === Hourly Key Check Completed ===
[2025-10-31 03:01:07] Puroks regenerated: None
[2025-10-31 04:01:03] === Starting Hourly Key Check ===
[2025-10-31 04:01:03] Purok P1: 1.1% used (11/1000) - No action needed
[2025-10-31 04:01:03] Purok P2: 0.3% used (3/1000) - No action needed
[2025-10-31 04:01:03] Purok P3: 0.4% used (4/1000) - No action needed
[2025-10-31 04:01:03] Purok P4A: 0% used (0/1000) - No action needed
[2025-10-31 04:01:03] Purok P4B: 1% used (10/1000) - No action needed
[2025-10-31 04:01:03] Purok P5: 0% used (0/1000) - No action needed
[2025-10-31 04:01:03] Purok P6: 0% used (0/1000) - No action needed
[2025-10-31 04:01:03] Purok P7: 0.1% used (1/1000) - No action needed
[2025-10-31 04:01:03] === Hourly Key Check Completed ===
[2025-10-31 04:01:03] Puroks regenerated: None
[2025-10-31 05:01:02] === Starting Hourly Key Check ===
[2025-10-31 05:01:02] Purok P1: 1.1% used (11/1000) - No action needed
[2025-10-31 05:01:02] Purok P2: 0.3% used (3/1000) - No action needed
[2025-10-31 05:01:02] Purok P3: 0.4% used (4/1000) - No action needed
[2025-10-31 05:01:02] Purok P4A: 0% used (0/1000) - No action needed
[2025-10-31 05:01:02] Purok P4B: 1% used (10/1000) - No action needed
[2025-10-31 05:01:02] Purok P5: 0% used (0/1000) - No action needed
[2025-10-31 05:01:02] Purok P6: 0% used (0/1000) - No action needed
[2025-10-31 05:01:02] Purok P7: 0.1% used (1/1000) - No action needed
[2025-10-31 05:01:02] === Hourly Key Check Completed ===
[2025-10-31 05:01:02] Puroks regenerated: None
[2025-10-31 06:01:03] === Starting Hourly Key Check ===
[2025-10-31 06:01:03] Purok P1: 1.1% used (11/1000) - No action needed
[2025-10-31 06:01:03] Purok P2: 0.3% used (3/1000) - No action needed
[2025-10-31 06:01:03] Purok P3: 0.4% used (4/1000) - No action needed
[2025-10-31 06:01:03] Purok P4A: 0% used (0/1000) - No action needed
[2025-10-31 06:01:03] Purok P4B: 1% used (10/1000) - No action needed
[2025-10-31 06:01:03] Purok P5: 0% used (0/1000) - No action needed
[2025-10-31 06:01:03] Purok P6: 0% used (0/1000) - No action needed
[2025-10-31 06:01:03] Purok P7: 0.1% used (1/1000) - No action needed
[2025-10-31 06:01:03] === Hourly Key Check Completed ===
[2025-10-31 06:01:03] Puroks regenerated: None
[2025-10-31 07:01:07] === Starting Hourly Key Check ===
[2025-10-31 07:01:07] Purok P1: 1.1% used (11/1000) - No action needed
[2025-10-31 07:01:07] Purok P2: 0.3% used (3/1000) - No action needed
[2025-10-31 07:01:07] Purok P3: 0.4% used (4/1000) - No action needed
[2025-10-31 07:01:07] Purok P4A: 0% used (0/1000) - No action needed
[2025-10-31 07:01:07] Purok P4B: 1% used (10/1000) - No action needed
[2025-10-31 07:01:07] Purok P5: 0% used (0/1000) - No action needed
[2025-10-31 07:01:07] Purok P6: 0% used (0/1000) - No action needed
[2025-10-31 07:01:07] Purok P7: 0.1% used (1/1000) - No action needed
[2025-10-31 07:01:07] === Hourly Key Check Completed ===
[2025-10-31 07:01:07] Puroks regenerated: None
[2025-10-31 08:01:07] === Starting Hourly Key Check ===
[2025-10-31 08:01:07] Purok P1: 1.1% used (11/1000) - No action needed
[2025-10-31 08:01:07] Purok P2: 0.3% used (3/1000) - No action needed
[2025-10-31 08:01:07] Purok P3: 0.4% used (4/1000) - No action needed
[2025-10-31 08:01:07] Purok P4A: 0% used (0/1000) - No action needed
[2025-10-31 08:01:07] Purok P4B: 1% used (10/1000) - No action needed
[2025-10-31 08:01:07] Purok P5: 0% used (0/1000) - No action needed
[2025-10-31 08:01:07] Purok P6: 0% used (0/1000) - No action needed
[2025-10-31 08:01:07] Purok P7: 0.1% used (1/1000) - No action needed
[2025-10-31 08:01:07] === Hourly Key Check Completed ===
[2025-10-31 08:01:07] Puroks regenerated: None
[2025-10-31 09:01:03] === Starting Hourly Key Check ===
[2025-10-31 09:01:03] Purok P1: 1.1% used (11/1000) - No action needed
[2025-10-31 09:01:03] Purok P2: 0.3% used (3/1000) - No action needed
[2025-10-31 09:01:03] Purok P3: 0.4% used (4/1000) - No action needed
[2025-10-31 09:01:03] Purok P4A: 0% used (0/1000) - No action needed
[2025-10-31 09:01:03] Purok P4B: 1% used (10/1000) - No action needed
[2025-10-31 09:01:03] Purok P5: 0% used (0/1000) - No action needed
[2025-10-31 09:01:03] Purok P6: 0% used (0/1000) - No action needed
[2025-10-31 09:01:03] Purok P7: 0.1% used (1/1000) - No action needed
[2025-10-31 09:01:03] === Hourly Key Check Completed ===
[2025-10-31 09:01:03] Puroks regenerated: None
[2025-10-31 10:01:06] === Starting Hourly Key Check ===
[2025-10-31 10:01:06] Purok P1: 1.1% used (11/1000) - No action needed
[2025-10-31 10:01:06] Purok P2: 0.3% used (3/1000) - No action needed
[2025-10-31 10:01:06] Purok P3: 0.4% used (4/1000) - No action needed
[2025-10-31 10:01:06] Purok P4A: 0% used (0/1000) - No action needed
[2025-10-31 10:01:06] Purok P4B: 1% used (10/1000) - No action needed
[2025-10-31 10:01:06] Purok P5: 0% used (0/1000) - No action needed
[2025-10-31 10:01:06] Purok P6: 0% used (0/1000) - No action needed
[2025-10-31 10:01:06] Purok P7: 0.1% used (1/1000) - No action needed
[2025-10-31 10:01:06] === Hourly Key Check Completed ===
[2025-10-31 10:01:06] Puroks regenerated: None
[2025-10-31 11:01:02] === Starting Hourly Key Check ===
[2025-10-31 11:01:02] Purok P1: 1.1% used (11/1000) - No action needed
[2025-10-31 11:01:02] Purok P2: 0.3% used (3/1000) - No action needed
[2025-10-31 11:01:02] Purok P3: 0.4% used (4/1000) - No action needed
[2025-10-31 11:01:02] Purok P4A: 0% used (0/1000) - No action needed
[2025-10-31 11:01:02] Purok P4B: 1% used (10/1000) - No action needed
[2025-10-31 11:01:02] Purok P5: 0% used (0/1000) - No action needed
[2025-10-31 11:01:02] Purok P6: 0% used (0/1000) - No action needed
[2025-10-31 11:01:02] Purok P7: 0.1% used (1/1000) - No action needed
[2025-10-31 11:01:02] === Hourly Key Check Completed ===
[2025-10-31 11:01:02] Puroks regenerated: None
[2025-10-31 12:01:03] === Starting Hourly Key Check ===
[2025-10-31 12:01:03] Purok P1: 1.1% used (11/1000) - No action needed
[2025-10-31 12:01:03] Purok P2: 0.3% used (3/1000) - No action needed
[2025-10-31 12:01:03] Purok P3: 0.4% used (4/1000) - No action needed
[2025-10-31 12:01:03] Purok P4A: 0% used (0/1000) - No action needed
[2025-10-31 12:01:03] Purok P4B: 1% used (10/1000) - No action needed
[2025-10-31 12:01:03] Purok P5: 0% used (0/1000) - No action needed
[2025-10-31 12:01:03] Purok P6: 0% used (0/1000) - No action needed
[2025-10-31 12:01:03] Purok P7: 0.1% used (1/1000) - No action needed
[2025-10-31 12:01:03] === Hourly Key Check Completed ===
[2025-10-31 12:01:03] Puroks regenerated: None
[2025-10-31 13:01:04] === Starting Hourly Key Check ===
[2025-10-31 13:01:04] Purok P1: 1.1% used (11/1000) - No action needed
[2025-10-31 13:01:04] Purok P2: 0.3% used (3/1000) - No action needed
[2025-10-31 13:01:04] Purok P3: 0.4% used (4/1000) - No action needed
[2025-10-31 13:01:04] Purok P4A: 0% used (0/1000) - No action needed
[2025-10-31 13:01:04] Purok P4B: 1% used (10/1000) - No action needed
[2025-10-31 13:01:04] Purok P5: 0% used (0/1000) - No action needed
[2025-10-31 13:01:04] Purok P6: 0% used (0/1000) - No action needed
[2025-10-31 13:01:04] Purok P7: 0.1% used (1/1000) - No action needed
[2025-10-31 13:01:04] === Hourly Key Check Completed ===
[2025-10-31 13:01:04] Puroks regenerated: None
[2025-10-31 14:01:03] === Starting Hourly Key Check ===
[2025-10-31 14:01:03] Purok P1: 1.1% used (11/1000) - No action needed
[2025-10-31 14:01:03] Purok P2: 0.3% used (3/1000) - No action needed
[2025-10-31 14:01:03] Purok P3: 0.4% used (4/1000) - No action needed
[2025-10-31 14:01:03] Purok P4A: 0% used (0/1000) - No action needed
[2025-10-31 14:01:03] Purok P4B: 1% used (10/1000) - No action needed
[2025-10-31 14:01:03] Purok P5: 0.3% used (3/1000) - No action needed
[2025-10-31 14:01:03] Purok P6: 0% used (0/1000) - No action needed
[2025-10-31 14:01:03] Purok P7: 0.1% used (1/1000) - No action needed
[2025-10-31 14:01:03] === Hourly Key Check Completed ===
[2025-10-31 14:01:03] Puroks regenerated: None
[2025-10-31 15:01:03] === Starting Hourly Key Check ===
[2025-10-31 15:01:03] Purok P1: 1.1% used (11/1000) - No action needed
[2025-10-31 15:01:03] Purok P2: 0.3% used (3/1000) - No action needed
[2025-10-31 15:01:03] Purok P3: 0.4% used (4/1000) - No action needed
[2025-10-31 15:01:03] Purok P4A: 0% used (0/1000) - No action needed
[2025-10-31 15:01:03] Purok P4B: 1% used (10/1000) - No action needed
[2025-10-31 15:01:03] Purok P5: 0.3% used (3/1000) - No action needed
[2025-10-31 15:01:03] Purok P6: 0% used (0/1000) - No action needed
[2025-10-31 15:01:03] Purok P7: 0.1% used (1/1000) - No action needed
[2025-10-31 15:01:03] === Hourly Key Check Completed ===
[2025-10-31 15:01:03] Puroks regenerated: None
[2025-10-31 16:01:03] === Starting Hourly Key Check ===
[2025-10-31 16:01:03] Purok P1: 1.1% used (11/1000) - No action needed
[2025-10-31 16:01:03] Purok P2: 0.3% used (3/1000) - No action needed
[2025-10-31 16:01:03] Purok P3: 0.4% used (4/1000) - No action needed
[2025-10-31 16:01:03] Purok P4A: 0% used (0/1000) - No action needed
[2025-10-31 16:01:03] Purok P4B: 1% used (10/1000) - No action needed
[2025-10-31 16:01:03] Purok P5: 0.3% used (3/1000) - No action needed
[2025-10-31 16:01:03] Purok P6: 0% used (0/1000) - No action needed
[2025-10-31 16:01:03] Purok P7: 0.1% used (1/1000) - No action needed
[2025-10-31 16:01:03] === Hourly Key Check Completed ===
[2025-10-31 16:01:03] Puroks regenerated: None
[2025-10-31 17:01:03] === Starting Hourly Key Check ===
[2025-10-31 17:01:03] Purok P1: 1.1% used (11/1000) - No action needed
[2025-10-31 17:01:03] Purok P2: 0.3% used (3/1000) - No action needed
[2025-10-31 17:01:03] Purok P3: 0.4% used (4/1000) - No action needed
[2025-10-31 17:01:03] Purok P4A: 0% used (0/1000) - No action needed
[2025-10-31 17:01:03] Purok P4B: 1% used (10/1000) - No action needed
[2025-10-31 17:01:03] Purok P5: 0.3% used (3/1000) - No action needed
[2025-10-31 17:01:03] Purok P6: 0% used (0/1000) - No action needed
[2025-10-31 17:01:03] Purok P7: 0.1% used (1/1000) - No action needed
[2025-10-31 17:01:03] === Hourly Key Check Completed ===
[2025-10-31 17:01:03] Puroks regenerated: None
[2025-10-31 18:01:03] === Starting Hourly Key Check ===
[2025-10-31 18:01:03] Purok P1: 1.1% used (11/1000) - No action needed
[2025-10-31 18:01:03] Purok P2: 0.3% used (3/1000) - No action needed
[2025-10-31 18:01:03] Purok P3: 0.4% used (4/1000) - No action needed
[2025-10-31 18:01:03] Purok P4A: 0% used (0/1000) - No action needed
[2025-10-31 18:01:03] Purok P4B: 1% used (10/1000) - No action needed
[2025-10-31 18:01:03] Purok P5: 0.3% used (3/1000) - No action needed
[2025-10-31 18:01:03] Purok P6: 0% used (0/1000) - No action needed
[2025-10-31 18:01:03] Purok P7: 0.1% used (1/1000) - No action needed
[2025-10-31 18:01:03] === Hourly Key Check Completed ===
[2025-10-31 18:01:03] Puroks regenerated: None
[2025-10-31 19:01:03] === Starting Hourly Key Check ===
[2025-10-31 19:01:03] Purok P1: 1.1% used (11/1000) - No action needed
[2025-10-31 19:01:03] Purok P2: 0.3% used (3/1000) - No action needed
[2025-10-31 19:01:03] Purok P3: 0.4% used (4/1000) - No action needed
[2025-10-31 19:01:03] Purok P4A: 0% used (0/1000) - No action needed
[2025-10-31 19:01:03] Purok P4B: 1% used (10/1000) - No action needed
[2025-10-31 19:01:03] Purok P5: 0.3% used (3/1000) - No action needed
[2025-10-31 19:01:03] Purok P6: 0% used (0/1000) - No action needed
[2025-10-31 19:01:03] Purok P7: 0.1% used (1/1000) - No action needed
[2025-10-31 19:01:03] === Hourly Key Check Completed ===
[2025-10-31 19:01:03] Puroks regenerated: None
[2025-10-31 20:01:03] === Starting Hourly Key Check ===
[2025-10-31 20:01:03] Purok P1: 1.1% used (11/1000) - No action needed
[2025-10-31 20:01:03] Purok P2: 0.3% used (3/1000) - No action needed
[2025-10-31 20:01:03] Purok P3: 0.4% used (4/1000) - No action needed
[2025-10-31 20:01:03] Purok P4A: 0% used (0/1000) - No action needed
[2025-10-31 20:01:03] Purok P4B: 1% used (10/1000) - No action needed
[2025-10-31 20:01:03] Purok P5: 0.3% used (3/1000) - No action needed
[2025-10-31 20:01:03] Purok P6: 0% used (0/1000) - No action needed
[2025-10-31 20:01:03] Purok P7: 0.1% used (1/1000) - No action needed
[2025-10-31 20:01:03] === Hourly Key Check Completed ===
[2025-10-31 20:01:03] Puroks regenerated: None
[2025-10-31 21:01:03] === Starting Hourly Key Check ===
[2025-10-31 21:01:03] Purok P1: 1.1% used (11/1000) - No action needed
[2025-10-31 21:01:03] Purok P2: 0.3% used (3/1000) - No action needed
[2025-10-31 21:01:03] Purok P3: 0.4% used (4/1000) - No action needed
[2025-10-31 21:01:03] Purok P4A: 0% used (0/1000) - No action needed
[2025-10-31 21:01:03] Purok P4B: 1% used (10/1000) - No action needed
[2025-10-31 21:01:03] Purok P5: 0.3% used (3/1000) - No action needed
[2025-10-31 21:01:03] Purok P6: 0% used (0/1000) - No action needed
[2025-10-31 21:01:03] Purok P7: 0.1% used (1/1000) - No action needed
[2025-10-31 21:01:03] === Hourly Key Check Completed ===
[2025-10-31 21:01:03] Puroks regenerated: None
[2025-10-31 22:01:02] === Starting Hourly Key Check ===
[2025-10-31 22:01:02] Purok P1: 1.1% used (11/1000) - No action needed
[2025-10-31 22:01:02] Purok P2: 0.3% used (3/1000) - No action needed
[2025-10-31 22:01:02] Purok P3: 0.4% used (4/1000) - No action needed
[2025-10-31 22:01:02] Purok P4A: 0% used (0/1000) - No action needed
[2025-10-31 22:01:02] Purok P4B: 1% used (10/1000) - No action needed
[2025-10-31 22:01:02] Purok P5: 0.3% used (3/1000) - No action needed
[2025-10-31 22:01:02] Purok P6: 0% used (0/1000) - No action needed
[2025-10-31 22:01:02] Purok P7: 0.1% used (1/1000) - No action needed
[2025-10-31 22:01:02] === Hourly Key Check Completed ===
[2025-10-31 22:01:02] Puroks regenerated: None
[2025-10-31 23:01:03] === Starting Hourly Key Check ===
[2025-10-31 23:01:03] Purok P1: 1.1% used (11/1000) - No action needed
[2025-10-31 23:01:03] Purok P2: 0.3% used (3/1000) - No action needed
[2025-10-31 23:01:03] Purok P3: 0.4% used (4/1000) - No action needed
[2025-10-31 23:01:03] Purok P4A: 0% used (0/1000) - No action needed
[2025-10-31 23:01:03] Purok P4B: 1% used (10/1000) - No action needed
[2025-10-31 23:01:03] Purok P5: 0.3% used (3/1000) - No action needed
[2025-10-31 23:01:03] Purok P6: 0% used (0/1000) - No action needed
[2025-10-31 23:01:03] Purok P7: 0.1% used (1/1000) - No action needed
[2025-10-31 23:01:03] === Hourly Key Check Completed ===
[2025-10-31 23:01:03] Puroks regenerated: None
