[2025-11-11 00:01:03] === Starting Hourly Key Check ===
[2025-11-11 00:01:03] Purok P1: 1.1% used (11/1000) - No action needed
[2025-11-11 00:01:03] Purok P2: 0.3% used (3/1000) - No action needed
[2025-11-11 00:01:03] Purok P3: 0.5% used (5/1000) - No action needed
[2025-11-11 00:01:03] Purok P4A: 0% used (0/1000) - No action needed
[2025-11-11 00:01:03] Purok P4B: 1% used (10/1000) - No action needed
[2025-11-11 00:01:03] Purok P5: 1.9% used (19/1000) - No action needed
[2025-11-11 00:01:03] Purok P6: 0% used (0/1000) - No action needed
[2025-11-11 00:01:03] Purok P7: 0.2% used (2/1000) - No action needed
[2025-11-11 00:01:03] === Hourly Key Check Completed ===
[2025-11-11 00:01:03] Puroks regenerated: None
[2025-11-11 01:01:03] === Starting Hourly Key Check ===
[2025-11-11 01:01:03] Purok P1: 1.1% used (11/1000) - No action needed
[2025-11-11 01:01:03] Purok P2: 0.3% used (3/1000) - No action needed
[2025-11-11 01:01:03] Purok P3: 0.5% used (5/1000) - No action needed
[2025-11-11 01:01:03] Purok P4A: 0% used (0/1000) - No action needed
[2025-11-11 01:01:03] Purok P4B: 1% used (10/1000) - No action needed
[2025-11-11 01:01:03] Purok P5: 1.9% used (19/1000) - No action needed
[2025-11-11 01:01:03] Purok P6: 0% used (0/1000) - No action needed
[2025-11-11 01:01:03] Purok P7: 0.2% used (2/1000) - No action needed
[2025-11-11 01:01:03] === Hourly Key Check Completed ===
[2025-11-11 01:01:03] Puroks regenerated: None
[2025-11-11 02:01:03] === Starting Hourly Key Check ===
[2025-11-11 02:01:03] Purok P1: 1.1% used (11/1000) - No action needed
[2025-11-11 02:01:03] Purok P2: 0.3% used (3/1000) - No action needed
[2025-11-11 02:01:03] Purok P3: 0.5% used (5/1000) - No action needed
[2025-11-11 02:01:03] Purok P4A: 0% used (0/1000) - No action needed
[2025-11-11 02:01:03] Purok P4B: 1% used (10/1000) - No action needed
[2025-11-11 02:01:03] Purok P5: 1.9% used (19/1000) - No action needed
[2025-11-11 02:01:03] Purok P6: 0% used (0/1000) - No action needed
[2025-11-11 02:01:03] Purok P7: 0.2% used (2/1000) - No action needed
[2025-11-11 02:01:03] === Hourly Key Check Completed ===
[2025-11-11 02:01:03] Puroks regenerated: None
[2025-11-11 03:01:04] === Starting Hourly Key Check ===
[2025-11-11 03:01:04] Purok P1: 1.1% used (11/1000) - No action needed
[2025-11-11 03:01:04] Purok P2: 0.3% used (3/1000) - No action needed
[2025-11-11 03:01:04] Purok P3: 0.5% used (5/1000) - No action needed
[2025-11-11 03:01:04] Purok P4A: 0% used (0/1000) - No action needed
[2025-11-11 03:01:04] Purok P4B: 1% used (10/1000) - No action needed
[2025-11-11 03:01:04] Purok P5: 1.9% used (19/1000) - No action needed
[2025-11-11 03:01:04] Purok P6: 0% used (0/1000) - No action needed
[2025-11-11 03:01:04] Purok P7: 0.2% used (2/1000) - No action needed
[2025-11-11 03:01:04] === Hourly Key Check Completed ===
[2025-11-11 03:01:04] Puroks regenerated: None
[2025-11-11 04:01:02] === Starting Hourly Key Check ===
[2025-11-11 04:01:02] Purok P1: 1.1% used (11/1000) - No action needed
[2025-11-11 04:01:02] Purok P2: 0.3% used (3/1000) - No action needed
[2025-11-11 04:01:02] Purok P3: 0.5% used (5/1000) - No action needed
[2025-11-11 04:01:02] Purok P4A: 0% used (0/1000) - No action needed
[2025-11-11 04:01:02] Purok P4B: 1% used (10/1000) - No action needed
[2025-11-11 04:01:02] Purok P5: 1.9% used (19/1000) - No action needed
[2025-11-11 04:01:02] Purok P6: 0% used (0/1000) - No action needed
[2025-11-11 04:01:02] Purok P7: 0.2% used (2/1000) - No action needed
[2025-11-11 04:01:02] === Hourly Key Check Completed ===
[2025-11-11 04:01:02] Puroks regenerated: None
[2025-11-11 05:01:03] === Starting Hourly Key Check ===
[2025-11-11 05:01:03] Purok P1: 1.1% used (11/1000) - No action needed
[2025-11-11 05:01:03] Purok P2: 0.3% used (3/1000) - No action needed
[2025-11-11 05:01:03] Purok P3: 0.5% used (5/1000) - No action needed
[2025-11-11 05:01:03] Purok P4A: 0% used (0/1000) - No action needed
[2025-11-11 05:01:03] Purok P4B: 1% used (10/1000) - No action needed
[2025-11-11 05:01:03] Purok P5: 1.9% used (19/1000) - No action needed
[2025-11-11 05:01:03] Purok P6: 0% used (0/1000) - No action needed
[2025-11-11 05:01:03] Purok P7: 0.2% used (2/1000) - No action needed
[2025-11-11 05:01:03] === Hourly Key Check Completed ===
[2025-11-11 05:01:03] Puroks regenerated: None
[2025-11-11 06:01:03] === Starting Hourly Key Check ===
[2025-11-11 06:01:03] Purok P1: 1.1% used (11/1000) - No action needed
[2025-11-11 06:01:03] Purok P2: 0.3% used (3/1000) - No action needed
[2025-11-11 06:01:03] Purok P3: 0.5% used (5/1000) - No action needed
[2025-11-11 06:01:03] Purok P4A: 0.1% used (1/1000) - No action needed
[2025-11-11 06:01:03] Purok P4B: 1% used (10/1000) - No action needed
[2025-11-11 06:01:03] Purok P5: 1.9% used (19/1000) - No action needed
[2025-11-11 06:01:03] Purok P6: 0% used (0/1000) - No action needed
[2025-11-11 06:01:03] Purok P7: 0.2% used (2/1000) - No action needed
[2025-11-11 06:01:03] === Hourly Key Check Completed ===
[2025-11-11 06:01:03] Puroks regenerated: None
[2025-11-11 07:01:03] === Starting Hourly Key Check ===
[2025-11-11 07:01:03] Purok P1: 1.1% used (11/1000) - No action needed
[2025-11-11 07:01:03] Purok P2: 0.3% used (3/1000) - No action needed
[2025-11-11 07:01:03] Purok P3: 0.5% used (5/1000) - No action needed
[2025-11-11 07:01:03] Purok P4A: 0.1% used (1/1000) - No action needed
[2025-11-11 07:01:03] Purok P4B: 1% used (10/1000) - No action needed
[2025-11-11 07:01:03] Purok P5: 1.9% used (19/1000) - No action needed
[2025-11-11 07:01:03] Purok P6: 0% used (0/1000) - No action needed
[2025-11-11 07:01:03] Purok P7: 0.2% used (2/1000) - No action needed
[2025-11-11 07:01:03] === Hourly Key Check Completed ===
[2025-11-11 07:01:03] Puroks regenerated: None
[2025-11-11 08:01:04] === Starting Hourly Key Check ===
[2025-11-11 08:01:04] Purok P1: 1.1% used (11/1000) - No action needed
[2025-11-11 08:01:04] Purok P2: 0.3% used (3/1000) - No action needed
[2025-11-11 08:01:04] Purok P3: 0.5% used (5/1000) - No action needed
[2025-11-11 08:01:04] Purok P4A: 0.1% used (1/1000) - No action needed
[2025-11-11 08:01:04] Purok P4B: 1% used (10/1000) - No action needed
[2025-11-11 08:01:04] Purok P5: 1.9% used (19/1000) - No action needed
[2025-11-11 08:01:04] Purok P6: 0% used (0/1000) - No action needed
[2025-11-11 08:01:04] Purok P7: 0.2% used (2/1000) - No action needed
[2025-11-11 08:01:04] === Hourly Key Check Completed ===
[2025-11-11 08:01:04] Puroks regenerated: None
[2025-11-11 09:01:03] === Starting Hourly Key Check ===
[2025-11-11 09:01:03] Purok P1: 1.1% used (11/1000) - No action needed
[2025-11-11 09:01:03] Purok P2: 0.3% used (3/1000) - No action needed
[2025-11-11 09:01:03] Purok P3: 0.5% used (5/1000) - No action needed
[2025-11-11 09:01:03] Purok P4A: 0.1% used (1/1000) - No action needed
[2025-11-11 09:01:03] Purok P4B: 1% used (10/1000) - No action needed
[2025-11-11 09:01:03] Purok P5: 1.9% used (19/1000) - No action needed
[2025-11-11 09:01:03] Purok P6: 0% used (0/1000) - No action needed
[2025-11-11 09:01:03] Purok P7: 0.2% used (2/1000) - No action needed
[2025-11-11 09:01:03] === Hourly Key Check Completed ===
[2025-11-11 09:01:03] Puroks regenerated: None
[2025-11-11 10:01:05] === Starting Hourly Key Check ===
[2025-11-11 10:01:05] Purok P1: 1.1% used (11/1000) - No action needed
[2025-11-11 10:01:05] Purok P2: 0.3% used (3/1000) - No action needed
[2025-11-11 10:01:05] Purok P3: 0.5% used (5/1000) - No action needed
[2025-11-11 10:01:05] Purok P4A: 0.1% used (1/1000) - No action needed
[2025-11-11 10:01:05] Purok P4B: 1% used (10/1000) - No action needed
[2025-11-11 10:01:05] Purok P5: 1.9% used (19/1000) - No action needed
[2025-11-11 10:01:05] Purok P6: 0% used (0/1000) - No action needed
[2025-11-11 10:01:05] Purok P7: 0.2% used (2/1000) - No action needed
[2025-11-11 10:01:05] === Hourly Key Check Completed ===
[2025-11-11 10:01:05] Puroks regenerated: None
[2025-11-11 11:01:09] === Starting Hourly Key Check ===
[2025-11-11 11:01:09] Purok P1: 1.1% used (11/1000) - No action needed
[2025-11-11 11:01:09] Purok P2: 0.3% used (3/1000) - No action needed
[2025-11-11 11:01:09] Purok P3: 0.5% used (5/1000) - No action needed
[2025-11-11 11:01:09] Purok P4A: 0.1% used (1/1000) - No action needed
[2025-11-11 11:01:09] Purok P4B: 1% used (10/1000) - No action needed
[2025-11-11 11:01:09] Purok P5: 1.9% used (19/1000) - No action needed
[2025-11-11 11:01:09] Purok P6: 0% used (0/1000) - No action needed
[2025-11-11 11:01:09] Purok P7: 0.2% used (2/1000) - No action needed
[2025-11-11 11:01:09] === Hourly Key Check Completed ===
[2025-11-11 11:01:09] Puroks regenerated: None
[2025-11-11 12:01:03] === Starting Hourly Key Check ===
[2025-11-11 12:01:03] Purok P1: 1.1% used (11/1000) - No action needed
[2025-11-11 12:01:03] Purok P2: 0.3% used (3/1000) - No action needed
[2025-11-11 12:01:03] Purok P3: 0.5% used (5/1000) - No action needed
[2025-11-11 12:01:03] Purok P4A: 0.1% used (1/1000) - No action needed
[2025-11-11 12:01:03] Purok P4B: 1% used (10/1000) - No action needed
[2025-11-11 12:01:03] Purok P5: 1.9% used (19/1000) - No action needed
[2025-11-11 12:01:03] Purok P6: 0% used (0/1000) - No action needed
[2025-11-11 12:01:03] Purok P7: 0.4% used (4/1000) - No action needed
[2025-11-11 12:01:03] === Hourly Key Check Completed ===
[2025-11-11 12:01:03] Puroks regenerated: None
[2025-11-11 13:01:03] === Starting Hourly Key Check ===
[2025-11-11 13:01:03] Purok P1: 1.1% used (11/1000) - No action needed
[2025-11-11 13:01:03] Purok P2: 0.3% used (3/1000) - No action needed
[2025-11-11 13:01:03] Purok P3: 0.5% used (5/1000) - No action needed
[2025-11-11 13:01:03] Purok P4A: 0.1% used (1/1000) - No action needed
[2025-11-11 13:01:03] Purok P4B: 1% used (10/1000) - No action needed
[2025-11-11 13:01:03] Purok P5: 1.9% used (19/1000) - No action needed
[2025-11-11 13:01:03] Purok P6: 0% used (0/1000) - No action needed
[2025-11-11 13:01:03] Purok P7: 0.7% used (7/1000) - No action needed
[2025-11-11 13:01:03] === Hourly Key Check Completed ===
[2025-11-11 13:01:03] Puroks regenerated: None
[2025-11-11 14:01:04] === Starting Hourly Key Check ===
[2025-11-11 14:01:04] Purok P1: 1.1% used (11/1000) - No action needed
[2025-11-11 14:01:04] Purok P2: 0.3% used (3/1000) - No action needed
[2025-11-11 14:01:04] Purok P3: 0.5% used (5/1000) - No action needed
[2025-11-11 14:01:04] Purok P4A: 0.1% used (1/1000) - No action needed
[2025-11-11 14:01:04] Purok P4B: 1% used (10/1000) - No action needed
[2025-11-11 14:01:04] Purok P5: 1.9% used (19/1000) - No action needed
[2025-11-11 14:01:04] Purok P6: 0% used (0/1000) - No action needed
[2025-11-11 14:01:04] Purok P7: 0.7% used (7/1000) - No action needed
[2025-11-11 14:01:04] === Hourly Key Check Completed ===
[2025-11-11 14:01:04] Puroks regenerated: None
[2025-11-11 15:01:05] === Starting Hourly Key Check ===
[2025-11-11 15:01:05] Purok P1: 1.1% used (11/1000) - No action needed
[2025-11-11 15:01:05] Purok P2: 0.3% used (3/1000) - No action needed
[2025-11-11 15:01:05] Purok P3: 0.5% used (5/1000) - No action needed
[2025-11-11 15:01:05] Purok P4A: 0.1% used (1/1000) - No action needed
[2025-11-11 15:01:05] Purok P4B: 1% used (10/1000) - No action needed
[2025-11-11 15:01:05] Purok P5: 1.9% used (19/1000) - No action needed
[2025-11-11 15:01:05] Purok P6: 0% used (0/1000) - No action needed
[2025-11-11 15:01:05] Purok P7: 0.7% used (7/1000) - No action needed
[2025-11-11 15:01:05] === Hourly Key Check Completed ===
[2025-11-11 15:01:05] Puroks regenerated: None
[2025-11-11 16:01:03] === Starting Hourly Key Check ===
[2025-11-11 16:01:03] Purok P1: 1.1% used (11/1000) - No action needed
[2025-11-11 16:01:03] Purok P2: 0.3% used (3/1000) - No action needed
[2025-11-11 16:01:03] Purok P3: 0.5% used (5/1000) - No action needed
[2025-11-11 16:01:03] Purok P4A: 0.1% used (1/1000) - No action needed
[2025-11-11 16:01:03] Purok P4B: 1% used (10/1000) - No action needed
[2025-11-11 16:01:03] Purok P5: 1.9% used (19/1000) - No action needed
[2025-11-11 16:01:03] Purok P6: 0% used (0/1000) - No action needed
[2025-11-11 16:01:03] Purok P7: 0.7% used (7/1000) - No action needed
[2025-11-11 16:01:03] === Hourly Key Check Completed ===
[2025-11-11 16:01:03] Puroks regenerated: None
[2025-11-11 17:01:03] === Starting Hourly Key Check ===
[2025-11-11 17:01:03] Purok P1: 1.1% used (11/1000) - No action needed
[2025-11-11 17:01:03] Purok P2: 0.3% used (3/1000) - No action needed
[2025-11-11 17:01:03] Purok P3: 0.5% used (5/1000) - No action needed
[2025-11-11 17:01:03] Purok P4A: 0.1% used (1/1000) - No action needed
[2025-11-11 17:01:03] Purok P4B: 1% used (10/1000) - No action needed
[2025-11-11 17:01:03] Purok P5: 1.9% used (19/1000) - No action needed
[2025-11-11 17:01:03] Purok P6: 0% used (0/1000) - No action needed
[2025-11-11 17:01:03] Purok P7: 0.7% used (7/1000) - No action needed
[2025-11-11 17:01:03] === Hourly Key Check Completed ===
[2025-11-11 17:01:03] Puroks regenerated: None
[2025-11-11 18:01:03] === Starting Hourly Key Check ===
[2025-11-11 18:01:03] Purok P1: 1.1% used (11/1000) - No action needed
[2025-11-11 18:01:03] Purok P2: 0.3% used (3/1000) - No action needed
[2025-11-11 18:01:03] Purok P3: 0.5% used (5/1000) - No action needed
[2025-11-11 18:01:03] Purok P4A: 0.1% used (1/1000) - No action needed
[2025-11-11 18:01:03] Purok P4B: 1% used (10/1000) - No action needed
[2025-11-11 18:01:03] Purok P5: 1.9% used (19/1000) - No action needed
[2025-11-11 18:01:03] Purok P6: 0% used (0/1000) - No action needed
[2025-11-11 18:01:03] Purok P7: 0.7% used (7/1000) - No action needed
[2025-11-11 18:01:03] === Hourly Key Check Completed ===
[2025-11-11 18:01:03] Puroks regenerated: None
[2025-11-11 19:01:03] === Starting Hourly Key Check ===
[2025-11-11 19:01:03] Purok P1: 1.1% used (11/1000) - No action needed
[2025-11-11 19:01:03] Purok P2: 0.3% used (3/1000) - No action needed
[2025-11-11 19:01:03] Purok P3: 0.5% used (5/1000) - No action needed
[2025-11-11 19:01:03] Purok P4A: 0.1% used (1/1000) - No action needed
[2025-11-11 19:01:03] Purok P4B: 1% used (10/1000) - No action needed
[2025-11-11 19:01:03] Purok P5: 1.9% used (19/1000) - No action needed
[2025-11-11 19:01:03] Purok P6: 0% used (0/1000) - No action needed
[2025-11-11 19:01:03] Purok P7: 0.7% used (7/1000) - No action needed
[2025-11-11 19:01:03] === Hourly Key Check Completed ===
[2025-11-11 19:01:03] Puroks regenerated: None
[2025-11-11 20:01:03] === Starting Hourly Key Check ===
[2025-11-11 20:01:03] Purok P1: 1.1% used (11/1000) - No action needed
[2025-11-11 20:01:03] Purok P2: 0.3% used (3/1000) - No action needed
[2025-11-11 20:01:03] Purok P3: 0.5% used (5/1000) - No action needed
[2025-11-11 20:01:03] Purok P4A: 0.1% used (1/1000) - No action needed
[2025-11-11 20:01:03] Purok P4B: 1% used (10/1000) - No action needed
[2025-11-11 20:01:03] Purok P5: 1.9% used (19/1000) - No action needed
[2025-11-11 20:01:03] Purok P6: 0% used (0/1000) - No action needed
[2025-11-11 20:01:03] Purok P7: 0.7% used (7/1000) - No action needed
[2025-11-11 20:01:03] === Hourly Key Check Completed ===
[2025-11-11 20:01:03] Puroks regenerated: None
[2025-11-11 21:01:03] === Starting Hourly Key Check ===
[2025-11-11 21:01:03] Purok P1: 1.1% used (11/1000) - No action needed
[2025-11-11 21:01:03] Purok P2: 0.3% used (3/1000) - No action needed
[2025-11-11 21:01:03] Purok P3: 0.5% used (5/1000) - No action needed
[2025-11-11 21:01:03] Purok P4A: 0.1% used (1/1000) - No action needed
[2025-11-11 21:01:03] Purok P4B: 1% used (10/1000) - No action needed
[2025-11-11 21:01:03] Purok P5: 1.9% used (19/1000) - No action needed
[2025-11-11 21:01:03] Purok P6: 0% used (0/1000) - No action needed
[2025-11-11 21:01:03] Purok P7: 0.7% used (7/1000) - No action needed
[2025-11-11 21:01:03] === Hourly Key Check Completed ===
[2025-11-11 21:01:03] Puroks regenerated: None
[2025-11-11 22:01:03] === Starting Hourly Key Check ===
[2025-11-11 22:01:03] Purok P1: 1.1% used (11/1000) - No action needed
[2025-11-11 22:01:03] Purok P2: 0.3% used (3/1000) - No action needed
[2025-11-11 22:01:03] Purok P3: 0.5% used (5/1000) - No action needed
[2025-11-11 22:01:03] Purok P4A: 0.1% used (1/1000) - No action needed
[2025-11-11 22:01:03] Purok P4B: 1% used (10/1000) - No action needed
[2025-11-11 22:01:03] Purok P5: 1.9% used (19/1000) - No action needed
[2025-11-11 22:01:03] Purok P6: 0% used (0/1000) - No action needed
[2025-11-11 22:01:03] Purok P7: 0.7% used (7/1000) - No action needed
[2025-11-11 22:01:03] === Hourly Key Check Completed ===
[2025-11-11 22:01:03] Puroks regenerated: None
[2025-11-11 23:01:12] === Starting Hourly Key Check ===
[2025-11-11 23:01:12] Purok P1: 1.1% used (11/1000) - No action needed
[2025-11-11 23:01:12] Purok P2: 0.3% used (3/1000) - No action needed
[2025-11-11 23:01:12] Purok P3: 0.5% used (5/1000) - No action needed
[2025-11-11 23:01:12] Purok P4A: 0.1% used (1/1000) - No action needed
[2025-11-11 23:01:12] Purok P4B: 1% used (10/1000) - No action needed
[2025-11-11 23:01:12] Purok P5: 1.9% used (19/1000) - No action needed
[2025-11-11 23:01:12] Purok P6: 0% used (0/1000) - No action needed
[2025-11-11 23:01:12] Purok P7: 0.7% used (7/1000) - No action needed
[2025-11-11 23:01:12] === Hourly Key Check Completed ===
[2025-11-11 23:01:12] Puroks regenerated: None
