[2025-10-26 14:01:02] === Starting Hourly Key Check ===
[2025-10-26 14:01:02] Purok P1: 1.1% used (11/1000) - No action needed
[2025-10-26 14:01:02] Purok P2: 0.3% used (3/1000) - No action needed
[2025-10-26 14:01:02] Purok P3: 0.4% used (4/1000) - No action needed
[2025-10-26 14:01:02] Purok P4A: 0% used (0/1000) - No action needed
[2025-10-26 14:01:02] Purok P4B: 1% used (10/1000) - No action needed
[2025-10-26 14:01:02] Purok P5: 0% used (0/1000) - No action needed
[2025-10-26 14:01:02] Purok P6: 0% used (0/1000) - No action needed
[2025-10-26 14:01:02] Purok P7: 0.1% used (1/1000) - No action needed
[2025-10-26 14:01:02] === Hourly Key Check Completed ===
[2025-10-26 14:01:02] Puroks regenerated: None
[2025-10-26 15:01:04] === Starting Hourly Key Check ===
[2025-10-26 15:01:04] Purok P1: 1.1% used (11/1000) - No action needed
[2025-10-26 15:01:04] Purok P2: 0.3% used (3/1000) - No action needed
[2025-10-26 15:01:04] Purok P3: 0.4% used (4/1000) - No action needed
[2025-10-26 15:01:04] Purok P4A: 0% used (0/1000) - No action needed
[2025-10-26 15:01:04] Purok P4B: 1% used (10/1000) - No action needed
[2025-10-26 15:01:04] Purok P5: 0% used (0/1000) - No action needed
[2025-10-26 15:01:04] Purok P6: 0% used (0/1000) - No action needed
[2025-10-26 15:01:04] Purok P7: 0.1% used (1/1000) - No action needed
[2025-10-26 15:01:04] === Hourly Key Check Completed ===
[2025-10-26 15:01:04] Puroks regenerated: None
[2025-10-26 16:01:02] === Starting Hourly Key Check ===
[2025-10-26 16:01:02] Purok P1: 1.1% used (11/1000) - No action needed
[2025-10-26 16:01:02] Purok P2: 0.3% used (3/1000) - No action needed
[2025-10-26 16:01:02] Purok P3: 0.4% used (4/1000) - No action needed
[2025-10-26 16:01:02] Purok P4A: 0% used (0/1000) - No action needed
[2025-10-26 16:01:02] Purok P4B: 1% used (10/1000) - No action needed
[2025-10-26 16:01:02] Purok P5: 0% used (0/1000) - No action needed
[2025-10-26 16:01:02] Purok P6: 0% used (0/1000) - No action needed
[2025-10-26 16:01:02] Purok P7: 0.1% used (1/1000) - No action needed
[2025-10-26 16:01:02] === Hourly Key Check Completed ===
[2025-10-26 16:01:02] Puroks regenerated: None
[2025-10-26 17:01:14] === Starting Hourly Key Check ===
[2025-10-26 17:01:14] Purok P1: 1.1% used (11/1000) - No action needed
[2025-10-26 17:01:14] Purok P2: 0.3% used (3/1000) - No action needed
[2025-10-26 17:01:14] Purok P3: 0.4% used (4/1000) - No action needed
[2025-10-26 17:01:14] Purok P4A: 0% used (0/1000) - No action needed
[2025-10-26 17:01:14] Purok P4B: 1% used (10/1000) - No action needed
[2025-10-26 17:01:14] Purok P5: 0% used (0/1000) - No action needed
[2025-10-26 17:01:14] Purok P6: 0% used (0/1000) - No action needed
[2025-10-26 17:01:14] Purok P7: 0.1% used (1/1000) - No action needed
[2025-10-26 17:01:14] === Hourly Key Check Completed ===
[2025-10-26 17:01:14] Puroks regenerated: None
[2025-10-26 18:01:02] === Starting Hourly Key Check ===
[2025-10-26 18:01:02] Purok P1: 1.1% used (11/1000) - No action needed
[2025-10-26 18:01:02] Purok P2: 0.3% used (3/1000) - No action needed
[2025-10-26 18:01:02] Purok P3: 0.4% used (4/1000) - No action needed
[2025-10-26 18:01:02] Purok P4A: 0% used (0/1000) - No action needed
[2025-10-26 18:01:02] Purok P4B: 1% used (10/1000) - No action needed
[2025-10-26 18:01:02] Purok P5: 0% used (0/1000) - No action needed
[2025-10-26 18:01:02] Purok P6: 0% used (0/1000) - No action needed
[2025-10-26 18:01:02] Purok P7: 0.1% used (1/1000) - No action needed
[2025-10-26 18:01:02] === Hourly Key Check Completed ===
[2025-10-26 18:01:02] Puroks regenerated: None
[2025-10-26 19:01:03] === Starting Hourly Key Check ===
[2025-10-26 19:01:03] Purok P1: 1.1% used (11/1000) - No action needed
[2025-10-26 19:01:03] Purok P2: 0.3% used (3/1000) - No action needed
[2025-10-26 19:01:03] Purok P3: 0.4% used (4/1000) - No action needed
[2025-10-26 19:01:03] Purok P4A: 0% used (0/1000) - No action needed
[2025-10-26 19:01:03] Purok P4B: 1% used (10/1000) - No action needed
[2025-10-26 19:01:03] Purok P5: 0% used (0/1000) - No action needed
[2025-10-26 19:01:03] Purok P6: 0% used (0/1000) - No action needed
[2025-10-26 19:01:03] Purok P7: 0.1% used (1/1000) - No action needed
[2025-10-26 19:01:03] === Hourly Key Check Completed ===
[2025-10-26 19:01:03] Puroks regenerated: None
[2025-10-26 20:01:02] === Starting Hourly Key Check ===
[2025-10-26 20:01:02] Purok P1: 1.1% used (11/1000) - No action needed
[2025-10-26 20:01:02] Purok P2: 0.3% used (3/1000) - No action needed
[2025-10-26 20:01:02] Purok P3: 0.4% used (4/1000) - No action needed
[2025-10-26 20:01:02] Purok P4A: 0% used (0/1000) - No action needed
[2025-10-26 20:01:02] Purok P4B: 1% used (10/1000) - No action needed
[2025-10-26 20:01:02] Purok P5: 0% used (0/1000) - No action needed
[2025-10-26 20:01:02] Purok P6: 0% used (0/1000) - No action needed
[2025-10-26 20:01:02] Purok P7: 0.1% used (1/1000) - No action needed
[2025-10-26 20:01:02] === Hourly Key Check Completed ===
[2025-10-26 20:01:02] Puroks regenerated: None
[2025-10-26 21:01:02] === Starting Hourly Key Check ===
[2025-10-26 21:01:02] Purok P1: 1.1% used (11/1000) - No action needed
[2025-10-26 21:01:02] Purok P2: 0.3% used (3/1000) - No action needed
[2025-10-26 21:01:02] Purok P3: 0.4% used (4/1000) - No action needed
[2025-10-26 21:01:02] Purok P4A: 0% used (0/1000) - No action needed
[2025-10-26 21:01:02] Purok P4B: 1% used (10/1000) - No action needed
[2025-10-26 21:01:02] Purok P5: 0% used (0/1000) - No action needed
[2025-10-26 21:01:02] Purok P6: 0% used (0/1000) - No action needed
[2025-10-26 21:01:02] Purok P7: 0.1% used (1/1000) - No action needed
[2025-10-26 21:01:02] === Hourly Key Check Completed ===
[2025-10-26 21:01:02] Puroks regenerated: None
[2025-10-26 22:01:02] === Starting Hourly Key Check ===
[2025-10-26 22:01:02] Purok P1: 1.1% used (11/1000) - No action needed
[2025-10-26 22:01:02] Purok P2: 0.3% used (3/1000) - No action needed
[2025-10-26 22:01:02] Purok P3: 0.4% used (4/1000) - No action needed
[2025-10-26 22:01:02] Purok P4A: 0% used (0/1000) - No action needed
[2025-10-26 22:01:02] Purok P4B: 1% used (10/1000) - No action needed
[2025-10-26 22:01:02] Purok P5: 0% used (0/1000) - No action needed
[2025-10-26 22:01:02] Purok P6: 0% used (0/1000) - No action needed
[2025-10-26 22:01:02] Purok P7: 0.1% used (1/1000) - No action needed
[2025-10-26 22:01:02] === Hourly Key Check Completed ===
[2025-10-26 22:01:02] Puroks regenerated: None
[2025-10-26 23:01:02] === Starting Hourly Key Check ===
[2025-10-26 23:01:02] Purok P1: 1.1% used (11/1000) - No action needed
[2025-10-26 23:01:02] Purok P2: 0.3% used (3/1000) - No action needed
[2025-10-26 23:01:02] Purok P3: 0.4% used (4/1000) - No action needed
[2025-10-26 23:01:02] Purok P4A: 0% used (0/1000) - No action needed
[2025-10-26 23:01:02] Purok P4B: 1% used (10/1000) - No action needed
[2025-10-26 23:01:02] Purok P5: 0% used (0/1000) - No action needed
[2025-10-26 23:01:03] Purok P6: 0% used (0/1000) - No action needed
[2025-10-26 23:01:03] Purok P7: 0.1% used (1/1000) - No action needed
[2025-10-26 23:01:03] === Hourly Key Check Completed ===
[2025-10-26 23:01:03] Puroks regenerated: None
