[2025-10-12 00:01:03] === Starting Hourly Key Check ===
[2025-10-12 00:01:03] Purok P1: 0% used (0/1000) - No action needed
[2025-10-12 00:01:03] Purok P2: 0% used (0/1000) - No action needed
[2025-10-12 00:01:03] Purok P3: 0% used (0/1000) - No action needed
[2025-10-12 00:01:03] Purok P4A: 0% used (0/1000) - No action needed
[2025-10-12 00:01:03] Purok P4B: 0% used (0/1000) - No action needed
[2025-10-12 00:01:03] Purok P5: 0% used (0/1000) - No action needed
[2025-10-12 00:01:03] Purok P6: 0% used (0/1000) - No action needed
[2025-10-12 00:01:03] Purok P7: 0% used (0/1000) - No action needed
[2025-10-12 00:01:03] === Hourly Key Check Completed ===
[2025-10-12 00:01:03] Puroks regenerated: None
[2025-10-12 01:01:03] === Starting Hourly Key Check ===
[2025-10-12 01:01:03] Purok P1: 0% used (0/1000) - No action needed
[2025-10-12 01:01:03] Purok P2: 0% used (0/1000) - No action needed
[2025-10-12 01:01:03] Purok P3: 0% used (0/1000) - No action needed
[2025-10-12 01:01:03] Purok P4A: 0% used (0/1000) - No action needed
[2025-10-12 01:01:03] Purok P4B: 0% used (0/1000) - No action needed
[2025-10-12 01:01:03] Purok P5: 0% used (0/1000) - No action needed
[2025-10-12 01:01:03] Purok P6: 0% used (0/1000) - No action needed
[2025-10-12 01:01:03] Purok P7: 0% used (0/1000) - No action needed
[2025-10-12 01:01:03] === Hourly Key Check Completed ===
[2025-10-12 01:01:03] Puroks regenerated: None
[2025-10-12 02:01:03] === Starting Hourly Key Check ===
[2025-10-12 02:01:03] Purok P1: 0% used (0/1000) - No action needed
[2025-10-12 02:01:03] Purok P2: 0% used (0/1000) - No action needed
[2025-10-12 02:01:03] Purok P3: 0% used (0/1000) - No action needed
[2025-10-12 02:01:03] Purok P4A: 0% used (0/1000) - No action needed
[2025-10-12 02:01:03] Purok P4B: 0% used (0/1000) - No action needed
[2025-10-12 02:01:03] Purok P5: 0% used (0/1000) - No action needed
[2025-10-12 02:01:03] Purok P6: 0% used (0/1000) - No action needed
[2025-10-12 02:01:03] Purok P7: 0% used (0/1000) - No action needed
[2025-10-12 02:01:03] === Hourly Key Check Completed ===
[2025-10-12 02:01:03] Puroks regenerated: None
[2025-10-12 03:01:03] === Starting Hourly Key Check ===
[2025-10-12 03:01:03] Purok P1: 0% used (0/1000) - No action needed
[2025-10-12 03:01:03] Purok P2: 0% used (0/1000) - No action needed
[2025-10-12 03:01:03] Purok P3: 0% used (0/1000) - No action needed
[2025-10-12 03:01:03] Purok P4A: 0% used (0/1000) - No action needed
[2025-10-12 03:01:03] Purok P4B: 0% used (0/1000) - No action needed
[2025-10-12 03:01:03] Purok P5: 0% used (0/1000) - No action needed
[2025-10-12 03:01:03] Purok P6: 0% used (0/1000) - No action needed
[2025-10-12 03:01:03] Purok P7: 0% used (0/1000) - No action needed
[2025-10-12 03:01:03] === Hourly Key Check Completed ===
[2025-10-12 03:01:03] Puroks regenerated: None
[2025-10-12 04:01:02] === Starting Hourly Key Check ===
[2025-10-12 04:01:02] Purok P1: 0% used (0/1000) - No action needed
[2025-10-12 04:01:02] Purok P2: 0% used (0/1000) - No action needed
[2025-10-12 04:01:02] Purok P3: 0% used (0/1000) - No action needed
[2025-10-12 04:01:02] Purok P4A: 0% used (0/1000) - No action needed
[2025-10-12 04:01:02] Purok P4B: 0% used (0/1000) - No action needed
[2025-10-12 04:01:02] Purok P5: 0% used (0/1000) - No action needed
[2025-10-12 04:01:02] Purok P6: 0% used (0/1000) - No action needed
[2025-10-12 04:01:02] Purok P7: 0% used (0/1000) - No action needed
[2025-10-12 04:01:02] === Hourly Key Check Completed ===
[2025-10-12 04:01:02] Puroks regenerated: None
[2025-10-12 05:01:03] === Starting Hourly Key Check ===
[2025-10-12 05:01:03] Purok P1: 0% used (0/1000) - No action needed
[2025-10-12 05:01:03] Purok P2: 0% used (0/1000) - No action needed
[2025-10-12 05:01:03] Purok P3: 0% used (0/1000) - No action needed
[2025-10-12 05:01:03] Purok P4A: 0% used (0/1000) - No action needed
[2025-10-12 05:01:03] Purok P4B: 0% used (0/1000) - No action needed
[2025-10-12 05:01:03] Purok P5: 0% used (0/1000) - No action needed
[2025-10-12 05:01:03] Purok P6: 0% used (0/1000) - No action needed
[2025-10-12 05:01:03] Purok P7: 0% used (0/1000) - No action needed
[2025-10-12 05:01:03] === Hourly Key Check Completed ===
[2025-10-12 05:01:03] Puroks regenerated: None
[2025-10-12 06:01:03] === Starting Hourly Key Check ===
[2025-10-12 06:01:03] Purok P1: 0% used (0/1000) - No action needed
[2025-10-12 06:01:03] Purok P2: 0% used (0/1000) - No action needed
[2025-10-12 06:01:03] Purok P3: 0% used (0/1000) - No action needed
[2025-10-12 06:01:03] Purok P4A: 0% used (0/1000) - No action needed
[2025-10-12 06:01:03] Purok P4B: 0% used (0/1000) - No action needed
[2025-10-12 06:01:03] Purok P5: 0% used (0/1000) - No action needed
[2025-10-12 06:01:03] Purok P6: 0% used (0/1000) - No action needed
[2025-10-12 06:01:03] Purok P7: 0% used (0/1000) - No action needed
[2025-10-12 06:01:03] === Hourly Key Check Completed ===
[2025-10-12 06:01:03] Puroks regenerated: None
[2025-10-12 07:01:08] === Starting Hourly Key Check ===
[2025-10-12 07:01:08] Purok P1: 0% used (0/1000) - No action needed
[2025-10-12 07:01:08] Purok P2: 0% used (0/1000) - No action needed
[2025-10-12 07:01:08] Purok P3: 0% used (0/1000) - No action needed
[2025-10-12 07:01:08] Purok P4A: 0% used (0/1000) - No action needed
[2025-10-12 07:01:08] Purok P4B: 0% used (0/1000) - No action needed
[2025-10-12 07:01:08] Purok P5: 0% used (0/1000) - No action needed
[2025-10-12 07:01:08] Purok P6: 0% used (0/1000) - No action needed
[2025-10-12 07:01:08] Purok P7: 0% used (0/1000) - No action needed
[2025-10-12 07:01:08] === Hourly Key Check Completed ===
[2025-10-12 07:01:08] Puroks regenerated: None
[2025-10-12 08:01:03] === Starting Hourly Key Check ===
[2025-10-12 08:01:03] Purok P1: 0% used (0/1000) - No action needed
[2025-10-12 08:01:03] Purok P2: 0% used (0/1000) - No action needed
[2025-10-12 08:01:03] Purok P3: 0% used (0/1000) - No action needed
[2025-10-12 08:01:03] Purok P4A: 0% used (0/1000) - No action needed
[2025-10-12 08:01:03] Purok P4B: 0% used (0/1000) - No action needed
[2025-10-12 08:01:03] Purok P5: 0% used (0/1000) - No action needed
[2025-10-12 08:01:03] Purok P6: 0% used (0/1000) - No action needed
[2025-10-12 08:01:03] Purok P7: 0% used (0/1000) - No action needed
[2025-10-12 08:01:03] === Hourly Key Check Completed ===
[2025-10-12 08:01:03] Puroks regenerated: None
[2025-10-12 09:01:02] === Starting Hourly Key Check ===
[2025-10-12 09:01:02] Purok P1: 0% used (0/1000) - No action needed
[2025-10-12 09:01:02] Purok P2: 0% used (0/1000) - No action needed
[2025-10-12 09:01:02] Purok P3: 0% used (0/1000) - No action needed
[2025-10-12 09:01:02] Purok P4A: 0% used (0/1000) - No action needed
[2025-10-12 09:01:02] Purok P4B: 0% used (0/1000) - No action needed
[2025-10-12 09:01:02] Purok P5: 0% used (0/1000) - No action needed
[2025-10-12 09:01:02] Purok P6: 0% used (0/1000) - No action needed
[2025-10-12 09:01:02] Purok P7: 0% used (0/1000) - No action needed
[2025-10-12 09:01:02] === Hourly Key Check Completed ===
[2025-10-12 09:01:02] Puroks regenerated: None
[2025-10-12 10:01:02] === Starting Hourly Key Check ===
[2025-10-12 10:01:02] Purok P1: 0% used (0/1000) - No action needed
[2025-10-12 10:01:02] Purok P2: 0% used (0/1000) - No action needed
[2025-10-12 10:01:02] Purok P3: 0% used (0/1000) - No action needed
[2025-10-12 10:01:02] Purok P4A: 0% used (0/1000) - No action needed
[2025-10-12 10:01:02] Purok P4B: 0% used (0/1000) - No action needed
[2025-10-12 10:01:02] Purok P5: 0% used (0/1000) - No action needed
[2025-10-12 10:01:02] Purok P6: 0% used (0/1000) - No action needed
[2025-10-12 10:01:02] Purok P7: 0% used (0/1000) - No action needed
[2025-10-12 10:01:02] === Hourly Key Check Completed ===
[2025-10-12 10:01:02] Puroks regenerated: None
[2025-10-12 11:01:02] === Starting Hourly Key Check ===
[2025-10-12 11:01:02] Purok P1: 0% used (0/1000) - No action needed
[2025-10-12 11:01:02] Purok P2: 0% used (0/1000) - No action needed
[2025-10-12 11:01:02] Purok P3: 0% used (0/1000) - No action needed
[2025-10-12 11:01:02] Purok P4A: 0% used (0/1000) - No action needed
[2025-10-12 11:01:02] Purok P4B: 0% used (0/1000) - No action needed
[2025-10-12 11:01:02] Purok P5: 0% used (0/1000) - No action needed
[2025-10-12 11:01:02] Purok P6: 0% used (0/1000) - No action needed
[2025-10-12 11:01:02] Purok P7: 0% used (0/1000) - No action needed
[2025-10-12 11:01:02] === Hourly Key Check Completed ===
[2025-10-12 11:01:02] Puroks regenerated: None
[2025-10-12 12:01:07] === Starting Hourly Key Check ===
[2025-10-12 12:01:07] Purok P1: 0% used (0/1000) - No action needed
[2025-10-12 12:01:07] Purok P2: 0% used (0/1000) - No action needed
[2025-10-12 12:01:07] Purok P3: 0% used (0/1000) - No action needed
[2025-10-12 12:01:07] Purok P4A: 0% used (0/1000) - No action needed
[2025-10-12 12:01:07] Purok P4B: 0% used (0/1000) - No action needed
[2025-10-12 12:01:07] Purok P5: 0% used (0/1000) - No action needed
[2025-10-12 12:01:07] Purok P6: 0% used (0/1000) - No action needed
[2025-10-12 12:01:07] Purok P7: 0% used (0/1000) - No action needed
[2025-10-12 12:01:07] === Hourly Key Check Completed ===
[2025-10-12 12:01:07] Puroks regenerated: None
[2025-10-12 13:01:03] === Starting Hourly Key Check ===
[2025-10-12 13:01:03] Purok P1: 0% used (0/1000) - No action needed
[2025-10-12 13:01:03] Purok P2: 0% used (0/1000) - No action needed
[2025-10-12 13:01:03] Purok P3: 0% used (0/1000) - No action needed
[2025-10-12 13:01:03] Purok P4A: 0% used (0/1000) - No action needed
[2025-10-12 13:01:03] Purok P4B: 0% used (0/1000) - No action needed
[2025-10-12 13:01:03] Purok P5: 0% used (0/1000) - No action needed
[2025-10-12 13:01:03] Purok P6: 0% used (0/1000) - No action needed
[2025-10-12 13:01:03] Purok P7: 0% used (0/1000) - No action needed
[2025-10-12 13:01:03] === Hourly Key Check Completed ===
[2025-10-12 13:01:03] Puroks regenerated: None
[2025-10-12 14:01:02] === Starting Hourly Key Check ===
[2025-10-12 14:01:02] Purok P1: 0% used (0/1000) - No action needed
[2025-10-12 14:01:02] Purok P2: 0% used (0/1000) - No action needed
[2025-10-12 14:01:02] Purok P3: 0% used (0/1000) - No action needed
[2025-10-12 14:01:02] Purok P4A: 0% used (0/1000) - No action needed
[2025-10-12 14:01:02] Purok P4B: 0% used (0/1000) - No action needed
[2025-10-12 14:01:02] Purok P5: 0% used (0/1000) - No action needed
[2025-10-12 14:01:02] Purok P6: 0% used (0/1000) - No action needed
[2025-10-12 14:01:02] Purok P7: 0% used (0/1000) - No action needed
[2025-10-12 14:01:02] === Hourly Key Check Completed ===
[2025-10-12 14:01:02] Puroks regenerated: None
[2025-10-12 15:01:03] === Starting Hourly Key Check ===
[2025-10-12 15:01:03] Purok P1: 0% used (0/1000) - No action needed
[2025-10-12 15:01:03] Purok P2: 0% used (0/1000) - No action needed
[2025-10-12 15:01:03] Purok P3: 0% used (0/1000) - No action needed
[2025-10-12 15:01:03] Purok P4A: 0% used (0/1000) - No action needed
[2025-10-12 15:01:03] Purok P4B: 0% used (0/1000) - No action needed
[2025-10-12 15:01:03] Purok P5: 0% used (0/1000) - No action needed
[2025-10-12 15:01:03] Purok P6: 0% used (0/1000) - No action needed
[2025-10-12 15:01:03] Purok P7: 0% used (0/1000) - No action needed
[2025-10-12 15:01:03] === Hourly Key Check Completed ===
[2025-10-12 15:01:03] Puroks regenerated: None
[2025-10-12 16:01:03] === Starting Hourly Key Check ===
[2025-10-12 16:01:03] Purok P1: 0% used (0/1000) - No action needed
[2025-10-12 16:01:03] Purok P2: 0% used (0/1000) - No action needed
[2025-10-12 16:01:03] Purok P3: 0% used (0/1000) - No action needed
[2025-10-12 16:01:03] Purok P4A: 0% used (0/1000) - No action needed
[2025-10-12 16:01:03] Purok P4B: 0% used (0/1000) - No action needed
[2025-10-12 16:01:03] Purok P5: 0% used (0/1000) - No action needed
[2025-10-12 16:01:03] Purok P6: 0% used (0/1000) - No action needed
[2025-10-12 16:01:03] Purok P7: 0% used (0/1000) - No action needed
[2025-10-12 16:01:03] === Hourly Key Check Completed ===
[2025-10-12 16:01:03] Puroks regenerated: None
[2025-10-12 17:01:03] === Starting Hourly Key Check ===
[2025-10-12 17:01:03] Purok P1: 0% used (0/1000) - No action needed
[2025-10-12 17:01:03] Purok P2: 0% used (0/1000) - No action needed
[2025-10-12 17:01:03] Purok P3: 0% used (0/1000) - No action needed
[2025-10-12 17:01:03] Purok P4A: 0% used (0/1000) - No action needed
[2025-10-12 17:01:03] Purok P4B: 0% used (0/1000) - No action needed
[2025-10-12 17:01:03] Purok P5: 0% used (0/1000) - No action needed
[2025-10-12 17:01:03] Purok P6: 0% used (0/1000) - No action needed
[2025-10-12 17:01:03] Purok P7: 0% used (0/1000) - No action needed
[2025-10-12 17:01:03] === Hourly Key Check Completed ===
[2025-10-12 17:01:03] Puroks regenerated: None
[2025-10-12 18:01:03] === Starting Hourly Key Check ===
[2025-10-12 18:01:03] Purok P1: 0% used (0/1000) - No action needed
[2025-10-12 18:01:03] Purok P2: 0% used (0/1000) - No action needed
[2025-10-12 18:01:03] Purok P3: 0% used (0/1000) - No action needed
[2025-10-12 18:01:03] Purok P4A: 0% used (0/1000) - No action needed
[2025-10-12 18:01:03] Purok P4B: 0% used (0/1000) - No action needed
[2025-10-12 18:01:03] Purok P5: 0% used (0/1000) - No action needed
[2025-10-12 18:01:03] Purok P6: 0% used (0/1000) - No action needed
[2025-10-12 18:01:03] Purok P7: 0% used (0/1000) - No action needed
[2025-10-12 18:01:03] === Hourly Key Check Completed ===
[2025-10-12 18:01:03] Puroks regenerated: None
[2025-10-12 20:01:02] === Starting Hourly Key Check ===
[2025-10-12 20:01:02] Purok P1: 0% used (0/1000) - No action needed
[2025-10-12 20:01:02] Purok P2: 0% used (0/1000) - No action needed
[2025-10-12 20:01:02] Purok P3: 0% used (0/1000) - No action needed
[2025-10-12 20:01:02] Purok P4A: 0% used (0/1000) - No action needed
[2025-10-12 20:01:02] Purok P4B: 0% used (0/1000) - No action needed
[2025-10-12 20:01:02] Purok P5: 0% used (0/1000) - No action needed
[2025-10-12 20:01:02] Purok P6: 0% used (0/1000) - No action needed
[2025-10-12 20:01:02] Purok P7: 0% used (0/1000) - No action needed
[2025-10-12 20:01:02] === Hourly Key Check Completed ===
[2025-10-12 20:01:02] Puroks regenerated: None
[2025-10-12 21:01:03] === Starting Hourly Key Check ===
[2025-10-12 21:01:03] Purok P1: 0% used (0/1000) - No action needed
[2025-10-12 21:01:03] Purok P2: 0% used (0/1000) - No action needed
[2025-10-12 21:01:03] Purok P3: 0% used (0/1000) - No action needed
[2025-10-12 21:01:03] Purok P4A: 0% used (0/1000) - No action needed
[2025-10-12 21:01:03] Purok P4B: 0% used (0/1000) - No action needed
[2025-10-12 21:01:03] Purok P5: 0% used (0/1000) - No action needed
[2025-10-12 21:01:03] Purok P6: 0% used (0/1000) - No action needed
[2025-10-12 21:01:03] Purok P7: 0% used (0/1000) - No action needed
[2025-10-12 21:01:03] === Hourly Key Check Completed ===
[2025-10-12 21:01:03] Puroks regenerated: None
[2025-10-12 22:01:02] === Starting Hourly Key Check ===
[2025-10-12 22:01:02] Purok P1: 0% used (0/1000) - No action needed
[2025-10-12 22:01:02] Purok P2: 0% used (0/1000) - No action needed
[2025-10-12 22:01:02] Purok P3: 0% used (0/1000) - No action needed
[2025-10-12 22:01:02] Purok P4A: 0% used (0/1000) - No action needed
[2025-10-12 22:01:02] Purok P4B: 0% used (0/1000) - No action needed
[2025-10-12 22:01:02] Purok P5: 0% used (0/1000) - No action needed
[2025-10-12 22:01:02] Purok P6: 0% used (0/1000) - No action needed
[2025-10-12 22:01:02] Purok P7: 0% used (0/1000) - No action needed
[2025-10-12 22:01:02] === Hourly Key Check Completed ===
[2025-10-12 22:01:02] Puroks regenerated: None
[2025-10-12 23:01:04] === Starting Hourly Key Check ===
[2025-10-12 23:01:04] Purok P1: 0% used (0/1000) - No action needed
[2025-10-12 23:01:04] Purok P2: 0% used (0/1000) - No action needed
[2025-10-12 23:01:04] Purok P3: 0% used (0/1000) - No action needed
[2025-10-12 23:01:04] Purok P4A: 0% used (0/1000) - No action needed
[2025-10-12 23:01:04] Purok P4B: 0% used (0/1000) - No action needed
[2025-10-12 23:01:04] Purok P5: 0% used (0/1000) - No action needed
[2025-10-12 23:01:04] Purok P6: 0% used (0/1000) - No action needed
[2025-10-12 23:01:04] Purok P7: 0% used (0/1000) - No action needed
[2025-10-12 23:01:04] === Hourly Key Check Completed ===
[2025-10-12 23:01:04] Puroks regenerated: None
