[2025-11-26 00:01:03] === Starting Hourly Key Check ===
[2025-11-26 00:01:03] Purok P1: 1.1% used (11/1000) - No action needed
[2025-11-26 00:01:03] Purok P2: 3.5% used (35/1000) - No action needed
[2025-11-26 00:01:03] Purok P3: 0.5% used (5/1000) - No action needed
[2025-11-26 00:01:03] Purok P4A: 2.3% used (23/1000) - No action needed
[2025-11-26 00:01:03] Purok P4B: 1% used (10/1000) - No action needed
[2025-11-26 00:01:03] Purok P5: 1.9% used (19/1000) - No action needed
[2025-11-26 00:01:03] Purok P6: 2.9% used (29/1000) - No action needed
[2025-11-26 00:01:03] Purok P7: 1.4% used (14/1000) - No action needed
[2025-11-26 00:01:03] === Hourly Key Check Completed ===
[2025-11-26 00:01:03] Puroks regenerated: None
[2025-11-26 01:01:03] === Starting Hourly Key Check ===
[2025-11-26 01:01:03] Purok P1: 1.1% used (11/1000) - No action needed
[2025-11-26 01:01:03] Purok P2: 3.5% used (35/1000) - No action needed
[2025-11-26 01:01:03] Purok P3: 0.5% used (5/1000) - No action needed
[2025-11-26 01:01:03] Purok P4A: 2.3% used (23/1000) - No action needed
[2025-11-26 01:01:03] Purok P4B: 1% used (10/1000) - No action needed
[2025-11-26 01:01:03] Purok P5: 1.9% used (19/1000) - No action needed
[2025-11-26 01:01:03] Purok P6: 2.9% used (29/1000) - No action needed
[2025-11-26 01:01:03] Purok P7: 1.4% used (14/1000) - No action needed
[2025-11-26 01:01:03] === Hourly Key Check Completed ===
[2025-11-26 01:01:03] Puroks regenerated: None
[2025-11-26 02:01:03] === Starting Hourly Key Check ===
[2025-11-26 02:01:03] Purok P1: 1.1% used (11/1000) - No action needed
[2025-11-26 02:01:03] Purok P2: 3.5% used (35/1000) - No action needed
[2025-11-26 02:01:03] Purok P3: 0.5% used (5/1000) - No action needed
[2025-11-26 02:01:03] Purok P4A: 2.3% used (23/1000) - No action needed
[2025-11-26 02:01:03] Purok P4B: 1% used (10/1000) - No action needed
[2025-11-26 02:01:03] Purok P5: 1.9% used (19/1000) - No action needed
[2025-11-26 02:01:03] Purok P6: 2.9% used (29/1000) - No action needed
[2025-11-26 02:01:03] Purok P7: 1.4% used (14/1000) - No action needed
[2025-11-26 02:01:03] === Hourly Key Check Completed ===
[2025-11-26 02:01:03] Puroks regenerated: None
[2025-11-26 03:01:03] === Starting Hourly Key Check ===
[2025-11-26 03:01:03] Purok P1: 1.1% used (11/1000) - No action needed
[2025-11-26 03:01:03] Purok P2: 3.5% used (35/1000) - No action needed
[2025-11-26 03:01:03] Purok P3: 0.5% used (5/1000) - No action needed
[2025-11-26 03:01:03] Purok P4A: 2.3% used (23/1000) - No action needed
[2025-11-26 03:01:03] Purok P4B: 1% used (10/1000) - No action needed
[2025-11-26 03:01:03] Purok P5: 1.9% used (19/1000) - No action needed
[2025-11-26 03:01:03] Purok P6: 2.9% used (29/1000) - No action needed
[2025-11-26 03:01:03] Purok P7: 1.4% used (14/1000) - No action needed
[2025-11-26 03:01:03] === Hourly Key Check Completed ===
[2025-11-26 03:01:03] Puroks regenerated: None
[2025-11-26 04:01:03] === Starting Hourly Key Check ===
[2025-11-26 04:01:03] Purok P1: 1.1% used (11/1000) - No action needed
[2025-11-26 04:01:03] Purok P2: 3.5% used (35/1000) - No action needed
[2025-11-26 04:01:03] Purok P3: 0.5% used (5/1000) - No action needed
[2025-11-26 04:01:03] Purok P4A: 2.3% used (23/1000) - No action needed
[2025-11-26 04:01:03] Purok P4B: 1% used (10/1000) - No action needed
[2025-11-26 04:01:03] Purok P5: 1.9% used (19/1000) - No action needed
[2025-11-26 04:01:03] Purok P6: 2.9% used (29/1000) - No action needed
[2025-11-26 04:01:03] Purok P7: 1.4% used (14/1000) - No action needed
[2025-11-26 04:01:03] === Hourly Key Check Completed ===
[2025-11-26 04:01:03] Puroks regenerated: None
[2025-11-26 05:01:07] === Starting Hourly Key Check ===
[2025-11-26 05:01:07] Purok P1: 1.1% used (11/1000) - No action needed
[2025-11-26 05:01:07] Purok P2: 3.5% used (35/1000) - No action needed
[2025-11-26 05:01:07] Purok P3: 0.5% used (5/1000) - No action needed
[2025-11-26 05:01:07] Purok P4A: 2.3% used (23/1000) - No action needed
[2025-11-26 05:01:07] Purok P4B: 1% used (10/1000) - No action needed
[2025-11-26 05:01:07] Purok P5: 1.9% used (19/1000) - No action needed
[2025-11-26 05:01:07] Purok P6: 2.9% used (29/1000) - No action needed
[2025-11-26 05:01:07] Purok P7: 1.4% used (14/1000) - No action needed
[2025-11-26 05:01:07] === Hourly Key Check Completed ===
[2025-11-26 05:01:07] Puroks regenerated: None
[2025-11-26 06:01:03] === Starting Hourly Key Check ===
[2025-11-26 06:01:03] Purok P1: 1.1% used (11/1000) - No action needed
[2025-11-26 06:01:03] Purok P2: 3.5% used (35/1000) - No action needed
[2025-11-26 06:01:03] Purok P3: 0.5% used (5/1000) - No action needed
[2025-11-26 06:01:03] Purok P4A: 2.3% used (23/1000) - No action needed
[2025-11-26 06:01:03] Purok P4B: 1% used (10/1000) - No action needed
[2025-11-26 06:01:03] Purok P5: 1.9% used (19/1000) - No action needed
[2025-11-26 06:01:03] Purok P6: 2.9% used (29/1000) - No action needed
[2025-11-26 06:01:03] Purok P7: 1.4% used (14/1000) - No action needed
[2025-11-26 06:01:03] === Hourly Key Check Completed ===
[2025-11-26 06:01:03] Puroks regenerated: None
[2025-11-26 07:01:02] === Starting Hourly Key Check ===
[2025-11-26 07:01:02] Purok P1: 1.1% used (11/1000) - No action needed
[2025-11-26 07:01:02] Purok P2: 3.5% used (35/1000) - No action needed
[2025-11-26 07:01:02] Purok P3: 0.5% used (5/1000) - No action needed
[2025-11-26 07:01:02] Purok P4A: 2.3% used (23/1000) - No action needed
[2025-11-26 07:01:02] Purok P4B: 1% used (10/1000) - No action needed
[2025-11-26 07:01:02] Purok P5: 1.9% used (19/1000) - No action needed
[2025-11-26 07:01:02] Purok P6: 2.9% used (29/1000) - No action needed
[2025-11-26 07:01:02] Purok P7: 1.4% used (14/1000) - No action needed
[2025-11-26 07:01:02] === Hourly Key Check Completed ===
[2025-11-26 07:01:02] Puroks regenerated: None
[2025-11-26 08:01:03] === Starting Hourly Key Check ===
[2025-11-26 08:01:03] Purok P1: 1.1% used (11/1000) - No action needed
[2025-11-26 08:01:03] Purok P2: 3.5% used (35/1000) - No action needed
[2025-11-26 08:01:03] Purok P3: 0.5% used (5/1000) - No action needed
[2025-11-26 08:01:03] Purok P4A: 2.3% used (23/1000) - No action needed
[2025-11-26 08:01:03] Purok P4B: 1% used (10/1000) - No action needed
[2025-11-26 08:01:03] Purok P5: 1.9% used (19/1000) - No action needed
[2025-11-26 08:01:03] Purok P6: 2.9% used (29/1000) - No action needed
[2025-11-26 08:01:03] Purok P7: 1.4% used (14/1000) - No action needed
[2025-11-26 08:01:03] === Hourly Key Check Completed ===
[2025-11-26 08:01:03] Puroks regenerated: None
[2025-11-26 09:01:03] === Starting Hourly Key Check ===
[2025-11-26 09:01:03] Purok P1: 1.1% used (11/1000) - No action needed
[2025-11-26 09:01:03] Purok P2: 3.5% used (35/1000) - No action needed
[2025-11-26 09:01:03] Purok P3: 0.5% used (5/1000) - No action needed
[2025-11-26 09:01:03] Purok P4A: 2.3% used (23/1000) - No action needed
[2025-11-26 09:01:03] Purok P4B: 1% used (10/1000) - No action needed
[2025-11-26 09:01:03] Purok P5: 1.9% used (19/1000) - No action needed
[2025-11-26 09:01:03] Purok P6: 2.9% used (29/1000) - No action needed
[2025-11-26 09:01:03] Purok P7: 1.4% used (14/1000) - No action needed
[2025-11-26 09:01:03] === Hourly Key Check Completed ===
[2025-11-26 09:01:03] Puroks regenerated: None
[2025-11-26 10:01:02] === Starting Hourly Key Check ===
[2025-11-26 10:01:02] Purok P1: 1.1% used (11/1000) - No action needed
[2025-11-26 10:01:02] Purok P2: 3.5% used (35/1000) - No action needed
[2025-11-26 10:01:02] Purok P3: 0.5% used (5/1000) - No action needed
[2025-11-26 10:01:02] Purok P4A: 2.3% used (23/1000) - No action needed
[2025-11-26 10:01:02] Purok P4B: 1% used (10/1000) - No action needed
[2025-11-26 10:01:02] Purok P5: 1.9% used (19/1000) - No action needed
[2025-11-26 10:01:02] Purok P6: 2.9% used (29/1000) - No action needed
[2025-11-26 10:01:02] Purok P7: 1.4% used (14/1000) - No action needed
[2025-11-26 10:01:03] === Hourly Key Check Completed ===
[2025-11-26 10:01:03] Puroks regenerated: None
[2025-11-26 11:01:03] === Starting Hourly Key Check ===
[2025-11-26 11:01:03] Purok P1: 1.1% used (11/1000) - No action needed
[2025-11-26 11:01:03] Purok P2: 3.5% used (35/1000) - No action needed
[2025-11-26 11:01:03] Purok P3: 0.5% used (5/1000) - No action needed
[2025-11-26 11:01:03] Purok P4A: 2.3% used (23/1000) - No action needed
[2025-11-26 11:01:03] Purok P4B: 1% used (10/1000) - No action needed
[2025-11-26 11:01:03] Purok P5: 1.9% used (19/1000) - No action needed
[2025-11-26 11:01:03] Purok P6: 2.9% used (29/1000) - No action needed
[2025-11-26 11:01:03] Purok P7: 1.4% used (14/1000) - No action needed
[2025-11-26 11:01:03] === Hourly Key Check Completed ===
[2025-11-26 11:01:03] Puroks regenerated: None
[2025-11-26 12:01:03] === Starting Hourly Key Check ===
[2025-11-26 12:01:03] Purok P1: 1.1% used (11/1000) - No action needed
[2025-11-26 12:01:03] Purok P2: 3.5% used (35/1000) - No action needed
[2025-11-26 12:01:03] Purok P3: 0.5% used (5/1000) - No action needed
[2025-11-26 12:01:03] Purok P4A: 2.3% used (23/1000) - No action needed
[2025-11-26 12:01:03] Purok P4B: 1% used (10/1000) - No action needed
[2025-11-26 12:01:03] Purok P5: 1.9% used (19/1000) - No action needed
[2025-11-26 12:01:03] Purok P6: 2.9% used (29/1000) - No action needed
[2025-11-26 12:01:03] Purok P7: 1.4% used (14/1000) - No action needed
[2025-11-26 12:01:03] === Hourly Key Check Completed ===
[2025-11-26 12:01:03] Puroks regenerated: None
[2025-11-26 13:01:02] === Starting Hourly Key Check ===
[2025-11-26 13:01:02] Purok P1: 1.1% used (11/1000) - No action needed
[2025-11-26 13:01:02] Purok P2: 3.5% used (35/1000) - No action needed
[2025-11-26 13:01:02] Purok P3: 0.5% used (5/1000) - No action needed
[2025-11-26 13:01:02] Purok P4A: 2.3% used (23/1000) - No action needed
[2025-11-26 13:01:02] Purok P4B: 1% used (10/1000) - No action needed
[2025-11-26 13:01:02] Purok P5: 1.9% used (19/1000) - No action needed
[2025-11-26 13:01:02] Purok P6: 2.9% used (29/1000) - No action needed
[2025-11-26 13:01:02] Purok P7: 1.4% used (14/1000) - No action needed
[2025-11-26 13:01:02] === Hourly Key Check Completed ===
[2025-11-26 13:01:02] Puroks regenerated: None
[2025-11-26 14:01:04] === Starting Hourly Key Check ===
[2025-11-26 14:01:04] Purok P1: 1.1% used (11/1000) - No action needed
[2025-11-26 14:01:04] Purok P2: 3.5% used (35/1000) - No action needed
[2025-11-26 14:01:04] Purok P3: 0.5% used (5/1000) - No action needed
[2025-11-26 14:01:04] Purok P4A: 2.3% used (23/1000) - No action needed
[2025-11-26 14:01:04] Purok P4B: 1% used (10/1000) - No action needed
[2025-11-26 14:01:04] Purok P5: 1.9% used (19/1000) - No action needed
[2025-11-26 14:01:04] Purok P6: 2.9% used (29/1000) - No action needed
[2025-11-26 14:01:04] Purok P7: 1.4% used (14/1000) - No action needed
[2025-11-26 14:01:04] === Hourly Key Check Completed ===
[2025-11-26 14:01:04] Puroks regenerated: None
[2025-11-26 15:01:03] === Starting Hourly Key Check ===
[2025-11-26 15:01:03] Purok P1: 1.1% used (11/1000) - No action needed
[2025-11-26 15:01:03] Purok P2: 3.5% used (35/1000) - No action needed
[2025-11-26 15:01:03] Purok P3: 0.5% used (5/1000) - No action needed
[2025-11-26 15:01:03] Purok P4A: 2.3% used (23/1000) - No action needed
[2025-11-26 15:01:03] Purok P4B: 1% used (10/1000) - No action needed
[2025-11-26 15:01:03] Purok P5: 1.9% used (19/1000) - No action needed
[2025-11-26 15:01:03] Purok P6: 2.9% used (29/1000) - No action needed
[2025-11-26 15:01:03] Purok P7: 1.4% used (14/1000) - No action needed
[2025-11-26 15:01:03] === Hourly Key Check Completed ===
[2025-11-26 15:01:03] Puroks regenerated: None
[2025-11-26 16:01:03] === Starting Hourly Key Check ===
[2025-11-26 16:01:03] Purok P1: 1.1% used (11/1000) - No action needed
[2025-11-26 16:01:04] Purok P2: 3.5% used (35/1000) - No action needed
[2025-11-26 16:01:04] Purok P3: 0.5% used (5/1000) - No action needed
[2025-11-26 16:01:04] Purok P4A: 2.3% used (23/1000) - No action needed
[2025-11-26 16:01:04] Purok P4B: 1% used (10/1000) - No action needed
[2025-11-26 16:01:04] Purok P5: 1.9% used (19/1000) - No action needed
[2025-11-26 16:01:04] Purok P6: 2.9% used (29/1000) - No action needed
[2025-11-26 16:01:04] Purok P7: 1.4% used (14/1000) - No action needed
[2025-11-26 16:01:04] === Hourly Key Check Completed ===
[2025-11-26 16:01:04] Puroks regenerated: None
[2025-11-26 17:01:03] === Starting Hourly Key Check ===
[2025-11-26 17:01:03] Purok P1: 1.1% used (11/1000) - No action needed
[2025-11-26 17:01:03] Purok P2: 3.5% used (35/1000) - No action needed
[2025-11-26 17:01:03] Purok P3: 0.5% used (5/1000) - No action needed
[2025-11-26 17:01:03] Purok P4A: 2.3% used (23/1000) - No action needed
[2025-11-26 17:01:03] Purok P4B: 1% used (10/1000) - No action needed
[2025-11-26 17:01:03] Purok P5: 1.9% used (19/1000) - No action needed
[2025-11-26 17:01:03] Purok P6: 2.9% used (29/1000) - No action needed
[2025-11-26 17:01:03] Purok P7: 1.4% used (14/1000) - No action needed
[2025-11-26 17:01:03] === Hourly Key Check Completed ===
[2025-11-26 17:01:03] Puroks regenerated: None
[2025-11-26 18:01:02] === Starting Hourly Key Check ===
[2025-11-26 18:01:02] Purok P1: 1.1% used (11/1000) - No action needed
[2025-11-26 18:01:02] Purok P2: 3.5% used (35/1000) - No action needed
[2025-11-26 18:01:02] Purok P3: 0.5% used (5/1000) - No action needed
[2025-11-26 18:01:02] Purok P4A: 2.3% used (23/1000) - No action needed
[2025-11-26 18:01:02] Purok P4B: 1% used (10/1000) - No action needed
[2025-11-26 18:01:02] Purok P5: 1.9% used (19/1000) - No action needed
[2025-11-26 18:01:02] Purok P6: 2.9% used (29/1000) - No action needed
[2025-11-26 18:01:02] Purok P7: 1.4% used (14/1000) - No action needed
[2025-11-26 18:01:02] === Hourly Key Check Completed ===
[2025-11-26 18:01:02] Puroks regenerated: None
[2025-11-26 19:01:03] === Starting Hourly Key Check ===
[2025-11-26 19:01:03] Purok P1: 1.1% used (11/1000) - No action needed
[2025-11-26 19:01:03] Purok P2: 3.5% used (35/1000) - No action needed
[2025-11-26 19:01:03] Purok P3: 0.5% used (5/1000) - No action needed
[2025-11-26 19:01:03] Purok P4A: 2.3% used (23/1000) - No action needed
[2025-11-26 19:01:03] Purok P4B: 1% used (10/1000) - No action needed
[2025-11-26 19:01:03] Purok P5: 1.9% used (19/1000) - No action needed
[2025-11-26 19:01:03] Purok P6: 2.9% used (29/1000) - No action needed
[2025-11-26 19:01:03] Purok P7: 1.4% used (14/1000) - No action needed
[2025-11-26 19:01:03] === Hourly Key Check Completed ===
[2025-11-26 19:01:03] Puroks regenerated: None
[2025-11-26 20:01:03] === Starting Hourly Key Check ===
[2025-11-26 20:01:03] Purok P1: 1.1% used (11/1000) - No action needed
[2025-11-26 20:01:03] Purok P2: 3.5% used (35/1000) - No action needed
[2025-11-26 20:01:03] Purok P3: 0.5% used (5/1000) - No action needed
[2025-11-26 20:01:03] Purok P4A: 2.3% used (23/1000) - No action needed
[2025-11-26 20:01:03] Purok P4B: 1% used (10/1000) - No action needed
[2025-11-26 20:01:03] Purok P5: 1.9% used (19/1000) - No action needed
[2025-11-26 20:01:03] Purok P6: 2.9% used (29/1000) - No action needed
[2025-11-26 20:01:03] Purok P7: 1.4% used (14/1000) - No action needed
[2025-11-26 20:01:03] === Hourly Key Check Completed ===
[2025-11-26 20:01:03] Puroks regenerated: None
[2025-11-26 21:01:03] === Starting Hourly Key Check ===
[2025-11-26 21:01:03] Purok P1: 1.1% used (11/1000) - No action needed
[2025-11-26 21:01:03] Purok P2: 3.5% used (35/1000) - No action needed
[2025-11-26 21:01:03] Purok P3: 0.5% used (5/1000) - No action needed
[2025-11-26 21:01:03] Purok P4A: 2.3% used (23/1000) - No action needed
[2025-11-26 21:01:03] Purok P4B: 1% used (10/1000) - No action needed
[2025-11-26 21:01:03] Purok P5: 1.9% used (19/1000) - No action needed
[2025-11-26 21:01:03] Purok P6: 2.9% used (29/1000) - No action needed
[2025-11-26 21:01:03] Purok P7: 1.4% used (14/1000) - No action needed
[2025-11-26 21:01:03] === Hourly Key Check Completed ===
[2025-11-26 21:01:03] Puroks regenerated: None
[2025-11-26 22:01:03] === Starting Hourly Key Check ===
[2025-11-26 22:01:03] Purok P1: 1.1% used (11/1000) - No action needed
[2025-11-26 22:01:03] Purok P2: 3.5% used (35/1000) - No action needed
[2025-11-26 22:01:03] Purok P3: 0.5% used (5/1000) - No action needed
[2025-11-26 22:01:03] Purok P4A: 2.3% used (23/1000) - No action needed
[2025-11-26 22:01:03] Purok P4B: 1% used (10/1000) - No action needed
[2025-11-26 22:01:03] Purok P5: 1.9% used (19/1000) - No action needed
[2025-11-26 22:01:03] Purok P6: 2.9% used (29/1000) - No action needed
[2025-11-26 22:01:03] Purok P7: 1.4% used (14/1000) - No action needed
[2025-11-26 22:01:03] === Hourly Key Check Completed ===
[2025-11-26 22:01:03] Puroks regenerated: None
[2025-11-26 23:01:03] === Starting Hourly Key Check ===
[2025-11-26 23:01:03] Purok P1: 1.1% used (11/1000) - No action needed
[2025-11-26 23:01:03] Purok P2: 3.5% used (35/1000) - No action needed
[2025-11-26 23:01:03] Purok P3: 0.5% used (5/1000) - No action needed
[2025-11-26 23:01:03] Purok P4A: 2.3% used (23/1000) - No action needed
[2025-11-26 23:01:03] Purok P4B: 1% used (10/1000) - No action needed
[2025-11-26 23:01:03] Purok P5: 1.9% used (19/1000) - No action needed
[2025-11-26 23:01:03] Purok P6: 2.9% used (29/1000) - No action needed
[2025-11-26 23:01:03] Purok P7: 1.4% used (14/1000) - No action needed
[2025-11-26 23:01:03] === Hourly Key Check Completed ===
[2025-11-26 23:01:03] Puroks regenerated: None
