[2025-10-30 00:01:03] === Starting Hourly Key Check ===
[2025-10-30 00:01:03] Purok P1: 1.1% used (11/1000) - No action needed
[2025-10-30 00:01:03] Purok P2: 0.3% used (3/1000) - No action needed
[2025-10-30 00:01:03] Purok P3: 0.4% used (4/1000) - No action needed
[2025-10-30 00:01:03] Purok P4A: 0% used (0/1000) - No action needed
[2025-10-30 00:01:03] Purok P4B: 1% used (10/1000) - No action needed
[2025-10-30 00:01:03] Purok P5: 0% used (0/1000) - No action needed
[2025-10-30 00:01:03] Purok P6: 0% used (0/1000) - No action needed
[2025-10-30 00:01:03] Purok P7: 0.1% used (1/1000) - No action needed
[2025-10-30 00:01:03] === Hourly Key Check Completed ===
[2025-10-30 00:01:03] Puroks regenerated: None
[2025-10-30 01:01:02] === Starting Hourly Key Check ===
[2025-10-30 01:01:02] Purok P1: 1.1% used (11/1000) - No action needed
[2025-10-30 01:01:02] Purok P2: 0.3% used (3/1000) - No action needed
[2025-10-30 01:01:02] Purok P3: 0.4% used (4/1000) - No action needed
[2025-10-30 01:01:02] Purok P4A: 0% used (0/1000) - No action needed
[2025-10-30 01:01:02] Purok P4B: 1% used (10/1000) - No action needed
[2025-10-30 01:01:02] Purok P5: 0% used (0/1000) - No action needed
[2025-10-30 01:01:02] Purok P6: 0% used (0/1000) - No action needed
[2025-10-30 01:01:02] Purok P7: 0.1% used (1/1000) - No action needed
[2025-10-30 01:01:02] === Hourly Key Check Completed ===
[2025-10-30 01:01:02] Puroks regenerated: None
[2025-10-30 02:01:10] === Starting Hourly Key Check ===
[2025-10-30 02:01:10] Purok P1: 1.1% used (11/1000) - No action needed
[2025-10-30 02:01:10] Purok P2: 0.3% used (3/1000) - No action needed
[2025-10-30 02:01:10] Purok P3: 0.4% used (4/1000) - No action needed
[2025-10-30 02:01:10] Purok P4A: 0% used (0/1000) - No action needed
[2025-10-30 02:01:10] Purok P4B: 1% used (10/1000) - No action needed
[2025-10-30 02:01:10] Purok P5: 0% used (0/1000) - No action needed
[2025-10-30 02:01:10] Purok P6: 0% used (0/1000) - No action needed
[2025-10-30 02:01:10] Purok P7: 0.1% used (1/1000) - No action needed
[2025-10-30 02:01:10] === Hourly Key Check Completed ===
[2025-10-30 02:01:10] Puroks regenerated: None
[2025-10-30 03:01:03] === Starting Hourly Key Check ===
[2025-10-30 03:01:03] Purok P1: 1.1% used (11/1000) - No action needed
[2025-10-30 03:01:03] Purok P2: 0.3% used (3/1000) - No action needed
[2025-10-30 03:01:03] Purok P3: 0.4% used (4/1000) - No action needed
[2025-10-30 03:01:03] Purok P4A: 0% used (0/1000) - No action needed
[2025-10-30 03:01:03] Purok P4B: 1% used (10/1000) - No action needed
[2025-10-30 03:01:03] Purok P5: 0% used (0/1000) - No action needed
[2025-10-30 03:01:03] Purok P6: 0% used (0/1000) - No action needed
[2025-10-30 03:01:03] Purok P7: 0.1% used (1/1000) - No action needed
[2025-10-30 03:01:03] === Hourly Key Check Completed ===
[2025-10-30 03:01:03] Puroks regenerated: None
[2025-10-30 04:01:03] === Starting Hourly Key Check ===
[2025-10-30 04:01:03] Purok P1: 1.1% used (11/1000) - No action needed
[2025-10-30 04:01:03] Purok P2: 0.3% used (3/1000) - No action needed
[2025-10-30 04:01:03] Purok P3: 0.4% used (4/1000) - No action needed
[2025-10-30 04:01:03] Purok P4A: 0% used (0/1000) - No action needed
[2025-10-30 04:01:03] Purok P4B: 1% used (10/1000) - No action needed
[2025-10-30 04:01:03] Purok P5: 0% used (0/1000) - No action needed
[2025-10-30 04:01:03] Purok P6: 0% used (0/1000) - No action needed
[2025-10-30 04:01:03] Purok P7: 0.1% used (1/1000) - No action needed
[2025-10-30 04:01:03] === Hourly Key Check Completed ===
[2025-10-30 04:01:03] Puroks regenerated: None
[2025-10-30 05:01:03] === Starting Hourly Key Check ===
[2025-10-30 05:01:03] Purok P1: 1.1% used (11/1000) - No action needed
[2025-10-30 05:01:03] Purok P2: 0.3% used (3/1000) - No action needed
[2025-10-30 05:01:03] Purok P3: 0.4% used (4/1000) - No action needed
[2025-10-30 05:01:03] Purok P4A: 0% used (0/1000) - No action needed
[2025-10-30 05:01:03] Purok P4B: 1% used (10/1000) - No action needed
[2025-10-30 05:01:03] Purok P5: 0% used (0/1000) - No action needed
[2025-10-30 05:01:03] Purok P6: 0% used (0/1000) - No action needed
[2025-10-30 05:01:03] Purok P7: 0.1% used (1/1000) - No action needed
[2025-10-30 05:01:03] === Hourly Key Check Completed ===
[2025-10-30 05:01:03] Puroks regenerated: None
[2025-10-30 06:01:04] === Starting Hourly Key Check ===
[2025-10-30 06:01:04] Purok P1: 1.1% used (11/1000) - No action needed
[2025-10-30 06:01:04] Purok P2: 0.3% used (3/1000) - No action needed
[2025-10-30 06:01:04] Purok P3: 0.4% used (4/1000) - No action needed
[2025-10-30 06:01:04] Purok P4A: 0% used (0/1000) - No action needed
[2025-10-30 06:01:04] Purok P4B: 1% used (10/1000) - No action needed
[2025-10-30 06:01:04] Purok P5: 0% used (0/1000) - No action needed
[2025-10-30 06:01:04] Purok P6: 0% used (0/1000) - No action needed
[2025-10-30 06:01:04] Purok P7: 0.1% used (1/1000) - No action needed
[2025-10-30 06:01:04] === Hourly Key Check Completed ===
[2025-10-30 06:01:04] Puroks regenerated: None
[2025-10-30 07:01:03] === Starting Hourly Key Check ===
[2025-10-30 07:01:03] Purok P1: 1.1% used (11/1000) - No action needed
[2025-10-30 07:01:03] Purok P2: 0.3% used (3/1000) - No action needed
[2025-10-30 07:01:03] Purok P3: 0.4% used (4/1000) - No action needed
[2025-10-30 07:01:03] Purok P4A: 0% used (0/1000) - No action needed
[2025-10-30 07:01:03] Purok P4B: 1% used (10/1000) - No action needed
[2025-10-30 07:01:03] Purok P5: 0% used (0/1000) - No action needed
[2025-10-30 07:01:03] Purok P6: 0% used (0/1000) - No action needed
[2025-10-30 07:01:03] Purok P7: 0.1% used (1/1000) - No action needed
[2025-10-30 07:01:03] === Hourly Key Check Completed ===
[2025-10-30 07:01:03] Puroks regenerated: None
[2025-10-30 08:01:03] === Starting Hourly Key Check ===
[2025-10-30 08:01:03] Purok P1: 1.1% used (11/1000) - No action needed
[2025-10-30 08:01:03] Purok P2: 0.3% used (3/1000) - No action needed
[2025-10-30 08:01:03] Purok P3: 0.4% used (4/1000) - No action needed
[2025-10-30 08:01:03] Purok P4A: 0% used (0/1000) - No action needed
[2025-10-30 08:01:03] Purok P4B: 1% used (10/1000) - No action needed
[2025-10-30 08:01:03] Purok P5: 0% used (0/1000) - No action needed
[2025-10-30 08:01:03] Purok P6: 0% used (0/1000) - No action needed
[2025-10-30 08:01:03] Purok P7: 0.1% used (1/1000) - No action needed
[2025-10-30 08:01:03] === Hourly Key Check Completed ===
[2025-10-30 08:01:03] Puroks regenerated: None
[2025-10-30 09:01:05] === Starting Hourly Key Check ===
[2025-10-30 09:01:05] Purok P1: 1.1% used (11/1000) - No action needed
[2025-10-30 09:01:05] Purok P2: 0.3% used (3/1000) - No action needed
[2025-10-30 09:01:05] Purok P3: 0.4% used (4/1000) - No action needed
[2025-10-30 09:01:05] Purok P4A: 0% used (0/1000) - No action needed
[2025-10-30 09:01:05] Purok P4B: 1% used (10/1000) - No action needed
[2025-10-30 09:01:05] Purok P5: 0% used (0/1000) - No action needed
[2025-10-30 09:01:05] Purok P6: 0% used (0/1000) - No action needed
[2025-10-30 09:01:05] Purok P7: 0.1% used (1/1000) - No action needed
[2025-10-30 09:01:05] === Hourly Key Check Completed ===
[2025-10-30 09:01:05] Puroks regenerated: None
[2025-10-30 10:01:03] === Starting Hourly Key Check ===
[2025-10-30 10:01:03] Purok P1: 1.1% used (11/1000) - No action needed
[2025-10-30 10:01:03] Purok P2: 0.3% used (3/1000) - No action needed
[2025-10-30 10:01:03] Purok P3: 0.4% used (4/1000) - No action needed
[2025-10-30 10:01:03] Purok P4A: 0% used (0/1000) - No action needed
[2025-10-30 10:01:03] Purok P4B: 1% used (10/1000) - No action needed
[2025-10-30 10:01:03] Purok P5: 0% used (0/1000) - No action needed
[2025-10-30 10:01:03] Purok P6: 0% used (0/1000) - No action needed
[2025-10-30 10:01:03] Purok P7: 0.1% used (1/1000) - No action needed
[2025-10-30 10:01:03] === Hourly Key Check Completed ===
[2025-10-30 10:01:03] Puroks regenerated: None
[2025-10-30 11:01:12] === Starting Hourly Key Check ===
[2025-10-30 11:01:12] Purok P1: 1.1% used (11/1000) - No action needed
[2025-10-30 11:01:12] Purok P2: 0.3% used (3/1000) - No action needed
[2025-10-30 11:01:12] Purok P3: 0.4% used (4/1000) - No action needed
[2025-10-30 11:01:12] Purok P4A: 0% used (0/1000) - No action needed
[2025-10-30 11:01:12] Purok P4B: 1% used (10/1000) - No action needed
[2025-10-30 11:01:12] Purok P5: 0% used (0/1000) - No action needed
[2025-10-30 11:01:12] Purok P6: 0% used (0/1000) - No action needed
[2025-10-30 11:01:12] Purok P7: 0.1% used (1/1000) - No action needed
[2025-10-30 11:01:12] === Hourly Key Check Completed ===
[2025-10-30 11:01:12] Puroks regenerated: None
[2025-10-30 12:01:05] === Starting Hourly Key Check ===
[2025-10-30 12:01:05] Purok P1: 1.1% used (11/1000) - No action needed
[2025-10-30 12:01:05] Purok P2: 0.3% used (3/1000) - No action needed
[2025-10-30 12:01:05] Purok P3: 0.4% used (4/1000) - No action needed
[2025-10-30 12:01:05] Purok P4A: 0% used (0/1000) - No action needed
[2025-10-30 12:01:05] Purok P4B: 1% used (10/1000) - No action needed
[2025-10-30 12:01:05] Purok P5: 0% used (0/1000) - No action needed
[2025-10-30 12:01:05] Purok P6: 0% used (0/1000) - No action needed
[2025-10-30 12:01:05] Purok P7: 0.1% used (1/1000) - No action needed
[2025-10-30 12:01:05] === Hourly Key Check Completed ===
[2025-10-30 12:01:05] Puroks regenerated: None
[2025-10-30 13:01:05] === Starting Hourly Key Check ===
[2025-10-30 13:01:05] Purok P1: 1.1% used (11/1000) - No action needed
[2025-10-30 13:01:05] Purok P2: 0.3% used (3/1000) - No action needed
[2025-10-30 13:01:05] Purok P3: 0.4% used (4/1000) - No action needed
[2025-10-30 13:01:05] Purok P4A: 0% used (0/1000) - No action needed
[2025-10-30 13:01:05] Purok P4B: 1% used (10/1000) - No action needed
[2025-10-30 13:01:05] Purok P5: 0% used (0/1000) - No action needed
[2025-10-30 13:01:05] Purok P6: 0% used (0/1000) - No action needed
[2025-10-30 13:01:05] Purok P7: 0.1% used (1/1000) - No action needed
[2025-10-30 13:01:05] === Hourly Key Check Completed ===
[2025-10-30 13:01:05] Puroks regenerated: None
[2025-10-30 14:01:04] === Starting Hourly Key Check ===
[2025-10-30 14:01:04] Purok P1: 1.1% used (11/1000) - No action needed
[2025-10-30 14:01:04] Purok P2: 0.3% used (3/1000) - No action needed
[2025-10-30 14:01:04] Purok P3: 0.4% used (4/1000) - No action needed
[2025-10-30 14:01:04] Purok P4A: 0% used (0/1000) - No action needed
[2025-10-30 14:01:04] Purok P4B: 1% used (10/1000) - No action needed
[2025-10-30 14:01:04] Purok P5: 0% used (0/1000) - No action needed
[2025-10-30 14:01:04] Purok P6: 0% used (0/1000) - No action needed
[2025-10-30 14:01:04] Purok P7: 0.1% used (1/1000) - No action needed
[2025-10-30 14:01:04] === Hourly Key Check Completed ===
[2025-10-30 14:01:04] Puroks regenerated: None
[2025-10-30 15:01:05] === Starting Hourly Key Check ===
[2025-10-30 15:01:05] Purok P1: 1.1% used (11/1000) - No action needed
[2025-10-30 15:01:05] Purok P2: 0.3% used (3/1000) - No action needed
[2025-10-30 15:01:05] Purok P3: 0.4% used (4/1000) - No action needed
[2025-10-30 15:01:05] Purok P4A: 0% used (0/1000) - No action needed
[2025-10-30 15:01:05] Purok P4B: 1% used (10/1000) - No action needed
[2025-10-30 15:01:05] Purok P5: 0% used (0/1000) - No action needed
[2025-10-30 15:01:05] Purok P6: 0% used (0/1000) - No action needed
[2025-10-30 15:01:05] Purok P7: 0.1% used (1/1000) - No action needed
[2025-10-30 15:01:05] === Hourly Key Check Completed ===
[2025-10-30 15:01:05] Puroks regenerated: None
[2025-10-30 16:01:05] === Starting Hourly Key Check ===
[2025-10-30 16:01:05] Purok P1: 1.1% used (11/1000) - No action needed
[2025-10-30 16:01:05] Purok P2: 0.3% used (3/1000) - No action needed
[2025-10-30 16:01:05] Purok P3: 0.4% used (4/1000) - No action needed
[2025-10-30 16:01:05] Purok P4A: 0% used (0/1000) - No action needed
[2025-10-30 16:01:05] Purok P4B: 1% used (10/1000) - No action needed
[2025-10-30 16:01:05] Purok P5: 0% used (0/1000) - No action needed
[2025-10-30 16:01:05] Purok P6: 0% used (0/1000) - No action needed
[2025-10-30 16:01:05] Purok P7: 0.1% used (1/1000) - No action needed
[2025-10-30 16:01:05] === Hourly Key Check Completed ===
[2025-10-30 16:01:05] Puroks regenerated: None
[2025-10-30 17:01:03] === Starting Hourly Key Check ===
[2025-10-30 17:01:03] Purok P1: 1.1% used (11/1000) - No action needed
[2025-10-30 17:01:03] Purok P2: 0.3% used (3/1000) - No action needed
[2025-10-30 17:01:03] Purok P3: 0.4% used (4/1000) - No action needed
[2025-10-30 17:01:03] Purok P4A: 0% used (0/1000) - No action needed
[2025-10-30 17:01:03] Purok P4B: 1% used (10/1000) - No action needed
[2025-10-30 17:01:03] Purok P5: 0% used (0/1000) - No action needed
[2025-10-30 17:01:03] Purok P6: 0% used (0/1000) - No action needed
[2025-10-30 17:01:03] Purok P7: 0.1% used (1/1000) - No action needed
[2025-10-30 17:01:03] === Hourly Key Check Completed ===
[2025-10-30 17:01:03] Puroks regenerated: None
[2025-10-30 18:01:03] === Starting Hourly Key Check ===
[2025-10-30 18:01:03] Purok P1: 1.1% used (11/1000) - No action needed
[2025-10-30 18:01:03] Purok P2: 0.3% used (3/1000) - No action needed
[2025-10-30 18:01:03] Purok P3: 0.4% used (4/1000) - No action needed
[2025-10-30 18:01:03] Purok P4A: 0% used (0/1000) - No action needed
[2025-10-30 18:01:03] Purok P4B: 1% used (10/1000) - No action needed
[2025-10-30 18:01:03] Purok P5: 0% used (0/1000) - No action needed
[2025-10-30 18:01:03] Purok P6: 0% used (0/1000) - No action needed
[2025-10-30 18:01:03] Purok P7: 0.1% used (1/1000) - No action needed
[2025-10-30 18:01:03] === Hourly Key Check Completed ===
[2025-10-30 18:01:03] Puroks regenerated: None
[2025-10-30 19:01:03] === Starting Hourly Key Check ===
[2025-10-30 19:01:03] Purok P1: 1.1% used (11/1000) - No action needed
[2025-10-30 19:01:03] Purok P2: 0.3% used (3/1000) - No action needed
[2025-10-30 19:01:03] Purok P3: 0.4% used (4/1000) - No action needed
[2025-10-30 19:01:03] Purok P4A: 0% used (0/1000) - No action needed
[2025-10-30 19:01:03] Purok P4B: 1% used (10/1000) - No action needed
[2025-10-30 19:01:03] Purok P5: 0% used (0/1000) - No action needed
[2025-10-30 19:01:03] Purok P6: 0% used (0/1000) - No action needed
[2025-10-30 19:01:03] Purok P7: 0.1% used (1/1000) - No action needed
[2025-10-30 19:01:03] === Hourly Key Check Completed ===
[2025-10-30 19:01:03] Puroks regenerated: None
[2025-10-30 20:01:07] === Starting Hourly Key Check ===
[2025-10-30 20:01:07] Purok P1: 1.1% used (11/1000) - No action needed
[2025-10-30 20:01:07] Purok P2: 0.3% used (3/1000) - No action needed
[2025-10-30 20:01:07] Purok P3: 0.4% used (4/1000) - No action needed
[2025-10-30 20:01:07] Purok P4A: 0% used (0/1000) - No action needed
[2025-10-30 20:01:07] Purok P4B: 1% used (10/1000) - No action needed
[2025-10-30 20:01:07] Purok P5: 0% used (0/1000) - No action needed
[2025-10-30 20:01:07] Purok P6: 0% used (0/1000) - No action needed
[2025-10-30 20:01:07] Purok P7: 0.1% used (1/1000) - No action needed
[2025-10-30 20:01:07] === Hourly Key Check Completed ===
[2025-10-30 20:01:07] Puroks regenerated: None
[2025-10-30 21:01:03] === Starting Hourly Key Check ===
[2025-10-30 21:01:03] Purok P1: 1.1% used (11/1000) - No action needed
[2025-10-30 21:01:03] Purok P2: 0.3% used (3/1000) - No action needed
[2025-10-30 21:01:03] Purok P3: 0.4% used (4/1000) - No action needed
[2025-10-30 21:01:03] Purok P4A: 0% used (0/1000) - No action needed
[2025-10-30 21:01:03] Purok P4B: 1% used (10/1000) - No action needed
[2025-10-30 21:01:03] Purok P5: 0% used (0/1000) - No action needed
[2025-10-30 21:01:03] Purok P6: 0% used (0/1000) - No action needed
[2025-10-30 21:01:03] Purok P7: 0.1% used (1/1000) - No action needed
[2025-10-30 21:01:03] === Hourly Key Check Completed ===
[2025-10-30 21:01:03] Puroks regenerated: None
[2025-10-30 22:01:03] === Starting Hourly Key Check ===
[2025-10-30 22:01:03] Purok P1: 1.1% used (11/1000) - No action needed
[2025-10-30 22:01:03] Purok P2: 0.3% used (3/1000) - No action needed
[2025-10-30 22:01:03] Purok P3: 0.4% used (4/1000) - No action needed
[2025-10-30 22:01:03] Purok P4A: 0% used (0/1000) - No action needed
[2025-10-30 22:01:03] Purok P4B: 1% used (10/1000) - No action needed
[2025-10-30 22:01:03] Purok P5: 0% used (0/1000) - No action needed
[2025-10-30 22:01:03] Purok P6: 0% used (0/1000) - No action needed
[2025-10-30 22:01:03] Purok P7: 0.1% used (1/1000) - No action needed
[2025-10-30 22:01:03] === Hourly Key Check Completed ===
[2025-10-30 22:01:03] Puroks regenerated: None
[2025-10-30 23:01:02] === Starting Hourly Key Check ===
[2025-10-30 23:01:02] Purok P1: 1.1% used (11/1000) - No action needed
[2025-10-30 23:01:02] Purok P2: 0.3% used (3/1000) - No action needed
[2025-10-30 23:01:02] Purok P3: 0.4% used (4/1000) - No action needed
[2025-10-30 23:01:02] Purok P4A: 0% used (0/1000) - No action needed
[2025-10-30 23:01:02] Purok P4B: 1% used (10/1000) - No action needed
[2025-10-30 23:01:02] Purok P5: 0% used (0/1000) - No action needed
[2025-10-30 23:01:02] Purok P6: 0% used (0/1000) - No action needed
[2025-10-30 23:01:02] Purok P7: 0.1% used (1/1000) - No action needed
[2025-10-30 23:01:02] === Hourly Key Check Completed ===
[2025-10-30 23:01:02] Puroks regenerated: None
