[2025-11-04 00:01:03] === Starting Hourly Key Check ===
[2025-11-04 00:01:03] Purok P1: 1.1% used (11/1000) - No action needed
[2025-11-04 00:01:03] Purok P2: 0.3% used (3/1000) - No action needed
[2025-11-04 00:01:03] Purok P3: 0.5% used (5/1000) - No action needed
[2025-11-04 00:01:03] Purok P4A: 0% used (0/1000) - No action needed
[2025-11-04 00:01:03] Purok P4B: 1% used (10/1000) - No action needed
[2025-11-04 00:01:03] Purok P5: 1.9% used (19/1000) - No action needed
[2025-11-04 00:01:03] Purok P6: 0% used (0/1000) - No action needed
[2025-11-04 00:01:03] Purok P7: 0.1% used (1/1000) - No action needed
[2025-11-04 00:01:03] === Hourly Key Check Completed ===
[2025-11-04 00:01:03] Puroks regenerated: None
[2025-11-04 01:01:03] === Starting Hourly Key Check ===
[2025-11-04 01:01:03] Purok P1: 1.1% used (11/1000) - No action needed
[2025-11-04 01:01:03] Purok P2: 0.3% used (3/1000) - No action needed
[2025-11-04 01:01:03] Purok P3: 0.5% used (5/1000) - No action needed
[2025-11-04 01:01:03] Purok P4A: 0% used (0/1000) - No action needed
[2025-11-04 01:01:03] Purok P4B: 1% used (10/1000) - No action needed
[2025-11-04 01:01:03] Purok P5: 1.9% used (19/1000) - No action needed
[2025-11-04 01:01:03] Purok P6: 0% used (0/1000) - No action needed
[2025-11-04 01:01:03] Purok P7: 0.1% used (1/1000) - No action needed
[2025-11-04 01:01:03] === Hourly Key Check Completed ===
[2025-11-04 01:01:03] Puroks regenerated: None
[2025-11-04 02:01:03] === Starting Hourly Key Check ===
[2025-11-04 02:01:03] Purok P1: 1.1% used (11/1000) - No action needed
[2025-11-04 02:01:03] Purok P2: 0.3% used (3/1000) - No action needed
[2025-11-04 02:01:03] Purok P3: 0.5% used (5/1000) - No action needed
[2025-11-04 02:01:03] Purok P4A: 0% used (0/1000) - No action needed
[2025-11-04 02:01:03] Purok P4B: 1% used (10/1000) - No action needed
[2025-11-04 02:01:03] Purok P5: 1.9% used (19/1000) - No action needed
[2025-11-04 02:01:03] Purok P6: 0% used (0/1000) - No action needed
[2025-11-04 02:01:03] Purok P7: 0.1% used (1/1000) - No action needed
[2025-11-04 02:01:03] === Hourly Key Check Completed ===
[2025-11-04 02:01:03] Puroks regenerated: None
[2025-11-04 03:01:03] === Starting Hourly Key Check ===
[2025-11-04 03:01:03] Purok P1: 1.1% used (11/1000) - No action needed
[2025-11-04 03:01:03] Purok P2: 0.3% used (3/1000) - No action needed
[2025-11-04 03:01:03] Purok P3: 0.5% used (5/1000) - No action needed
[2025-11-04 03:01:03] Purok P4A: 0% used (0/1000) - No action needed
[2025-11-04 03:01:03] Purok P4B: 1% used (10/1000) - No action needed
[2025-11-04 03:01:03] Purok P5: 1.9% used (19/1000) - No action needed
[2025-11-04 03:01:03] Purok P6: 0% used (0/1000) - No action needed
[2025-11-04 03:01:03] Purok P7: 0.1% used (1/1000) - No action needed
[2025-11-04 03:01:03] === Hourly Key Check Completed ===
[2025-11-04 03:01:03] Puroks regenerated: None
[2025-11-04 04:01:03] === Starting Hourly Key Check ===
[2025-11-04 04:01:03] Purok P1: 1.1% used (11/1000) - No action needed
[2025-11-04 04:01:03] Purok P2: 0.3% used (3/1000) - No action needed
[2025-11-04 04:01:03] Purok P3: 0.5% used (5/1000) - No action needed
[2025-11-04 04:01:03] Purok P4A: 0% used (0/1000) - No action needed
[2025-11-04 04:01:03] Purok P4B: 1% used (10/1000) - No action needed
[2025-11-04 04:01:03] Purok P5: 1.9% used (19/1000) - No action needed
[2025-11-04 04:01:03] Purok P6: 0% used (0/1000) - No action needed
[2025-11-04 04:01:03] Purok P7: 0.2% used (2/1000) - No action needed
[2025-11-04 04:01:03] === Hourly Key Check Completed ===
[2025-11-04 04:01:03] Puroks regenerated: None
[2025-11-04 05:01:03] === Starting Hourly Key Check ===
[2025-11-04 05:01:03] Purok P1: 1.1% used (11/1000) - No action needed
[2025-11-04 05:01:03] Purok P2: 0.3% used (3/1000) - No action needed
[2025-11-04 05:01:03] Purok P3: 0.5% used (5/1000) - No action needed
[2025-11-04 05:01:03] Purok P4A: 0% used (0/1000) - No action needed
[2025-11-04 05:01:03] Purok P4B: 1% used (10/1000) - No action needed
[2025-11-04 05:01:03] Purok P5: 1.9% used (19/1000) - No action needed
[2025-11-04 05:01:03] Purok P6: 0% used (0/1000) - No action needed
[2025-11-04 05:01:03] Purok P7: 0.2% used (2/1000) - No action needed
[2025-11-04 05:01:03] === Hourly Key Check Completed ===
[2025-11-04 05:01:03] Puroks regenerated: None
[2025-11-04 06:01:08] === Starting Hourly Key Check ===
[2025-11-04 06:01:08] Purok P1: 1.1% used (11/1000) - No action needed
[2025-11-04 06:01:08] Purok P2: 0.3% used (3/1000) - No action needed
[2025-11-04 06:01:08] Purok P3: 0.5% used (5/1000) - No action needed
[2025-11-04 06:01:08] Purok P4A: 0% used (0/1000) - No action needed
[2025-11-04 06:01:08] Purok P4B: 1% used (10/1000) - No action needed
[2025-11-04 06:01:08] Purok P5: 1.9% used (19/1000) - No action needed
[2025-11-04 06:01:08] Purok P6: 0% used (0/1000) - No action needed
[2025-11-04 06:01:08] Purok P7: 0.2% used (2/1000) - No action needed
[2025-11-04 06:01:08] === Hourly Key Check Completed ===
[2025-11-04 06:01:08] Puroks regenerated: None
[2025-11-04 07:01:03] === Starting Hourly Key Check ===
[2025-11-04 07:01:03] Purok P1: 1.1% used (11/1000) - No action needed
[2025-11-04 07:01:03] Purok P2: 0.3% used (3/1000) - No action needed
[2025-11-04 07:01:03] Purok P3: 0.5% used (5/1000) - No action needed
[2025-11-04 07:01:03] Purok P4A: 0% used (0/1000) - No action needed
[2025-11-04 07:01:03] Purok P4B: 1% used (10/1000) - No action needed
[2025-11-04 07:01:03] Purok P5: 1.9% used (19/1000) - No action needed
[2025-11-04 07:01:03] Purok P6: 0% used (0/1000) - No action needed
[2025-11-04 07:01:03] Purok P7: 0.2% used (2/1000) - No action needed
[2025-11-04 07:01:03] === Hourly Key Check Completed ===
[2025-11-04 07:01:03] Puroks regenerated: None
[2025-11-04 08:01:04] === Starting Hourly Key Check ===
[2025-11-04 08:01:04] Purok P1: 1.1% used (11/1000) - No action needed
[2025-11-04 08:01:04] Purok P2: 0.3% used (3/1000) - No action needed
[2025-11-04 08:01:04] Purok P3: 0.5% used (5/1000) - No action needed
[2025-11-04 08:01:04] Purok P4A: 0% used (0/1000) - No action needed
[2025-11-04 08:01:04] Purok P4B: 1% used (10/1000) - No action needed
[2025-11-04 08:01:04] Purok P5: 1.9% used (19/1000) - No action needed
[2025-11-04 08:01:04] Purok P6: 0% used (0/1000) - No action needed
[2025-11-04 08:01:04] Purok P7: 0.2% used (2/1000) - No action needed
[2025-11-04 08:01:04] === Hourly Key Check Completed ===
[2025-11-04 08:01:04] Puroks regenerated: None
[2025-11-04 09:01:03] === Starting Hourly Key Check ===
[2025-11-04 09:01:03] Purok P1: 1.1% used (11/1000) - No action needed
[2025-11-04 09:01:03] Purok P2: 0.3% used (3/1000) - No action needed
[2025-11-04 09:01:03] Purok P3: 0.5% used (5/1000) - No action needed
[2025-11-04 09:01:03] Purok P4A: 0% used (0/1000) - No action needed
[2025-11-04 09:01:03] Purok P4B: 1% used (10/1000) - No action needed
[2025-11-04 09:01:03] Purok P5: 1.9% used (19/1000) - No action needed
[2025-11-04 09:01:03] Purok P6: 0% used (0/1000) - No action needed
[2025-11-04 09:01:03] Purok P7: 0.2% used (2/1000) - No action needed
[2025-11-04 09:01:03] === Hourly Key Check Completed ===
[2025-11-04 09:01:03] Puroks regenerated: None
[2025-11-04 10:01:03] === Starting Hourly Key Check ===
[2025-11-04 10:01:03] Purok P1: 1.1% used (11/1000) - No action needed
[2025-11-04 10:01:03] Purok P2: 0.3% used (3/1000) - No action needed
[2025-11-04 10:01:03] Purok P3: 0.5% used (5/1000) - No action needed
[2025-11-04 10:01:03] Purok P4A: 0% used (0/1000) - No action needed
[2025-11-04 10:01:03] Purok P4B: 1% used (10/1000) - No action needed
[2025-11-04 10:01:03] Purok P5: 1.9% used (19/1000) - No action needed
[2025-11-04 10:01:03] Purok P6: 0% used (0/1000) - No action needed
[2025-11-04 10:01:03] Purok P7: 0.2% used (2/1000) - No action needed
[2025-11-04 10:01:03] === Hourly Key Check Completed ===
[2025-11-04 10:01:03] Puroks regenerated: None
[2025-11-04 11:01:03] === Starting Hourly Key Check ===
[2025-11-04 11:01:03] Purok P1: 1.1% used (11/1000) - No action needed
[2025-11-04 11:01:03] Purok P2: 0.3% used (3/1000) - No action needed
[2025-11-04 11:01:03] Purok P3: 0.5% used (5/1000) - No action needed
[2025-11-04 11:01:03] Purok P4A: 0% used (0/1000) - No action needed
[2025-11-04 11:01:03] Purok P4B: 1% used (10/1000) - No action needed
[2025-11-04 11:01:03] Purok P5: 1.9% used (19/1000) - No action needed
[2025-11-04 11:01:03] Purok P6: 0% used (0/1000) - No action needed
[2025-11-04 11:01:03] Purok P7: 0.2% used (2/1000) - No action needed
[2025-11-04 11:01:03] === Hourly Key Check Completed ===
[2025-11-04 11:01:03] Puroks regenerated: None
[2025-11-04 12:01:03] === Starting Hourly Key Check ===
[2025-11-04 12:01:03] Purok P1: 1.1% used (11/1000) - No action needed
[2025-11-04 12:01:03] Purok P2: 0.3% used (3/1000) - No action needed
[2025-11-04 12:01:03] Purok P3: 0.5% used (5/1000) - No action needed
[2025-11-04 12:01:03] Purok P4A: 0% used (0/1000) - No action needed
[2025-11-04 12:01:03] Purok P4B: 1% used (10/1000) - No action needed
[2025-11-04 12:01:03] Purok P5: 1.9% used (19/1000) - No action needed
[2025-11-04 12:01:03] Purok P6: 0% used (0/1000) - No action needed
[2025-11-04 12:01:03] Purok P7: 0.2% used (2/1000) - No action needed
[2025-11-04 12:01:03] === Hourly Key Check Completed ===
[2025-11-04 12:01:03] Puroks regenerated: None
[2025-11-04 13:01:03] === Starting Hourly Key Check ===
[2025-11-04 13:01:03] Purok P1: 1.1% used (11/1000) - No action needed
[2025-11-04 13:01:03] Purok P2: 0.3% used (3/1000) - No action needed
[2025-11-04 13:01:03] Purok P3: 0.5% used (5/1000) - No action needed
[2025-11-04 13:01:03] Purok P4A: 0% used (0/1000) - No action needed
[2025-11-04 13:01:03] Purok P4B: 1% used (10/1000) - No action needed
[2025-11-04 13:01:03] Purok P5: 1.9% used (19/1000) - No action needed
[2025-11-04 13:01:03] Purok P6: 0% used (0/1000) - No action needed
[2025-11-04 13:01:03] Purok P7: 0.2% used (2/1000) - No action needed
[2025-11-04 13:01:03] === Hourly Key Check Completed ===
[2025-11-04 13:01:03] Puroks regenerated: None
[2025-11-04 14:01:04] === Starting Hourly Key Check ===
[2025-11-04 14:01:04] Purok P1: 1.1% used (11/1000) - No action needed
[2025-11-04 14:01:04] Purok P2: 0.3% used (3/1000) - No action needed
[2025-11-04 14:01:04] Purok P3: 0.5% used (5/1000) - No action needed
[2025-11-04 14:01:04] Purok P4A: 0% used (0/1000) - No action needed
[2025-11-04 14:01:04] Purok P4B: 1% used (10/1000) - No action needed
[2025-11-04 14:01:04] Purok P5: 1.9% used (19/1000) - No action needed
[2025-11-04 14:01:04] Purok P6: 0% used (0/1000) - No action needed
[2025-11-04 14:01:04] Purok P7: 0.2% used (2/1000) - No action needed
[2025-11-04 14:01:04] === Hourly Key Check Completed ===
[2025-11-04 14:01:04] Puroks regenerated: None
[2025-11-04 15:01:03] === Starting Hourly Key Check ===
[2025-11-04 15:01:03] Purok P1: 1.1% used (11/1000) - No action needed
[2025-11-04 15:01:03] Purok P2: 0.3% used (3/1000) - No action needed
[2025-11-04 15:01:03] Purok P3: 0.5% used (5/1000) - No action needed
[2025-11-04 15:01:03] Purok P4A: 0% used (0/1000) - No action needed
[2025-11-04 15:01:03] Purok P4B: 1% used (10/1000) - No action needed
[2025-11-04 15:01:03] Purok P5: 1.9% used (19/1000) - No action needed
[2025-11-04 15:01:03] Purok P6: 0% used (0/1000) - No action needed
[2025-11-04 15:01:03] Purok P7: 0.2% used (2/1000) - No action needed
[2025-11-04 15:01:03] === Hourly Key Check Completed ===
[2025-11-04 15:01:03] Puroks regenerated: None
[2025-11-04 16:01:03] === Starting Hourly Key Check ===
[2025-11-04 16:01:03] Purok P1: 1.1% used (11/1000) - No action needed
[2025-11-04 16:01:03] Purok P2: 0.3% used (3/1000) - No action needed
[2025-11-04 16:01:03] Purok P3: 0.5% used (5/1000) - No action needed
[2025-11-04 16:01:03] Purok P4A: 0% used (0/1000) - No action needed
[2025-11-04 16:01:03] Purok P4B: 1% used (10/1000) - No action needed
[2025-11-04 16:01:03] Purok P5: 1.9% used (19/1000) - No action needed
[2025-11-04 16:01:03] Purok P6: 0% used (0/1000) - No action needed
[2025-11-04 16:01:03] Purok P7: 0.2% used (2/1000) - No action needed
[2025-11-04 16:01:03] === Hourly Key Check Completed ===
[2025-11-04 16:01:03] Puroks regenerated: None
[2025-11-04 17:01:03] === Starting Hourly Key Check ===
[2025-11-04 17:01:03] Purok P1: 1.1% used (11/1000) - No action needed
[2025-11-04 17:01:03] Purok P2: 0.3% used (3/1000) - No action needed
[2025-11-04 17:01:03] Purok P3: 0.5% used (5/1000) - No action needed
[2025-11-04 17:01:03] Purok P4A: 0% used (0/1000) - No action needed
[2025-11-04 17:01:03] Purok P4B: 1% used (10/1000) - No action needed
[2025-11-04 17:01:03] Purok P5: 1.9% used (19/1000) - No action needed
[2025-11-04 17:01:03] Purok P6: 0% used (0/1000) - No action needed
[2025-11-04 17:01:03] Purok P7: 0.2% used (2/1000) - No action needed
[2025-11-04 17:01:03] === Hourly Key Check Completed ===
[2025-11-04 17:01:03] Puroks regenerated: None
[2025-11-04 18:01:03] === Starting Hourly Key Check ===
[2025-11-04 18:01:03] Purok P1: 1.1% used (11/1000) - No action needed
[2025-11-04 18:01:03] Purok P2: 0.3% used (3/1000) - No action needed
[2025-11-04 18:01:03] Purok P3: 0.5% used (5/1000) - No action needed
[2025-11-04 18:01:03] Purok P4A: 0% used (0/1000) - No action needed
[2025-11-04 18:01:03] Purok P4B: 1% used (10/1000) - No action needed
[2025-11-04 18:01:03] Purok P5: 1.9% used (19/1000) - No action needed
[2025-11-04 18:01:03] Purok P6: 0% used (0/1000) - No action needed
[2025-11-04 18:01:03] Purok P7: 0.2% used (2/1000) - No action needed
[2025-11-04 18:01:03] === Hourly Key Check Completed ===
[2025-11-04 18:01:03] Puroks regenerated: None
[2025-11-04 19:01:04] === Starting Hourly Key Check ===
[2025-11-04 19:01:04] Purok P1: 1.1% used (11/1000) - No action needed
[2025-11-04 19:01:04] Purok P2: 0.3% used (3/1000) - No action needed
[2025-11-04 19:01:04] Purok P3: 0.5% used (5/1000) - No action needed
[2025-11-04 19:01:04] Purok P4A: 0% used (0/1000) - No action needed
[2025-11-04 19:01:04] Purok P4B: 1% used (10/1000) - No action needed
[2025-11-04 19:01:04] Purok P5: 1.9% used (19/1000) - No action needed
[2025-11-04 19:01:04] Purok P6: 0% used (0/1000) - No action needed
[2025-11-04 19:01:04] Purok P7: 0.2% used (2/1000) - No action needed
[2025-11-04 19:01:04] === Hourly Key Check Completed ===
[2025-11-04 19:01:04] Puroks regenerated: None
[2025-11-04 20:01:05] === Starting Hourly Key Check ===
[2025-11-04 20:01:05] Purok P1: 1.1% used (11/1000) - No action needed
[2025-11-04 20:01:05] Purok P2: 0.3% used (3/1000) - No action needed
[2025-11-04 20:01:05] Purok P3: 0.5% used (5/1000) - No action needed
[2025-11-04 20:01:05] Purok P4A: 0% used (0/1000) - No action needed
[2025-11-04 20:01:05] Purok P4B: 1% used (10/1000) - No action needed
[2025-11-04 20:01:05] Purok P5: 1.9% used (19/1000) - No action needed
[2025-11-04 20:01:05] Purok P6: 0% used (0/1000) - No action needed
[2025-11-04 20:01:05] Purok P7: 0.2% used (2/1000) - No action needed
[2025-11-04 20:01:05] === Hourly Key Check Completed ===
[2025-11-04 20:01:05] Puroks regenerated: None
[2025-11-04 21:01:03] === Starting Hourly Key Check ===
[2025-11-04 21:01:03] Purok P1: 1.1% used (11/1000) - No action needed
[2025-11-04 21:01:03] Purok P2: 0.3% used (3/1000) - No action needed
[2025-11-04 21:01:03] Purok P3: 0.5% used (5/1000) - No action needed
[2025-11-04 21:01:03] Purok P4A: 0% used (0/1000) - No action needed
[2025-11-04 21:01:03] Purok P4B: 1% used (10/1000) - No action needed
[2025-11-04 21:01:03] Purok P5: 1.9% used (19/1000) - No action needed
[2025-11-04 21:01:03] Purok P6: 0% used (0/1000) - No action needed
[2025-11-04 21:01:03] Purok P7: 0.2% used (2/1000) - No action needed
[2025-11-04 21:01:03] === Hourly Key Check Completed ===
[2025-11-04 21:01:03] Puroks regenerated: None
[2025-11-04 22:01:06] === Starting Hourly Key Check ===
[2025-11-04 22:01:06] Purok P1: 1.1% used (11/1000) - No action needed
[2025-11-04 22:01:06] Purok P2: 0.3% used (3/1000) - No action needed
[2025-11-04 22:01:06] Purok P3: 0.5% used (5/1000) - No action needed
[2025-11-04 22:01:06] Purok P4A: 0% used (0/1000) - No action needed
[2025-11-04 22:01:06] Purok P4B: 1% used (10/1000) - No action needed
[2025-11-04 22:01:06] Purok P5: 1.9% used (19/1000) - No action needed
[2025-11-04 22:01:06] Purok P6: 0% used (0/1000) - No action needed
[2025-11-04 22:01:06] Purok P7: 0.2% used (2/1000) - No action needed
[2025-11-04 22:01:06] === Hourly Key Check Completed ===
[2025-11-04 22:01:06] Puroks regenerated: None
[2025-11-04 23:01:02] === Starting Hourly Key Check ===
[2025-11-04 23:01:03] Purok P1: 1.1% used (11/1000) - No action needed
[2025-11-04 23:01:03] Purok P2: 0.3% used (3/1000) - No action needed
[2025-11-04 23:01:03] Purok P3: 0.5% used (5/1000) - No action needed
[2025-11-04 23:01:03] Purok P4A: 0% used (0/1000) - No action needed
[2025-11-04 23:01:03] Purok P4B: 1% used (10/1000) - No action needed
[2025-11-04 23:01:03] Purok P5: 1.9% used (19/1000) - No action needed
[2025-11-04 23:01:03] Purok P6: 0% used (0/1000) - No action needed
[2025-11-04 23:01:03] Purok P7: 0.2% used (2/1000) - No action needed
[2025-11-04 23:01:03] === Hourly Key Check Completed ===
[2025-11-04 23:01:03] Puroks regenerated: None
