[2025-11-22 00:01:03] === Starting Hourly Key Check ===
[2025-11-22 00:01:03] Purok P1: 1.1% used (11/1000) - No action needed
[2025-11-22 00:01:03] Purok P2: 0.3% used (3/1000) - No action needed
[2025-11-22 00:01:03] Purok P3: 0.5% used (5/1000) - No action needed
[2025-11-22 00:01:03] Purok P4A: 0.1% used (1/1000) - No action needed
[2025-11-22 00:01:03] Purok P4B: 1% used (10/1000) - No action needed
[2025-11-22 00:01:03] Purok P5: 1.9% used (19/1000) - No action needed
[2025-11-22 00:01:03] Purok P6: 0% used (0/1000) - No action needed
[2025-11-22 00:01:03] Purok P7: 0.7% used (7/1000) - No action needed
[2025-11-22 00:01:03] === Hourly Key Check Completed ===
[2025-11-22 00:01:03] Puroks regenerated: None
[2025-11-22 01:01:05] === Starting Hourly Key Check ===
[2025-11-22 01:01:05] Purok P1: 1.1% used (11/1000) - No action needed
[2025-11-22 01:01:05] Purok P2: 0.3% used (3/1000) - No action needed
[2025-11-22 01:01:05] Purok P3: 0.5% used (5/1000) - No action needed
[2025-11-22 01:01:05] Purok P4A: 0.1% used (1/1000) - No action needed
[2025-11-22 01:01:05] Purok P4B: 1% used (10/1000) - No action needed
[2025-11-22 01:01:05] Purok P5: 1.9% used (19/1000) - No action needed
[2025-11-22 01:01:05] Purok P6: 0% used (0/1000) - No action needed
[2025-11-22 01:01:05] Purok P7: 0.7% used (7/1000) - No action needed
[2025-11-22 01:01:05] === Hourly Key Check Completed ===
[2025-11-22 01:01:05] Puroks regenerated: None
[2025-11-22 02:01:04] === Starting Hourly Key Check ===
[2025-11-22 02:01:04] Purok P1: 1.1% used (11/1000) - No action needed
[2025-11-22 02:01:04] Purok P2: 0.3% used (3/1000) - No action needed
[2025-11-22 02:01:04] Purok P3: 0.5% used (5/1000) - No action needed
[2025-11-22 02:01:04] Purok P4A: 0.1% used (1/1000) - No action needed
[2025-11-22 02:01:04] Purok P4B: 1% used (10/1000) - No action needed
[2025-11-22 02:01:04] Purok P5: 1.9% used (19/1000) - No action needed
[2025-11-22 02:01:04] Purok P6: 0% used (0/1000) - No action needed
[2025-11-22 02:01:04] Purok P7: 0.7% used (7/1000) - No action needed
[2025-11-22 02:01:04] === Hourly Key Check Completed ===
[2025-11-22 02:01:04] Puroks regenerated: None
[2025-11-22 03:01:04] === Starting Hourly Key Check ===
[2025-11-22 03:01:04] Purok P1: 1.1% used (11/1000) - No action needed
[2025-11-22 03:01:04] Purok P2: 0.3% used (3/1000) - No action needed
[2025-11-22 03:01:04] Purok P3: 0.5% used (5/1000) - No action needed
[2025-11-22 03:01:04] Purok P4A: 0.1% used (1/1000) - No action needed
[2025-11-22 03:01:04] Purok P4B: 1% used (10/1000) - No action needed
[2025-11-22 03:01:04] Purok P5: 1.9% used (19/1000) - No action needed
[2025-11-22 03:01:04] Purok P6: 0% used (0/1000) - No action needed
[2025-11-22 03:01:04] Purok P7: 0.7% used (7/1000) - No action needed
[2025-11-22 03:01:04] === Hourly Key Check Completed ===
[2025-11-22 03:01:04] Puroks regenerated: None
[2025-11-22 04:01:04] === Starting Hourly Key Check ===
[2025-11-22 04:01:04] Purok P1: 1.1% used (11/1000) - No action needed
[2025-11-22 04:01:04] Purok P2: 0.3% used (3/1000) - No action needed
[2025-11-22 04:01:04] Purok P3: 0.5% used (5/1000) - No action needed
[2025-11-22 04:01:04] Purok P4A: 0.1% used (1/1000) - No action needed
[2025-11-22 04:01:04] Purok P4B: 1% used (10/1000) - No action needed
[2025-11-22 04:01:04] Purok P5: 1.9% used (19/1000) - No action needed
[2025-11-22 04:01:04] Purok P6: 0% used (0/1000) - No action needed
[2025-11-22 04:01:04] Purok P7: 0.7% used (7/1000) - No action needed
[2025-11-22 04:01:04] === Hourly Key Check Completed ===
[2025-11-22 04:01:04] Puroks regenerated: None
[2025-11-22 05:01:03] === Starting Hourly Key Check ===
[2025-11-22 05:01:03] Purok P1: 1.1% used (11/1000) - No action needed
[2025-11-22 05:01:03] Purok P2: 0.3% used (3/1000) - No action needed
[2025-11-22 05:01:03] Purok P3: 0.5% used (5/1000) - No action needed
[2025-11-22 05:01:03] Purok P4A: 0.1% used (1/1000) - No action needed
[2025-11-22 05:01:03] Purok P4B: 1% used (10/1000) - No action needed
[2025-11-22 05:01:03] Purok P5: 1.9% used (19/1000) - No action needed
[2025-11-22 05:01:03] Purok P6: 0% used (0/1000) - No action needed
[2025-11-22 05:01:03] Purok P7: 0.7% used (7/1000) - No action needed
[2025-11-22 05:01:03] === Hourly Key Check Completed ===
[2025-11-22 05:01:03] Puroks regenerated: None
[2025-11-22 06:01:03] === Starting Hourly Key Check ===
[2025-11-22 06:01:03] Purok P1: 1.1% used (11/1000) - No action needed
[2025-11-22 06:01:03] Purok P2: 0.3% used (3/1000) - No action needed
[2025-11-22 06:01:03] Purok P3: 0.5% used (5/1000) - No action needed
[2025-11-22 06:01:03] Purok P4A: 0.1% used (1/1000) - No action needed
[2025-11-22 06:01:03] Purok P4B: 1% used (10/1000) - No action needed
[2025-11-22 06:01:03] Purok P5: 1.9% used (19/1000) - No action needed
[2025-11-22 06:01:03] Purok P6: 0% used (0/1000) - No action needed
[2025-11-22 06:01:03] Purok P7: 0.7% used (7/1000) - No action needed
[2025-11-22 06:01:03] === Hourly Key Check Completed ===
[2025-11-22 06:01:03] Puroks regenerated: None
[2025-11-22 07:01:03] === Starting Hourly Key Check ===
[2025-11-22 07:01:03] Purok P1: 1.1% used (11/1000) - No action needed
[2025-11-22 07:01:03] Purok P2: 0.3% used (3/1000) - No action needed
[2025-11-22 07:01:03] Purok P3: 0.5% used (5/1000) - No action needed
[2025-11-22 07:01:03] Purok P4A: 0.1% used (1/1000) - No action needed
[2025-11-22 07:01:03] Purok P4B: 1% used (10/1000) - No action needed
[2025-11-22 07:01:03] Purok P5: 1.9% used (19/1000) - No action needed
[2025-11-22 07:01:03] Purok P6: 0% used (0/1000) - No action needed
[2025-11-22 07:01:03] Purok P7: 0.7% used (7/1000) - No action needed
[2025-11-22 07:01:03] === Hourly Key Check Completed ===
[2025-11-22 07:01:03] Puroks regenerated: None
[2025-11-22 08:01:04] === Starting Hourly Key Check ===
[2025-11-22 08:01:04] Purok P1: 1.1% used (11/1000) - No action needed
[2025-11-22 08:01:04] Purok P2: 0.3% used (3/1000) - No action needed
[2025-11-22 08:01:04] Purok P3: 0.5% used (5/1000) - No action needed
[2025-11-22 08:01:04] Purok P4A: 0.1% used (1/1000) - No action needed
[2025-11-22 08:01:04] Purok P4B: 1% used (10/1000) - No action needed
[2025-11-22 08:01:04] Purok P5: 1.9% used (19/1000) - No action needed
[2025-11-22 08:01:04] Purok P6: 0% used (0/1000) - No action needed
[2025-11-22 08:01:04] Purok P7: 0.7% used (7/1000) - No action needed
[2025-11-22 08:01:04] === Hourly Key Check Completed ===
[2025-11-22 08:01:04] Puroks regenerated: None
[2025-11-22 09:01:05] === Starting Hourly Key Check ===
[2025-11-22 09:01:05] Purok P1: 1.1% used (11/1000) - No action needed
[2025-11-22 09:01:05] Purok P2: 0.3% used (3/1000) - No action needed
[2025-11-22 09:01:05] Purok P3: 0.5% used (5/1000) - No action needed
[2025-11-22 09:01:05] Purok P4A: 0.1% used (1/1000) - No action needed
[2025-11-22 09:01:05] Purok P4B: 1% used (10/1000) - No action needed
[2025-11-22 09:01:05] Purok P5: 1.9% used (19/1000) - No action needed
[2025-11-22 09:01:05] Purok P6: 0% used (0/1000) - No action needed
[2025-11-22 09:01:05] Purok P7: 0.7% used (7/1000) - No action needed
[2025-11-22 09:01:05] === Hourly Key Check Completed ===
[2025-11-22 09:01:05] Puroks regenerated: None
[2025-11-22 10:01:03] === Starting Hourly Key Check ===
[2025-11-22 10:01:03] Purok P1: 1.1% used (11/1000) - No action needed
[2025-11-22 10:01:03] Purok P2: 0.3% used (3/1000) - No action needed
[2025-11-22 10:01:03] Purok P3: 0.5% used (5/1000) - No action needed
[2025-11-22 10:01:03] Purok P4A: 0.1% used (1/1000) - No action needed
[2025-11-22 10:01:03] Purok P4B: 1% used (10/1000) - No action needed
[2025-11-22 10:01:03] Purok P5: 1.9% used (19/1000) - No action needed
[2025-11-22 10:01:03] Purok P6: 0% used (0/1000) - No action needed
[2025-11-22 10:01:03] Purok P7: 0.7% used (7/1000) - No action needed
[2025-11-22 10:01:03] === Hourly Key Check Completed ===
[2025-11-22 10:01:03] Puroks regenerated: None
[2025-11-22 11:01:03] === Starting Hourly Key Check ===
[2025-11-22 11:01:03] Purok P1: 1.1% used (11/1000) - No action needed
[2025-11-22 11:01:03] Purok P2: 0.3% used (3/1000) - No action needed
[2025-11-22 11:01:03] Purok P3: 0.5% used (5/1000) - No action needed
[2025-11-22 11:01:03] Purok P4A: 0.1% used (1/1000) - No action needed
[2025-11-22 11:01:03] Purok P4B: 1% used (10/1000) - No action needed
[2025-11-22 11:01:03] Purok P5: 1.9% used (19/1000) - No action needed
[2025-11-22 11:01:03] Purok P6: 0% used (0/1000) - No action needed
[2025-11-22 11:01:03] Purok P7: 0.7% used (7/1000) - No action needed
[2025-11-22 11:01:03] === Hourly Key Check Completed ===
[2025-11-22 11:01:03] Puroks regenerated: None
[2025-11-22 12:01:03] === Starting Hourly Key Check ===
[2025-11-22 12:01:03] Purok P1: 1.1% used (11/1000) - No action needed
[2025-11-22 12:01:03] Purok P2: 0.3% used (3/1000) - No action needed
[2025-11-22 12:01:03] Purok P3: 0.5% used (5/1000) - No action needed
[2025-11-22 12:01:03] Purok P4A: 0.1% used (1/1000) - No action needed
[2025-11-22 12:01:03] Purok P4B: 1% used (10/1000) - No action needed
[2025-11-22 12:01:03] Purok P5: 1.9% used (19/1000) - No action needed
[2025-11-22 12:01:03] Purok P6: 0% used (0/1000) - No action needed
[2025-11-22 12:01:03] Purok P7: 0.7% used (7/1000) - No action needed
[2025-11-22 12:01:03] === Hourly Key Check Completed ===
[2025-11-22 12:01:03] Puroks regenerated: None
[2025-11-22 13:01:04] === Starting Hourly Key Check ===
[2025-11-22 13:01:04] Purok P1: 1.1% used (11/1000) - No action needed
[2025-11-22 13:01:04] Purok P2: 0.3% used (3/1000) - No action needed
[2025-11-22 13:01:04] Purok P3: 0.5% used (5/1000) - No action needed
[2025-11-22 13:01:04] Purok P4A: 0.1% used (1/1000) - No action needed
[2025-11-22 13:01:04] Purok P4B: 1% used (10/1000) - No action needed
[2025-11-22 13:01:04] Purok P5: 1.9% used (19/1000) - No action needed
[2025-11-22 13:01:04] Purok P6: 0% used (0/1000) - No action needed
[2025-11-22 13:01:04] Purok P7: 0.7% used (7/1000) - No action needed
[2025-11-22 13:01:04] === Hourly Key Check Completed ===
[2025-11-22 13:01:04] Puroks regenerated: None
[2025-11-22 14:01:03] === Starting Hourly Key Check ===
[2025-11-22 14:01:03] Purok P1: 1.1% used (11/1000) - No action needed
[2025-11-22 14:01:03] Purok P2: 0.3% used (3/1000) - No action needed
[2025-11-22 14:01:03] Purok P3: 0.5% used (5/1000) - No action needed
[2025-11-22 14:01:03] Purok P4A: 0.1% used (1/1000) - No action needed
[2025-11-22 14:01:03] Purok P4B: 1% used (10/1000) - No action needed
[2025-11-22 14:01:03] Purok P5: 1.9% used (19/1000) - No action needed
[2025-11-22 14:01:03] Purok P6: 0% used (0/1000) - No action needed
[2025-11-22 14:01:03] Purok P7: 0.7% used (7/1000) - No action needed
[2025-11-22 14:01:03] === Hourly Key Check Completed ===
[2025-11-22 14:01:03] Puroks regenerated: None
[2025-11-22 15:01:04] === Starting Hourly Key Check ===
[2025-11-22 15:01:04] Purok P1: 1.1% used (11/1000) - No action needed
[2025-11-22 15:01:04] Purok P2: 0.9% used (9/1000) - No action needed
[2025-11-22 15:01:04] Purok P3: 0.5% used (5/1000) - No action needed
[2025-11-22 15:01:04] Purok P4A: 0.1% used (1/1000) - No action needed
[2025-11-22 15:01:04] Purok P4B: 1% used (10/1000) - No action needed
[2025-11-22 15:01:04] Purok P5: 1.9% used (19/1000) - No action needed
[2025-11-22 15:01:04] Purok P6: 0% used (0/1000) - No action needed
[2025-11-22 15:01:04] Purok P7: 0.7% used (7/1000) - No action needed
[2025-11-22 15:01:04] === Hourly Key Check Completed ===
[2025-11-22 15:01:04] Puroks regenerated: None
[2025-11-22 16:01:03] === Starting Hourly Key Check ===
[2025-11-22 16:01:03] Purok P1: 1.1% used (11/1000) - No action needed
[2025-11-22 16:01:03] Purok P2: 0.9% used (9/1000) - No action needed
[2025-11-22 16:01:03] Purok P3: 0.5% used (5/1000) - No action needed
[2025-11-22 16:01:03] Purok P4A: 0.1% used (1/1000) - No action needed
[2025-11-22 16:01:03] Purok P4B: 1% used (10/1000) - No action needed
[2025-11-22 16:01:03] Purok P5: 1.9% used (19/1000) - No action needed
[2025-11-22 16:01:03] Purok P6: 0% used (0/1000) - No action needed
[2025-11-22 16:01:03] Purok P7: 0.7% used (7/1000) - No action needed
[2025-11-22 16:01:03] === Hourly Key Check Completed ===
[2025-11-22 16:01:03] Puroks regenerated: None
[2025-11-22 17:01:03] === Starting Hourly Key Check ===
[2025-11-22 17:01:03] Purok P1: 1.1% used (11/1000) - No action needed
[2025-11-22 17:01:03] Purok P2: 0.9% used (9/1000) - No action needed
[2025-11-22 17:01:03] Purok P3: 0.5% used (5/1000) - No action needed
[2025-11-22 17:01:03] Purok P4A: 0.1% used (1/1000) - No action needed
[2025-11-22 17:01:03] Purok P4B: 1% used (10/1000) - No action needed
[2025-11-22 17:01:03] Purok P5: 1.9% used (19/1000) - No action needed
[2025-11-22 17:01:03] Purok P6: 0% used (0/1000) - No action needed
[2025-11-22 17:01:03] Purok P7: 0.7% used (7/1000) - No action needed
[2025-11-22 17:01:03] === Hourly Key Check Completed ===
[2025-11-22 17:01:03] Puroks regenerated: None
[2025-11-22 18:01:04] === Starting Hourly Key Check ===
[2025-11-22 18:01:04] Purok P1: 1.1% used (11/1000) - No action needed
[2025-11-22 18:01:04] Purok P2: 0.9% used (9/1000) - No action needed
[2025-11-22 18:01:04] Purok P3: 0.5% used (5/1000) - No action needed
[2025-11-22 18:01:04] Purok P4A: 0.1% used (1/1000) - No action needed
[2025-11-22 18:01:04] Purok P4B: 1% used (10/1000) - No action needed
[2025-11-22 18:01:04] Purok P5: 1.9% used (19/1000) - No action needed
[2025-11-22 18:01:04] Purok P6: 0% used (0/1000) - No action needed
[2025-11-22 18:01:04] Purok P7: 0.7% used (7/1000) - No action needed
[2025-11-22 18:01:04] === Hourly Key Check Completed ===
[2025-11-22 18:01:04] Puroks regenerated: None
[2025-11-22 19:01:04] === Starting Hourly Key Check ===
[2025-11-22 19:01:04] Purok P1: 1.1% used (11/1000) - No action needed
[2025-11-22 19:01:04] Purok P2: 0.9% used (9/1000) - No action needed
[2025-11-22 19:01:04] Purok P3: 0.5% used (5/1000) - No action needed
[2025-11-22 19:01:04] Purok P4A: 0.1% used (1/1000) - No action needed
[2025-11-22 19:01:04] Purok P4B: 1% used (10/1000) - No action needed
[2025-11-22 19:01:04] Purok P5: 1.9% used (19/1000) - No action needed
[2025-11-22 19:01:04] Purok P6: 0% used (0/1000) - No action needed
[2025-11-22 19:01:04] Purok P7: 0.7% used (7/1000) - No action needed
[2025-11-22 19:01:04] === Hourly Key Check Completed ===
[2025-11-22 19:01:04] Puroks regenerated: None
[2025-11-22 20:01:03] === Starting Hourly Key Check ===
[2025-11-22 20:01:03] Purok P1: 1.1% used (11/1000) - No action needed
[2025-11-22 20:01:03] Purok P2: 0.9% used (9/1000) - No action needed
[2025-11-22 20:01:03] Purok P3: 0.5% used (5/1000) - No action needed
[2025-11-22 20:01:03] Purok P4A: 0.1% used (1/1000) - No action needed
[2025-11-22 20:01:03] Purok P4B: 1% used (10/1000) - No action needed
[2025-11-22 20:01:03] Purok P5: 1.9% used (19/1000) - No action needed
[2025-11-22 20:01:03] Purok P6: 0% used (0/1000) - No action needed
[2025-11-22 20:01:03] Purok P7: 0.7% used (7/1000) - No action needed
[2025-11-22 20:01:03] === Hourly Key Check Completed ===
[2025-11-22 20:01:03] Puroks regenerated: None
[2025-11-22 21:01:04] === Starting Hourly Key Check ===
[2025-11-22 21:01:04] Purok P1: 1.1% used (11/1000) - No action needed
[2025-11-22 21:01:04] Purok P2: 0.9% used (9/1000) - No action needed
[2025-11-22 21:01:04] Purok P3: 0.5% used (5/1000) - No action needed
[2025-11-22 21:01:04] Purok P4A: 0.1% used (1/1000) - No action needed
[2025-11-22 21:01:04] Purok P4B: 1% used (10/1000) - No action needed
[2025-11-22 21:01:04] Purok P5: 1.9% used (19/1000) - No action needed
[2025-11-22 21:01:04] Purok P6: 0% used (0/1000) - No action needed
[2025-11-22 21:01:04] Purok P7: 0.7% used (7/1000) - No action needed
[2025-11-22 21:01:04] === Hourly Key Check Completed ===
[2025-11-22 21:01:04] Puroks regenerated: None
[2025-11-22 22:01:11] === Starting Hourly Key Check ===
[2025-11-22 22:01:11] Purok P1: 1.1% used (11/1000) - No action needed
[2025-11-22 22:01:11] Purok P2: 0.9% used (9/1000) - No action needed
[2025-11-22 22:01:11] Purok P3: 0.5% used (5/1000) - No action needed
[2025-11-22 22:01:11] Purok P4A: 0.1% used (1/1000) - No action needed
[2025-11-22 22:01:11] Purok P4B: 1% used (10/1000) - No action needed
[2025-11-22 22:01:11] Purok P5: 1.9% used (19/1000) - No action needed
[2025-11-22 22:01:11] Purok P6: 0% used (0/1000) - No action needed
[2025-11-22 22:01:11] Purok P7: 0.7% used (7/1000) - No action needed
[2025-11-22 22:01:11] === Hourly Key Check Completed ===
[2025-11-22 22:01:11] Puroks regenerated: None
[2025-11-22 23:01:03] === Starting Hourly Key Check ===
[2025-11-22 23:01:03] Purok P1: 1.1% used (11/1000) - No action needed
[2025-11-22 23:01:03] Purok P2: 0.9% used (9/1000) - No action needed
[2025-11-22 23:01:03] Purok P3: 0.5% used (5/1000) - No action needed
[2025-11-22 23:01:03] Purok P4A: 0.1% used (1/1000) - No action needed
[2025-11-22 23:01:03] Purok P4B: 1% used (10/1000) - No action needed
[2025-11-22 23:01:03] Purok P5: 1.9% used (19/1000) - No action needed
[2025-11-22 23:01:03] Purok P6: 0% used (0/1000) - No action needed
[2025-11-22 23:01:03] Purok P7: 0.7% used (7/1000) - No action needed
[2025-11-22 23:01:03] === Hourly Key Check Completed ===
[2025-11-22 23:01:03] Puroks regenerated: None
