[2025-10-15 00:01:02] === Starting Hourly Key Check ===
[2025-10-15 00:01:02] Purok P1: 0% used (0/1000) - No action needed
[2025-10-15 00:01:02] Purok P2: 0% used (0/1000) - No action needed
[2025-10-15 00:01:02] Purok P3: 0% used (0/1000) - No action needed
[2025-10-15 00:01:02] Purok P4A: 0% used (0/1000) - No action needed
[2025-10-15 00:01:02] Purok P4B: 0% used (0/1000) - No action needed
[2025-10-15 00:01:02] Purok P5: 0% used (0/1000) - No action needed
[2025-10-15 00:01:02] Purok P6: 0% used (0/1000) - No action needed
[2025-10-15 00:01:02] Purok P7: 0% used (0/1000) - No action needed
[2025-10-15 00:01:02] === Hourly Key Check Completed ===
[2025-10-15 00:01:02] Puroks regenerated: None
[2025-10-15 01:01:03] === Starting Hourly Key Check ===
[2025-10-15 01:01:03] Purok P1: 0% used (0/1000) - No action needed
[2025-10-15 01:01:03] Purok P2: 0% used (0/1000) - No action needed
[2025-10-15 01:01:03] Purok P3: 0% used (0/1000) - No action needed
[2025-10-15 01:01:03] Purok P4A: 0% used (0/1000) - No action needed
[2025-10-15 01:01:03] Purok P4B: 0% used (0/1000) - No action needed
[2025-10-15 01:01:03] Purok P5: 0% used (0/1000) - No action needed
[2025-10-15 01:01:03] Purok P6: 0% used (0/1000) - No action needed
[2025-10-15 01:01:03] Purok P7: 0% used (0/1000) - No action needed
[2025-10-15 01:01:03] === Hourly Key Check Completed ===
[2025-10-15 01:01:03] Puroks regenerated: None
[2025-10-15 02:01:04] === Starting Hourly Key Check ===
[2025-10-15 02:01:04] Purok P1: 0% used (0/1000) - No action needed
[2025-10-15 02:01:04] Purok P2: 0% used (0/1000) - No action needed
[2025-10-15 02:01:04] Purok P3: 0% used (0/1000) - No action needed
[2025-10-15 02:01:04] Purok P4A: 0% used (0/1000) - No action needed
[2025-10-15 02:01:04] Purok P4B: 0% used (0/1000) - No action needed
[2025-10-15 02:01:04] Purok P5: 0% used (0/1000) - No action needed
[2025-10-15 02:01:04] Purok P6: 0% used (0/1000) - No action needed
[2025-10-15 02:01:04] Purok P7: 0% used (0/1000) - No action needed
[2025-10-15 02:01:04] === Hourly Key Check Completed ===
[2025-10-15 02:01:04] Puroks regenerated: None
[2025-10-15 03:01:03] === Starting Hourly Key Check ===
[2025-10-15 03:01:03] Purok P1: 0% used (0/1000) - No action needed
[2025-10-15 03:01:03] Purok P2: 0.1% used (1/1000) - No action needed
[2025-10-15 03:01:03] Purok P3: 0% used (0/1000) - No action needed
[2025-10-15 03:01:03] Purok P4A: 0% used (0/1000) - No action needed
[2025-10-15 03:01:03] Purok P4B: 0% used (0/1000) - No action needed
[2025-10-15 03:01:03] Purok P5: 0% used (0/1000) - No action needed
[2025-10-15 03:01:03] Purok P6: 0% used (0/1000) - No action needed
[2025-10-15 03:01:03] Purok P7: 0% used (0/1000) - No action needed
[2025-10-15 03:01:03] === Hourly Key Check Completed ===
[2025-10-15 03:01:03] Puroks regenerated: None
[2025-10-15 04:01:02] === Starting Hourly Key Check ===
[2025-10-15 04:01:02] Purok P1: 0% used (0/1000) - No action needed
[2025-10-15 04:01:02] Purok P2: 0.3% used (3/1000) - No action needed
[2025-10-15 04:01:02] Purok P3: 0% used (0/1000) - No action needed
[2025-10-15 04:01:02] Purok P4A: 0% used (0/1000) - No action needed
[2025-10-15 04:01:02] Purok P4B: 0% used (0/1000) - No action needed
[2025-10-15 04:01:02] Purok P5: 0% used (0/1000) - No action needed
[2025-10-15 04:01:02] Purok P6: 0% used (0/1000) - No action needed
[2025-10-15 04:01:02] Purok P7: 0% used (0/1000) - No action needed
[2025-10-15 04:01:02] === Hourly Key Check Completed ===
[2025-10-15 04:01:02] Puroks regenerated: None
[2025-10-15 05:01:03] === Starting Hourly Key Check ===
[2025-10-15 05:01:03] Purok P1: 0% used (0/1000) - No action needed
[2025-10-15 05:01:03] Purok P2: 0.3% used (3/1000) - No action needed
[2025-10-15 05:01:03] Purok P3: 0% used (0/1000) - No action needed
[2025-10-15 05:01:03] Purok P4A: 0% used (0/1000) - No action needed
[2025-10-15 05:01:03] Purok P4B: 0% used (0/1000) - No action needed
[2025-10-15 05:01:03] Purok P5: 0% used (0/1000) - No action needed
[2025-10-15 05:01:03] Purok P6: 0% used (0/1000) - No action needed
[2025-10-15 05:01:03] Purok P7: 0% used (0/1000) - No action needed
[2025-10-15 05:01:03] === Hourly Key Check Completed ===
[2025-10-15 05:01:03] Puroks regenerated: None
[2025-10-15 06:01:03] === Starting Hourly Key Check ===
[2025-10-15 06:01:03] Purok P1: 0% used (0/1000) - No action needed
[2025-10-15 06:01:03] Purok P2: 0.3% used (3/1000) - No action needed
[2025-10-15 06:01:03] Purok P3: 0% used (0/1000) - No action needed
[2025-10-15 06:01:03] Purok P4A: 0% used (0/1000) - No action needed
[2025-10-15 06:01:03] Purok P4B: 0% used (0/1000) - No action needed
[2025-10-15 06:01:03] Purok P5: 0% used (0/1000) - No action needed
[2025-10-15 06:01:03] Purok P6: 0% used (0/1000) - No action needed
[2025-10-15 06:01:03] Purok P7: 0% used (0/1000) - No action needed
[2025-10-15 06:01:03] === Hourly Key Check Completed ===
[2025-10-15 06:01:03] Puroks regenerated: None
[2025-10-15 07:01:03] === Starting Hourly Key Check ===
[2025-10-15 07:01:03] Purok P1: 0% used (0/1000) - No action needed
[2025-10-15 07:01:03] Purok P2: 0.3% used (3/1000) - No action needed
[2025-10-15 07:01:03] Purok P3: 0% used (0/1000) - No action needed
[2025-10-15 07:01:03] Purok P4A: 0% used (0/1000) - No action needed
[2025-10-15 07:01:03] Purok P4B: 0% used (0/1000) - No action needed
[2025-10-15 07:01:03] Purok P5: 0% used (0/1000) - No action needed
[2025-10-15 07:01:03] Purok P6: 0% used (0/1000) - No action needed
[2025-10-15 07:01:03] Purok P7: 0% used (0/1000) - No action needed
[2025-10-15 07:01:03] === Hourly Key Check Completed ===
[2025-10-15 07:01:03] Puroks regenerated: None
[2025-10-15 08:01:03] === Starting Hourly Key Check ===
[2025-10-15 08:01:03] Purok P1: 0% used (0/1000) - No action needed
[2025-10-15 08:01:03] Purok P2: 0.3% used (3/1000) - No action needed
[2025-10-15 08:01:03] Purok P3: 0% used (0/1000) - No action needed
[2025-10-15 08:01:03] Purok P4A: 0% used (0/1000) - No action needed
[2025-10-15 08:01:03] Purok P4B: 0% used (0/1000) - No action needed
[2025-10-15 08:01:03] Purok P5: 0% used (0/1000) - No action needed
[2025-10-15 08:01:03] Purok P6: 0% used (0/1000) - No action needed
[2025-10-15 08:01:03] Purok P7: 0% used (0/1000) - No action needed
[2025-10-15 08:01:03] === Hourly Key Check Completed ===
[2025-10-15 08:01:03] Puroks regenerated: None
[2025-10-15 09:01:03] === Starting Hourly Key Check ===
[2025-10-15 09:01:03] Purok P1: 0% used (0/1000) - No action needed
[2025-10-15 09:01:03] Purok P2: 0.3% used (3/1000) - No action needed
[2025-10-15 09:01:03] Purok P3: 0% used (0/1000) - No action needed
[2025-10-15 09:01:03] Purok P4A: 0% used (0/1000) - No action needed
[2025-10-15 09:01:03] Purok P4B: 0% used (0/1000) - No action needed
[2025-10-15 09:01:03] Purok P5: 0% used (0/1000) - No action needed
[2025-10-15 09:01:03] Purok P6: 0% used (0/1000) - No action needed
[2025-10-15 09:01:03] Purok P7: 0% used (0/1000) - No action needed
[2025-10-15 09:01:03] === Hourly Key Check Completed ===
[2025-10-15 09:01:03] Puroks regenerated: None
[2025-10-15 10:01:04] === Starting Hourly Key Check ===
[2025-10-15 10:01:04] Purok P1: 0% used (0/1000) - No action needed
[2025-10-15 10:01:04] Purok P2: 0.3% used (3/1000) - No action needed
[2025-10-15 10:01:04] Purok P3: 0% used (0/1000) - No action needed
[2025-10-15 10:01:04] Purok P4A: 0% used (0/1000) - No action needed
[2025-10-15 10:01:04] Purok P4B: 0% used (0/1000) - No action needed
[2025-10-15 10:01:04] Purok P5: 0% used (0/1000) - No action needed
[2025-10-15 10:01:04] Purok P6: 0% used (0/1000) - No action needed
[2025-10-15 10:01:04] Purok P7: 0% used (0/1000) - No action needed
[2025-10-15 10:01:04] === Hourly Key Check Completed ===
[2025-10-15 10:01:04] Puroks regenerated: None
[2025-10-15 11:01:03] === Starting Hourly Key Check ===
[2025-10-15 11:01:03] Purok P1: 0% used (0/1000) - No action needed
[2025-10-15 11:01:03] Purok P2: 0.3% used (3/1000) - No action needed
[2025-10-15 11:01:03] Purok P3: 0% used (0/1000) - No action needed
[2025-10-15 11:01:03] Purok P4A: 0% used (0/1000) - No action needed
[2025-10-15 11:01:03] Purok P4B: 0% used (0/1000) - No action needed
[2025-10-15 11:01:03] Purok P5: 0% used (0/1000) - No action needed
[2025-10-15 11:01:03] Purok P6: 0% used (0/1000) - No action needed
[2025-10-15 11:01:03] Purok P7: 0% used (0/1000) - No action needed
[2025-10-15 11:01:03] === Hourly Key Check Completed ===
[2025-10-15 11:01:03] Puroks regenerated: None
[2025-10-15 12:01:03] === Starting Hourly Key Check ===
[2025-10-15 12:01:03] Purok P1: 0% used (0/1000) - No action needed
[2025-10-15 12:01:03] Purok P2: 0.3% used (3/1000) - No action needed
[2025-10-15 12:01:03] Purok P3: 0% used (0/1000) - No action needed
[2025-10-15 12:01:03] Purok P4A: 0% used (0/1000) - No action needed
[2025-10-15 12:01:03] Purok P4B: 0% used (0/1000) - No action needed
[2025-10-15 12:01:03] Purok P5: 0% used (0/1000) - No action needed
[2025-10-15 12:01:03] Purok P6: 0% used (0/1000) - No action needed
[2025-10-15 12:01:03] Purok P7: 0% used (0/1000) - No action needed
[2025-10-15 12:01:03] === Hourly Key Check Completed ===
[2025-10-15 12:01:03] Puroks regenerated: None
[2025-10-15 13:01:02] === Starting Hourly Key Check ===
[2025-10-15 13:01:02] Purok P1: 0% used (0/1000) - No action needed
[2025-10-15 13:01:02] Purok P2: 0.3% used (3/1000) - No action needed
[2025-10-15 13:01:02] Purok P3: 0% used (0/1000) - No action needed
[2025-10-15 13:01:02] Purok P4A: 0% used (0/1000) - No action needed
[2025-10-15 13:01:02] Purok P4B: 0% used (0/1000) - No action needed
[2025-10-15 13:01:02] Purok P5: 0% used (0/1000) - No action needed
[2025-10-15 13:01:02] Purok P6: 0% used (0/1000) - No action needed
[2025-10-15 13:01:02] Purok P7: 0% used (0/1000) - No action needed
[2025-10-15 13:01:02] === Hourly Key Check Completed ===
[2025-10-15 13:01:02] Puroks regenerated: None
[2025-10-15 14:01:06] === Starting Hourly Key Check ===
[2025-10-15 14:01:06] Purok P1: 0% used (0/1000) - No action needed
[2025-10-15 14:01:06] Purok P2: 0.3% used (3/1000) - No action needed
[2025-10-15 14:01:06] Purok P3: 0% used (0/1000) - No action needed
[2025-10-15 14:01:06] Purok P4A: 0% used (0/1000) - No action needed
[2025-10-15 14:01:06] Purok P4B: 0% used (0/1000) - No action needed
[2025-10-15 14:01:06] Purok P5: 0% used (0/1000) - No action needed
[2025-10-15 14:01:06] Purok P6: 0% used (0/1000) - No action needed
[2025-10-15 14:01:06] Purok P7: 0% used (0/1000) - No action needed
[2025-10-15 14:01:06] === Hourly Key Check Completed ===
[2025-10-15 14:01:06] Puroks regenerated: None
[2025-10-15 15:01:02] === Starting Hourly Key Check ===
[2025-10-15 15:01:02] Purok P1: 0% used (0/1000) - No action needed
[2025-10-15 15:01:02] Purok P2: 0.3% used (3/1000) - No action needed
[2025-10-15 15:01:02] Purok P3: 0% used (0/1000) - No action needed
[2025-10-15 15:01:02] Purok P4A: 0% used (0/1000) - No action needed
[2025-10-15 15:01:02] Purok P4B: 0% used (0/1000) - No action needed
[2025-10-15 15:01:02] Purok P5: 0% used (0/1000) - No action needed
[2025-10-15 15:01:02] Purok P6: 0% used (0/1000) - No action needed
[2025-10-15 15:01:02] Purok P7: 0% used (0/1000) - No action needed
[2025-10-15 15:01:02] === Hourly Key Check Completed ===
[2025-10-15 15:01:02] Puroks regenerated: None
[2025-10-15 16:01:05] === Starting Hourly Key Check ===
[2025-10-15 16:01:05] Purok P1: 0% used (0/1000) - No action needed
[2025-10-15 16:01:05] Purok P2: 0.3% used (3/1000) - No action needed
[2025-10-15 16:01:05] Purok P3: 0% used (0/1000) - No action needed
[2025-10-15 16:01:05] Purok P4A: 0% used (0/1000) - No action needed
[2025-10-15 16:01:05] Purok P4B: 0% used (0/1000) - No action needed
[2025-10-15 16:01:05] Purok P5: 0% used (0/1000) - No action needed
[2025-10-15 16:01:05] Purok P6: 0% used (0/1000) - No action needed
[2025-10-15 16:01:05] Purok P7: 0% used (0/1000) - No action needed
[2025-10-15 16:01:05] === Hourly Key Check Completed ===
[2025-10-15 16:01:05] Puroks regenerated: None
[2025-10-15 17:01:03] === Starting Hourly Key Check ===
[2025-10-15 17:01:03] Purok P1: 0% used (0/1000) - No action needed
[2025-10-15 17:01:03] Purok P2: 0.3% used (3/1000) - No action needed
[2025-10-15 17:01:03] Purok P3: 0% used (0/1000) - No action needed
[2025-10-15 17:01:03] Purok P4A: 0% used (0/1000) - No action needed
[2025-10-15 17:01:03] Purok P4B: 0% used (0/1000) - No action needed
[2025-10-15 17:01:03] Purok P5: 0% used (0/1000) - No action needed
[2025-10-15 17:01:03] Purok P6: 0% used (0/1000) - No action needed
[2025-10-15 17:01:03] Purok P7: 0% used (0/1000) - No action needed
[2025-10-15 17:01:03] === Hourly Key Check Completed ===
[2025-10-15 17:01:03] Puroks regenerated: None
[2025-10-15 18:01:04] === Starting Hourly Key Check ===
[2025-10-15 18:01:04] Purok P1: 0% used (0/1000) - No action needed
[2025-10-15 18:01:04] Purok P2: 0.3% used (3/1000) - No action needed
[2025-10-15 18:01:04] Purok P3: 0% used (0/1000) - No action needed
[2025-10-15 18:01:04] Purok P4A: 0% used (0/1000) - No action needed
[2025-10-15 18:01:04] Purok P4B: 0% used (0/1000) - No action needed
[2025-10-15 18:01:04] Purok P5: 0% used (0/1000) - No action needed
[2025-10-15 18:01:04] Purok P6: 0% used (0/1000) - No action needed
[2025-10-15 18:01:04] Purok P7: 0% used (0/1000) - No action needed
[2025-10-15 18:01:04] === Hourly Key Check Completed ===
[2025-10-15 18:01:04] Puroks regenerated: None
[2025-10-15 19:01:11] === Starting Hourly Key Check ===
[2025-10-15 19:01:11] Purok P1: 0% used (0/1000) - No action needed
[2025-10-15 19:01:11] Purok P2: 0.3% used (3/1000) - No action needed
[2025-10-15 19:01:11] Purok P3: 0% used (0/1000) - No action needed
[2025-10-15 19:01:11] Purok P4A: 0% used (0/1000) - No action needed
[2025-10-15 19:01:11] Purok P4B: 0% used (0/1000) - No action needed
[2025-10-15 19:01:11] Purok P5: 0% used (0/1000) - No action needed
[2025-10-15 19:01:11] Purok P6: 0% used (0/1000) - No action needed
[2025-10-15 19:01:11] Purok P7: 0% used (0/1000) - No action needed
[2025-10-15 19:01:11] === Hourly Key Check Completed ===
[2025-10-15 19:01:11] Puroks regenerated: None
[2025-10-15 20:01:03] === Starting Hourly Key Check ===
[2025-10-15 20:01:03] Purok P1: 0% used (0/1000) - No action needed
[2025-10-15 20:01:03] Purok P2: 0.3% used (3/1000) - No action needed
[2025-10-15 20:01:03] Purok P3: 0% used (0/1000) - No action needed
[2025-10-15 20:01:03] Purok P4A: 0% used (0/1000) - No action needed
[2025-10-15 20:01:03] Purok P4B: 0% used (0/1000) - No action needed
[2025-10-15 20:01:03] Purok P5: 0% used (0/1000) - No action needed
[2025-10-15 20:01:03] Purok P6: 0% used (0/1000) - No action needed
[2025-10-15 20:01:03] Purok P7: 0% used (0/1000) - No action needed
[2025-10-15 20:01:03] === Hourly Key Check Completed ===
[2025-10-15 20:01:03] Puroks regenerated: None
[2025-10-15 21:01:02] === Starting Hourly Key Check ===
[2025-10-15 21:01:02] Purok P1: 0% used (0/1000) - No action needed
[2025-10-15 21:01:02] Purok P2: 0.3% used (3/1000) - No action needed
[2025-10-15 21:01:02] Purok P3: 0% used (0/1000) - No action needed
[2025-10-15 21:01:02] Purok P4A: 0% used (0/1000) - No action needed
[2025-10-15 21:01:02] Purok P4B: 0% used (0/1000) - No action needed
[2025-10-15 21:01:02] Purok P5: 0% used (0/1000) - No action needed
[2025-10-15 21:01:02] Purok P6: 0% used (0/1000) - No action needed
[2025-10-15 21:01:02] Purok P7: 0% used (0/1000) - No action needed
[2025-10-15 21:01:02] === Hourly Key Check Completed ===
[2025-10-15 21:01:02] Puroks regenerated: None
[2025-10-15 22:01:04] === Starting Hourly Key Check ===
[2025-10-15 22:01:04] Purok P1: 0% used (0/1000) - No action needed
[2025-10-15 22:01:04] Purok P2: 0.3% used (3/1000) - No action needed
[2025-10-15 22:01:04] Purok P3: 0% used (0/1000) - No action needed
[2025-10-15 22:01:04] Purok P4A: 0% used (0/1000) - No action needed
[2025-10-15 22:01:04] Purok P4B: 0% used (0/1000) - No action needed
[2025-10-15 22:01:04] Purok P5: 0% used (0/1000) - No action needed
[2025-10-15 22:01:04] Purok P6: 0% used (0/1000) - No action needed
[2025-10-15 22:01:04] Purok P7: 0% used (0/1000) - No action needed
[2025-10-15 22:01:04] === Hourly Key Check Completed ===
[2025-10-15 22:01:04] Puroks regenerated: None
[2025-10-15 23:01:05] === Starting Hourly Key Check ===
[2025-10-15 23:01:05] Purok P1: 0% used (0/1000) - No action needed
[2025-10-15 23:01:05] Purok P2: 0.3% used (3/1000) - No action needed
[2025-10-15 23:01:05] Purok P3: 0% used (0/1000) - No action needed
[2025-10-15 23:01:05] Purok P4A: 0% used (0/1000) - No action needed
[2025-10-15 23:01:05] Purok P4B: 0% used (0/1000) - No action needed
[2025-10-15 23:01:05] Purok P5: 0% used (0/1000) - No action needed
[2025-10-15 23:01:05] Purok P6: 0% used (0/1000) - No action needed
[2025-10-15 23:01:05] Purok P7: 0% used (0/1000) - No action needed
[2025-10-15 23:01:05] === Hourly Key Check Completed ===
[2025-10-15 23:01:05] Puroks regenerated: None
