[2025-10-18 00:01:03] === Starting Hourly Key Check ===
[2025-10-18 00:01:03] Purok P1: 0.1% used (1/1000) - No action needed
[2025-10-18 00:01:03] Purok P2: 0.3% used (3/1000) - No action needed
[2025-10-18 00:01:03] Purok P3: 0.1% used (1/1000) - No action needed
[2025-10-18 00:01:03] Purok P4A: 0% used (0/1000) - No action needed
[2025-10-18 00:01:03] Purok P4B: 0% used (0/1000) - No action needed
[2025-10-18 00:01:03] Purok P5: 0% used (0/1000) - No action needed
[2025-10-18 00:01:03] Purok P6: 0% used (0/1000) - No action needed
[2025-10-18 00:01:03] Purok P7: 0.1% used (1/1000) - No action needed
[2025-10-18 00:01:03] === Hourly Key Check Completed ===
[2025-10-18 00:01:03] Puroks regenerated: None
[2025-10-18 01:01:03] === Starting Hourly Key Check ===
[2025-10-18 01:01:03] Purok P1: 0.1% used (1/1000) - No action needed
[2025-10-18 01:01:03] Purok P2: 0.3% used (3/1000) - No action needed
[2025-10-18 01:01:03] Purok P3: 0.1% used (1/1000) - No action needed
[2025-10-18 01:01:03] Purok P4A: 0% used (0/1000) - No action needed
[2025-10-18 01:01:03] Purok P4B: 0% used (0/1000) - No action needed
[2025-10-18 01:01:03] Purok P5: 0% used (0/1000) - No action needed
[2025-10-18 01:01:03] Purok P6: 0% used (0/1000) - No action needed
[2025-10-18 01:01:03] Purok P7: 0.1% used (1/1000) - No action needed
[2025-10-18 01:01:03] === Hourly Key Check Completed ===
[2025-10-18 01:01:03] Puroks regenerated: None
[2025-10-18 02:01:03] === Starting Hourly Key Check ===
[2025-10-18 02:01:03] Purok P1: 0.1% used (1/1000) - No action needed
[2025-10-18 02:01:03] Purok P2: 0.3% used (3/1000) - No action needed
[2025-10-18 02:01:03] Purok P3: 0.1% used (1/1000) - No action needed
[2025-10-18 02:01:03] Purok P4A: 0% used (0/1000) - No action needed
[2025-10-18 02:01:03] Purok P4B: 0% used (0/1000) - No action needed
[2025-10-18 02:01:03] Purok P5: 0% used (0/1000) - No action needed
[2025-10-18 02:01:03] Purok P6: 0% used (0/1000) - No action needed
[2025-10-18 02:01:03] Purok P7: 0.1% used (1/1000) - No action needed
[2025-10-18 02:01:03] === Hourly Key Check Completed ===
[2025-10-18 02:01:03] Puroks regenerated: None
[2025-10-18 03:01:03] === Starting Hourly Key Check ===
[2025-10-18 03:01:03] Purok P1: 0.1% used (1/1000) - No action needed
[2025-10-18 03:01:03] Purok P2: 0.3% used (3/1000) - No action needed
[2025-10-18 03:01:03] Purok P3: 0.1% used (1/1000) - No action needed
[2025-10-18 03:01:03] Purok P4A: 0% used (0/1000) - No action needed
[2025-10-18 03:01:03] Purok P4B: 0% used (0/1000) - No action needed
[2025-10-18 03:01:03] Purok P5: 0% used (0/1000) - No action needed
[2025-10-18 03:01:03] Purok P6: 0% used (0/1000) - No action needed
[2025-10-18 03:01:03] Purok P7: 0.1% used (1/1000) - No action needed
[2025-10-18 03:01:03] === Hourly Key Check Completed ===
[2025-10-18 03:01:03] Puroks regenerated: None
[2025-10-18 04:01:03] === Starting Hourly Key Check ===
[2025-10-18 04:01:03] Purok P1: 0.1% used (1/1000) - No action needed
[2025-10-18 04:01:03] Purok P2: 0.3% used (3/1000) - No action needed
[2025-10-18 04:01:03] Purok P3: 0.1% used (1/1000) - No action needed
[2025-10-18 04:01:03] Purok P4A: 0% used (0/1000) - No action needed
[2025-10-18 04:01:03] Purok P4B: 0% used (0/1000) - No action needed
[2025-10-18 04:01:03] Purok P5: 0% used (0/1000) - No action needed
[2025-10-18 04:01:03] Purok P6: 0% used (0/1000) - No action needed
[2025-10-18 04:01:03] Purok P7: 0.1% used (1/1000) - No action needed
[2025-10-18 04:01:03] === Hourly Key Check Completed ===
[2025-10-18 04:01:03] Puroks regenerated: None
