[2025-11-05 00:01:03] === Starting Hourly Key Check ===
[2025-11-05 00:01:03] Purok P1: 1.1% used (11/1000) - No action needed
[2025-11-05 00:01:03] Purok P2: 0.3% used (3/1000) - No action needed
[2025-11-05 00:01:03] Purok P3: 0.5% used (5/1000) - No action needed
[2025-11-05 00:01:03] Purok P4A: 0% used (0/1000) - No action needed
[2025-11-05 00:01:03] Purok P4B: 1% used (10/1000) - No action needed
[2025-11-05 00:01:03] Purok P5: 1.9% used (19/1000) - No action needed
[2025-11-05 00:01:03] Purok P6: 0% used (0/1000) - No action needed
[2025-11-05 00:01:03] Purok P7: 0.2% used (2/1000) - No action needed
[2025-11-05 00:01:03] === Hourly Key Check Completed ===
[2025-11-05 00:01:03] Puroks regenerated: None
[2025-11-05 01:01:02] === Starting Hourly Key Check ===
[2025-11-05 01:01:02] Purok P1: 1.1% used (11/1000) - No action needed
[2025-11-05 01:01:02] Purok P2: 0.3% used (3/1000) - No action needed
[2025-11-05 01:01:02] Purok P3: 0.5% used (5/1000) - No action needed
[2025-11-05 01:01:02] Purok P4A: 0% used (0/1000) - No action needed
[2025-11-05 01:01:02] Purok P4B: 1% used (10/1000) - No action needed
[2025-11-05 01:01:02] Purok P5: 1.9% used (19/1000) - No action needed
[2025-11-05 01:01:02] Purok P6: 0% used (0/1000) - No action needed
[2025-11-05 01:01:02] Purok P7: 0.2% used (2/1000) - No action needed
[2025-11-05 01:01:02] === Hourly Key Check Completed ===
[2025-11-05 01:01:02] Puroks regenerated: None
[2025-11-05 02:01:02] === Starting Hourly Key Check ===
[2025-11-05 02:01:02] Purok P1: 1.1% used (11/1000) - No action needed
[2025-11-05 02:01:02] Purok P2: 0.3% used (3/1000) - No action needed
[2025-11-05 02:01:02] Purok P3: 0.5% used (5/1000) - No action needed
[2025-11-05 02:01:02] Purok P4A: 0% used (0/1000) - No action needed
[2025-11-05 02:01:02] Purok P4B: 1% used (10/1000) - No action needed
[2025-11-05 02:01:02] Purok P5: 1.9% used (19/1000) - No action needed
[2025-11-05 02:01:02] Purok P6: 0% used (0/1000) - No action needed
[2025-11-05 02:01:02] Purok P7: 0.2% used (2/1000) - No action needed
[2025-11-05 02:01:02] === Hourly Key Check Completed ===
[2025-11-05 02:01:02] Puroks regenerated: None
[2025-11-05 03:01:03] === Starting Hourly Key Check ===
[2025-11-05 03:01:03] Purok P1: 1.1% used (11/1000) - No action needed
[2025-11-05 03:01:03] Purok P2: 0.3% used (3/1000) - No action needed
[2025-11-05 03:01:03] Purok P3: 0.5% used (5/1000) - No action needed
[2025-11-05 03:01:03] Purok P4A: 0% used (0/1000) - No action needed
[2025-11-05 03:01:03] Purok P4B: 1% used (10/1000) - No action needed
[2025-11-05 03:01:03] Purok P5: 1.9% used (19/1000) - No action needed
[2025-11-05 03:01:03] Purok P6: 0% used (0/1000) - No action needed
[2025-11-05 03:01:03] Purok P7: 0.2% used (2/1000) - No action needed
[2025-11-05 03:01:03] === Hourly Key Check Completed ===
[2025-11-05 03:01:03] Puroks regenerated: None
[2025-11-05 04:01:02] === Starting Hourly Key Check ===
[2025-11-05 04:01:02] Purok P1: 1.1% used (11/1000) - No action needed
[2025-11-05 04:01:02] Purok P2: 0.3% used (3/1000) - No action needed
[2025-11-05 04:01:02] Purok P3: 0.5% used (5/1000) - No action needed
[2025-11-05 04:01:02] Purok P4A: 0% used (0/1000) - No action needed
[2025-11-05 04:01:02] Purok P4B: 1% used (10/1000) - No action needed
[2025-11-05 04:01:02] Purok P5: 1.9% used (19/1000) - No action needed
[2025-11-05 04:01:02] Purok P6: 0% used (0/1000) - No action needed
[2025-11-05 04:01:02] Purok P7: 0.2% used (2/1000) - No action needed
[2025-11-05 04:01:02] === Hourly Key Check Completed ===
[2025-11-05 04:01:02] Puroks regenerated: None
[2025-11-05 05:01:03] === Starting Hourly Key Check ===
[2025-11-05 05:01:03] Purok P1: 1.1% used (11/1000) - No action needed
[2025-11-05 05:01:03] Purok P2: 0.3% used (3/1000) - No action needed
[2025-11-05 05:01:03] Purok P3: 0.5% used (5/1000) - No action needed
[2025-11-05 05:01:03] Purok P4A: 0% used (0/1000) - No action needed
[2025-11-05 05:01:03] Purok P4B: 1% used (10/1000) - No action needed
[2025-11-05 05:01:03] Purok P5: 1.9% used (19/1000) - No action needed
[2025-11-05 05:01:03] Purok P6: 0% used (0/1000) - No action needed
[2025-11-05 05:01:03] Purok P7: 0.2% used (2/1000) - No action needed
[2025-11-05 05:01:03] === Hourly Key Check Completed ===
[2025-11-05 05:01:03] Puroks regenerated: None
[2025-11-05 06:01:04] === Starting Hourly Key Check ===
[2025-11-05 06:01:04] Purok P1: 1.1% used (11/1000) - No action needed
[2025-11-05 06:01:04] Purok P2: 0.3% used (3/1000) - No action needed
[2025-11-05 06:01:04] Purok P3: 0.5% used (5/1000) - No action needed
[2025-11-05 06:01:04] Purok P4A: 0% used (0/1000) - No action needed
[2025-11-05 06:01:04] Purok P4B: 1% used (10/1000) - No action needed
[2025-11-05 06:01:04] Purok P5: 1.9% used (19/1000) - No action needed
[2025-11-05 06:01:04] Purok P6: 0% used (0/1000) - No action needed
[2025-11-05 06:01:04] Purok P7: 0.2% used (2/1000) - No action needed
[2025-11-05 06:01:04] === Hourly Key Check Completed ===
[2025-11-05 06:01:04] Puroks regenerated: None
[2025-11-05 07:01:03] === Starting Hourly Key Check ===
[2025-11-05 07:01:03] Purok P1: 1.1% used (11/1000) - No action needed
[2025-11-05 07:01:03] Purok P2: 0.3% used (3/1000) - No action needed
[2025-11-05 07:01:03] Purok P3: 0.5% used (5/1000) - No action needed
[2025-11-05 07:01:03] Purok P4A: 0% used (0/1000) - No action needed
[2025-11-05 07:01:03] Purok P4B: 1% used (10/1000) - No action needed
[2025-11-05 07:01:03] Purok P5: 1.9% used (19/1000) - No action needed
[2025-11-05 07:01:03] Purok P6: 0% used (0/1000) - No action needed
[2025-11-05 07:01:03] Purok P7: 0.2% used (2/1000) - No action needed
[2025-11-05 07:01:03] === Hourly Key Check Completed ===
[2025-11-05 07:01:03] Puroks regenerated: None
[2025-11-05 08:01:03] === Starting Hourly Key Check ===
[2025-11-05 08:01:03] Purok P1: 1.1% used (11/1000) - No action needed
[2025-11-05 08:01:03] Purok P2: 0.3% used (3/1000) - No action needed
[2025-11-05 08:01:03] Purok P3: 0.5% used (5/1000) - No action needed
[2025-11-05 08:01:03] Purok P4A: 0% used (0/1000) - No action needed
[2025-11-05 08:01:03] Purok P4B: 1% used (10/1000) - No action needed
[2025-11-05 08:01:03] Purok P5: 1.9% used (19/1000) - No action needed
[2025-11-05 08:01:03] Purok P6: 0% used (0/1000) - No action needed
[2025-11-05 08:01:03] Purok P7: 0.2% used (2/1000) - No action needed
[2025-11-05 08:01:03] === Hourly Key Check Completed ===
[2025-11-05 08:01:03] Puroks regenerated: None
[2025-11-05 09:01:03] === Starting Hourly Key Check ===
[2025-11-05 09:01:03] Purok P1: 1.1% used (11/1000) - No action needed
[2025-11-05 09:01:03] Purok P2: 0.3% used (3/1000) - No action needed
[2025-11-05 09:01:03] Purok P3: 0.5% used (5/1000) - No action needed
[2025-11-05 09:01:03] Purok P4A: 0% used (0/1000) - No action needed
[2025-11-05 09:01:03] Purok P4B: 1% used (10/1000) - No action needed
[2025-11-05 09:01:03] Purok P5: 1.9% used (19/1000) - No action needed
[2025-11-05 09:01:03] Purok P6: 0% used (0/1000) - No action needed
[2025-11-05 09:01:03] Purok P7: 0.2% used (2/1000) - No action needed
[2025-11-05 09:01:03] === Hourly Key Check Completed ===
[2025-11-05 09:01:03] Puroks regenerated: None
[2025-11-05 10:01:03] === Starting Hourly Key Check ===
[2025-11-05 10:01:03] Purok P1: 1.1% used (11/1000) - No action needed
[2025-11-05 10:01:03] Purok P2: 0.3% used (3/1000) - No action needed
[2025-11-05 10:01:03] Purok P3: 0.5% used (5/1000) - No action needed
[2025-11-05 10:01:03] Purok P4A: 0% used (0/1000) - No action needed
[2025-11-05 10:01:03] Purok P4B: 1% used (10/1000) - No action needed
[2025-11-05 10:01:03] Purok P5: 1.9% used (19/1000) - No action needed
[2025-11-05 10:01:03] Purok P6: 0% used (0/1000) - No action needed
[2025-11-05 10:01:03] Purok P7: 0.2% used (2/1000) - No action needed
[2025-11-05 10:01:03] === Hourly Key Check Completed ===
[2025-11-05 10:01:03] Puroks regenerated: None
[2025-11-05 11:01:03] === Starting Hourly Key Check ===
[2025-11-05 11:01:03] Purok P1: 1.1% used (11/1000) - No action needed
[2025-11-05 11:01:03] Purok P2: 0.3% used (3/1000) - No action needed
[2025-11-05 11:01:03] Purok P3: 0.5% used (5/1000) - No action needed
[2025-11-05 11:01:03] Purok P4A: 0% used (0/1000) - No action needed
[2025-11-05 11:01:03] Purok P4B: 1% used (10/1000) - No action needed
[2025-11-05 11:01:03] Purok P5: 1.9% used (19/1000) - No action needed
[2025-11-05 11:01:03] Purok P6: 0% used (0/1000) - No action needed
[2025-11-05 11:01:03] Purok P7: 0.2% used (2/1000) - No action needed
[2025-11-05 11:01:03] === Hourly Key Check Completed ===
[2025-11-05 11:01:03] Puroks regenerated: None
[2025-11-05 12:01:03] === Starting Hourly Key Check ===
[2025-11-05 12:01:03] Purok P1: 1.1% used (11/1000) - No action needed
[2025-11-05 12:01:03] Purok P2: 0.3% used (3/1000) - No action needed
[2025-11-05 12:01:03] Purok P3: 0.5% used (5/1000) - No action needed
[2025-11-05 12:01:03] Purok P4A: 0% used (0/1000) - No action needed
[2025-11-05 12:01:03] Purok P4B: 1% used (10/1000) - No action needed
[2025-11-05 12:01:03] Purok P5: 1.9% used (19/1000) - No action needed
[2025-11-05 12:01:03] Purok P6: 0% used (0/1000) - No action needed
[2025-11-05 12:01:03] Purok P7: 0.2% used (2/1000) - No action needed
[2025-11-05 12:01:03] === Hourly Key Check Completed ===
[2025-11-05 12:01:03] Puroks regenerated: None
[2025-11-05 13:01:03] === Starting Hourly Key Check ===
[2025-11-05 13:01:03] Purok P1: 1.1% used (11/1000) - No action needed
[2025-11-05 13:01:03] Purok P2: 0.3% used (3/1000) - No action needed
[2025-11-05 13:01:03] Purok P3: 0.5% used (5/1000) - No action needed
[2025-11-05 13:01:03] Purok P4A: 0% used (0/1000) - No action needed
[2025-11-05 13:01:03] Purok P4B: 1% used (10/1000) - No action needed
[2025-11-05 13:01:03] Purok P5: 1.9% used (19/1000) - No action needed
[2025-11-05 13:01:03] Purok P6: 0% used (0/1000) - No action needed
[2025-11-05 13:01:03] Purok P7: 0.2% used (2/1000) - No action needed
[2025-11-05 13:01:03] === Hourly Key Check Completed ===
[2025-11-05 13:01:03] Puroks regenerated: None
[2025-11-05 14:01:03] === Starting Hourly Key Check ===
[2025-11-05 14:01:03] Purok P1: 1.1% used (11/1000) - No action needed
[2025-11-05 14:01:03] Purok P2: 0.3% used (3/1000) - No action needed
[2025-11-05 14:01:03] Purok P3: 0.5% used (5/1000) - No action needed
[2025-11-05 14:01:03] Purok P4A: 0% used (0/1000) - No action needed
[2025-11-05 14:01:03] Purok P4B: 1% used (10/1000) - No action needed
[2025-11-05 14:01:03] Purok P5: 1.9% used (19/1000) - No action needed
[2025-11-05 14:01:03] Purok P6: 0% used (0/1000) - No action needed
[2025-11-05 14:01:03] Purok P7: 0.2% used (2/1000) - No action needed
[2025-11-05 14:01:03] === Hourly Key Check Completed ===
[2025-11-05 14:01:03] Puroks regenerated: None
[2025-11-05 15:01:03] === Starting Hourly Key Check ===
[2025-11-05 15:01:03] Purok P1: 1.1% used (11/1000) - No action needed
[2025-11-05 15:01:03] Purok P2: 0.3% used (3/1000) - No action needed
[2025-11-05 15:01:03] Purok P3: 0.5% used (5/1000) - No action needed
[2025-11-05 15:01:03] Purok P4A: 0% used (0/1000) - No action needed
[2025-11-05 15:01:03] Purok P4B: 1% used (10/1000) - No action needed
[2025-11-05 15:01:03] Purok P5: 1.9% used (19/1000) - No action needed
[2025-11-05 15:01:03] Purok P6: 0% used (0/1000) - No action needed
[2025-11-05 15:01:03] Purok P7: 0.2% used (2/1000) - No action needed
[2025-11-05 15:01:03] === Hourly Key Check Completed ===
[2025-11-05 15:01:03] Puroks regenerated: None
[2025-11-05 16:01:03] === Starting Hourly Key Check ===
[2025-11-05 16:01:03] Purok P1: 1.1% used (11/1000) - No action needed
[2025-11-05 16:01:03] Purok P2: 0.3% used (3/1000) - No action needed
[2025-11-05 16:01:03] Purok P3: 0.5% used (5/1000) - No action needed
[2025-11-05 16:01:03] Purok P4A: 0% used (0/1000) - No action needed
[2025-11-05 16:01:03] Purok P4B: 1% used (10/1000) - No action needed
[2025-11-05 16:01:03] Purok P5: 1.9% used (19/1000) - No action needed
[2025-11-05 16:01:03] Purok P6: 0% used (0/1000) - No action needed
[2025-11-05 16:01:03] Purok P7: 0.2% used (2/1000) - No action needed
[2025-11-05 16:01:03] === Hourly Key Check Completed ===
[2025-11-05 16:01:03] Puroks regenerated: None
[2025-11-05 17:01:03] === Starting Hourly Key Check ===
[2025-11-05 17:01:03] Purok P1: 1.1% used (11/1000) - No action needed
[2025-11-05 17:01:03] Purok P2: 0.3% used (3/1000) - No action needed
[2025-11-05 17:01:03] Purok P3: 0.5% used (5/1000) - No action needed
[2025-11-05 17:01:03] Purok P4A: 0% used (0/1000) - No action needed
[2025-11-05 17:01:03] Purok P4B: 1% used (10/1000) - No action needed
[2025-11-05 17:01:03] Purok P5: 1.9% used (19/1000) - No action needed
[2025-11-05 17:01:03] Purok P6: 0% used (0/1000) - No action needed
[2025-11-05 17:01:03] Purok P7: 0.2% used (2/1000) - No action needed
[2025-11-05 17:01:03] === Hourly Key Check Completed ===
[2025-11-05 17:01:03] Puroks regenerated: None
[2025-11-05 18:01:04] === Starting Hourly Key Check ===
[2025-11-05 18:01:04] Purok P1: 1.1% used (11/1000) - No action needed
[2025-11-05 18:01:04] Purok P2: 0.3% used (3/1000) - No action needed
[2025-11-05 18:01:04] Purok P3: 0.5% used (5/1000) - No action needed
[2025-11-05 18:01:04] Purok P4A: 0% used (0/1000) - No action needed
[2025-11-05 18:01:04] Purok P4B: 1% used (10/1000) - No action needed
[2025-11-05 18:01:04] Purok P5: 1.9% used (19/1000) - No action needed
[2025-11-05 18:01:04] Purok P6: 0% used (0/1000) - No action needed
[2025-11-05 18:01:04] Purok P7: 0.2% used (2/1000) - No action needed
[2025-11-05 18:01:04] === Hourly Key Check Completed ===
[2025-11-05 18:01:04] Puroks regenerated: None
[2025-11-05 19:01:03] === Starting Hourly Key Check ===
[2025-11-05 19:01:03] Purok P1: 1.1% used (11/1000) - No action needed
[2025-11-05 19:01:03] Purok P2: 0.3% used (3/1000) - No action needed
[2025-11-05 19:01:03] Purok P3: 0.5% used (5/1000) - No action needed
[2025-11-05 19:01:03] Purok P4A: 0% used (0/1000) - No action needed
[2025-11-05 19:01:03] Purok P4B: 1% used (10/1000) - No action needed
[2025-11-05 19:01:03] Purok P5: 1.9% used (19/1000) - No action needed
[2025-11-05 19:01:03] Purok P6: 0% used (0/1000) - No action needed
[2025-11-05 19:01:03] Purok P7: 0.2% used (2/1000) - No action needed
[2025-11-05 19:01:03] === Hourly Key Check Completed ===
[2025-11-05 19:01:03] Puroks regenerated: None
[2025-11-05 20:01:02] === Starting Hourly Key Check ===
[2025-11-05 20:01:02] Purok P1: 1.1% used (11/1000) - No action needed
[2025-11-05 20:01:02] Purok P2: 0.3% used (3/1000) - No action needed
[2025-11-05 20:01:02] Purok P3: 0.5% used (5/1000) - No action needed
[2025-11-05 20:01:02] Purok P4A: 0% used (0/1000) - No action needed
[2025-11-05 20:01:02] Purok P4B: 1% used (10/1000) - No action needed
[2025-11-05 20:01:02] Purok P5: 1.9% used (19/1000) - No action needed
[2025-11-05 20:01:02] Purok P6: 0% used (0/1000) - No action needed
[2025-11-05 20:01:03] Purok P7: 0.2% used (2/1000) - No action needed
[2025-11-05 20:01:03] === Hourly Key Check Completed ===
[2025-11-05 20:01:03] Puroks regenerated: None
[2025-11-05 21:01:04] === Starting Hourly Key Check ===
[2025-11-05 21:01:04] Purok P1: 1.1% used (11/1000) - No action needed
[2025-11-05 21:01:04] Purok P2: 0.3% used (3/1000) - No action needed
[2025-11-05 21:01:04] Purok P3: 0.5% used (5/1000) - No action needed
[2025-11-05 21:01:04] Purok P4A: 0% used (0/1000) - No action needed
[2025-11-05 21:01:04] Purok P4B: 1% used (10/1000) - No action needed
[2025-11-05 21:01:04] Purok P5: 1.9% used (19/1000) - No action needed
[2025-11-05 21:01:04] Purok P6: 0% used (0/1000) - No action needed
[2025-11-05 21:01:04] Purok P7: 0.2% used (2/1000) - No action needed
[2025-11-05 21:01:04] === Hourly Key Check Completed ===
[2025-11-05 21:01:04] Puroks regenerated: None
[2025-11-05 22:01:03] === Starting Hourly Key Check ===
[2025-11-05 22:01:03] Purok P1: 1.1% used (11/1000) - No action needed
[2025-11-05 22:01:03] Purok P2: 0.3% used (3/1000) - No action needed
[2025-11-05 22:01:03] Purok P3: 0.5% used (5/1000) - No action needed
[2025-11-05 22:01:03] Purok P4A: 0% used (0/1000) - No action needed
[2025-11-05 22:01:03] Purok P4B: 1% used (10/1000) - No action needed
[2025-11-05 22:01:03] Purok P5: 1.9% used (19/1000) - No action needed
[2025-11-05 22:01:03] Purok P6: 0% used (0/1000) - No action needed
[2025-11-05 22:01:03] Purok P7: 0.2% used (2/1000) - No action needed
[2025-11-05 22:01:03] === Hourly Key Check Completed ===
[2025-11-05 22:01:03] Puroks regenerated: None
[2025-11-05 23:01:03] === Starting Hourly Key Check ===
[2025-11-05 23:01:03] Purok P1: 1.1% used (11/1000) - No action needed
[2025-11-05 23:01:03] Purok P2: 0.3% used (3/1000) - No action needed
[2025-11-05 23:01:03] Purok P3: 0.5% used (5/1000) - No action needed
[2025-11-05 23:01:03] Purok P4A: 0% used (0/1000) - No action needed
[2025-11-05 23:01:03] Purok P4B: 1% used (10/1000) - No action needed
[2025-11-05 23:01:03] Purok P5: 1.9% used (19/1000) - No action needed
[2025-11-05 23:01:03] Purok P6: 0% used (0/1000) - No action needed
[2025-11-05 23:01:03] Purok P7: 0.2% used (2/1000) - No action needed
[2025-11-05 23:01:03] === Hourly Key Check Completed ===
[2025-11-05 23:01:03] Puroks regenerated: None
