[2025-11-19 00:01:03] === Starting Hourly Key Check ===
[2025-11-19 00:01:03] Purok P1: 1.1% used (11/1000) - No action needed
[2025-11-19 00:01:03] Purok P2: 0.3% used (3/1000) - No action needed
[2025-11-19 00:01:03] Purok P3: 0.5% used (5/1000) - No action needed
[2025-11-19 00:01:03] Purok P4A: 0.1% used (1/1000) - No action needed
[2025-11-19 00:01:03] Purok P4B: 1% used (10/1000) - No action needed
[2025-11-19 00:01:03] Purok P5: 1.9% used (19/1000) - No action needed
[2025-11-19 00:01:03] Purok P6: 0% used (0/1000) - No action needed
[2025-11-19 00:01:03] Purok P7: 0.7% used (7/1000) - No action needed
[2025-11-19 00:01:03] === Hourly Key Check Completed ===
[2025-11-19 00:01:03] Puroks regenerated: None
[2025-11-19 01:01:03] === Starting Hourly Key Check ===
[2025-11-19 01:01:03] Purok P1: 1.1% used (11/1000) - No action needed
[2025-11-19 01:01:03] Purok P2: 0.3% used (3/1000) - No action needed
[2025-11-19 01:01:03] Purok P3: 0.5% used (5/1000) - No action needed
[2025-11-19 01:01:03] Purok P4A: 0.1% used (1/1000) - No action needed
[2025-11-19 01:01:03] Purok P4B: 1% used (10/1000) - No action needed
[2025-11-19 01:01:03] Purok P5: 1.9% used (19/1000) - No action needed
[2025-11-19 01:01:03] Purok P6: 0% used (0/1000) - No action needed
[2025-11-19 01:01:03] Purok P7: 0.7% used (7/1000) - No action needed
[2025-11-19 01:01:03] === Hourly Key Check Completed ===
[2025-11-19 01:01:03] Puroks regenerated: None
[2025-11-19 02:01:03] === Starting Hourly Key Check ===
[2025-11-19 02:01:03] Purok P1: 1.1% used (11/1000) - No action needed
[2025-11-19 02:01:03] Purok P2: 0.3% used (3/1000) - No action needed
[2025-11-19 02:01:03] Purok P3: 0.5% used (5/1000) - No action needed
[2025-11-19 02:01:03] Purok P4A: 0.1% used (1/1000) - No action needed
[2025-11-19 02:01:03] Purok P4B: 1% used (10/1000) - No action needed
[2025-11-19 02:01:03] Purok P5: 1.9% used (19/1000) - No action needed
[2025-11-19 02:01:03] Purok P6: 0% used (0/1000) - No action needed
[2025-11-19 02:01:03] Purok P7: 0.7% used (7/1000) - No action needed
[2025-11-19 02:01:03] === Hourly Key Check Completed ===
[2025-11-19 02:01:03] Puroks regenerated: None
[2025-11-19 03:01:03] === Starting Hourly Key Check ===
[2025-11-19 03:01:03] Purok P1: 1.1% used (11/1000) - No action needed
[2025-11-19 03:01:03] Purok P2: 0.3% used (3/1000) - No action needed
[2025-11-19 03:01:03] Purok P3: 0.5% used (5/1000) - No action needed
[2025-11-19 03:01:03] Purok P4A: 0.1% used (1/1000) - No action needed
[2025-11-19 03:01:03] Purok P4B: 1% used (10/1000) - No action needed
[2025-11-19 03:01:03] Purok P5: 1.9% used (19/1000) - No action needed
[2025-11-19 03:01:03] Purok P6: 0% used (0/1000) - No action needed
[2025-11-19 03:01:03] Purok P7: 0.7% used (7/1000) - No action needed
[2025-11-19 03:01:03] === Hourly Key Check Completed ===
[2025-11-19 03:01:03] Puroks regenerated: None
[2025-11-19 04:01:03] === Starting Hourly Key Check ===
[2025-11-19 04:01:03] Purok P1: 1.1% used (11/1000) - No action needed
[2025-11-19 04:01:03] Purok P2: 0.3% used (3/1000) - No action needed
[2025-11-19 04:01:03] Purok P3: 0.5% used (5/1000) - No action needed
[2025-11-19 04:01:03] Purok P4A: 0.1% used (1/1000) - No action needed
[2025-11-19 04:01:03] Purok P4B: 1% used (10/1000) - No action needed
[2025-11-19 04:01:03] Purok P5: 1.9% used (19/1000) - No action needed
[2025-11-19 04:01:03] Purok P6: 0% used (0/1000) - No action needed
[2025-11-19 04:01:03] Purok P7: 0.7% used (7/1000) - No action needed
[2025-11-19 04:01:03] === Hourly Key Check Completed ===
[2025-11-19 04:01:03] Puroks regenerated: None
[2025-11-19 05:01:03] === Starting Hourly Key Check ===
[2025-11-19 05:01:03] Purok P1: 1.1% used (11/1000) - No action needed
[2025-11-19 05:01:03] Purok P2: 0.3% used (3/1000) - No action needed
[2025-11-19 05:01:03] Purok P3: 0.5% used (5/1000) - No action needed
[2025-11-19 05:01:03] Purok P4A: 0.1% used (1/1000) - No action needed
[2025-11-19 05:01:03] Purok P4B: 1% used (10/1000) - No action needed
[2025-11-19 05:01:03] Purok P5: 1.9% used (19/1000) - No action needed
[2025-11-19 05:01:03] Purok P6: 0% used (0/1000) - No action needed
[2025-11-19 05:01:03] Purok P7: 0.7% used (7/1000) - No action needed
[2025-11-19 05:01:03] === Hourly Key Check Completed ===
[2025-11-19 05:01:03] Puroks regenerated: None
[2025-11-19 06:01:03] === Starting Hourly Key Check ===
[2025-11-19 06:01:03] Purok P1: 1.1% used (11/1000) - No action needed
[2025-11-19 06:01:03] Purok P2: 0.3% used (3/1000) - No action needed
[2025-11-19 06:01:03] Purok P3: 0.5% used (5/1000) - No action needed
[2025-11-19 06:01:03] Purok P4A: 0.1% used (1/1000) - No action needed
[2025-11-19 06:01:03] Purok P4B: 1% used (10/1000) - No action needed
[2025-11-19 06:01:03] Purok P5: 1.9% used (19/1000) - No action needed
[2025-11-19 06:01:03] Purok P6: 0% used (0/1000) - No action needed
[2025-11-19 06:01:03] Purok P7: 0.7% used (7/1000) - No action needed
[2025-11-19 06:01:03] === Hourly Key Check Completed ===
[2025-11-19 06:01:03] Puroks regenerated: None
[2025-11-19 07:01:03] === Starting Hourly Key Check ===
[2025-11-19 07:01:03] Purok P1: 1.1% used (11/1000) - No action needed
[2025-11-19 07:01:03] Purok P2: 0.3% used (3/1000) - No action needed
[2025-11-19 07:01:03] Purok P3: 0.5% used (5/1000) - No action needed
[2025-11-19 07:01:03] Purok P4A: 0.1% used (1/1000) - No action needed
[2025-11-19 07:01:03] Purok P4B: 1% used (10/1000) - No action needed
[2025-11-19 07:01:03] Purok P5: 1.9% used (19/1000) - No action needed
[2025-11-19 07:01:03] Purok P6: 0% used (0/1000) - No action needed
[2025-11-19 07:01:03] Purok P7: 0.7% used (7/1000) - No action needed
[2025-11-19 07:01:03] === Hourly Key Check Completed ===
[2025-11-19 07:01:03] Puroks regenerated: None
[2025-11-19 08:01:03] === Starting Hourly Key Check ===
[2025-11-19 08:01:03] Purok P1: 1.1% used (11/1000) - No action needed
[2025-11-19 08:01:03] Purok P2: 0.3% used (3/1000) - No action needed
[2025-11-19 08:01:03] Purok P3: 0.5% used (5/1000) - No action needed
[2025-11-19 08:01:03] Purok P4A: 0.1% used (1/1000) - No action needed
[2025-11-19 08:01:03] Purok P4B: 1% used (10/1000) - No action needed
[2025-11-19 08:01:03] Purok P5: 1.9% used (19/1000) - No action needed
[2025-11-19 08:01:03] Purok P6: 0% used (0/1000) - No action needed
[2025-11-19 08:01:03] Purok P7: 0.7% used (7/1000) - No action needed
[2025-11-19 08:01:03] === Hourly Key Check Completed ===
[2025-11-19 08:01:03] Puroks regenerated: None
[2025-11-19 09:01:03] === Starting Hourly Key Check ===
[2025-11-19 09:01:03] Purok P1: 1.1% used (11/1000) - No action needed
[2025-11-19 09:01:03] Purok P2: 0.3% used (3/1000) - No action needed
[2025-11-19 09:01:03] Purok P3: 0.5% used (5/1000) - No action needed
[2025-11-19 09:01:03] Purok P4A: 0.1% used (1/1000) - No action needed
[2025-11-19 09:01:03] Purok P4B: 1% used (10/1000) - No action needed
[2025-11-19 09:01:03] Purok P5: 1.9% used (19/1000) - No action needed
[2025-11-19 09:01:03] Purok P6: 0% used (0/1000) - No action needed
[2025-11-19 09:01:03] Purok P7: 0.7% used (7/1000) - No action needed
[2025-11-19 09:01:03] === Hourly Key Check Completed ===
[2025-11-19 09:01:03] Puroks regenerated: None
[2025-11-19 10:01:03] === Starting Hourly Key Check ===
[2025-11-19 10:01:03] Purok P1: 1.1% used (11/1000) - No action needed
[2025-11-19 10:01:03] Purok P2: 0.3% used (3/1000) - No action needed
[2025-11-19 10:01:03] Purok P3: 0.5% used (5/1000) - No action needed
[2025-11-19 10:01:03] Purok P4A: 0.1% used (1/1000) - No action needed
[2025-11-19 10:01:03] Purok P4B: 1% used (10/1000) - No action needed
[2025-11-19 10:01:03] Purok P5: 1.9% used (19/1000) - No action needed
[2025-11-19 10:01:03] Purok P6: 0% used (0/1000) - No action needed
[2025-11-19 10:01:03] Purok P7: 0.7% used (7/1000) - No action needed
[2025-11-19 10:01:03] === Hourly Key Check Completed ===
[2025-11-19 10:01:03] Puroks regenerated: None
[2025-11-19 11:01:04] === Starting Hourly Key Check ===
[2025-11-19 11:01:04] Purok P1: 1.1% used (11/1000) - No action needed
[2025-11-19 11:01:04] Purok P2: 0.3% used (3/1000) - No action needed
[2025-11-19 11:01:04] Purok P3: 0.5% used (5/1000) - No action needed
[2025-11-19 11:01:04] Purok P4A: 0.1% used (1/1000) - No action needed
[2025-11-19 11:01:04] Purok P4B: 1% used (10/1000) - No action needed
[2025-11-19 11:01:04] Purok P5: 1.9% used (19/1000) - No action needed
[2025-11-19 11:01:04] Purok P6: 0% used (0/1000) - No action needed
[2025-11-19 11:01:04] Purok P7: 0.7% used (7/1000) - No action needed
[2025-11-19 11:01:04] === Hourly Key Check Completed ===
[2025-11-19 11:01:04] Puroks regenerated: None
[2025-11-19 12:01:03] === Starting Hourly Key Check ===
[2025-11-19 12:01:03] Purok P1: 1.1% used (11/1000) - No action needed
[2025-11-19 12:01:03] Purok P2: 0.3% used (3/1000) - No action needed
[2025-11-19 12:01:03] Purok P3: 0.5% used (5/1000) - No action needed
[2025-11-19 12:01:03] Purok P4A: 0.1% used (1/1000) - No action needed
[2025-11-19 12:01:03] Purok P4B: 1% used (10/1000) - No action needed
[2025-11-19 12:01:03] Purok P5: 1.9% used (19/1000) - No action needed
[2025-11-19 12:01:03] Purok P6: 0% used (0/1000) - No action needed
[2025-11-19 12:01:03] Purok P7: 0.7% used (7/1000) - No action needed
[2025-11-19 12:01:03] === Hourly Key Check Completed ===
[2025-11-19 12:01:03] Puroks regenerated: None
[2025-11-19 13:01:03] === Starting Hourly Key Check ===
[2025-11-19 13:01:03] Purok P1: 1.1% used (11/1000) - No action needed
[2025-11-19 13:01:03] Purok P2: 0.3% used (3/1000) - No action needed
[2025-11-19 13:01:03] Purok P3: 0.5% used (5/1000) - No action needed
[2025-11-19 13:01:03] Purok P4A: 0.1% used (1/1000) - No action needed
[2025-11-19 13:01:03] Purok P4B: 1% used (10/1000) - No action needed
[2025-11-19 13:01:03] Purok P5: 1.9% used (19/1000) - No action needed
[2025-11-19 13:01:03] Purok P6: 0% used (0/1000) - No action needed
[2025-11-19 13:01:03] Purok P7: 0.7% used (7/1000) - No action needed
[2025-11-19 13:01:03] === Hourly Key Check Completed ===
[2025-11-19 13:01:03] Puroks regenerated: None
[2025-11-19 14:01:03] === Starting Hourly Key Check ===
[2025-11-19 14:01:03] Purok P1: 1.1% used (11/1000) - No action needed
[2025-11-19 14:01:03] Purok P2: 0.3% used (3/1000) - No action needed
[2025-11-19 14:01:03] Purok P3: 0.5% used (5/1000) - No action needed
[2025-11-19 14:01:03] Purok P4A: 0.1% used (1/1000) - No action needed
[2025-11-19 14:01:03] Purok P4B: 1% used (10/1000) - No action needed
[2025-11-19 14:01:03] Purok P5: 1.9% used (19/1000) - No action needed
[2025-11-19 14:01:03] Purok P6: 0% used (0/1000) - No action needed
[2025-11-19 14:01:03] Purok P7: 0.7% used (7/1000) - No action needed
[2025-11-19 14:01:03] === Hourly Key Check Completed ===
[2025-11-19 14:01:03] Puroks regenerated: None
[2025-11-19 15:01:04] === Starting Hourly Key Check ===
[2025-11-19 15:01:04] Purok P1: 1.1% used (11/1000) - No action needed
[2025-11-19 15:01:04] Purok P2: 0.3% used (3/1000) - No action needed
[2025-11-19 15:01:04] Purok P3: 0.5% used (5/1000) - No action needed
[2025-11-19 15:01:04] Purok P4A: 0.1% used (1/1000) - No action needed
[2025-11-19 15:01:04] Purok P4B: 1% used (10/1000) - No action needed
[2025-11-19 15:01:04] Purok P5: 1.9% used (19/1000) - No action needed
[2025-11-19 15:01:04] Purok P6: 0% used (0/1000) - No action needed
[2025-11-19 15:01:04] Purok P7: 0.7% used (7/1000) - No action needed
[2025-11-19 15:01:04] === Hourly Key Check Completed ===
[2025-11-19 15:01:04] Puroks regenerated: None
[2025-11-19 16:01:03] === Starting Hourly Key Check ===
[2025-11-19 16:01:03] Purok P1: 1.1% used (11/1000) - No action needed
[2025-11-19 16:01:03] Purok P2: 0.3% used (3/1000) - No action needed
[2025-11-19 16:01:03] Purok P3: 0.5% used (5/1000) - No action needed
[2025-11-19 16:01:03] Purok P4A: 0.1% used (1/1000) - No action needed
[2025-11-19 16:01:03] Purok P4B: 1% used (10/1000) - No action needed
[2025-11-19 16:01:03] Purok P5: 1.9% used (19/1000) - No action needed
[2025-11-19 16:01:03] Purok P6: 0% used (0/1000) - No action needed
[2025-11-19 16:01:03] Purok P7: 0.7% used (7/1000) - No action needed
[2025-11-19 16:01:03] === Hourly Key Check Completed ===
[2025-11-19 16:01:03] Puroks regenerated: None
[2025-11-19 17:01:03] === Starting Hourly Key Check ===
[2025-11-19 17:01:03] Purok P1: 1.1% used (11/1000) - No action needed
[2025-11-19 17:01:03] Purok P2: 0.3% used (3/1000) - No action needed
[2025-11-19 17:01:03] Purok P3: 0.5% used (5/1000) - No action needed
[2025-11-19 17:01:03] Purok P4A: 0.1% used (1/1000) - No action needed
[2025-11-19 17:01:03] Purok P4B: 1% used (10/1000) - No action needed
[2025-11-19 17:01:03] Purok P5: 1.9% used (19/1000) - No action needed
[2025-11-19 17:01:03] Purok P6: 0% used (0/1000) - No action needed
[2025-11-19 17:01:03] Purok P7: 0.7% used (7/1000) - No action needed
[2025-11-19 17:01:03] === Hourly Key Check Completed ===
[2025-11-19 17:01:03] Puroks regenerated: None
[2025-11-19 18:01:03] === Starting Hourly Key Check ===
[2025-11-19 18:01:03] Purok P1: 1.1% used (11/1000) - No action needed
[2025-11-19 18:01:03] Purok P2: 0.3% used (3/1000) - No action needed
[2025-11-19 18:01:03] Purok P3: 0.5% used (5/1000) - No action needed
[2025-11-19 18:01:03] Purok P4A: 0.1% used (1/1000) - No action needed
[2025-11-19 18:01:03] Purok P4B: 1% used (10/1000) - No action needed
[2025-11-19 18:01:03] Purok P5: 1.9% used (19/1000) - No action needed
[2025-11-19 18:01:03] Purok P6: 0% used (0/1000) - No action needed
[2025-11-19 18:01:03] Purok P7: 0.7% used (7/1000) - No action needed
[2025-11-19 18:01:03] === Hourly Key Check Completed ===
[2025-11-19 18:01:03] Puroks regenerated: None
[2025-11-19 19:01:06] === Starting Hourly Key Check ===
[2025-11-19 19:01:06] Purok P1: 1.1% used (11/1000) - No action needed
[2025-11-19 19:01:06] Purok P2: 0.3% used (3/1000) - No action needed
[2025-11-19 19:01:06] Purok P3: 0.5% used (5/1000) - No action needed
[2025-11-19 19:01:06] Purok P4A: 0.1% used (1/1000) - No action needed
[2025-11-19 19:01:06] Purok P4B: 1% used (10/1000) - No action needed
[2025-11-19 19:01:06] Purok P5: 1.9% used (19/1000) - No action needed
[2025-11-19 19:01:06] Purok P6: 0% used (0/1000) - No action needed
[2025-11-19 19:01:06] Purok P7: 0.7% used (7/1000) - No action needed
[2025-11-19 19:01:06] === Hourly Key Check Completed ===
[2025-11-19 19:01:06] Puroks regenerated: None
[2025-11-19 20:01:03] === Starting Hourly Key Check ===
[2025-11-19 20:01:03] Purok P1: 1.1% used (11/1000) - No action needed
[2025-11-19 20:01:03] Purok P2: 0.3% used (3/1000) - No action needed
[2025-11-19 20:01:03] Purok P3: 0.5% used (5/1000) - No action needed
[2025-11-19 20:01:03] Purok P4A: 0.1% used (1/1000) - No action needed
[2025-11-19 20:01:03] Purok P4B: 1% used (10/1000) - No action needed
[2025-11-19 20:01:03] Purok P5: 1.9% used (19/1000) - No action needed
[2025-11-19 20:01:03] Purok P6: 0% used (0/1000) - No action needed
[2025-11-19 20:01:03] Purok P7: 0.7% used (7/1000) - No action needed
[2025-11-19 20:01:03] === Hourly Key Check Completed ===
[2025-11-19 20:01:03] Puroks regenerated: None
[2025-11-19 21:01:03] === Starting Hourly Key Check ===
[2025-11-19 21:01:03] Purok P1: 1.1% used (11/1000) - No action needed
[2025-11-19 21:01:03] Purok P2: 0.3% used (3/1000) - No action needed
[2025-11-19 21:01:03] Purok P3: 0.5% used (5/1000) - No action needed
[2025-11-19 21:01:03] Purok P4A: 0.1% used (1/1000) - No action needed
[2025-11-19 21:01:03] Purok P4B: 1% used (10/1000) - No action needed
[2025-11-19 21:01:03] Purok P5: 1.9% used (19/1000) - No action needed
[2025-11-19 21:01:03] Purok P6: 0% used (0/1000) - No action needed
[2025-11-19 21:01:03] Purok P7: 0.7% used (7/1000) - No action needed
[2025-11-19 21:01:03] === Hourly Key Check Completed ===
[2025-11-19 21:01:03] Puroks regenerated: None
[2025-11-19 22:01:03] === Starting Hourly Key Check ===
[2025-11-19 22:01:03] Purok P1: 1.1% used (11/1000) - No action needed
[2025-11-19 22:01:03] Purok P2: 0.3% used (3/1000) - No action needed
[2025-11-19 22:01:03] Purok P3: 0.5% used (5/1000) - No action needed
[2025-11-19 22:01:03] Purok P4A: 0.1% used (1/1000) - No action needed
[2025-11-19 22:01:03] Purok P4B: 1% used (10/1000) - No action needed
[2025-11-19 22:01:03] Purok P5: 1.9% used (19/1000) - No action needed
[2025-11-19 22:01:03] Purok P6: 0% used (0/1000) - No action needed
[2025-11-19 22:01:03] Purok P7: 0.7% used (7/1000) - No action needed
[2025-11-19 22:01:03] === Hourly Key Check Completed ===
[2025-11-19 22:01:03] Puroks regenerated: None
[2025-11-19 23:01:03] === Starting Hourly Key Check ===
[2025-11-19 23:01:03] Purok P1: 1.1% used (11/1000) - No action needed
[2025-11-19 23:01:03] Purok P2: 0.3% used (3/1000) - No action needed
[2025-11-19 23:01:03] Purok P3: 0.5% used (5/1000) - No action needed
[2025-11-19 23:01:03] Purok P4A: 0.1% used (1/1000) - No action needed
[2025-11-19 23:01:03] Purok P4B: 1% used (10/1000) - No action needed
[2025-11-19 23:01:03] Purok P5: 1.9% used (19/1000) - No action needed
[2025-11-19 23:01:03] Purok P6: 0% used (0/1000) - No action needed
[2025-11-19 23:01:03] Purok P7: 0.7% used (7/1000) - No action needed
[2025-11-19 23:01:03] === Hourly Key Check Completed ===
[2025-11-19 23:01:03] Puroks regenerated: None
