[2025-10-14 00:01:03] === Starting Hourly Key Check ===
[2025-10-14 00:01:03] Purok P1: 0% used (0/1000) - No action needed
[2025-10-14 00:01:03] Purok P2: 0% used (0/1000) - No action needed
[2025-10-14 00:01:03] Purok P3: 0% used (0/1000) - No action needed
[2025-10-14 00:01:03] Purok P4A: 0% used (0/1000) - No action needed
[2025-10-14 00:01:03] Purok P4B: 0% used (0/1000) - No action needed
[2025-10-14 00:01:03] Purok P5: 0% used (0/1000) - No action needed
[2025-10-14 00:01:03] Purok P6: 0% used (0/1000) - No action needed
[2025-10-14 00:01:03] Purok P7: 0% used (0/1000) - No action needed
[2025-10-14 00:01:03] === Hourly Key Check Completed ===
[2025-10-14 00:01:03] Puroks regenerated: None
[2025-10-14 01:01:03] === Starting Hourly Key Check ===
[2025-10-14 01:01:03] Purok P1: 0% used (0/1000) - No action needed
[2025-10-14 01:01:03] Purok P2: 0% used (0/1000) - No action needed
[2025-10-14 01:01:03] Purok P3: 0% used (0/1000) - No action needed
[2025-10-14 01:01:03] Purok P4A: 0% used (0/1000) - No action needed
[2025-10-14 01:01:03] Purok P4B: 0% used (0/1000) - No action needed
[2025-10-14 01:01:03] Purok P5: 0% used (0/1000) - No action needed
[2025-10-14 01:01:03] Purok P6: 0% used (0/1000) - No action needed
[2025-10-14 01:01:03] Purok P7: 0% used (0/1000) - No action needed
[2025-10-14 01:01:03] === Hourly Key Check Completed ===
[2025-10-14 01:01:03] Puroks regenerated: None
[2025-10-14 02:01:03] === Starting Hourly Key Check ===
[2025-10-14 02:01:03] Purok P1: 0% used (0/1000) - No action needed
[2025-10-14 02:01:03] Purok P2: 0% used (0/1000) - No action needed
[2025-10-14 02:01:03] Purok P3: 0% used (0/1000) - No action needed
[2025-10-14 02:01:03] Purok P4A: 0% used (0/1000) - No action needed
[2025-10-14 02:01:03] Purok P4B: 0% used (0/1000) - No action needed
[2025-10-14 02:01:03] Purok P5: 0% used (0/1000) - No action needed
[2025-10-14 02:01:03] Purok P6: 0% used (0/1000) - No action needed
[2025-10-14 02:01:03] Purok P7: 0% used (0/1000) - No action needed
[2025-10-14 02:01:03] === Hourly Key Check Completed ===
[2025-10-14 02:01:03] Puroks regenerated: None
[2025-10-14 03:01:02] === Starting Hourly Key Check ===
[2025-10-14 03:01:02] Purok P1: 0% used (0/1000) - No action needed
[2025-10-14 03:01:02] Purok P2: 0% used (0/1000) - No action needed
[2025-10-14 03:01:02] Purok P3: 0% used (0/1000) - No action needed
[2025-10-14 03:01:02] Purok P4A: 0% used (0/1000) - No action needed
[2025-10-14 03:01:02] Purok P4B: 0% used (0/1000) - No action needed
[2025-10-14 03:01:02] Purok P5: 0% used (0/1000) - No action needed
[2025-10-14 03:01:02] Purok P6: 0% used (0/1000) - No action needed
[2025-10-14 03:01:02] Purok P7: 0% used (0/1000) - No action needed
[2025-10-14 03:01:02] === Hourly Key Check Completed ===
[2025-10-14 03:01:02] Puroks regenerated: None
[2025-10-14 04:01:04] === Starting Hourly Key Check ===
[2025-10-14 04:01:04] Purok P1: 0% used (0/1000) - No action needed
[2025-10-14 04:01:04] Purok P2: 0% used (0/1000) - No action needed
[2025-10-14 04:01:04] Purok P3: 0% used (0/1000) - No action needed
[2025-10-14 04:01:04] Purok P4A: 0% used (0/1000) - No action needed
[2025-10-14 04:01:04] Purok P4B: 0% used (0/1000) - No action needed
[2025-10-14 04:01:04] Purok P5: 0% used (0/1000) - No action needed
[2025-10-14 04:01:04] Purok P6: 0% used (0/1000) - No action needed
[2025-10-14 04:01:04] Purok P7: 0% used (0/1000) - No action needed
[2025-10-14 04:01:04] === Hourly Key Check Completed ===
[2025-10-14 04:01:04] Puroks regenerated: None
[2025-10-14 05:01:03] === Starting Hourly Key Check ===
[2025-10-14 05:01:03] Purok P1: 0% used (0/1000) - No action needed
[2025-10-14 05:01:03] Purok P2: 0% used (0/1000) - No action needed
[2025-10-14 05:01:03] Purok P3: 0% used (0/1000) - No action needed
[2025-10-14 05:01:03] Purok P4A: 0% used (0/1000) - No action needed
[2025-10-14 05:01:03] Purok P4B: 0% used (0/1000) - No action needed
[2025-10-14 05:01:03] Purok P5: 0% used (0/1000) - No action needed
[2025-10-14 05:01:03] Purok P6: 0% used (0/1000) - No action needed
[2025-10-14 05:01:03] Purok P7: 0% used (0/1000) - No action needed
[2025-10-14 05:01:03] === Hourly Key Check Completed ===
[2025-10-14 05:01:03] Puroks regenerated: None
[2025-10-14 06:01:03] === Starting Hourly Key Check ===
[2025-10-14 06:01:03] Purok P1: 0% used (0/1000) - No action needed
[2025-10-14 06:01:03] Purok P2: 0% used (0/1000) - No action needed
[2025-10-14 06:01:03] Purok P3: 0% used (0/1000) - No action needed
[2025-10-14 06:01:03] Purok P4A: 0% used (0/1000) - No action needed
[2025-10-14 06:01:03] Purok P4B: 0% used (0/1000) - No action needed
[2025-10-14 06:01:03] Purok P5: 0% used (0/1000) - No action needed
[2025-10-14 06:01:03] Purok P6: 0% used (0/1000) - No action needed
[2025-10-14 06:01:03] Purok P7: 0% used (0/1000) - No action needed
[2025-10-14 06:01:03] === Hourly Key Check Completed ===
[2025-10-14 06:01:03] Puroks regenerated: None
[2025-10-14 07:01:02] === Starting Hourly Key Check ===
[2025-10-14 07:01:02] Purok P1: 0% used (0/1000) - No action needed
[2025-10-14 07:01:02] Purok P2: 0% used (0/1000) - No action needed
[2025-10-14 07:01:02] Purok P3: 0% used (0/1000) - No action needed
[2025-10-14 07:01:02] Purok P4A: 0% used (0/1000) - No action needed
[2025-10-14 07:01:02] Purok P4B: 0% used (0/1000) - No action needed
[2025-10-14 07:01:02] Purok P5: 0% used (0/1000) - No action needed
[2025-10-14 07:01:02] Purok P6: 0% used (0/1000) - No action needed
[2025-10-14 07:01:02] Purok P7: 0% used (0/1000) - No action needed
[2025-10-14 07:01:02] === Hourly Key Check Completed ===
[2025-10-14 07:01:02] Puroks regenerated: None
[2025-10-14 08:01:03] === Starting Hourly Key Check ===
[2025-10-14 08:01:03] Purok P1: 0% used (0/1000) - No action needed
[2025-10-14 08:01:03] Purok P2: 0% used (0/1000) - No action needed
[2025-10-14 08:01:03] Purok P3: 0% used (0/1000) - No action needed
[2025-10-14 08:01:03] Purok P4A: 0% used (0/1000) - No action needed
[2025-10-14 08:01:03] Purok P4B: 0% used (0/1000) - No action needed
[2025-10-14 08:01:03] Purok P5: 0% used (0/1000) - No action needed
[2025-10-14 08:01:03] Purok P6: 0% used (0/1000) - No action needed
[2025-10-14 08:01:03] Purok P7: 0% used (0/1000) - No action needed
[2025-10-14 08:01:03] === Hourly Key Check Completed ===
[2025-10-14 08:01:03] Puroks regenerated: None
[2025-10-14 09:01:03] === Starting Hourly Key Check ===
[2025-10-14 09:01:03] Purok P1: 0% used (0/1000) - No action needed
[2025-10-14 09:01:03] Purok P2: 0% used (0/1000) - No action needed
[2025-10-14 09:01:03] Purok P3: 0% used (0/1000) - No action needed
[2025-10-14 09:01:03] Purok P4A: 0% used (0/1000) - No action needed
[2025-10-14 09:01:03] Purok P4B: 0% used (0/1000) - No action needed
[2025-10-14 09:01:03] Purok P5: 0% used (0/1000) - No action needed
[2025-10-14 09:01:03] Purok P6: 0% used (0/1000) - No action needed
[2025-10-14 09:01:03] Purok P7: 0% used (0/1000) - No action needed
[2025-10-14 09:01:03] === Hourly Key Check Completed ===
[2025-10-14 09:01:03] Puroks regenerated: None
[2025-10-14 10:01:02] === Starting Hourly Key Check ===
[2025-10-14 10:01:02] Purok P1: 0% used (0/1000) - No action needed
[2025-10-14 10:01:02] Purok P2: 0% used (0/1000) - No action needed
[2025-10-14 10:01:02] Purok P3: 0% used (0/1000) - No action needed
[2025-10-14 10:01:02] Purok P4A: 0% used (0/1000) - No action needed
[2025-10-14 10:01:02] Purok P4B: 0% used (0/1000) - No action needed
[2025-10-14 10:01:02] Purok P5: 0% used (0/1000) - No action needed
[2025-10-14 10:01:02] Purok P6: 0% used (0/1000) - No action needed
[2025-10-14 10:01:02] Purok P7: 0% used (0/1000) - No action needed
[2025-10-14 10:01:02] === Hourly Key Check Completed ===
[2025-10-14 10:01:02] Puroks regenerated: None
[2025-10-14 11:01:02] === Starting Hourly Key Check ===
[2025-10-14 11:01:02] Purok P1: 0% used (0/1000) - No action needed
[2025-10-14 11:01:02] Purok P2: 0% used (0/1000) - No action needed
[2025-10-14 11:01:02] Purok P3: 0% used (0/1000) - No action needed
[2025-10-14 11:01:02] Purok P4A: 0% used (0/1000) - No action needed
[2025-10-14 11:01:02] Purok P4B: 0% used (0/1000) - No action needed
[2025-10-14 11:01:02] Purok P5: 0% used (0/1000) - No action needed
[2025-10-14 11:01:02] Purok P6: 0% used (0/1000) - No action needed
[2025-10-14 11:01:02] Purok P7: 0% used (0/1000) - No action needed
[2025-10-14 11:01:02] === Hourly Key Check Completed ===
[2025-10-14 11:01:02] Puroks regenerated: None
[2025-10-14 12:01:04] === Starting Hourly Key Check ===
[2025-10-14 12:01:04] Purok P1: 0% used (0/1000) - No action needed
[2025-10-14 12:01:04] Purok P2: 0% used (0/1000) - No action needed
[2025-10-14 12:01:04] Purok P3: 0% used (0/1000) - No action needed
[2025-10-14 12:01:04] Purok P4A: 0% used (0/1000) - No action needed
[2025-10-14 12:01:04] Purok P4B: 0% used (0/1000) - No action needed
[2025-10-14 12:01:04] Purok P5: 0% used (0/1000) - No action needed
[2025-10-14 12:01:04] Purok P6: 0% used (0/1000) - No action needed
[2025-10-14 12:01:04] Purok P7: 0% used (0/1000) - No action needed
[2025-10-14 12:01:04] === Hourly Key Check Completed ===
[2025-10-14 12:01:04] Puroks regenerated: None
[2025-10-14 13:01:03] === Starting Hourly Key Check ===
[2025-10-14 13:01:03] Purok P1: 0% used (0/1000) - No action needed
[2025-10-14 13:01:03] Purok P2: 0% used (0/1000) - No action needed
[2025-10-14 13:01:03] Purok P3: 0% used (0/1000) - No action needed
[2025-10-14 13:01:03] Purok P4A: 0% used (0/1000) - No action needed
[2025-10-14 13:01:03] Purok P4B: 0% used (0/1000) - No action needed
[2025-10-14 13:01:03] Purok P5: 0% used (0/1000) - No action needed
[2025-10-14 13:01:03] Purok P6: 0% used (0/1000) - No action needed
[2025-10-14 13:01:03] Purok P7: 0% used (0/1000) - No action needed
[2025-10-14 13:01:03] === Hourly Key Check Completed ===
[2025-10-14 13:01:03] Puroks regenerated: None
[2025-10-14 14:01:03] === Starting Hourly Key Check ===
[2025-10-14 14:01:03] Purok P1: 0% used (0/1000) - No action needed
[2025-10-14 14:01:03] Purok P2: 0% used (0/1000) - No action needed
[2025-10-14 14:01:03] Purok P3: 0% used (0/1000) - No action needed
[2025-10-14 14:01:03] Purok P4A: 0% used (0/1000) - No action needed
[2025-10-14 14:01:03] Purok P4B: 0% used (0/1000) - No action needed
[2025-10-14 14:01:03] Purok P5: 0% used (0/1000) - No action needed
[2025-10-14 14:01:03] Purok P6: 0% used (0/1000) - No action needed
[2025-10-14 14:01:03] Purok P7: 0% used (0/1000) - No action needed
[2025-10-14 14:01:03] === Hourly Key Check Completed ===
[2025-10-14 14:01:03] Puroks regenerated: None
[2025-10-14 15:01:03] === Starting Hourly Key Check ===
[2025-10-14 15:01:03] Purok P1: 0% used (0/1000) - No action needed
[2025-10-14 15:01:03] Purok P2: 0% used (0/1000) - No action needed
[2025-10-14 15:01:03] Purok P3: 0% used (0/1000) - No action needed
[2025-10-14 15:01:03] Purok P4A: 0% used (0/1000) - No action needed
[2025-10-14 15:01:03] Purok P4B: 0% used (0/1000) - No action needed
[2025-10-14 15:01:03] Purok P5: 0% used (0/1000) - No action needed
[2025-10-14 15:01:03] Purok P6: 0% used (0/1000) - No action needed
[2025-10-14 15:01:03] Purok P7: 0% used (0/1000) - No action needed
[2025-10-14 15:01:03] === Hourly Key Check Completed ===
[2025-10-14 15:01:03] Puroks regenerated: None
[2025-10-14 16:01:03] === Starting Hourly Key Check ===
[2025-10-14 16:01:03] Purok P1: 0% used (0/1000) - No action needed
[2025-10-14 16:01:03] Purok P2: 0% used (0/1000) - No action needed
[2025-10-14 16:01:03] Purok P3: 0% used (0/1000) - No action needed
[2025-10-14 16:01:03] Purok P4A: 0% used (0/1000) - No action needed
[2025-10-14 16:01:03] Purok P4B: 0% used (0/1000) - No action needed
[2025-10-14 16:01:03] Purok P5: 0% used (0/1000) - No action needed
[2025-10-14 16:01:03] Purok P6: 0% used (0/1000) - No action needed
[2025-10-14 16:01:03] Purok P7: 0% used (0/1000) - No action needed
[2025-10-14 16:01:03] === Hourly Key Check Completed ===
[2025-10-14 16:01:03] Puroks regenerated: None
[2025-10-14 17:01:03] === Starting Hourly Key Check ===
[2025-10-14 17:01:03] Purok P1: 0% used (0/1000) - No action needed
[2025-10-14 17:01:03] Purok P2: 0% used (0/1000) - No action needed
[2025-10-14 17:01:03] Purok P3: 0% used (0/1000) - No action needed
[2025-10-14 17:01:03] Purok P4A: 0% used (0/1000) - No action needed
[2025-10-14 17:01:03] Purok P4B: 0% used (0/1000) - No action needed
[2025-10-14 17:01:03] Purok P5: 0% used (0/1000) - No action needed
[2025-10-14 17:01:03] Purok P6: 0% used (0/1000) - No action needed
[2025-10-14 17:01:03] Purok P7: 0% used (0/1000) - No action needed
[2025-10-14 17:01:03] === Hourly Key Check Completed ===
[2025-10-14 17:01:03] Puroks regenerated: None
[2025-10-14 18:01:03] === Starting Hourly Key Check ===
[2025-10-14 18:01:03] Purok P1: 0% used (0/1000) - No action needed
[2025-10-14 18:01:03] Purok P2: 0% used (0/1000) - No action needed
[2025-10-14 18:01:03] Purok P3: 0% used (0/1000) - No action needed
[2025-10-14 18:01:03] Purok P4A: 0% used (0/1000) - No action needed
[2025-10-14 18:01:03] Purok P4B: 0% used (0/1000) - No action needed
[2025-10-14 18:01:03] Purok P5: 0% used (0/1000) - No action needed
[2025-10-14 18:01:03] Purok P6: 0% used (0/1000) - No action needed
[2025-10-14 18:01:03] Purok P7: 0% used (0/1000) - No action needed
[2025-10-14 18:01:03] === Hourly Key Check Completed ===
[2025-10-14 18:01:03] Puroks regenerated: None
[2025-10-14 19:01:05] === Starting Hourly Key Check ===
[2025-10-14 19:01:05] Purok P1: 0% used (0/1000) - No action needed
[2025-10-14 19:01:05] Purok P2: 0% used (0/1000) - No action needed
[2025-10-14 19:01:05] Purok P3: 0% used (0/1000) - No action needed
[2025-10-14 19:01:05] Purok P4A: 0% used (0/1000) - No action needed
[2025-10-14 19:01:05] Purok P4B: 0% used (0/1000) - No action needed
[2025-10-14 19:01:05] Purok P5: 0% used (0/1000) - No action needed
[2025-10-14 19:01:05] Purok P6: 0% used (0/1000) - No action needed
[2025-10-14 19:01:05] Purok P7: 0% used (0/1000) - No action needed
[2025-10-14 19:01:05] === Hourly Key Check Completed ===
[2025-10-14 19:01:05] Puroks regenerated: None
[2025-10-14 20:01:02] === Starting Hourly Key Check ===
[2025-10-14 20:01:02] Purok P1: 0% used (0/1000) - No action needed
[2025-10-14 20:01:02] Purok P2: 0% used (0/1000) - No action needed
[2025-10-14 20:01:02] Purok P3: 0% used (0/1000) - No action needed
[2025-10-14 20:01:02] Purok P4A: 0% used (0/1000) - No action needed
[2025-10-14 20:01:02] Purok P4B: 0% used (0/1000) - No action needed
[2025-10-14 20:01:02] Purok P5: 0% used (0/1000) - No action needed
[2025-10-14 20:01:02] Purok P6: 0% used (0/1000) - No action needed
[2025-10-14 20:01:02] Purok P7: 0% used (0/1000) - No action needed
[2025-10-14 20:01:02] === Hourly Key Check Completed ===
[2025-10-14 20:01:02] Puroks regenerated: None
[2025-10-14 21:01:04] === Starting Hourly Key Check ===
[2025-10-14 21:01:04] Purok P1: 0% used (0/1000) - No action needed
[2025-10-14 21:01:04] Purok P2: 0% used (0/1000) - No action needed
[2025-10-14 21:01:04] Purok P3: 0% used (0/1000) - No action needed
[2025-10-14 21:01:04] Purok P4A: 0% used (0/1000) - No action needed
[2025-10-14 21:01:04] Purok P4B: 0% used (0/1000) - No action needed
[2025-10-14 21:01:04] Purok P5: 0% used (0/1000) - No action needed
[2025-10-14 21:01:04] Purok P6: 0% used (0/1000) - No action needed
[2025-10-14 21:01:04] Purok P7: 0% used (0/1000) - No action needed
[2025-10-14 21:01:04] === Hourly Key Check Completed ===
[2025-10-14 21:01:04] Puroks regenerated: None
[2025-10-14 22:01:03] === Starting Hourly Key Check ===
[2025-10-14 22:01:03] Purok P1: 0% used (0/1000) - No action needed
[2025-10-14 22:01:03] Purok P2: 0% used (0/1000) - No action needed
[2025-10-14 22:01:03] Purok P3: 0% used (0/1000) - No action needed
[2025-10-14 22:01:03] Purok P4A: 0% used (0/1000) - No action needed
[2025-10-14 22:01:03] Purok P4B: 0% used (0/1000) - No action needed
[2025-10-14 22:01:03] Purok P5: 0% used (0/1000) - No action needed
[2025-10-14 22:01:03] Purok P6: 0% used (0/1000) - No action needed
[2025-10-14 22:01:03] Purok P7: 0% used (0/1000) - No action needed
[2025-10-14 22:01:03] === Hourly Key Check Completed ===
[2025-10-14 22:01:03] Puroks regenerated: None
[2025-10-14 23:01:03] === Starting Hourly Key Check ===
[2025-10-14 23:01:03] Purok P1: 0% used (0/1000) - No action needed
[2025-10-14 23:01:03] Purok P2: 0% used (0/1000) - No action needed
[2025-10-14 23:01:03] Purok P3: 0% used (0/1000) - No action needed
[2025-10-14 23:01:03] Purok P4A: 0% used (0/1000) - No action needed
[2025-10-14 23:01:03] Purok P4B: 0% used (0/1000) - No action needed
[2025-10-14 23:01:03] Purok P5: 0% used (0/1000) - No action needed
[2025-10-14 23:01:03] Purok P6: 0% used (0/1000) - No action needed
[2025-10-14 23:01:03] Purok P7: 0% used (0/1000) - No action needed
[2025-10-14 23:01:03] === Hourly Key Check Completed ===
[2025-10-14 23:01:03] Puroks regenerated: None
