[2025-11-06 00:01:03] === Starting Hourly Key Check ===
[2025-11-06 00:01:03] Purok P1: 1.1% used (11/1000) - No action needed
[2025-11-06 00:01:03] Purok P2: 0.3% used (3/1000) - No action needed
[2025-11-06 00:01:03] Purok P3: 0.5% used (5/1000) - No action needed
[2025-11-06 00:01:03] Purok P4A: 0% used (0/1000) - No action needed
[2025-11-06 00:01:03] Purok P4B: 1% used (10/1000) - No action needed
[2025-11-06 00:01:03] Purok P5: 1.9% used (19/1000) - No action needed
[2025-11-06 00:01:03] Purok P6: 0% used (0/1000) - No action needed
[2025-11-06 00:01:03] Purok P7: 0.2% used (2/1000) - No action needed
[2025-11-06 00:01:03] === Hourly Key Check Completed ===
[2025-11-06 00:01:03] Puroks regenerated: None
[2025-11-06 01:01:06] === Starting Hourly Key Check ===
[2025-11-06 01:01:06] Purok P1: 1.1% used (11/1000) - No action needed
[2025-11-06 01:01:06] Purok P2: 0.3% used (3/1000) - No action needed
[2025-11-06 01:01:06] Purok P3: 0.5% used (5/1000) - No action needed
[2025-11-06 01:01:06] Purok P4A: 0% used (0/1000) - No action needed
[2025-11-06 01:01:06] Purok P4B: 1% used (10/1000) - No action needed
[2025-11-06 01:01:06] Purok P5: 1.9% used (19/1000) - No action needed
[2025-11-06 01:01:06] Purok P6: 0% used (0/1000) - No action needed
[2025-11-06 01:01:06] Purok P7: 0.2% used (2/1000) - No action needed
[2025-11-06 01:01:06] === Hourly Key Check Completed ===
[2025-11-06 01:01:06] Puroks regenerated: None
[2025-11-06 02:01:02] === Starting Hourly Key Check ===
[2025-11-06 02:01:02] Purok P1: 1.1% used (11/1000) - No action needed
[2025-11-06 02:01:02] Purok P2: 0.3% used (3/1000) - No action needed
[2025-11-06 02:01:02] Purok P3: 0.5% used (5/1000) - No action needed
[2025-11-06 02:01:02] Purok P4A: 0% used (0/1000) - No action needed
[2025-11-06 02:01:02] Purok P4B: 1% used (10/1000) - No action needed
[2025-11-06 02:01:02] Purok P5: 1.9% used (19/1000) - No action needed
[2025-11-06 02:01:02] Purok P6: 0% used (0/1000) - No action needed
[2025-11-06 02:01:02] Purok P7: 0.2% used (2/1000) - No action needed
[2025-11-06 02:01:02] === Hourly Key Check Completed ===
[2025-11-06 02:01:02] Puroks regenerated: None
[2025-11-06 03:01:02] === Starting Hourly Key Check ===
[2025-11-06 03:01:02] Purok P1: 1.1% used (11/1000) - No action needed
[2025-11-06 03:01:02] Purok P2: 0.3% used (3/1000) - No action needed
[2025-11-06 03:01:02] Purok P3: 0.5% used (5/1000) - No action needed
[2025-11-06 03:01:02] Purok P4A: 0% used (0/1000) - No action needed
[2025-11-06 03:01:02] Purok P4B: 1% used (10/1000) - No action needed
[2025-11-06 03:01:02] Purok P5: 1.9% used (19/1000) - No action needed
[2025-11-06 03:01:02] Purok P6: 0% used (0/1000) - No action needed
[2025-11-06 03:01:02] Purok P7: 0.2% used (2/1000) - No action needed
[2025-11-06 03:01:02] === Hourly Key Check Completed ===
[2025-11-06 03:01:02] Puroks regenerated: None
[2025-11-06 04:01:03] === Starting Hourly Key Check ===
[2025-11-06 04:01:03] Purok P1: 1.1% used (11/1000) - No action needed
[2025-11-06 04:01:03] Purok P2: 0.3% used (3/1000) - No action needed
[2025-11-06 04:01:03] Purok P3: 0.5% used (5/1000) - No action needed
[2025-11-06 04:01:03] Purok P4A: 0% used (0/1000) - No action needed
[2025-11-06 04:01:03] Purok P4B: 1% used (10/1000) - No action needed
[2025-11-06 04:01:03] Purok P5: 1.9% used (19/1000) - No action needed
[2025-11-06 04:01:03] Purok P6: 0% used (0/1000) - No action needed
[2025-11-06 04:01:03] Purok P7: 0.2% used (2/1000) - No action needed
[2025-11-06 04:01:03] === Hourly Key Check Completed ===
[2025-11-06 04:01:03] Puroks regenerated: None
[2025-11-06 05:01:03] === Starting Hourly Key Check ===
[2025-11-06 05:01:03] Purok P1: 1.1% used (11/1000) - No action needed
[2025-11-06 05:01:03] Purok P2: 0.3% used (3/1000) - No action needed
[2025-11-06 05:01:03] Purok P3: 0.5% used (5/1000) - No action needed
[2025-11-06 05:01:03] Purok P4A: 0% used (0/1000) - No action needed
[2025-11-06 05:01:03] Purok P4B: 1% used (10/1000) - No action needed
[2025-11-06 05:01:03] Purok P5: 1.9% used (19/1000) - No action needed
[2025-11-06 05:01:03] Purok P6: 0% used (0/1000) - No action needed
[2025-11-06 05:01:03] Purok P7: 0.2% used (2/1000) - No action needed
[2025-11-06 05:01:03] === Hourly Key Check Completed ===
[2025-11-06 05:01:03] Puroks regenerated: None
[2025-11-06 06:01:03] === Starting Hourly Key Check ===
[2025-11-06 06:01:03] Purok P1: 1.1% used (11/1000) - No action needed
[2025-11-06 06:01:03] Purok P2: 0.3% used (3/1000) - No action needed
[2025-11-06 06:01:03] Purok P3: 0.5% used (5/1000) - No action needed
[2025-11-06 06:01:03] Purok P4A: 0% used (0/1000) - No action needed
[2025-11-06 06:01:03] Purok P4B: 1% used (10/1000) - No action needed
[2025-11-06 06:01:03] Purok P5: 1.9% used (19/1000) - No action needed
[2025-11-06 06:01:03] Purok P6: 0% used (0/1000) - No action needed
[2025-11-06 06:01:03] Purok P7: 0.2% used (2/1000) - No action needed
[2025-11-06 06:01:03] === Hourly Key Check Completed ===
[2025-11-06 06:01:03] Puroks regenerated: None
[2025-11-06 07:01:03] === Starting Hourly Key Check ===
[2025-11-06 07:01:03] Purok P1: 1.1% used (11/1000) - No action needed
[2025-11-06 07:01:03] Purok P2: 0.3% used (3/1000) - No action needed
[2025-11-06 07:01:03] Purok P3: 0.5% used (5/1000) - No action needed
[2025-11-06 07:01:03] Purok P4A: 0% used (0/1000) - No action needed
[2025-11-06 07:01:03] Purok P4B: 1% used (10/1000) - No action needed
[2025-11-06 07:01:03] Purok P5: 1.9% used (19/1000) - No action needed
[2025-11-06 07:01:03] Purok P6: 0% used (0/1000) - No action needed
[2025-11-06 07:01:03] Purok P7: 0.2% used (2/1000) - No action needed
[2025-11-06 07:01:03] === Hourly Key Check Completed ===
[2025-11-06 07:01:03] Puroks regenerated: None
[2025-11-06 08:01:03] === Starting Hourly Key Check ===
[2025-11-06 08:01:03] Purok P1: 1.1% used (11/1000) - No action needed
[2025-11-06 08:01:03] Purok P2: 0.3% used (3/1000) - No action needed
[2025-11-06 08:01:03] Purok P3: 0.5% used (5/1000) - No action needed
[2025-11-06 08:01:03] Purok P4A: 0% used (0/1000) - No action needed
[2025-11-06 08:01:03] Purok P4B: 1% used (10/1000) - No action needed
[2025-11-06 08:01:03] Purok P5: 1.9% used (19/1000) - No action needed
[2025-11-06 08:01:03] Purok P6: 0% used (0/1000) - No action needed
[2025-11-06 08:01:03] Purok P7: 0.2% used (2/1000) - No action needed
[2025-11-06 08:01:03] === Hourly Key Check Completed ===
[2025-11-06 08:01:03] Puroks regenerated: None
[2025-11-06 09:01:04] === Starting Hourly Key Check ===
[2025-11-06 09:01:04] Purok P1: 1.1% used (11/1000) - No action needed
[2025-11-06 09:01:04] Purok P2: 0.3% used (3/1000) - No action needed
[2025-11-06 09:01:04] Purok P3: 0.5% used (5/1000) - No action needed
[2025-11-06 09:01:04] Purok P4A: 0% used (0/1000) - No action needed
[2025-11-06 09:01:04] Purok P4B: 1% used (10/1000) - No action needed
[2025-11-06 09:01:04] Purok P5: 1.9% used (19/1000) - No action needed
[2025-11-06 09:01:04] Purok P6: 0% used (0/1000) - No action needed
[2025-11-06 09:01:04] Purok P7: 0.2% used (2/1000) - No action needed
[2025-11-06 09:01:04] === Hourly Key Check Completed ===
[2025-11-06 09:01:04] Puroks regenerated: None
[2025-11-06 10:01:03] === Starting Hourly Key Check ===
[2025-11-06 10:01:03] Purok P1: 1.1% used (11/1000) - No action needed
[2025-11-06 10:01:03] Purok P2: 0.3% used (3/1000) - No action needed
[2025-11-06 10:01:03] Purok P3: 0.5% used (5/1000) - No action needed
[2025-11-06 10:01:03] Purok P4A: 0% used (0/1000) - No action needed
[2025-11-06 10:01:03] Purok P4B: 1% used (10/1000) - No action needed
[2025-11-06 10:01:03] Purok P5: 1.9% used (19/1000) - No action needed
[2025-11-06 10:01:03] Purok P6: 0% used (0/1000) - No action needed
[2025-11-06 10:01:03] Purok P7: 0.2% used (2/1000) - No action needed
[2025-11-06 10:01:03] === Hourly Key Check Completed ===
[2025-11-06 10:01:03] Puroks regenerated: None
[2025-11-06 11:01:03] === Starting Hourly Key Check ===
[2025-11-06 11:01:03] Purok P1: 1.1% used (11/1000) - No action needed
[2025-11-06 11:01:03] Purok P2: 0.3% used (3/1000) - No action needed
[2025-11-06 11:01:03] Purok P3: 0.5% used (5/1000) - No action needed
[2025-11-06 11:01:03] Purok P4A: 0% used (0/1000) - No action needed
[2025-11-06 11:01:03] Purok P4B: 1% used (10/1000) - No action needed
[2025-11-06 11:01:03] Purok P5: 1.9% used (19/1000) - No action needed
[2025-11-06 11:01:03] Purok P6: 0% used (0/1000) - No action needed
[2025-11-06 11:01:03] Purok P7: 0.2% used (2/1000) - No action needed
[2025-11-06 11:01:03] === Hourly Key Check Completed ===
[2025-11-06 11:01:03] Puroks regenerated: None
[2025-11-06 12:01:03] === Starting Hourly Key Check ===
[2025-11-06 12:01:03] Purok P1: 1.1% used (11/1000) - No action needed
[2025-11-06 12:01:03] Purok P2: 0.3% used (3/1000) - No action needed
[2025-11-06 12:01:03] Purok P3: 0.5% used (5/1000) - No action needed
[2025-11-06 12:01:03] Purok P4A: 0% used (0/1000) - No action needed
[2025-11-06 12:01:03] Purok P4B: 1% used (10/1000) - No action needed
[2025-11-06 12:01:03] Purok P5: 1.9% used (19/1000) - No action needed
[2025-11-06 12:01:03] Purok P6: 0% used (0/1000) - No action needed
[2025-11-06 12:01:03] Purok P7: 0.2% used (2/1000) - No action needed
[2025-11-06 12:01:03] === Hourly Key Check Completed ===
[2025-11-06 12:01:03] Puroks regenerated: None
[2025-11-06 13:01:03] === Starting Hourly Key Check ===
[2025-11-06 13:01:03] Purok P1: 1.1% used (11/1000) - No action needed
[2025-11-06 13:01:03] Purok P2: 0.3% used (3/1000) - No action needed
[2025-11-06 13:01:03] Purok P3: 0.5% used (5/1000) - No action needed
[2025-11-06 13:01:03] Purok P4A: 0% used (0/1000) - No action needed
[2025-11-06 13:01:03] Purok P4B: 1% used (10/1000) - No action needed
[2025-11-06 13:01:03] Purok P5: 1.9% used (19/1000) - No action needed
[2025-11-06 13:01:03] Purok P6: 0% used (0/1000) - No action needed
[2025-11-06 13:01:03] Purok P7: 0.2% used (2/1000) - No action needed
[2025-11-06 13:01:03] === Hourly Key Check Completed ===
[2025-11-06 13:01:03] Puroks regenerated: None
[2025-11-06 14:01:05] === Starting Hourly Key Check ===
[2025-11-06 14:01:05] Purok P1: 1.1% used (11/1000) - No action needed
[2025-11-06 14:01:05] Purok P2: 0.3% used (3/1000) - No action needed
[2025-11-06 14:01:05] Purok P3: 0.5% used (5/1000) - No action needed
[2025-11-06 14:01:05] Purok P4A: 0% used (0/1000) - No action needed
[2025-11-06 14:01:05] Purok P4B: 1% used (10/1000) - No action needed
[2025-11-06 14:01:05] Purok P5: 1.9% used (19/1000) - No action needed
[2025-11-06 14:01:05] Purok P6: 0% used (0/1000) - No action needed
[2025-11-06 14:01:05] Purok P7: 0.2% used (2/1000) - No action needed
[2025-11-06 14:01:05] === Hourly Key Check Completed ===
[2025-11-06 14:01:05] Puroks regenerated: None
[2025-11-06 15:01:08] === Starting Hourly Key Check ===
[2025-11-06 15:01:08] Purok P1: 1.1% used (11/1000) - No action needed
[2025-11-06 15:01:08] Purok P2: 0.3% used (3/1000) - No action needed
[2025-11-06 15:01:08] Purok P3: 0.5% used (5/1000) - No action needed
[2025-11-06 15:01:08] Purok P4A: 0% used (0/1000) - No action needed
[2025-11-06 15:01:08] Purok P4B: 1% used (10/1000) - No action needed
[2025-11-06 15:01:08] Purok P5: 1.9% used (19/1000) - No action needed
[2025-11-06 15:01:08] Purok P6: 0% used (0/1000) - No action needed
[2025-11-06 15:01:08] Purok P7: 0.2% used (2/1000) - No action needed
[2025-11-06 15:01:08] === Hourly Key Check Completed ===
[2025-11-06 15:01:08] Puroks regenerated: None
[2025-11-06 16:01:03] === Starting Hourly Key Check ===
[2025-11-06 16:01:03] Purok P1: 1.1% used (11/1000) - No action needed
[2025-11-06 16:01:03] Purok P2: 0.3% used (3/1000) - No action needed
[2025-11-06 16:01:03] Purok P3: 0.5% used (5/1000) - No action needed
[2025-11-06 16:01:03] Purok P4A: 0% used (0/1000) - No action needed
[2025-11-06 16:01:03] Purok P4B: 1% used (10/1000) - No action needed
[2025-11-06 16:01:03] Purok P5: 1.9% used (19/1000) - No action needed
[2025-11-06 16:01:03] Purok P6: 0% used (0/1000) - No action needed
[2025-11-06 16:01:03] Purok P7: 0.2% used (2/1000) - No action needed
[2025-11-06 16:01:03] === Hourly Key Check Completed ===
[2025-11-06 16:01:03] Puroks regenerated: None
[2025-11-06 17:01:03] === Starting Hourly Key Check ===
[2025-11-06 17:01:03] Purok P1: 1.1% used (11/1000) - No action needed
[2025-11-06 17:01:03] Purok P2: 0.3% used (3/1000) - No action needed
[2025-11-06 17:01:03] Purok P3: 0.5% used (5/1000) - No action needed
[2025-11-06 17:01:03] Purok P4A: 0% used (0/1000) - No action needed
[2025-11-06 17:01:03] Purok P4B: 1% used (10/1000) - No action needed
[2025-11-06 17:01:03] Purok P5: 1.9% used (19/1000) - No action needed
[2025-11-06 17:01:03] Purok P6: 0% used (0/1000) - No action needed
[2025-11-06 17:01:03] Purok P7: 0.2% used (2/1000) - No action needed
[2025-11-06 17:01:03] === Hourly Key Check Completed ===
[2025-11-06 17:01:03] Puroks regenerated: None
[2025-11-06 18:01:03] === Starting Hourly Key Check ===
[2025-11-06 18:01:03] Purok P1: 1.1% used (11/1000) - No action needed
[2025-11-06 18:01:03] Purok P2: 0.3% used (3/1000) - No action needed
[2025-11-06 18:01:03] Purok P3: 0.5% used (5/1000) - No action needed
[2025-11-06 18:01:03] Purok P4A: 0% used (0/1000) - No action needed
[2025-11-06 18:01:03] Purok P4B: 1% used (10/1000) - No action needed
[2025-11-06 18:01:03] Purok P5: 1.9% used (19/1000) - No action needed
[2025-11-06 18:01:03] Purok P6: 0% used (0/1000) - No action needed
[2025-11-06 18:01:03] Purok P7: 0.2% used (2/1000) - No action needed
[2025-11-06 18:01:03] === Hourly Key Check Completed ===
[2025-11-06 18:01:03] Puroks regenerated: None
[2025-11-06 19:01:09] === Starting Hourly Key Check ===
[2025-11-06 19:01:09] Purok P1: 1.1% used (11/1000) - No action needed
[2025-11-06 19:01:09] Purok P2: 0.3% used (3/1000) - No action needed
[2025-11-06 19:01:09] Purok P3: 0.5% used (5/1000) - No action needed
[2025-11-06 19:01:09] Purok P4A: 0% used (0/1000) - No action needed
[2025-11-06 19:01:09] Purok P4B: 1% used (10/1000) - No action needed
[2025-11-06 19:01:09] Purok P5: 1.9% used (19/1000) - No action needed
[2025-11-06 19:01:09] Purok P6: 0% used (0/1000) - No action needed
[2025-11-06 19:01:09] Purok P7: 0.2% used (2/1000) - No action needed
[2025-11-06 19:01:09] === Hourly Key Check Completed ===
[2025-11-06 19:01:09] Puroks regenerated: None
[2025-11-06 20:01:03] === Starting Hourly Key Check ===
[2025-11-06 20:01:03] Purok P1: 1.1% used (11/1000) - No action needed
[2025-11-06 20:01:03] Purok P2: 0.3% used (3/1000) - No action needed
[2025-11-06 20:01:03] Purok P3: 0.5% used (5/1000) - No action needed
[2025-11-06 20:01:03] Purok P4A: 0% used (0/1000) - No action needed
[2025-11-06 20:01:03] Purok P4B: 1% used (10/1000) - No action needed
[2025-11-06 20:01:03] Purok P5: 1.9% used (19/1000) - No action needed
[2025-11-06 20:01:03] Purok P6: 0% used (0/1000) - No action needed
[2025-11-06 20:01:03] Purok P7: 0.2% used (2/1000) - No action needed
[2025-11-06 20:01:03] === Hourly Key Check Completed ===
[2025-11-06 20:01:03] Puroks regenerated: None
[2025-11-06 21:01:04] === Starting Hourly Key Check ===
[2025-11-06 21:01:04] Purok P1: 1.1% used (11/1000) - No action needed
[2025-11-06 21:01:04] Purok P2: 0.3% used (3/1000) - No action needed
[2025-11-06 21:01:04] Purok P3: 0.5% used (5/1000) - No action needed
[2025-11-06 21:01:04] Purok P4A: 0% used (0/1000) - No action needed
[2025-11-06 21:01:04] Purok P4B: 1% used (10/1000) - No action needed
[2025-11-06 21:01:04] Purok P5: 1.9% used (19/1000) - No action needed
[2025-11-06 21:01:04] Purok P6: 0% used (0/1000) - No action needed
[2025-11-06 21:01:04] Purok P7: 0.2% used (2/1000) - No action needed
[2025-11-06 21:01:04] === Hourly Key Check Completed ===
[2025-11-06 21:01:04] Puroks regenerated: None
[2025-11-06 22:01:04] === Starting Hourly Key Check ===
[2025-11-06 22:01:04] Purok P1: 1.1% used (11/1000) - No action needed
[2025-11-06 22:01:04] Purok P2: 0.3% used (3/1000) - No action needed
[2025-11-06 22:01:04] Purok P3: 0.5% used (5/1000) - No action needed
[2025-11-06 22:01:04] Purok P4A: 0% used (0/1000) - No action needed
[2025-11-06 22:01:04] Purok P4B: 1% used (10/1000) - No action needed
[2025-11-06 22:01:04] Purok P5: 1.9% used (19/1000) - No action needed
[2025-11-06 22:01:04] Purok P6: 0% used (0/1000) - No action needed
[2025-11-06 22:01:04] Purok P7: 0.2% used (2/1000) - No action needed
[2025-11-06 22:01:04] === Hourly Key Check Completed ===
[2025-11-06 22:01:04] Puroks regenerated: None
[2025-11-06 23:01:03] === Starting Hourly Key Check ===
[2025-11-06 23:01:03] Purok P1: 1.1% used (11/1000) - No action needed
[2025-11-06 23:01:03] Purok P2: 0.3% used (3/1000) - No action needed
[2025-11-06 23:01:03] Purok P3: 0.5% used (5/1000) - No action needed
[2025-11-06 23:01:03] Purok P4A: 0% used (0/1000) - No action needed
[2025-11-06 23:01:03] Purok P4B: 1% used (10/1000) - No action needed
[2025-11-06 23:01:03] Purok P5: 1.9% used (19/1000) - No action needed
[2025-11-06 23:01:03] Purok P6: 0% used (0/1000) - No action needed
[2025-11-06 23:01:03] Purok P7: 0.2% used (2/1000) - No action needed
[2025-11-06 23:01:03] === Hourly Key Check Completed ===
[2025-11-06 23:01:03] Puroks regenerated: None
