[2025-11-03 00:01:03] === Starting Hourly Key Check ===
[2025-11-03 00:01:03] Purok P1: 1.1% used (11/1000) - No action needed
[2025-11-03 00:01:03] Purok P2: 0.3% used (3/1000) - No action needed
[2025-11-03 00:01:03] Purok P3: 0.4% used (4/1000) - No action needed
[2025-11-03 00:01:03] Purok P4A: 0% used (0/1000) - No action needed
[2025-11-03 00:01:03] Purok P4B: 1% used (10/1000) - No action needed
[2025-11-03 00:01:03] Purok P5: 0.9% used (9/1000) - No action needed
[2025-11-03 00:01:03] Purok P6: 0% used (0/1000) - No action needed
[2025-11-03 00:01:03] Purok P7: 0.1% used (1/1000) - No action needed
[2025-11-03 00:01:03] === Hourly Key Check Completed ===
[2025-11-03 00:01:03] Puroks regenerated: None
[2025-11-03 01:01:03] === Starting Hourly Key Check ===
[2025-11-03 01:01:03] Purok P1: 1.1% used (11/1000) - No action needed
[2025-11-03 01:01:03] Purok P2: 0.3% used (3/1000) - No action needed
[2025-11-03 01:01:03] Purok P3: 0.4% used (4/1000) - No action needed
[2025-11-03 01:01:03] Purok P4A: 0% used (0/1000) - No action needed
[2025-11-03 01:01:03] Purok P4B: 1% used (10/1000) - No action needed
[2025-11-03 01:01:03] Purok P5: 0.9% used (9/1000) - No action needed
[2025-11-03 01:01:03] Purok P6: 0% used (0/1000) - No action needed
[2025-11-03 01:01:03] Purok P7: 0.1% used (1/1000) - No action needed
[2025-11-03 01:01:03] === Hourly Key Check Completed ===
[2025-11-03 01:01:03] Puroks regenerated: None
[2025-11-03 02:01:03] === Starting Hourly Key Check ===
[2025-11-03 02:01:03] Purok P1: 1.1% used (11/1000) - No action needed
[2025-11-03 02:01:03] Purok P2: 0.3% used (3/1000) - No action needed
[2025-11-03 02:01:03] Purok P3: 0.4% used (4/1000) - No action needed
[2025-11-03 02:01:03] Purok P4A: 0% used (0/1000) - No action needed
[2025-11-03 02:01:03] Purok P4B: 1% used (10/1000) - No action needed
[2025-11-03 02:01:03] Purok P5: 0.9% used (9/1000) - No action needed
[2025-11-03 02:01:03] Purok P6: 0% used (0/1000) - No action needed
[2025-11-03 02:01:03] Purok P7: 0.1% used (1/1000) - No action needed
[2025-11-03 02:01:03] === Hourly Key Check Completed ===
[2025-11-03 02:01:03] Puroks regenerated: None
[2025-11-03 03:01:03] === Starting Hourly Key Check ===
[2025-11-03 03:01:03] Purok P1: 1.1% used (11/1000) - No action needed
[2025-11-03 03:01:03] Purok P2: 0.3% used (3/1000) - No action needed
[2025-11-03 03:01:03] Purok P3: 0.4% used (4/1000) - No action needed
[2025-11-03 03:01:03] Purok P4A: 0% used (0/1000) - No action needed
[2025-11-03 03:01:03] Purok P4B: 1% used (10/1000) - No action needed
[2025-11-03 03:01:03] Purok P5: 0.9% used (9/1000) - No action needed
[2025-11-03 03:01:03] Purok P6: 0% used (0/1000) - No action needed
[2025-11-03 03:01:03] Purok P7: 0.1% used (1/1000) - No action needed
[2025-11-03 03:01:03] === Hourly Key Check Completed ===
[2025-11-03 03:01:03] Puroks regenerated: None
[2025-11-03 04:01:04] === Starting Hourly Key Check ===
[2025-11-03 04:01:04] Purok P1: 1.1% used (11/1000) - No action needed
[2025-11-03 04:01:04] Purok P2: 0.3% used (3/1000) - No action needed
[2025-11-03 04:01:04] Purok P3: 0.4% used (4/1000) - No action needed
[2025-11-03 04:01:04] Purok P4A: 0% used (0/1000) - No action needed
[2025-11-03 04:01:04] Purok P4B: 1% used (10/1000) - No action needed
[2025-11-03 04:01:04] Purok P5: 0.9% used (9/1000) - No action needed
[2025-11-03 04:01:04] Purok P6: 0% used (0/1000) - No action needed
[2025-11-03 04:01:04] Purok P7: 0.1% used (1/1000) - No action needed
[2025-11-03 04:01:04] === Hourly Key Check Completed ===
[2025-11-03 04:01:04] Puroks regenerated: None
[2025-11-03 05:01:06] === Starting Hourly Key Check ===
[2025-11-03 05:01:06] Purok P1: 1.1% used (11/1000) - No action needed
[2025-11-03 05:01:06] Purok P2: 0.3% used (3/1000) - No action needed
[2025-11-03 05:01:06] Purok P3: 0.4% used (4/1000) - No action needed
[2025-11-03 05:01:06] Purok P4A: 0% used (0/1000) - No action needed
[2025-11-03 05:01:06] Purok P4B: 1% used (10/1000) - No action needed
[2025-11-03 05:01:06] Purok P5: 0.9% used (9/1000) - No action needed
[2025-11-03 05:01:06] Purok P6: 0% used (0/1000) - No action needed
[2025-11-03 05:01:06] Purok P7: 0.1% used (1/1000) - No action needed
[2025-11-03 05:01:06] === Hourly Key Check Completed ===
[2025-11-03 05:01:06] Puroks regenerated: None
[2025-11-03 06:01:03] === Starting Hourly Key Check ===
[2025-11-03 06:01:03] Purok P1: 1.1% used (11/1000) - No action needed
[2025-11-03 06:01:03] Purok P2: 0.3% used (3/1000) - No action needed
[2025-11-03 06:01:03] Purok P3: 0.4% used (4/1000) - No action needed
[2025-11-03 06:01:03] Purok P4A: 0% used (0/1000) - No action needed
[2025-11-03 06:01:03] Purok P4B: 1% used (10/1000) - No action needed
[2025-11-03 06:01:03] Purok P5: 1.3% used (13/1000) - No action needed
[2025-11-03 06:01:03] Purok P6: 0% used (0/1000) - No action needed
[2025-11-03 06:01:03] Purok P7: 0.1% used (1/1000) - No action needed
[2025-11-03 06:01:03] === Hourly Key Check Completed ===
[2025-11-03 06:01:03] Puroks regenerated: None
[2025-11-03 07:01:06] === Starting Hourly Key Check ===
[2025-11-03 07:01:06] Purok P1: 1.1% used (11/1000) - No action needed
[2025-11-03 07:01:06] Purok P2: 0.3% used (3/1000) - No action needed
[2025-11-03 07:01:06] Purok P3: 0.4% used (4/1000) - No action needed
[2025-11-03 07:01:06] Purok P4A: 0% used (0/1000) - No action needed
[2025-11-03 07:01:06] Purok P4B: 1% used (10/1000) - No action needed
[2025-11-03 07:01:06] Purok P5: 1.7% used (17/1000) - No action needed
[2025-11-03 07:01:06] Purok P6: 0% used (0/1000) - No action needed
[2025-11-03 07:01:06] Purok P7: 0.1% used (1/1000) - No action needed
[2025-11-03 07:01:06] === Hourly Key Check Completed ===
[2025-11-03 07:01:06] Puroks regenerated: None
[2025-11-03 08:01:08] === Starting Hourly Key Check ===
[2025-11-03 08:01:08] Purok P1: 1.1% used (11/1000) - No action needed
[2025-11-03 08:01:08] Purok P2: 0.3% used (3/1000) - No action needed
[2025-11-03 08:01:08] Purok P3: 0.4% used (4/1000) - No action needed
[2025-11-03 08:01:08] Purok P4A: 0% used (0/1000) - No action needed
[2025-11-03 08:01:08] Purok P4B: 1% used (10/1000) - No action needed
[2025-11-03 08:01:08] Purok P5: 1.9% used (19/1000) - No action needed
[2025-11-03 08:01:08] Purok P6: 0% used (0/1000) - No action needed
[2025-11-03 08:01:08] Purok P7: 0.1% used (1/1000) - No action needed
[2025-11-03 08:01:08] === Hourly Key Check Completed ===
[2025-11-03 08:01:08] Puroks regenerated: None
[2025-11-03 09:01:04] === Starting Hourly Key Check ===
[2025-11-03 09:01:04] Purok P1: 1.1% used (11/1000) - No action needed
[2025-11-03 09:01:04] Purok P2: 0.3% used (3/1000) - No action needed
[2025-11-03 09:01:04] Purok P3: 0.4% used (4/1000) - No action needed
[2025-11-03 09:01:04] Purok P4A: 0% used (0/1000) - No action needed
[2025-11-03 09:01:04] Purok P4B: 1% used (10/1000) - No action needed
[2025-11-03 09:01:04] Purok P5: 1.9% used (19/1000) - No action needed
[2025-11-03 09:01:04] Purok P6: 0% used (0/1000) - No action needed
[2025-11-03 09:01:04] Purok P7: 0.1% used (1/1000) - No action needed
[2025-11-03 09:01:04] === Hourly Key Check Completed ===
[2025-11-03 09:01:04] Puroks regenerated: None
[2025-11-03 10:01:04] === Starting Hourly Key Check ===
[2025-11-03 10:01:04] Purok P1: 1.1% used (11/1000) - No action needed
[2025-11-03 10:01:04] Purok P2: 0.3% used (3/1000) - No action needed
[2025-11-03 10:01:04] Purok P3: 0.4% used (4/1000) - No action needed
[2025-11-03 10:01:04] Purok P4A: 0% used (0/1000) - No action needed
[2025-11-03 10:01:04] Purok P4B: 1% used (10/1000) - No action needed
[2025-11-03 10:01:04] Purok P5: 1.9% used (19/1000) - No action needed
[2025-11-03 10:01:04] Purok P6: 0% used (0/1000) - No action needed
[2025-11-03 10:01:04] Purok P7: 0.1% used (1/1000) - No action needed
[2025-11-03 10:01:04] === Hourly Key Check Completed ===
[2025-11-03 10:01:04] Puroks regenerated: None
[2025-11-03 11:01:04] === Starting Hourly Key Check ===
[2025-11-03 11:01:04] Purok P1: 1.1% used (11/1000) - No action needed
[2025-11-03 11:01:04] Purok P2: 0.3% used (3/1000) - No action needed
[2025-11-03 11:01:04] Purok P3: 0.4% used (4/1000) - No action needed
[2025-11-03 11:01:04] Purok P4A: 0% used (0/1000) - No action needed
[2025-11-03 11:01:04] Purok P4B: 1% used (10/1000) - No action needed
[2025-11-03 11:01:04] Purok P5: 1.9% used (19/1000) - No action needed
[2025-11-03 11:01:04] Purok P6: 0% used (0/1000) - No action needed
[2025-11-03 11:01:04] Purok P7: 0.1% used (1/1000) - No action needed
[2025-11-03 11:01:04] === Hourly Key Check Completed ===
[2025-11-03 11:01:04] Puroks regenerated: None
[2025-11-03 12:01:06] === Starting Hourly Key Check ===
[2025-11-03 12:01:06] Purok P1: 1.1% used (11/1000) - No action needed
[2025-11-03 12:01:06] Purok P2: 0.3% used (3/1000) - No action needed
[2025-11-03 12:01:06] Purok P3: 0.4% used (4/1000) - No action needed
[2025-11-03 12:01:06] Purok P4A: 0% used (0/1000) - No action needed
[2025-11-03 12:01:06] Purok P4B: 1% used (10/1000) - No action needed
[2025-11-03 12:01:06] Purok P5: 1.9% used (19/1000) - No action needed
[2025-11-03 12:01:06] Purok P6: 0% used (0/1000) - No action needed
[2025-11-03 12:01:06] Purok P7: 0.1% used (1/1000) - No action needed
[2025-11-03 12:01:06] === Hourly Key Check Completed ===
[2025-11-03 12:01:06] Puroks regenerated: None
[2025-11-03 13:01:04] === Starting Hourly Key Check ===
[2025-11-03 13:01:04] Purok P1: 1.1% used (11/1000) - No action needed
[2025-11-03 13:01:04] Purok P2: 0.3% used (3/1000) - No action needed
[2025-11-03 13:01:04] Purok P3: 0.4% used (4/1000) - No action needed
[2025-11-03 13:01:04] Purok P4A: 0% used (0/1000) - No action needed
[2025-11-03 13:01:04] Purok P4B: 1% used (10/1000) - No action needed
[2025-11-03 13:01:04] Purok P5: 1.9% used (19/1000) - No action needed
[2025-11-03 13:01:04] Purok P6: 0% used (0/1000) - No action needed
[2025-11-03 13:01:04] Purok P7: 0.1% used (1/1000) - No action needed
[2025-11-03 13:01:04] === Hourly Key Check Completed ===
[2025-11-03 13:01:04] Puroks regenerated: None
[2025-11-03 14:01:04] === Starting Hourly Key Check ===
[2025-11-03 14:01:04] Purok P1: 1.1% used (11/1000) - No action needed
[2025-11-03 14:01:04] Purok P2: 0.3% used (3/1000) - No action needed
[2025-11-03 14:01:04] Purok P3: 0.5% used (5/1000) - No action needed
[2025-11-03 14:01:04] Purok P4A: 0% used (0/1000) - No action needed
[2025-11-03 14:01:04] Purok P4B: 1% used (10/1000) - No action needed
[2025-11-03 14:01:04] Purok P5: 1.9% used (19/1000) - No action needed
[2025-11-03 14:01:04] Purok P6: 0% used (0/1000) - No action needed
[2025-11-03 14:01:04] Purok P7: 0.1% used (1/1000) - No action needed
[2025-11-03 14:01:04] === Hourly Key Check Completed ===
[2025-11-03 14:01:04] Puroks regenerated: None
[2025-11-03 15:01:04] === Starting Hourly Key Check ===
[2025-11-03 15:01:04] Purok P1: 1.1% used (11/1000) - No action needed
[2025-11-03 15:01:04] Purok P2: 0.3% used (3/1000) - No action needed
[2025-11-03 15:01:04] Purok P3: 0.5% used (5/1000) - No action needed
[2025-11-03 15:01:04] Purok P4A: 0% used (0/1000) - No action needed
[2025-11-03 15:01:04] Purok P4B: 1% used (10/1000) - No action needed
[2025-11-03 15:01:04] Purok P5: 1.9% used (19/1000) - No action needed
[2025-11-03 15:01:04] Purok P6: 0% used (0/1000) - No action needed
[2025-11-03 15:01:04] Purok P7: 0.1% used (1/1000) - No action needed
[2025-11-03 15:01:04] === Hourly Key Check Completed ===
[2025-11-03 15:01:04] Puroks regenerated: None
[2025-11-03 16:01:04] === Starting Hourly Key Check ===
[2025-11-03 16:01:04] Purok P1: 1.1% used (11/1000) - No action needed
[2025-11-03 16:01:04] Purok P2: 0.3% used (3/1000) - No action needed
[2025-11-03 16:01:04] Purok P3: 0.5% used (5/1000) - No action needed
[2025-11-03 16:01:04] Purok P4A: 0% used (0/1000) - No action needed
[2025-11-03 16:01:04] Purok P4B: 1% used (10/1000) - No action needed
[2025-11-03 16:01:04] Purok P5: 1.9% used (19/1000) - No action needed
[2025-11-03 16:01:04] Purok P6: 0% used (0/1000) - No action needed
[2025-11-03 16:01:04] Purok P7: 0.1% used (1/1000) - No action needed
[2025-11-03 16:01:04] === Hourly Key Check Completed ===
[2025-11-03 16:01:04] Puroks regenerated: None
[2025-11-03 17:01:03] === Starting Hourly Key Check ===
[2025-11-03 17:01:03] Purok P1: 1.1% used (11/1000) - No action needed
[2025-11-03 17:01:03] Purok P2: 0.3% used (3/1000) - No action needed
[2025-11-03 17:01:03] Purok P3: 0.5% used (5/1000) - No action needed
[2025-11-03 17:01:03] Purok P4A: 0% used (0/1000) - No action needed
[2025-11-03 17:01:03] Purok P4B: 1% used (10/1000) - No action needed
[2025-11-03 17:01:03] Purok P5: 1.9% used (19/1000) - No action needed
[2025-11-03 17:01:03] Purok P6: 0% used (0/1000) - No action needed
[2025-11-03 17:01:03] Purok P7: 0.1% used (1/1000) - No action needed
[2025-11-03 17:01:03] === Hourly Key Check Completed ===
[2025-11-03 17:01:03] Puroks regenerated: None
[2025-11-03 18:01:03] === Starting Hourly Key Check ===
[2025-11-03 18:01:03] Purok P1: 1.1% used (11/1000) - No action needed
[2025-11-03 18:01:03] Purok P2: 0.3% used (3/1000) - No action needed
[2025-11-03 18:01:03] Purok P3: 0.5% used (5/1000) - No action needed
[2025-11-03 18:01:03] Purok P4A: 0% used (0/1000) - No action needed
[2025-11-03 18:01:03] Purok P4B: 1% used (10/1000) - No action needed
[2025-11-03 18:01:03] Purok P5: 1.9% used (19/1000) - No action needed
[2025-11-03 18:01:03] Purok P6: 0% used (0/1000) - No action needed
[2025-11-03 18:01:03] Purok P7: 0.1% used (1/1000) - No action needed
[2025-11-03 18:01:03] === Hourly Key Check Completed ===
[2025-11-03 18:01:03] Puroks regenerated: None
[2025-11-03 19:01:03] === Starting Hourly Key Check ===
[2025-11-03 19:01:03] Purok P1: 1.1% used (11/1000) - No action needed
[2025-11-03 19:01:03] Purok P2: 0.3% used (3/1000) - No action needed
[2025-11-03 19:01:03] Purok P3: 0.5% used (5/1000) - No action needed
[2025-11-03 19:01:03] Purok P4A: 0% used (0/1000) - No action needed
[2025-11-03 19:01:03] Purok P4B: 1% used (10/1000) - No action needed
[2025-11-03 19:01:03] Purok P5: 1.9% used (19/1000) - No action needed
[2025-11-03 19:01:03] Purok P6: 0% used (0/1000) - No action needed
[2025-11-03 19:01:03] Purok P7: 0.1% used (1/1000) - No action needed
[2025-11-03 19:01:03] === Hourly Key Check Completed ===
[2025-11-03 19:01:03] Puroks regenerated: None
[2025-11-03 20:01:03] === Starting Hourly Key Check ===
[2025-11-03 20:01:03] Purok P1: 1.1% used (11/1000) - No action needed
[2025-11-03 20:01:03] Purok P2: 0.3% used (3/1000) - No action needed
[2025-11-03 20:01:03] Purok P3: 0.5% used (5/1000) - No action needed
[2025-11-03 20:01:03] Purok P4A: 0% used (0/1000) - No action needed
[2025-11-03 20:01:03] Purok P4B: 1% used (10/1000) - No action needed
[2025-11-03 20:01:03] Purok P5: 1.9% used (19/1000) - No action needed
[2025-11-03 20:01:03] Purok P6: 0% used (0/1000) - No action needed
[2025-11-03 20:01:03] Purok P7: 0.1% used (1/1000) - No action needed
[2025-11-03 20:01:03] === Hourly Key Check Completed ===
[2025-11-03 20:01:03] Puroks regenerated: None
[2025-11-03 21:01:03] === Starting Hourly Key Check ===
[2025-11-03 21:01:03] Purok P1: 1.1% used (11/1000) - No action needed
[2025-11-03 21:01:03] Purok P2: 0.3% used (3/1000) - No action needed
[2025-11-03 21:01:03] Purok P3: 0.5% used (5/1000) - No action needed
[2025-11-03 21:01:03] Purok P4A: 0% used (0/1000) - No action needed
[2025-11-03 21:01:03] Purok P4B: 1% used (10/1000) - No action needed
[2025-11-03 21:01:03] Purok P5: 1.9% used (19/1000) - No action needed
[2025-11-03 21:01:03] Purok P6: 0% used (0/1000) - No action needed
[2025-11-03 21:01:03] Purok P7: 0.1% used (1/1000) - No action needed
[2025-11-03 21:01:03] === Hourly Key Check Completed ===
[2025-11-03 21:01:03] Puroks regenerated: None
[2025-11-03 22:01:03] === Starting Hourly Key Check ===
[2025-11-03 22:01:03] Purok P1: 1.1% used (11/1000) - No action needed
[2025-11-03 22:01:03] Purok P2: 0.3% used (3/1000) - No action needed
[2025-11-03 22:01:03] Purok P3: 0.5% used (5/1000) - No action needed
[2025-11-03 22:01:03] Purok P4A: 0% used (0/1000) - No action needed
[2025-11-03 22:01:03] Purok P4B: 1% used (10/1000) - No action needed
[2025-11-03 22:01:03] Purok P5: 1.9% used (19/1000) - No action needed
[2025-11-03 22:01:03] Purok P6: 0% used (0/1000) - No action needed
[2025-11-03 22:01:03] Purok P7: 0.1% used (1/1000) - No action needed
[2025-11-03 22:01:03] === Hourly Key Check Completed ===
[2025-11-03 22:01:03] Puroks regenerated: None
[2025-11-03 23:01:04] === Starting Hourly Key Check ===
[2025-11-03 23:01:04] Purok P1: 1.1% used (11/1000) - No action needed
[2025-11-03 23:01:04] Purok P2: 0.3% used (3/1000) - No action needed
[2025-11-03 23:01:04] Purok P3: 0.5% used (5/1000) - No action needed
[2025-11-03 23:01:04] Purok P4A: 0% used (0/1000) - No action needed
[2025-11-03 23:01:04] Purok P4B: 1% used (10/1000) - No action needed
[2025-11-03 23:01:04] Purok P5: 1.9% used (19/1000) - No action needed
[2025-11-03 23:01:04] Purok P6: 0% used (0/1000) - No action needed
[2025-11-03 23:01:04] Purok P7: 0.1% used (1/1000) - No action needed
[2025-11-03 23:01:04] === Hourly Key Check Completed ===
[2025-11-03 23:01:04] Puroks regenerated: None
