[2025-11-17 00:01:03] === Starting Hourly Key Check ===
[2025-11-17 00:01:03] Purok P1: 1.1% used (11/1000) - No action needed
[2025-11-17 00:01:03] Purok P2: 0.3% used (3/1000) - No action needed
[2025-11-17 00:01:03] Purok P3: 0.5% used (5/1000) - No action needed
[2025-11-17 00:01:03] Purok P4A: 0.1% used (1/1000) - No action needed
[2025-11-17 00:01:03] Purok P4B: 1% used (10/1000) - No action needed
[2025-11-17 00:01:03] Purok P5: 1.9% used (19/1000) - No action needed
[2025-11-17 00:01:03] Purok P6: 0% used (0/1000) - No action needed
[2025-11-17 00:01:03] Purok P7: 0.7% used (7/1000) - No action needed
[2025-11-17 00:01:03] === Hourly Key Check Completed ===
[2025-11-17 00:01:03] Puroks regenerated: None
[2025-11-17 01:01:03] === Starting Hourly Key Check ===
[2025-11-17 01:01:03] Purok P1: 1.1% used (11/1000) - No action needed
[2025-11-17 01:01:03] Purok P2: 0.3% used (3/1000) - No action needed
[2025-11-17 01:01:03] Purok P3: 0.5% used (5/1000) - No action needed
[2025-11-17 01:01:03] Purok P4A: 0.1% used (1/1000) - No action needed
[2025-11-17 01:01:03] Purok P4B: 1% used (10/1000) - No action needed
[2025-11-17 01:01:03] Purok P5: 1.9% used (19/1000) - No action needed
[2025-11-17 01:01:03] Purok P6: 0% used (0/1000) - No action needed
[2025-11-17 01:01:03] Purok P7: 0.7% used (7/1000) - No action needed
[2025-11-17 01:01:03] === Hourly Key Check Completed ===
[2025-11-17 01:01:03] Puroks regenerated: None
[2025-11-17 02:01:04] === Starting Hourly Key Check ===
[2025-11-17 02:01:04] Purok P1: 1.1% used (11/1000) - No action needed
[2025-11-17 02:01:04] Purok P2: 0.3% used (3/1000) - No action needed
[2025-11-17 02:01:04] Purok P3: 0.5% used (5/1000) - No action needed
[2025-11-17 02:01:04] Purok P4A: 0.1% used (1/1000) - No action needed
[2025-11-17 02:01:04] Purok P4B: 1% used (10/1000) - No action needed
[2025-11-17 02:01:04] Purok P5: 1.9% used (19/1000) - No action needed
[2025-11-17 02:01:04] Purok P6: 0% used (0/1000) - No action needed
[2025-11-17 02:01:04] Purok P7: 0.7% used (7/1000) - No action needed
[2025-11-17 02:01:04] === Hourly Key Check Completed ===
[2025-11-17 02:01:04] Puroks regenerated: None
[2025-11-17 03:01:03] === Starting Hourly Key Check ===
[2025-11-17 03:01:03] Purok P1: 1.1% used (11/1000) - No action needed
[2025-11-17 03:01:03] Purok P2: 0.3% used (3/1000) - No action needed
[2025-11-17 03:01:03] Purok P3: 0.5% used (5/1000) - No action needed
[2025-11-17 03:01:03] Purok P4A: 0.1% used (1/1000) - No action needed
[2025-11-17 03:01:03] Purok P4B: 1% used (10/1000) - No action needed
[2025-11-17 03:01:03] Purok P5: 1.9% used (19/1000) - No action needed
[2025-11-17 03:01:03] Purok P6: 0% used (0/1000) - No action needed
[2025-11-17 03:01:03] Purok P7: 0.7% used (7/1000) - No action needed
[2025-11-17 03:01:03] === Hourly Key Check Completed ===
[2025-11-17 03:01:03] Puroks regenerated: None
[2025-11-17 04:01:03] === Starting Hourly Key Check ===
[2025-11-17 04:01:03] Purok P1: 1.1% used (11/1000) - No action needed
[2025-11-17 04:01:03] Purok P2: 0.3% used (3/1000) - No action needed
[2025-11-17 04:01:03] Purok P3: 0.5% used (5/1000) - No action needed
[2025-11-17 04:01:03] Purok P4A: 0.1% used (1/1000) - No action needed
[2025-11-17 04:01:03] Purok P4B: 1% used (10/1000) - No action needed
[2025-11-17 04:01:03] Purok P5: 1.9% used (19/1000) - No action needed
[2025-11-17 04:01:03] Purok P6: 0% used (0/1000) - No action needed
[2025-11-17 04:01:03] Purok P7: 0.7% used (7/1000) - No action needed
[2025-11-17 04:01:03] === Hourly Key Check Completed ===
[2025-11-17 04:01:03] Puroks regenerated: None
[2025-11-17 05:01:04] === Starting Hourly Key Check ===
[2025-11-17 05:01:04] Purok P1: 1.1% used (11/1000) - No action needed
[2025-11-17 05:01:04] Purok P2: 0.3% used (3/1000) - No action needed
[2025-11-17 05:01:04] Purok P3: 0.5% used (5/1000) - No action needed
[2025-11-17 05:01:04] Purok P4A: 0.1% used (1/1000) - No action needed
[2025-11-17 05:01:04] Purok P4B: 1% used (10/1000) - No action needed
[2025-11-17 05:01:04] Purok P5: 1.9% used (19/1000) - No action needed
[2025-11-17 05:01:04] Purok P6: 0% used (0/1000) - No action needed
[2025-11-17 05:01:04] Purok P7: 0.7% used (7/1000) - No action needed
[2025-11-17 05:01:04] === Hourly Key Check Completed ===
[2025-11-17 05:01:04] Puroks regenerated: None
[2025-11-17 06:01:03] === Starting Hourly Key Check ===
[2025-11-17 06:01:03] Purok P1: 1.1% used (11/1000) - No action needed
[2025-11-17 06:01:03] Purok P2: 0.3% used (3/1000) - No action needed
[2025-11-17 06:01:03] Purok P3: 0.5% used (5/1000) - No action needed
[2025-11-17 06:01:03] Purok P4A: 0.1% used (1/1000) - No action needed
[2025-11-17 06:01:03] Purok P4B: 1% used (10/1000) - No action needed
[2025-11-17 06:01:03] Purok P5: 1.9% used (19/1000) - No action needed
[2025-11-17 06:01:03] Purok P6: 0% used (0/1000) - No action needed
[2025-11-17 06:01:03] Purok P7: 0.7% used (7/1000) - No action needed
[2025-11-17 06:01:03] === Hourly Key Check Completed ===
[2025-11-17 06:01:03] Puroks regenerated: None
[2025-11-17 07:01:02] === Starting Hourly Key Check ===
[2025-11-17 07:01:02] Purok P1: 1.1% used (11/1000) - No action needed
[2025-11-17 07:01:02] Purok P2: 0.3% used (3/1000) - No action needed
[2025-11-17 07:01:02] Purok P3: 0.5% used (5/1000) - No action needed
[2025-11-17 07:01:02] Purok P4A: 0.1% used (1/1000) - No action needed
[2025-11-17 07:01:02] Purok P4B: 1% used (10/1000) - No action needed
[2025-11-17 07:01:02] Purok P5: 1.9% used (19/1000) - No action needed
[2025-11-17 07:01:02] Purok P6: 0% used (0/1000) - No action needed
[2025-11-17 07:01:02] Purok P7: 0.7% used (7/1000) - No action needed
[2025-11-17 07:01:02] === Hourly Key Check Completed ===
[2025-11-17 07:01:02] Puroks regenerated: None
[2025-11-17 08:01:03] === Starting Hourly Key Check ===
[2025-11-17 08:01:03] Purok P1: 1.1% used (11/1000) - No action needed
[2025-11-17 08:01:03] Purok P2: 0.3% used (3/1000) - No action needed
[2025-11-17 08:01:03] Purok P3: 0.5% used (5/1000) - No action needed
[2025-11-17 08:01:03] Purok P4A: 0.1% used (1/1000) - No action needed
[2025-11-17 08:01:03] Purok P4B: 1% used (10/1000) - No action needed
[2025-11-17 08:01:03] Purok P5: 1.9% used (19/1000) - No action needed
[2025-11-17 08:01:03] Purok P6: 0% used (0/1000) - No action needed
[2025-11-17 08:01:03] Purok P7: 0.7% used (7/1000) - No action needed
[2025-11-17 08:01:03] === Hourly Key Check Completed ===
[2025-11-17 08:01:03] Puroks regenerated: None
[2025-11-17 09:01:03] === Starting Hourly Key Check ===
[2025-11-17 09:01:03] Purok P1: 1.1% used (11/1000) - No action needed
[2025-11-17 09:01:03] Purok P2: 0.3% used (3/1000) - No action needed
[2025-11-17 09:01:03] Purok P3: 0.5% used (5/1000) - No action needed
[2025-11-17 09:01:03] Purok P4A: 0.1% used (1/1000) - No action needed
[2025-11-17 09:01:03] Purok P4B: 1% used (10/1000) - No action needed
[2025-11-17 09:01:03] Purok P5: 1.9% used (19/1000) - No action needed
[2025-11-17 09:01:03] Purok P6: 0% used (0/1000) - No action needed
[2025-11-17 09:01:03] Purok P7: 0.7% used (7/1000) - No action needed
[2025-11-17 09:01:03] === Hourly Key Check Completed ===
[2025-11-17 09:01:03] Puroks regenerated: None
[2025-11-17 10:01:06] === Starting Hourly Key Check ===
[2025-11-17 10:01:06] Purok P1: 1.1% used (11/1000) - No action needed
[2025-11-17 10:01:06] Purok P2: 0.3% used (3/1000) - No action needed
[2025-11-17 10:01:06] Purok P3: 0.5% used (5/1000) - No action needed
[2025-11-17 10:01:06] Purok P4A: 0.1% used (1/1000) - No action needed
[2025-11-17 10:01:06] Purok P4B: 1% used (10/1000) - No action needed
[2025-11-17 10:01:06] Purok P5: 1.9% used (19/1000) - No action needed
[2025-11-17 10:01:06] Purok P6: 0% used (0/1000) - No action needed
[2025-11-17 10:01:06] Purok P7: 0.7% used (7/1000) - No action needed
[2025-11-17 10:01:06] === Hourly Key Check Completed ===
[2025-11-17 10:01:06] Puroks regenerated: None
[2025-11-17 11:01:03] === Starting Hourly Key Check ===
[2025-11-17 11:01:03] Purok P1: 1.1% used (11/1000) - No action needed
[2025-11-17 11:01:03] Purok P2: 0.3% used (3/1000) - No action needed
[2025-11-17 11:01:03] Purok P3: 0.5% used (5/1000) - No action needed
[2025-11-17 11:01:03] Purok P4A: 0.1% used (1/1000) - No action needed
[2025-11-17 11:01:03] Purok P4B: 1% used (10/1000) - No action needed
[2025-11-17 11:01:03] Purok P5: 1.9% used (19/1000) - No action needed
[2025-11-17 11:01:03] Purok P6: 0% used (0/1000) - No action needed
[2025-11-17 11:01:03] Purok P7: 0.7% used (7/1000) - No action needed
[2025-11-17 11:01:03] === Hourly Key Check Completed ===
[2025-11-17 11:01:03] Puroks regenerated: None
[2025-11-17 12:01:03] === Starting Hourly Key Check ===
[2025-11-17 12:01:03] Purok P1: 1.1% used (11/1000) - No action needed
[2025-11-17 12:01:03] Purok P2: 0.3% used (3/1000) - No action needed
[2025-11-17 12:01:03] Purok P3: 0.5% used (5/1000) - No action needed
[2025-11-17 12:01:03] Purok P4A: 0.1% used (1/1000) - No action needed
[2025-11-17 12:01:03] Purok P4B: 1% used (10/1000) - No action needed
[2025-11-17 12:01:03] Purok P5: 1.9% used (19/1000) - No action needed
[2025-11-17 12:01:03] Purok P6: 0% used (0/1000) - No action needed
[2025-11-17 12:01:03] Purok P7: 0.7% used (7/1000) - No action needed
[2025-11-17 12:01:03] === Hourly Key Check Completed ===
[2025-11-17 12:01:03] Puroks regenerated: None
[2025-11-17 13:01:02] === Starting Hourly Key Check ===
[2025-11-17 13:01:02] Purok P1: 1.1% used (11/1000) - No action needed
[2025-11-17 13:01:02] Purok P2: 0.3% used (3/1000) - No action needed
[2025-11-17 13:01:02] Purok P3: 0.5% used (5/1000) - No action needed
[2025-11-17 13:01:02] Purok P4A: 0.1% used (1/1000) - No action needed
[2025-11-17 13:01:02] Purok P4B: 1% used (10/1000) - No action needed
[2025-11-17 13:01:02] Purok P5: 1.9% used (19/1000) - No action needed
[2025-11-17 13:01:02] Purok P6: 0% used (0/1000) - No action needed
[2025-11-17 13:01:02] Purok P7: 0.7% used (7/1000) - No action needed
[2025-11-17 13:01:02] === Hourly Key Check Completed ===
[2025-11-17 13:01:02] Puroks regenerated: None
[2025-11-17 14:01:02] === Starting Hourly Key Check ===
[2025-11-17 14:01:02] Purok P1: 1.1% used (11/1000) - No action needed
[2025-11-17 14:01:02] Purok P2: 0.3% used (3/1000) - No action needed
[2025-11-17 14:01:02] Purok P3: 0.5% used (5/1000) - No action needed
[2025-11-17 14:01:02] Purok P4A: 0.1% used (1/1000) - No action needed
[2025-11-17 14:01:02] Purok P4B: 1% used (10/1000) - No action needed
[2025-11-17 14:01:02] Purok P5: 1.9% used (19/1000) - No action needed
[2025-11-17 14:01:02] Purok P6: 0% used (0/1000) - No action needed
[2025-11-17 14:01:02] Purok P7: 0.7% used (7/1000) - No action needed
[2025-11-17 14:01:02] === Hourly Key Check Completed ===
[2025-11-17 14:01:02] Puroks regenerated: None
[2025-11-17 15:01:02] === Starting Hourly Key Check ===
[2025-11-17 15:01:02] Purok P1: 1.1% used (11/1000) - No action needed
[2025-11-17 15:01:02] Purok P2: 0.3% used (3/1000) - No action needed
[2025-11-17 15:01:02] Purok P3: 0.5% used (5/1000) - No action needed
[2025-11-17 15:01:02] Purok P4A: 0.1% used (1/1000) - No action needed
[2025-11-17 15:01:02] Purok P4B: 1% used (10/1000) - No action needed
[2025-11-17 15:01:02] Purok P5: 1.9% used (19/1000) - No action needed
[2025-11-17 15:01:02] Purok P6: 0% used (0/1000) - No action needed
[2025-11-17 15:01:02] Purok P7: 0.7% used (7/1000) - No action needed
[2025-11-17 15:01:02] === Hourly Key Check Completed ===
[2025-11-17 15:01:02] Puroks regenerated: None
[2025-11-17 16:01:03] === Starting Hourly Key Check ===
[2025-11-17 16:01:03] Purok P1: 1.1% used (11/1000) - No action needed
[2025-11-17 16:01:03] Purok P2: 0.3% used (3/1000) - No action needed
[2025-11-17 16:01:03] Purok P3: 0.5% used (5/1000) - No action needed
[2025-11-17 16:01:03] Purok P4A: 0.1% used (1/1000) - No action needed
[2025-11-17 16:01:03] Purok P4B: 1% used (10/1000) - No action needed
[2025-11-17 16:01:03] Purok P5: 1.9% used (19/1000) - No action needed
[2025-11-17 16:01:03] Purok P6: 0% used (0/1000) - No action needed
[2025-11-17 16:01:03] Purok P7: 0.7% used (7/1000) - No action needed
[2025-11-17 16:01:03] === Hourly Key Check Completed ===
[2025-11-17 16:01:03] Puroks regenerated: None
[2025-11-17 17:01:03] === Starting Hourly Key Check ===
[2025-11-17 17:01:03] Purok P1: 1.1% used (11/1000) - No action needed
[2025-11-17 17:01:03] Purok P2: 0.3% used (3/1000) - No action needed
[2025-11-17 17:01:03] Purok P3: 0.5% used (5/1000) - No action needed
[2025-11-17 17:01:03] Purok P4A: 0.1% used (1/1000) - No action needed
[2025-11-17 17:01:03] Purok P4B: 1% used (10/1000) - No action needed
[2025-11-17 17:01:03] Purok P5: 1.9% used (19/1000) - No action needed
[2025-11-17 17:01:03] Purok P6: 0% used (0/1000) - No action needed
[2025-11-17 17:01:03] Purok P7: 0.7% used (7/1000) - No action needed
[2025-11-17 17:01:03] === Hourly Key Check Completed ===
[2025-11-17 17:01:03] Puroks regenerated: None
[2025-11-17 18:01:04] === Starting Hourly Key Check ===
[2025-11-17 18:01:04] Purok P1: 1.1% used (11/1000) - No action needed
[2025-11-17 18:01:04] Purok P2: 0.3% used (3/1000) - No action needed
[2025-11-17 18:01:04] Purok P3: 0.5% used (5/1000) - No action needed
[2025-11-17 18:01:04] Purok P4A: 0.1% used (1/1000) - No action needed
[2025-11-17 18:01:04] Purok P4B: 1% used (10/1000) - No action needed
[2025-11-17 18:01:04] Purok P5: 1.9% used (19/1000) - No action needed
[2025-11-17 18:01:04] Purok P6: 0% used (0/1000) - No action needed
[2025-11-17 18:01:04] Purok P7: 0.7% used (7/1000) - No action needed
[2025-11-17 18:01:04] === Hourly Key Check Completed ===
[2025-11-17 18:01:04] Puroks regenerated: None
[2025-11-17 19:01:03] === Starting Hourly Key Check ===
[2025-11-17 19:01:03] Purok P1: 1.1% used (11/1000) - No action needed
[2025-11-17 19:01:03] Purok P2: 0.3% used (3/1000) - No action needed
[2025-11-17 19:01:03] Purok P3: 0.5% used (5/1000) - No action needed
[2025-11-17 19:01:03] Purok P4A: 0.1% used (1/1000) - No action needed
[2025-11-17 19:01:03] Purok P4B: 1% used (10/1000) - No action needed
[2025-11-17 19:01:03] Purok P5: 1.9% used (19/1000) - No action needed
[2025-11-17 19:01:03] Purok P6: 0% used (0/1000) - No action needed
[2025-11-17 19:01:03] Purok P7: 0.7% used (7/1000) - No action needed
[2025-11-17 19:01:03] === Hourly Key Check Completed ===
[2025-11-17 19:01:03] Puroks regenerated: None
[2025-11-17 20:01:03] === Starting Hourly Key Check ===
[2025-11-17 20:01:03] Purok P1: 1.1% used (11/1000) - No action needed
[2025-11-17 20:01:03] Purok P2: 0.3% used (3/1000) - No action needed
[2025-11-17 20:01:03] Purok P3: 0.5% used (5/1000) - No action needed
[2025-11-17 20:01:03] Purok P4A: 0.1% used (1/1000) - No action needed
[2025-11-17 20:01:03] Purok P4B: 1% used (10/1000) - No action needed
[2025-11-17 20:01:03] Purok P5: 1.9% used (19/1000) - No action needed
[2025-11-17 20:01:03] Purok P6: 0% used (0/1000) - No action needed
[2025-11-17 20:01:03] Purok P7: 0.7% used (7/1000) - No action needed
[2025-11-17 20:01:03] === Hourly Key Check Completed ===
[2025-11-17 20:01:03] Puroks regenerated: None
[2025-11-17 21:01:03] === Starting Hourly Key Check ===
[2025-11-17 21:01:03] Purok P1: 1.1% used (11/1000) - No action needed
[2025-11-17 21:01:03] Purok P2: 0.3% used (3/1000) - No action needed
[2025-11-17 21:01:03] Purok P3: 0.5% used (5/1000) - No action needed
[2025-11-17 21:01:03] Purok P4A: 0.1% used (1/1000) - No action needed
[2025-11-17 21:01:03] Purok P4B: 1% used (10/1000) - No action needed
[2025-11-17 21:01:03] Purok P5: 1.9% used (19/1000) - No action needed
[2025-11-17 21:01:03] Purok P6: 0% used (0/1000) - No action needed
[2025-11-17 21:01:03] Purok P7: 0.7% used (7/1000) - No action needed
[2025-11-17 21:01:03] === Hourly Key Check Completed ===
[2025-11-17 21:01:03] Puroks regenerated: None
[2025-11-17 22:01:03] === Starting Hourly Key Check ===
[2025-11-17 22:01:03] Purok P1: 1.1% used (11/1000) - No action needed
[2025-11-17 22:01:03] Purok P2: 0.3% used (3/1000) - No action needed
[2025-11-17 22:01:03] Purok P3: 0.5% used (5/1000) - No action needed
[2025-11-17 22:01:03] Purok P4A: 0.1% used (1/1000) - No action needed
[2025-11-17 22:01:03] Purok P4B: 1% used (10/1000) - No action needed
[2025-11-17 22:01:03] Purok P5: 1.9% used (19/1000) - No action needed
[2025-11-17 22:01:03] Purok P6: 0% used (0/1000) - No action needed
[2025-11-17 22:01:03] Purok P7: 0.7% used (7/1000) - No action needed
[2025-11-17 22:01:03] === Hourly Key Check Completed ===
[2025-11-17 22:01:03] Puroks regenerated: None
[2025-11-17 23:01:03] === Starting Hourly Key Check ===
[2025-11-17 23:01:03] Purok P1: 1.1% used (11/1000) - No action needed
[2025-11-17 23:01:03] Purok P2: 0.3% used (3/1000) - No action needed
[2025-11-17 23:01:03] Purok P3: 0.5% used (5/1000) - No action needed
[2025-11-17 23:01:03] Purok P4A: 0.1% used (1/1000) - No action needed
[2025-11-17 23:01:03] Purok P4B: 1% used (10/1000) - No action needed
[2025-11-17 23:01:03] Purok P5: 1.9% used (19/1000) - No action needed
[2025-11-17 23:01:03] Purok P6: 0% used (0/1000) - No action needed
[2025-11-17 23:01:03] Purok P7: 0.7% used (7/1000) - No action needed
[2025-11-17 23:01:03] === Hourly Key Check Completed ===
[2025-11-17 23:01:03] Puroks regenerated: None
