[2025-11-02 00:01:03] === Starting Hourly Key Check ===
[2025-11-02 00:01:03] Purok P1: 1.1% used (11/1000) - No action needed
[2025-11-02 00:01:03] Purok P2: 0.3% used (3/1000) - No action needed
[2025-11-02 00:01:03] Purok P3: 0.4% used (4/1000) - No action needed
[2025-11-02 00:01:03] Purok P4A: 0% used (0/1000) - No action needed
[2025-11-02 00:01:03] Purok P4B: 1% used (10/1000) - No action needed
[2025-11-02 00:01:03] Purok P5: 0.3% used (3/1000) - No action needed
[2025-11-02 00:01:03] Purok P6: 0% used (0/1000) - No action needed
[2025-11-02 00:01:03] Purok P7: 0.1% used (1/1000) - No action needed
[2025-11-02 00:01:03] === Hourly Key Check Completed ===
[2025-11-02 00:01:03] Puroks regenerated: None
[2025-11-02 01:01:03] === Starting Hourly Key Check ===
[2025-11-02 01:01:03] Purok P1: 1.1% used (11/1000) - No action needed
[2025-11-02 01:01:03] Purok P2: 0.3% used (3/1000) - No action needed
[2025-11-02 01:01:03] Purok P3: 0.4% used (4/1000) - No action needed
[2025-11-02 01:01:03] Purok P4A: 0% used (0/1000) - No action needed
[2025-11-02 01:01:03] Purok P4B: 1% used (10/1000) - No action needed
[2025-11-02 01:01:03] Purok P5: 0.3% used (3/1000) - No action needed
[2025-11-02 01:01:03] Purok P6: 0% used (0/1000) - No action needed
[2025-11-02 01:01:03] Purok P7: 0.1% used (1/1000) - No action needed
[2025-11-02 01:01:03] === Hourly Key Check Completed ===
[2025-11-02 01:01:03] Puroks regenerated: None
[2025-11-02 02:01:03] === Starting Hourly Key Check ===
[2025-11-02 02:01:03] Purok P1: 1.1% used (11/1000) - No action needed
[2025-11-02 02:01:03] Purok P2: 0.3% used (3/1000) - No action needed
[2025-11-02 02:01:03] Purok P3: 0.4% used (4/1000) - No action needed
[2025-11-02 02:01:03] Purok P4A: 0% used (0/1000) - No action needed
[2025-11-02 02:01:03] Purok P4B: 1% used (10/1000) - No action needed
[2025-11-02 02:01:03] Purok P5: 0.3% used (3/1000) - No action needed
[2025-11-02 02:01:03] Purok P6: 0% used (0/1000) - No action needed
[2025-11-02 02:01:03] Purok P7: 0.1% used (1/1000) - No action needed
[2025-11-02 02:01:03] === Hourly Key Check Completed ===
[2025-11-02 02:01:03] Puroks regenerated: None
[2025-11-02 03:01:03] === Starting Hourly Key Check ===
[2025-11-02 03:01:03] Purok P1: 1.1% used (11/1000) - No action needed
[2025-11-02 03:01:03] Purok P2: 0.3% used (3/1000) - No action needed
[2025-11-02 03:01:03] Purok P3: 0.4% used (4/1000) - No action needed
[2025-11-02 03:01:03] Purok P4A: 0% used (0/1000) - No action needed
[2025-11-02 03:01:03] Purok P4B: 1% used (10/1000) - No action needed
[2025-11-02 03:01:03] Purok P5: 0.3% used (3/1000) - No action needed
[2025-11-02 03:01:03] Purok P6: 0% used (0/1000) - No action needed
[2025-11-02 03:01:03] Purok P7: 0.1% used (1/1000) - No action needed
[2025-11-02 03:01:03] === Hourly Key Check Completed ===
[2025-11-02 03:01:03] Puroks regenerated: None
[2025-11-02 04:01:03] === Starting Hourly Key Check ===
[2025-11-02 04:01:03] Purok P1: 1.1% used (11/1000) - No action needed
[2025-11-02 04:01:03] Purok P2: 0.3% used (3/1000) - No action needed
[2025-11-02 04:01:03] Purok P3: 0.4% used (4/1000) - No action needed
[2025-11-02 04:01:03] Purok P4A: 0% used (0/1000) - No action needed
[2025-11-02 04:01:03] Purok P4B: 1% used (10/1000) - No action needed
[2025-11-02 04:01:03] Purok P5: 0.3% used (3/1000) - No action needed
[2025-11-02 04:01:03] Purok P6: 0% used (0/1000) - No action needed
[2025-11-02 04:01:03] Purok P7: 0.1% used (1/1000) - No action needed
[2025-11-02 04:01:03] === Hourly Key Check Completed ===
[2025-11-02 04:01:03] Puroks regenerated: None
[2025-11-02 05:01:03] === Starting Hourly Key Check ===
[2025-11-02 05:01:03] Purok P1: 1.1% used (11/1000) - No action needed
[2025-11-02 05:01:03] Purok P2: 0.3% used (3/1000) - No action needed
[2025-11-02 05:01:03] Purok P3: 0.4% used (4/1000) - No action needed
[2025-11-02 05:01:03] Purok P4A: 0% used (0/1000) - No action needed
[2025-11-02 05:01:03] Purok P4B: 1% used (10/1000) - No action needed
[2025-11-02 05:01:03] Purok P5: 0.3% used (3/1000) - No action needed
[2025-11-02 05:01:03] Purok P6: 0% used (0/1000) - No action needed
[2025-11-02 05:01:03] Purok P7: 0.1% used (1/1000) - No action needed
[2025-11-02 05:01:03] === Hourly Key Check Completed ===
[2025-11-02 05:01:03] Puroks regenerated: None
[2025-11-02 06:01:03] === Starting Hourly Key Check ===
[2025-11-02 06:01:03] Purok P1: 1.1% used (11/1000) - No action needed
[2025-11-02 06:01:03] Purok P2: 0.3% used (3/1000) - No action needed
[2025-11-02 06:01:03] Purok P3: 0.4% used (4/1000) - No action needed
[2025-11-02 06:01:03] Purok P4A: 0% used (0/1000) - No action needed
[2025-11-02 06:01:03] Purok P4B: 1% used (10/1000) - No action needed
[2025-11-02 06:01:03] Purok P5: 0.3% used (3/1000) - No action needed
[2025-11-02 06:01:03] Purok P6: 0% used (0/1000) - No action needed
[2025-11-02 06:01:03] Purok P7: 0.1% used (1/1000) - No action needed
[2025-11-02 06:01:03] === Hourly Key Check Completed ===
[2025-11-02 06:01:03] Puroks regenerated: None
[2025-11-02 07:01:04] === Starting Hourly Key Check ===
[2025-11-02 07:01:04] Purok P1: 1.1% used (11/1000) - No action needed
[2025-11-02 07:01:04] Purok P2: 0.3% used (3/1000) - No action needed
[2025-11-02 07:01:04] Purok P3: 0.4% used (4/1000) - No action needed
[2025-11-02 07:01:04] Purok P4A: 0% used (0/1000) - No action needed
[2025-11-02 07:01:04] Purok P4B: 1% used (10/1000) - No action needed
[2025-11-02 07:01:04] Purok P5: 0.4% used (4/1000) - No action needed
[2025-11-02 07:01:04] Purok P6: 0% used (0/1000) - No action needed
[2025-11-02 07:01:04] Purok P7: 0.1% used (1/1000) - No action needed
[2025-11-02 07:01:04] === Hourly Key Check Completed ===
[2025-11-02 07:01:04] Puroks regenerated: None
[2025-11-02 08:01:03] === Starting Hourly Key Check ===
[2025-11-02 08:01:03] Purok P1: 1.1% used (11/1000) - No action needed
[2025-11-02 08:01:03] Purok P2: 0.3% used (3/1000) - No action needed
[2025-11-02 08:01:03] Purok P3: 0.4% used (4/1000) - No action needed
[2025-11-02 08:01:03] Purok P4A: 0% used (0/1000) - No action needed
[2025-11-02 08:01:03] Purok P4B: 1% used (10/1000) - No action needed
[2025-11-02 08:01:03] Purok P5: 0.9% used (9/1000) - No action needed
[2025-11-02 08:01:03] Purok P6: 0% used (0/1000) - No action needed
[2025-11-02 08:01:03] Purok P7: 0.1% used (1/1000) - No action needed
[2025-11-02 08:01:03] === Hourly Key Check Completed ===
[2025-11-02 08:01:03] Puroks regenerated: None
[2025-11-02 09:01:04] === Starting Hourly Key Check ===
[2025-11-02 09:01:04] Purok P1: 1.1% used (11/1000) - No action needed
[2025-11-02 09:01:04] Purok P2: 0.3% used (3/1000) - No action needed
[2025-11-02 09:01:04] Purok P3: 0.4% used (4/1000) - No action needed
[2025-11-02 09:01:04] Purok P4A: 0% used (0/1000) - No action needed
[2025-11-02 09:01:04] Purok P4B: 1% used (10/1000) - No action needed
[2025-11-02 09:01:04] Purok P5: 0.9% used (9/1000) - No action needed
[2025-11-02 09:01:04] Purok P6: 0% used (0/1000) - No action needed
[2025-11-02 09:01:04] Purok P7: 0.1% used (1/1000) - No action needed
[2025-11-02 09:01:04] === Hourly Key Check Completed ===
[2025-11-02 09:01:04] Puroks regenerated: None
[2025-11-02 10:01:03] === Starting Hourly Key Check ===
[2025-11-02 10:01:03] Purok P1: 1.1% used (11/1000) - No action needed
[2025-11-02 10:01:03] Purok P2: 0.3% used (3/1000) - No action needed
[2025-11-02 10:01:03] Purok P3: 0.4% used (4/1000) - No action needed
[2025-11-02 10:01:03] Purok P4A: 0% used (0/1000) - No action needed
[2025-11-02 10:01:03] Purok P4B: 1% used (10/1000) - No action needed
[2025-11-02 10:01:03] Purok P5: 0.9% used (9/1000) - No action needed
[2025-11-02 10:01:03] Purok P6: 0% used (0/1000) - No action needed
[2025-11-02 10:01:03] Purok P7: 0.1% used (1/1000) - No action needed
[2025-11-02 10:01:03] === Hourly Key Check Completed ===
[2025-11-02 10:01:03] Puroks regenerated: None
[2025-11-02 11:01:03] === Starting Hourly Key Check ===
[2025-11-02 11:01:03] Purok P1: 1.1% used (11/1000) - No action needed
[2025-11-02 11:01:03] Purok P2: 0.3% used (3/1000) - No action needed
[2025-11-02 11:01:03] Purok P3: 0.4% used (4/1000) - No action needed
[2025-11-02 11:01:03] Purok P4A: 0% used (0/1000) - No action needed
[2025-11-02 11:01:03] Purok P4B: 1% used (10/1000) - No action needed
[2025-11-02 11:01:03] Purok P5: 0.9% used (9/1000) - No action needed
[2025-11-02 11:01:03] Purok P6: 0% used (0/1000) - No action needed
[2025-11-02 11:01:03] Purok P7: 0.1% used (1/1000) - No action needed
[2025-11-02 11:01:03] === Hourly Key Check Completed ===
[2025-11-02 11:01:03] Puroks regenerated: None
[2025-11-02 12:01:03] === Starting Hourly Key Check ===
[2025-11-02 12:01:03] Purok P1: 1.1% used (11/1000) - No action needed
[2025-11-02 12:01:03] Purok P2: 0.3% used (3/1000) - No action needed
[2025-11-02 12:01:03] Purok P3: 0.4% used (4/1000) - No action needed
[2025-11-02 12:01:03] Purok P4A: 0% used (0/1000) - No action needed
[2025-11-02 12:01:03] Purok P4B: 1% used (10/1000) - No action needed
[2025-11-02 12:01:03] Purok P5: 0.9% used (9/1000) - No action needed
[2025-11-02 12:01:03] Purok P6: 0% used (0/1000) - No action needed
[2025-11-02 12:01:04] Purok P7: 0.1% used (1/1000) - No action needed
[2025-11-02 12:01:04] === Hourly Key Check Completed ===
[2025-11-02 12:01:04] Puroks regenerated: None
[2025-11-02 13:01:04] === Starting Hourly Key Check ===
[2025-11-02 13:01:04] Purok P1: 1.1% used (11/1000) - No action needed
[2025-11-02 13:01:04] Purok P2: 0.3% used (3/1000) - No action needed
[2025-11-02 13:01:04] Purok P3: 0.4% used (4/1000) - No action needed
[2025-11-02 13:01:04] Purok P4A: 0% used (0/1000) - No action needed
[2025-11-02 13:01:04] Purok P4B: 1% used (10/1000) - No action needed
[2025-11-02 13:01:04] Purok P5: 0.9% used (9/1000) - No action needed
[2025-11-02 13:01:04] Purok P6: 0% used (0/1000) - No action needed
[2025-11-02 13:01:04] Purok P7: 0.1% used (1/1000) - No action needed
[2025-11-02 13:01:04] === Hourly Key Check Completed ===
[2025-11-02 13:01:04] Puroks regenerated: None
[2025-11-02 14:01:02] === Starting Hourly Key Check ===
[2025-11-02 14:01:02] Purok P1: 1.1% used (11/1000) - No action needed
[2025-11-02 14:01:02] Purok P2: 0.3% used (3/1000) - No action needed
[2025-11-02 14:01:02] Purok P3: 0.4% used (4/1000) - No action needed
[2025-11-02 14:01:02] Purok P4A: 0% used (0/1000) - No action needed
[2025-11-02 14:01:02] Purok P4B: 1% used (10/1000) - No action needed
[2025-11-02 14:01:02] Purok P5: 0.9% used (9/1000) - No action needed
[2025-11-02 14:01:02] Purok P6: 0% used (0/1000) - No action needed
[2025-11-02 14:01:02] Purok P7: 0.1% used (1/1000) - No action needed
[2025-11-02 14:01:02] === Hourly Key Check Completed ===
[2025-11-02 14:01:02] Puroks regenerated: None
[2025-11-02 15:01:03] === Starting Hourly Key Check ===
[2025-11-02 15:01:03] Purok P1: 1.1% used (11/1000) - No action needed
[2025-11-02 15:01:03] Purok P2: 0.3% used (3/1000) - No action needed
[2025-11-02 15:01:03] Purok P3: 0.4% used (4/1000) - No action needed
[2025-11-02 15:01:03] Purok P4A: 0% used (0/1000) - No action needed
[2025-11-02 15:01:03] Purok P4B: 1% used (10/1000) - No action needed
[2025-11-02 15:01:03] Purok P5: 0.9% used (9/1000) - No action needed
[2025-11-02 15:01:03] Purok P6: 0% used (0/1000) - No action needed
[2025-11-02 15:01:03] Purok P7: 0.1% used (1/1000) - No action needed
[2025-11-02 15:01:03] === Hourly Key Check Completed ===
[2025-11-02 15:01:03] Puroks regenerated: None
[2025-11-02 16:01:05] === Starting Hourly Key Check ===
[2025-11-02 16:01:05] Purok P1: 1.1% used (11/1000) - No action needed
[2025-11-02 16:01:05] Purok P2: 0.3% used (3/1000) - No action needed
[2025-11-02 16:01:05] Purok P3: 0.4% used (4/1000) - No action needed
[2025-11-02 16:01:05] Purok P4A: 0% used (0/1000) - No action needed
[2025-11-02 16:01:05] Purok P4B: 1% used (10/1000) - No action needed
[2025-11-02 16:01:05] Purok P5: 0.9% used (9/1000) - No action needed
[2025-11-02 16:01:05] Purok P6: 0% used (0/1000) - No action needed
[2025-11-02 16:01:05] Purok P7: 0.1% used (1/1000) - No action needed
[2025-11-02 16:01:05] === Hourly Key Check Completed ===
[2025-11-02 16:01:05] Puroks regenerated: None
[2025-11-02 17:01:03] === Starting Hourly Key Check ===
[2025-11-02 17:01:03] Purok P1: 1.1% used (11/1000) - No action needed
[2025-11-02 17:01:03] Purok P2: 0.3% used (3/1000) - No action needed
[2025-11-02 17:01:03] Purok P3: 0.4% used (4/1000) - No action needed
[2025-11-02 17:01:03] Purok P4A: 0% used (0/1000) - No action needed
[2025-11-02 17:01:03] Purok P4B: 1% used (10/1000) - No action needed
[2025-11-02 17:01:03] Purok P5: 0.9% used (9/1000) - No action needed
[2025-11-02 17:01:03] Purok P6: 0% used (0/1000) - No action needed
[2025-11-02 17:01:03] Purok P7: 0.1% used (1/1000) - No action needed
[2025-11-02 17:01:03] === Hourly Key Check Completed ===
[2025-11-02 17:01:03] Puroks regenerated: None
[2025-11-02 18:01:04] === Starting Hourly Key Check ===
[2025-11-02 18:01:04] Purok P1: 1.1% used (11/1000) - No action needed
[2025-11-02 18:01:04] Purok P2: 0.3% used (3/1000) - No action needed
[2025-11-02 18:01:04] Purok P3: 0.4% used (4/1000) - No action needed
[2025-11-02 18:01:04] Purok P4A: 0% used (0/1000) - No action needed
[2025-11-02 18:01:04] Purok P4B: 1% used (10/1000) - No action needed
[2025-11-02 18:01:04] Purok P5: 0.9% used (9/1000) - No action needed
[2025-11-02 18:01:04] Purok P6: 0% used (0/1000) - No action needed
[2025-11-02 18:01:04] Purok P7: 0.1% used (1/1000) - No action needed
[2025-11-02 18:01:04] === Hourly Key Check Completed ===
[2025-11-02 18:01:04] Puroks regenerated: None
[2025-11-02 19:01:03] === Starting Hourly Key Check ===
[2025-11-02 19:01:03] Purok P1: 1.1% used (11/1000) - No action needed
[2025-11-02 19:01:03] Purok P2: 0.3% used (3/1000) - No action needed
[2025-11-02 19:01:03] Purok P3: 0.4% used (4/1000) - No action needed
[2025-11-02 19:01:03] Purok P4A: 0% used (0/1000) - No action needed
[2025-11-02 19:01:03] Purok P4B: 1% used (10/1000) - No action needed
[2025-11-02 19:01:03] Purok P5: 0.9% used (9/1000) - No action needed
[2025-11-02 19:01:03] Purok P6: 0% used (0/1000) - No action needed
[2025-11-02 19:01:03] Purok P7: 0.1% used (1/1000) - No action needed
[2025-11-02 19:01:03] === Hourly Key Check Completed ===
[2025-11-02 19:01:03] Puroks regenerated: None
[2025-11-02 20:01:03] === Starting Hourly Key Check ===
[2025-11-02 20:01:03] Purok P1: 1.1% used (11/1000) - No action needed
[2025-11-02 20:01:03] Purok P2: 0.3% used (3/1000) - No action needed
[2025-11-02 20:01:03] Purok P3: 0.4% used (4/1000) - No action needed
[2025-11-02 20:01:03] Purok P4A: 0% used (0/1000) - No action needed
[2025-11-02 20:01:03] Purok P4B: 1% used (10/1000) - No action needed
[2025-11-02 20:01:03] Purok P5: 0.9% used (9/1000) - No action needed
[2025-11-02 20:01:03] Purok P6: 0% used (0/1000) - No action needed
[2025-11-02 20:01:03] Purok P7: 0.1% used (1/1000) - No action needed
[2025-11-02 20:01:03] === Hourly Key Check Completed ===
[2025-11-02 20:01:03] Puroks regenerated: None
[2025-11-02 21:01:03] === Starting Hourly Key Check ===
[2025-11-02 21:01:03] Purok P1: 1.1% used (11/1000) - No action needed
[2025-11-02 21:01:03] Purok P2: 0.3% used (3/1000) - No action needed
[2025-11-02 21:01:03] Purok P3: 0.4% used (4/1000) - No action needed
[2025-11-02 21:01:03] Purok P4A: 0% used (0/1000) - No action needed
[2025-11-02 21:01:03] Purok P4B: 1% used (10/1000) - No action needed
[2025-11-02 21:01:03] Purok P5: 0.9% used (9/1000) - No action needed
[2025-11-02 21:01:03] Purok P6: 0% used (0/1000) - No action needed
[2025-11-02 21:01:03] Purok P7: 0.1% used (1/1000) - No action needed
[2025-11-02 21:01:03] === Hourly Key Check Completed ===
[2025-11-02 21:01:03] Puroks regenerated: None
[2025-11-02 22:01:03] === Starting Hourly Key Check ===
[2025-11-02 22:01:03] Purok P1: 1.1% used (11/1000) - No action needed
[2025-11-02 22:01:03] Purok P2: 0.3% used (3/1000) - No action needed
[2025-11-02 22:01:03] Purok P3: 0.4% used (4/1000) - No action needed
[2025-11-02 22:01:03] Purok P4A: 0% used (0/1000) - No action needed
[2025-11-02 22:01:03] Purok P4B: 1% used (10/1000) - No action needed
[2025-11-02 22:01:03] Purok P5: 0.9% used (9/1000) - No action needed
[2025-11-02 22:01:03] Purok P6: 0% used (0/1000) - No action needed
[2025-11-02 22:01:03] Purok P7: 0.1% used (1/1000) - No action needed
[2025-11-02 22:01:03] === Hourly Key Check Completed ===
[2025-11-02 22:01:03] Puroks regenerated: None
[2025-11-02 23:01:03] === Starting Hourly Key Check ===
[2025-11-02 23:01:03] Purok P1: 1.1% used (11/1000) - No action needed
[2025-11-02 23:01:03] Purok P2: 0.3% used (3/1000) - No action needed
[2025-11-02 23:01:03] Purok P3: 0.4% used (4/1000) - No action needed
[2025-11-02 23:01:03] Purok P4A: 0% used (0/1000) - No action needed
[2025-11-02 23:01:03] Purok P4B: 1% used (10/1000) - No action needed
[2025-11-02 23:01:03] Purok P5: 0.9% used (9/1000) - No action needed
[2025-11-02 23:01:03] Purok P6: 0% used (0/1000) - No action needed
[2025-11-02 23:01:03] Purok P7: 0.1% used (1/1000) - No action needed
[2025-11-02 23:01:03] === Hourly Key Check Completed ===
[2025-11-02 23:01:03] Puroks regenerated: None
