[2025-10-28 00:01:02] === Starting Hourly Key Check ===
[2025-10-28 00:01:02] Purok P1: 1.1% used (11/1000) - No action needed
[2025-10-28 00:01:02] Purok P2: 0.3% used (3/1000) - No action needed
[2025-10-28 00:01:02] Purok P3: 0.4% used (4/1000) - No action needed
[2025-10-28 00:01:02] Purok P4A: 0% used (0/1000) - No action needed
[2025-10-28 00:01:02] Purok P4B: 1% used (10/1000) - No action needed
[2025-10-28 00:01:02] Purok P5: 0% used (0/1000) - No action needed
[2025-10-28 00:01:02] Purok P6: 0% used (0/1000) - No action needed
[2025-10-28 00:01:02] Purok P7: 0.1% used (1/1000) - No action needed
[2025-10-28 00:01:02] === Hourly Key Check Completed ===
[2025-10-28 00:01:02] Puroks regenerated: None
[2025-10-28 01:01:03] === Starting Hourly Key Check ===
[2025-10-28 01:01:03] Purok P1: 1.1% used (11/1000) - No action needed
[2025-10-28 01:01:03] Purok P2: 0.3% used (3/1000) - No action needed
[2025-10-28 01:01:03] Purok P3: 0.4% used (4/1000) - No action needed
[2025-10-28 01:01:03] Purok P4A: 0% used (0/1000) - No action needed
[2025-10-28 01:01:03] Purok P4B: 1% used (10/1000) - No action needed
[2025-10-28 01:01:03] Purok P5: 0% used (0/1000) - No action needed
[2025-10-28 01:01:03] Purok P6: 0% used (0/1000) - No action needed
[2025-10-28 01:01:03] Purok P7: 0.1% used (1/1000) - No action needed
[2025-10-28 01:01:03] === Hourly Key Check Completed ===
[2025-10-28 01:01:03] Puroks regenerated: None
[2025-10-28 02:01:04] === Starting Hourly Key Check ===
[2025-10-28 02:01:04] Purok P1: 1.1% used (11/1000) - No action needed
[2025-10-28 02:01:04] Purok P2: 0.3% used (3/1000) - No action needed
[2025-10-28 02:01:04] Purok P3: 0.4% used (4/1000) - No action needed
[2025-10-28 02:01:04] Purok P4A: 0% used (0/1000) - No action needed
[2025-10-28 02:01:04] Purok P4B: 1% used (10/1000) - No action needed
[2025-10-28 02:01:04] Purok P5: 0% used (0/1000) - No action needed
[2025-10-28 02:01:04] Purok P6: 0% used (0/1000) - No action needed
[2025-10-28 02:01:04] Purok P7: 0.1% used (1/1000) - No action needed
[2025-10-28 02:01:04] === Hourly Key Check Completed ===
[2025-10-28 02:01:04] Puroks regenerated: None
[2025-10-28 03:01:02] === Starting Hourly Key Check ===
[2025-10-28 03:01:02] Purok P1: 1.1% used (11/1000) - No action needed
[2025-10-28 03:01:02] Purok P2: 0.3% used (3/1000) - No action needed
[2025-10-28 03:01:02] Purok P3: 0.4% used (4/1000) - No action needed
[2025-10-28 03:01:02] Purok P4A: 0% used (0/1000) - No action needed
[2025-10-28 03:01:02] Purok P4B: 1% used (10/1000) - No action needed
[2025-10-28 03:01:02] Purok P5: 0% used (0/1000) - No action needed
[2025-10-28 03:01:02] Purok P6: 0% used (0/1000) - No action needed
[2025-10-28 03:01:02] Purok P7: 0.1% used (1/1000) - No action needed
[2025-10-28 03:01:02] === Hourly Key Check Completed ===
[2025-10-28 03:01:02] Puroks regenerated: None
[2025-10-28 04:01:03] === Starting Hourly Key Check ===
[2025-10-28 04:01:03] Purok P1: 1.1% used (11/1000) - No action needed
[2025-10-28 04:01:03] Purok P2: 0.3% used (3/1000) - No action needed
[2025-10-28 04:01:03] Purok P3: 0.4% used (4/1000) - No action needed
[2025-10-28 04:01:03] Purok P4A: 0% used (0/1000) - No action needed
[2025-10-28 04:01:03] Purok P4B: 1% used (10/1000) - No action needed
[2025-10-28 04:01:03] Purok P5: 0% used (0/1000) - No action needed
[2025-10-28 04:01:03] Purok P6: 0% used (0/1000) - No action needed
[2025-10-28 04:01:03] Purok P7: 0.1% used (1/1000) - No action needed
[2025-10-28 04:01:03] === Hourly Key Check Completed ===
[2025-10-28 04:01:03] Puroks regenerated: None
[2025-10-28 05:01:03] === Starting Hourly Key Check ===
[2025-10-28 05:01:03] Purok P1: 1.1% used (11/1000) - No action needed
[2025-10-28 05:01:03] Purok P2: 0.3% used (3/1000) - No action needed
[2025-10-28 05:01:03] Purok P3: 0.4% used (4/1000) - No action needed
[2025-10-28 05:01:03] Purok P4A: 0% used (0/1000) - No action needed
[2025-10-28 05:01:03] Purok P4B: 1% used (10/1000) - No action needed
[2025-10-28 05:01:03] Purok P5: 0% used (0/1000) - No action needed
[2025-10-28 05:01:03] Purok P6: 0% used (0/1000) - No action needed
[2025-10-28 05:01:03] Purok P7: 0.1% used (1/1000) - No action needed
[2025-10-28 05:01:03] === Hourly Key Check Completed ===
[2025-10-28 05:01:03] Puroks regenerated: None
[2025-10-28 06:01:03] === Starting Hourly Key Check ===
[2025-10-28 06:01:03] Purok P1: 1.1% used (11/1000) - No action needed
[2025-10-28 06:01:03] Purok P2: 0.3% used (3/1000) - No action needed
[2025-10-28 06:01:03] Purok P3: 0.4% used (4/1000) - No action needed
[2025-10-28 06:01:03] Purok P4A: 0% used (0/1000) - No action needed
[2025-10-28 06:01:03] Purok P4B: 1% used (10/1000) - No action needed
[2025-10-28 06:01:03] Purok P5: 0% used (0/1000) - No action needed
[2025-10-28 06:01:03] Purok P6: 0% used (0/1000) - No action needed
[2025-10-28 06:01:03] Purok P7: 0.1% used (1/1000) - No action needed
[2025-10-28 06:01:03] === Hourly Key Check Completed ===
[2025-10-28 06:01:03] Puroks regenerated: None
[2025-10-28 07:01:04] === Starting Hourly Key Check ===
[2025-10-28 07:01:04] Purok P1: 1.1% used (11/1000) - No action needed
[2025-10-28 07:01:04] Purok P2: 0.3% used (3/1000) - No action needed
[2025-10-28 07:01:04] Purok P3: 0.4% used (4/1000) - No action needed
[2025-10-28 07:01:04] Purok P4A: 0% used (0/1000) - No action needed
[2025-10-28 07:01:04] Purok P4B: 1% used (10/1000) - No action needed
[2025-10-28 07:01:04] Purok P5: 0% used (0/1000) - No action needed
[2025-10-28 07:01:04] Purok P6: 0% used (0/1000) - No action needed
[2025-10-28 07:01:04] Purok P7: 0.1% used (1/1000) - No action needed
[2025-10-28 07:01:04] === Hourly Key Check Completed ===
[2025-10-28 07:01:04] Puroks regenerated: None
[2025-10-28 08:01:03] === Starting Hourly Key Check ===
[2025-10-28 08:01:03] Purok P1: 1.1% used (11/1000) - No action needed
[2025-10-28 08:01:03] Purok P2: 0.3% used (3/1000) - No action needed
[2025-10-28 08:01:03] Purok P3: 0.4% used (4/1000) - No action needed
[2025-10-28 08:01:03] Purok P4A: 0% used (0/1000) - No action needed
[2025-10-28 08:01:03] Purok P4B: 1% used (10/1000) - No action needed
[2025-10-28 08:01:03] Purok P5: 0% used (0/1000) - No action needed
[2025-10-28 08:01:03] Purok P6: 0% used (0/1000) - No action needed
[2025-10-28 08:01:03] Purok P7: 0.1% used (1/1000) - No action needed
[2025-10-28 08:01:03] === Hourly Key Check Completed ===
[2025-10-28 08:01:03] Puroks regenerated: None
[2025-10-28 09:01:03] === Starting Hourly Key Check ===
[2025-10-28 09:01:03] Purok P1: 1.1% used (11/1000) - No action needed
[2025-10-28 09:01:03] Purok P2: 0.3% used (3/1000) - No action needed
[2025-10-28 09:01:03] Purok P3: 0.4% used (4/1000) - No action needed
[2025-10-28 09:01:03] Purok P4A: 0% used (0/1000) - No action needed
[2025-10-28 09:01:03] Purok P4B: 1% used (10/1000) - No action needed
[2025-10-28 09:01:03] Purok P5: 0% used (0/1000) - No action needed
[2025-10-28 09:01:03] Purok P6: 0% used (0/1000) - No action needed
[2025-10-28 09:01:03] Purok P7: 0.1% used (1/1000) - No action needed
[2025-10-28 09:01:03] === Hourly Key Check Completed ===
[2025-10-28 09:01:03] Puroks regenerated: None
[2025-10-28 10:01:03] === Starting Hourly Key Check ===
[2025-10-28 10:01:03] Purok P1: 1.1% used (11/1000) - No action needed
[2025-10-28 10:01:03] Purok P2: 0.3% used (3/1000) - No action needed
[2025-10-28 10:01:03] Purok P3: 0.4% used (4/1000) - No action needed
[2025-10-28 10:01:03] Purok P4A: 0% used (0/1000) - No action needed
[2025-10-28 10:01:03] Purok P4B: 1% used (10/1000) - No action needed
[2025-10-28 10:01:03] Purok P5: 0% used (0/1000) - No action needed
[2025-10-28 10:01:03] Purok P6: 0% used (0/1000) - No action needed
[2025-10-28 10:01:03] Purok P7: 0.1% used (1/1000) - No action needed
[2025-10-28 10:01:03] === Hourly Key Check Completed ===
[2025-10-28 10:01:03] Puroks regenerated: None
[2025-10-28 11:01:02] === Starting Hourly Key Check ===
[2025-10-28 11:01:02] Purok P1: 1.1% used (11/1000) - No action needed
[2025-10-28 11:01:02] Purok P2: 0.3% used (3/1000) - No action needed
[2025-10-28 11:01:02] Purok P3: 0.4% used (4/1000) - No action needed
[2025-10-28 11:01:02] Purok P4A: 0% used (0/1000) - No action needed
[2025-10-28 11:01:02] Purok P4B: 1% used (10/1000) - No action needed
[2025-10-28 11:01:02] Purok P5: 0% used (0/1000) - No action needed
[2025-10-28 11:01:02] Purok P6: 0% used (0/1000) - No action needed
[2025-10-28 11:01:02] Purok P7: 0.1% used (1/1000) - No action needed
[2025-10-28 11:01:02] === Hourly Key Check Completed ===
[2025-10-28 11:01:02] Puroks regenerated: None
[2025-10-28 12:01:02] === Starting Hourly Key Check ===
[2025-10-28 12:01:02] Purok P1: 1.1% used (11/1000) - No action needed
[2025-10-28 12:01:02] Purok P2: 0.3% used (3/1000) - No action needed
[2025-10-28 12:01:02] Purok P3: 0.4% used (4/1000) - No action needed
[2025-10-28 12:01:02] Purok P4A: 0% used (0/1000) - No action needed
[2025-10-28 12:01:02] Purok P4B: 1% used (10/1000) - No action needed
[2025-10-28 12:01:02] Purok P5: 0% used (0/1000) - No action needed
[2025-10-28 12:01:02] Purok P6: 0% used (0/1000) - No action needed
[2025-10-28 12:01:02] Purok P7: 0.1% used (1/1000) - No action needed
[2025-10-28 12:01:02] === Hourly Key Check Completed ===
[2025-10-28 12:01:02] Puroks regenerated: None
[2025-10-28 13:01:03] === Starting Hourly Key Check ===
[2025-10-28 13:01:03] Purok P1: 1.1% used (11/1000) - No action needed
[2025-10-28 13:01:03] Purok P2: 0.3% used (3/1000) - No action needed
[2025-10-28 13:01:03] Purok P3: 0.4% used (4/1000) - No action needed
[2025-10-28 13:01:03] Purok P4A: 0% used (0/1000) - No action needed
[2025-10-28 13:01:03] Purok P4B: 1% used (10/1000) - No action needed
[2025-10-28 13:01:03] Purok P5: 0% used (0/1000) - No action needed
[2025-10-28 13:01:03] Purok P6: 0% used (0/1000) - No action needed
[2025-10-28 13:01:03] Purok P7: 0.1% used (1/1000) - No action needed
[2025-10-28 13:01:03] === Hourly Key Check Completed ===
[2025-10-28 13:01:03] Puroks regenerated: None
[2025-10-28 14:01:03] === Starting Hourly Key Check ===
[2025-10-28 14:01:03] Purok P1: 1.1% used (11/1000) - No action needed
[2025-10-28 14:01:03] Purok P2: 0.3% used (3/1000) - No action needed
[2025-10-28 14:01:03] Purok P3: 0.4% used (4/1000) - No action needed
[2025-10-28 14:01:03] Purok P4A: 0% used (0/1000) - No action needed
[2025-10-28 14:01:03] Purok P4B: 1% used (10/1000) - No action needed
[2025-10-28 14:01:03] Purok P5: 0% used (0/1000) - No action needed
[2025-10-28 14:01:03] Purok P6: 0% used (0/1000) - No action needed
[2025-10-28 14:01:03] Purok P7: 0.1% used (1/1000) - No action needed
[2025-10-28 14:01:03] === Hourly Key Check Completed ===
[2025-10-28 14:01:03] Puroks regenerated: None
[2025-10-28 15:01:03] === Starting Hourly Key Check ===
[2025-10-28 15:01:03] Purok P1: 1.1% used (11/1000) - No action needed
[2025-10-28 15:01:03] Purok P2: 0.3% used (3/1000) - No action needed
[2025-10-28 15:01:03] Purok P3: 0.4% used (4/1000) - No action needed
[2025-10-28 15:01:03] Purok P4A: 0% used (0/1000) - No action needed
[2025-10-28 15:01:03] Purok P4B: 1% used (10/1000) - No action needed
[2025-10-28 15:01:03] Purok P5: 0% used (0/1000) - No action needed
[2025-10-28 15:01:03] Purok P6: 0% used (0/1000) - No action needed
[2025-10-28 15:01:03] Purok P7: 0.1% used (1/1000) - No action needed
[2025-10-28 15:01:03] === Hourly Key Check Completed ===
[2025-10-28 15:01:03] Puroks regenerated: None
[2025-10-28 16:01:03] === Starting Hourly Key Check ===
[2025-10-28 16:01:03] Purok P1: 1.1% used (11/1000) - No action needed
[2025-10-28 16:01:03] Purok P2: 0.3% used (3/1000) - No action needed
[2025-10-28 16:01:03] Purok P3: 0.4% used (4/1000) - No action needed
[2025-10-28 16:01:03] Purok P4A: 0% used (0/1000) - No action needed
[2025-10-28 16:01:03] Purok P4B: 1% used (10/1000) - No action needed
[2025-10-28 16:01:03] Purok P5: 0% used (0/1000) - No action needed
[2025-10-28 16:01:03] Purok P6: 0% used (0/1000) - No action needed
[2025-10-28 16:01:03] Purok P7: 0.1% used (1/1000) - No action needed
[2025-10-28 16:01:03] === Hourly Key Check Completed ===
[2025-10-28 16:01:03] Puroks regenerated: None
[2025-10-28 17:01:03] === Starting Hourly Key Check ===
[2025-10-28 17:01:03] Purok P1: 1.1% used (11/1000) - No action needed
[2025-10-28 17:01:03] Purok P2: 0.3% used (3/1000) - No action needed
[2025-10-28 17:01:03] Purok P3: 0.4% used (4/1000) - No action needed
[2025-10-28 17:01:03] Purok P4A: 0% used (0/1000) - No action needed
[2025-10-28 17:01:03] Purok P4B: 1% used (10/1000) - No action needed
[2025-10-28 17:01:03] Purok P5: 0% used (0/1000) - No action needed
[2025-10-28 17:01:03] Purok P6: 0% used (0/1000) - No action needed
[2025-10-28 17:01:03] Purok P7: 0.1% used (1/1000) - No action needed
[2025-10-28 17:01:03] === Hourly Key Check Completed ===
[2025-10-28 17:01:03] Puroks regenerated: None
[2025-10-28 18:01:03] === Starting Hourly Key Check ===
[2025-10-28 18:01:03] Purok P1: 1.1% used (11/1000) - No action needed
[2025-10-28 18:01:03] Purok P2: 0.3% used (3/1000) - No action needed
[2025-10-28 18:01:03] Purok P3: 0.4% used (4/1000) - No action needed
[2025-10-28 18:01:03] Purok P4A: 0% used (0/1000) - No action needed
[2025-10-28 18:01:03] Purok P4B: 1% used (10/1000) - No action needed
[2025-10-28 18:01:03] Purok P5: 0% used (0/1000) - No action needed
[2025-10-28 18:01:03] Purok P6: 0% used (0/1000) - No action needed
[2025-10-28 18:01:03] Purok P7: 0.1% used (1/1000) - No action needed
[2025-10-28 18:01:03] === Hourly Key Check Completed ===
[2025-10-28 18:01:03] Puroks regenerated: None
[2025-10-28 19:01:03] === Starting Hourly Key Check ===
[2025-10-28 19:01:03] Purok P1: 1.1% used (11/1000) - No action needed
[2025-10-28 19:01:03] Purok P2: 0.3% used (3/1000) - No action needed
[2025-10-28 19:01:03] Purok P3: 0.4% used (4/1000) - No action needed
[2025-10-28 19:01:03] Purok P4A: 0% used (0/1000) - No action needed
[2025-10-28 19:01:03] Purok P4B: 1% used (10/1000) - No action needed
[2025-10-28 19:01:03] Purok P5: 0% used (0/1000) - No action needed
[2025-10-28 19:01:03] Purok P6: 0% used (0/1000) - No action needed
[2025-10-28 19:01:03] Purok P7: 0.1% used (1/1000) - No action needed
[2025-10-28 19:01:03] === Hourly Key Check Completed ===
[2025-10-28 19:01:03] Puroks regenerated: None
[2025-10-28 20:01:02] === Starting Hourly Key Check ===
[2025-10-28 20:01:02] Purok P1: 1.1% used (11/1000) - No action needed
[2025-10-28 20:01:02] Purok P2: 0.3% used (3/1000) - No action needed
[2025-10-28 20:01:02] Purok P3: 0.4% used (4/1000) - No action needed
[2025-10-28 20:01:02] Purok P4A: 0% used (0/1000) - No action needed
[2025-10-28 20:01:02] Purok P4B: 1% used (10/1000) - No action needed
[2025-10-28 20:01:02] Purok P5: 0% used (0/1000) - No action needed
[2025-10-28 20:01:02] Purok P6: 0% used (0/1000) - No action needed
[2025-10-28 20:01:02] Purok P7: 0.1% used (1/1000) - No action needed
[2025-10-28 20:01:02] === Hourly Key Check Completed ===
[2025-10-28 20:01:02] Puroks regenerated: None
[2025-10-28 21:01:02] === Starting Hourly Key Check ===
[2025-10-28 21:01:02] Purok P1: 1.1% used (11/1000) - No action needed
[2025-10-28 21:01:02] Purok P2: 0.3% used (3/1000) - No action needed
[2025-10-28 21:01:02] Purok P3: 0.4% used (4/1000) - No action needed
[2025-10-28 21:01:02] Purok P4A: 0% used (0/1000) - No action needed
[2025-10-28 21:01:02] Purok P4B: 1% used (10/1000) - No action needed
[2025-10-28 21:01:02] Purok P5: 0% used (0/1000) - No action needed
[2025-10-28 21:01:02] Purok P6: 0% used (0/1000) - No action needed
[2025-10-28 21:01:02] Purok P7: 0.1% used (1/1000) - No action needed
[2025-10-28 21:01:02] === Hourly Key Check Completed ===
[2025-10-28 21:01:02] Puroks regenerated: None
[2025-10-28 22:01:02] === Starting Hourly Key Check ===
[2025-10-28 22:01:02] Purok P1: 1.1% used (11/1000) - No action needed
[2025-10-28 22:01:02] Purok P2: 0.3% used (3/1000) - No action needed
[2025-10-28 22:01:02] Purok P3: 0.4% used (4/1000) - No action needed
[2025-10-28 22:01:02] Purok P4A: 0% used (0/1000) - No action needed
[2025-10-28 22:01:02] Purok P4B: 1% used (10/1000) - No action needed
[2025-10-28 22:01:02] Purok P5: 0% used (0/1000) - No action needed
[2025-10-28 22:01:02] Purok P6: 0% used (0/1000) - No action needed
[2025-10-28 22:01:02] Purok P7: 0.1% used (1/1000) - No action needed
[2025-10-28 22:01:02] === Hourly Key Check Completed ===
[2025-10-28 22:01:02] Puroks regenerated: None
[2025-10-28 23:01:03] === Starting Hourly Key Check ===
[2025-10-28 23:01:03] Purok P1: 1.1% used (11/1000) - No action needed
[2025-10-28 23:01:03] Purok P2: 0.3% used (3/1000) - No action needed
[2025-10-28 23:01:03] Purok P3: 0.4% used (4/1000) - No action needed
[2025-10-28 23:01:03] Purok P4A: 0% used (0/1000) - No action needed
[2025-10-28 23:01:03] Purok P4B: 1% used (10/1000) - No action needed
[2025-10-28 23:01:03] Purok P5: 0% used (0/1000) - No action needed
[2025-10-28 23:01:03] Purok P6: 0% used (0/1000) - No action needed
[2025-10-28 23:01:03] Purok P7: 0.1% used (1/1000) - No action needed
[2025-10-28 23:01:03] === Hourly Key Check Completed ===
[2025-10-28 23:01:03] Puroks regenerated: None
