[2025-10-17 00:01:03] === Starting Hourly Key Check ===
[2025-10-17 00:01:03] Purok P1: 0.1% used (1/1000) - No action needed
[2025-10-17 00:01:03] Purok P2: 0.3% used (3/1000) - No action needed
[2025-10-17 00:01:03] Purok P3: 0.1% used (1/1000) - No action needed
[2025-10-17 00:01:03] Purok P4A: 0% used (0/1000) - No action needed
[2025-10-17 00:01:03] Purok P4B: 0% used (0/1000) - No action needed
[2025-10-17 00:01:03] Purok P5: 0% used (0/1000) - No action needed
[2025-10-17 00:01:03] Purok P6: 0% used (0/1000) - No action needed
[2025-10-17 00:01:03] Purok P7: 0.1% used (1/1000) - No action needed
[2025-10-17 00:01:03] === Hourly Key Check Completed ===
[2025-10-17 00:01:03] Puroks regenerated: None
[2025-10-17 01:01:02] === Starting Hourly Key Check ===
[2025-10-17 01:01:02] Purok P1: 0.1% used (1/1000) - No action needed
[2025-10-17 01:01:02] Purok P2: 0.3% used (3/1000) - No action needed
[2025-10-17 01:01:02] Purok P3: 0.1% used (1/1000) - No action needed
[2025-10-17 01:01:02] Purok P4A: 0% used (0/1000) - No action needed
[2025-10-17 01:01:02] Purok P4B: 0% used (0/1000) - No action needed
[2025-10-17 01:01:02] Purok P5: 0% used (0/1000) - No action needed
[2025-10-17 01:01:02] Purok P6: 0% used (0/1000) - No action needed
[2025-10-17 01:01:02] Purok P7: 0.1% used (1/1000) - No action needed
[2025-10-17 01:01:02] === Hourly Key Check Completed ===
[2025-10-17 01:01:02] Puroks regenerated: None
[2025-10-17 02:01:03] === Starting Hourly Key Check ===
[2025-10-17 02:01:03] Purok P1: 0.1% used (1/1000) - No action needed
[2025-10-17 02:01:03] Purok P2: 0.3% used (3/1000) - No action needed
[2025-10-17 02:01:03] Purok P3: 0.1% used (1/1000) - No action needed
[2025-10-17 02:01:03] Purok P4A: 0% used (0/1000) - No action needed
[2025-10-17 02:01:03] Purok P4B: 0% used (0/1000) - No action needed
[2025-10-17 02:01:03] Purok P5: 0% used (0/1000) - No action needed
[2025-10-17 02:01:03] Purok P6: 0% used (0/1000) - No action needed
[2025-10-17 02:01:03] Purok P7: 0.1% used (1/1000) - No action needed
[2025-10-17 02:01:03] === Hourly Key Check Completed ===
[2025-10-17 02:01:03] Puroks regenerated: None
[2025-10-17 03:01:03] === Starting Hourly Key Check ===
[2025-10-17 03:01:03] Purok P1: 0.1% used (1/1000) - No action needed
[2025-10-17 03:01:03] Purok P2: 0.3% used (3/1000) - No action needed
[2025-10-17 03:01:03] Purok P3: 0.1% used (1/1000) - No action needed
[2025-10-17 03:01:03] Purok P4A: 0% used (0/1000) - No action needed
[2025-10-17 03:01:03] Purok P4B: 0% used (0/1000) - No action needed
[2025-10-17 03:01:03] Purok P5: 0% used (0/1000) - No action needed
[2025-10-17 03:01:03] Purok P6: 0% used (0/1000) - No action needed
[2025-10-17 03:01:03] Purok P7: 0.1% used (1/1000) - No action needed
[2025-10-17 03:01:03] === Hourly Key Check Completed ===
[2025-10-17 03:01:03] Puroks regenerated: None
[2025-10-17 04:01:03] === Starting Hourly Key Check ===
[2025-10-17 04:01:03] Purok P1: 0.1% used (1/1000) - No action needed
[2025-10-17 04:01:03] Purok P2: 0.3% used (3/1000) - No action needed
[2025-10-17 04:01:03] Purok P3: 0.1% used (1/1000) - No action needed
[2025-10-17 04:01:03] Purok P4A: 0% used (0/1000) - No action needed
[2025-10-17 04:01:03] Purok P4B: 0% used (0/1000) - No action needed
[2025-10-17 04:01:03] Purok P5: 0% used (0/1000) - No action needed
[2025-10-17 04:01:03] Purok P6: 0% used (0/1000) - No action needed
[2025-10-17 04:01:03] Purok P7: 0.1% used (1/1000) - No action needed
[2025-10-17 04:01:03] === Hourly Key Check Completed ===
[2025-10-17 04:01:03] Puroks regenerated: None
[2025-10-17 05:01:02] === Starting Hourly Key Check ===
[2025-10-17 05:01:02] Purok P1: 0.1% used (1/1000) - No action needed
[2025-10-17 05:01:02] Purok P2: 0.3% used (3/1000) - No action needed
[2025-10-17 05:01:02] Purok P3: 0.1% used (1/1000) - No action needed
[2025-10-17 05:01:02] Purok P4A: 0% used (0/1000) - No action needed
[2025-10-17 05:01:02] Purok P4B: 0% used (0/1000) - No action needed
[2025-10-17 05:01:02] Purok P5: 0% used (0/1000) - No action needed
[2025-10-17 05:01:02] Purok P6: 0% used (0/1000) - No action needed
[2025-10-17 05:01:02] Purok P7: 0.1% used (1/1000) - No action needed
[2025-10-17 05:01:02] === Hourly Key Check Completed ===
[2025-10-17 05:01:02] Puroks regenerated: None
[2025-10-17 06:01:02] === Starting Hourly Key Check ===
[2025-10-17 06:01:02] Purok P1: 0.1% used (1/1000) - No action needed
[2025-10-17 06:01:02] Purok P2: 0.3% used (3/1000) - No action needed
[2025-10-17 06:01:02] Purok P3: 0.1% used (1/1000) - No action needed
[2025-10-17 06:01:02] Purok P4A: 0% used (0/1000) - No action needed
[2025-10-17 06:01:02] Purok P4B: 0% used (0/1000) - No action needed
[2025-10-17 06:01:02] Purok P5: 0% used (0/1000) - No action needed
[2025-10-17 06:01:02] Purok P6: 0% used (0/1000) - No action needed
[2025-10-17 06:01:02] Purok P7: 0.1% used (1/1000) - No action needed
[2025-10-17 06:01:02] === Hourly Key Check Completed ===
[2025-10-17 06:01:02] Puroks regenerated: None
[2025-10-17 07:01:03] === Starting Hourly Key Check ===
[2025-10-17 07:01:03] Purok P1: 0.1% used (1/1000) - No action needed
[2025-10-17 07:01:03] Purok P2: 0.3% used (3/1000) - No action needed
[2025-10-17 07:01:03] Purok P3: 0.1% used (1/1000) - No action needed
[2025-10-17 07:01:03] Purok P4A: 0% used (0/1000) - No action needed
[2025-10-17 07:01:03] Purok P4B: 0% used (0/1000) - No action needed
[2025-10-17 07:01:03] Purok P5: 0% used (0/1000) - No action needed
[2025-10-17 07:01:03] Purok P6: 0% used (0/1000) - No action needed
[2025-10-17 07:01:03] Purok P7: 0.1% used (1/1000) - No action needed
[2025-10-17 07:01:03] === Hourly Key Check Completed ===
[2025-10-17 07:01:03] Puroks regenerated: None
[2025-10-17 08:01:03] === Starting Hourly Key Check ===
[2025-10-17 08:01:03] Purok P1: 0.1% used (1/1000) - No action needed
[2025-10-17 08:01:03] Purok P2: 0.3% used (3/1000) - No action needed
[2025-10-17 08:01:03] Purok P3: 0.1% used (1/1000) - No action needed
[2025-10-17 08:01:03] Purok P4A: 0% used (0/1000) - No action needed
[2025-10-17 08:01:03] Purok P4B: 0% used (0/1000) - No action needed
[2025-10-17 08:01:03] Purok P5: 0% used (0/1000) - No action needed
[2025-10-17 08:01:03] Purok P6: 0% used (0/1000) - No action needed
[2025-10-17 08:01:03] Purok P7: 0.1% used (1/1000) - No action needed
[2025-10-17 08:01:03] === Hourly Key Check Completed ===
[2025-10-17 08:01:03] Puroks regenerated: None
[2025-10-17 09:01:03] === Starting Hourly Key Check ===
[2025-10-17 09:01:03] Purok P1: 0.1% used (1/1000) - No action needed
[2025-10-17 09:01:03] Purok P2: 0.3% used (3/1000) - No action needed
[2025-10-17 09:01:03] Purok P3: 0.1% used (1/1000) - No action needed
[2025-10-17 09:01:03] Purok P4A: 0% used (0/1000) - No action needed
[2025-10-17 09:01:03] Purok P4B: 0% used (0/1000) - No action needed
[2025-10-17 09:01:03] Purok P5: 0% used (0/1000) - No action needed
[2025-10-17 09:01:03] Purok P6: 0% used (0/1000) - No action needed
[2025-10-17 09:01:03] Purok P7: 0.1% used (1/1000) - No action needed
[2025-10-17 09:01:03] === Hourly Key Check Completed ===
[2025-10-17 09:01:03] Puroks regenerated: None
[2025-10-17 10:01:03] === Starting Hourly Key Check ===
[2025-10-17 10:01:03] Purok P1: 0.1% used (1/1000) - No action needed
[2025-10-17 10:01:03] Purok P2: 0.3% used (3/1000) - No action needed
[2025-10-17 10:01:03] Purok P3: 0.1% used (1/1000) - No action needed
[2025-10-17 10:01:03] Purok P4A: 0% used (0/1000) - No action needed
[2025-10-17 10:01:03] Purok P4B: 0% used (0/1000) - No action needed
[2025-10-17 10:01:03] Purok P5: 0% used (0/1000) - No action needed
[2025-10-17 10:01:03] Purok P6: 0% used (0/1000) - No action needed
[2025-10-17 10:01:03] Purok P7: 0.1% used (1/1000) - No action needed
[2025-10-17 10:01:03] === Hourly Key Check Completed ===
[2025-10-17 10:01:03] Puroks regenerated: None
[2025-10-17 11:01:03] === Starting Hourly Key Check ===
[2025-10-17 11:01:03] Purok P1: 0.1% used (1/1000) - No action needed
[2025-10-17 11:01:03] Purok P2: 0.3% used (3/1000) - No action needed
[2025-10-17 11:01:03] Purok P3: 0.1% used (1/1000) - No action needed
[2025-10-17 11:01:03] Purok P4A: 0% used (0/1000) - No action needed
[2025-10-17 11:01:03] Purok P4B: 0% used (0/1000) - No action needed
[2025-10-17 11:01:03] Purok P5: 0% used (0/1000) - No action needed
[2025-10-17 11:01:03] Purok P6: 0% used (0/1000) - No action needed
[2025-10-17 11:01:03] Purok P7: 0.1% used (1/1000) - No action needed
[2025-10-17 11:01:03] === Hourly Key Check Completed ===
[2025-10-17 11:01:03] Puroks regenerated: None
[2025-10-17 12:01:03] === Starting Hourly Key Check ===
[2025-10-17 12:01:03] Purok P1: 0.1% used (1/1000) - No action needed
[2025-10-17 12:01:03] Purok P2: 0.3% used (3/1000) - No action needed
[2025-10-17 12:01:03] Purok P3: 0.1% used (1/1000) - No action needed
[2025-10-17 12:01:03] Purok P4A: 0% used (0/1000) - No action needed
[2025-10-17 12:01:03] Purok P4B: 0% used (0/1000) - No action needed
[2025-10-17 12:01:03] Purok P5: 0% used (0/1000) - No action needed
[2025-10-17 12:01:03] Purok P6: 0% used (0/1000) - No action needed
[2025-10-17 12:01:03] Purok P7: 0.1% used (1/1000) - No action needed
[2025-10-17 12:01:03] === Hourly Key Check Completed ===
[2025-10-17 12:01:03] Puroks regenerated: None
[2025-10-17 13:01:03] === Starting Hourly Key Check ===
[2025-10-17 13:01:03] Purok P1: 0.1% used (1/1000) - No action needed
[2025-10-17 13:01:03] Purok P2: 0.3% used (3/1000) - No action needed
[2025-10-17 13:01:03] Purok P3: 0.1% used (1/1000) - No action needed
[2025-10-17 13:01:03] Purok P4A: 0% used (0/1000) - No action needed
[2025-10-17 13:01:03] Purok P4B: 0% used (0/1000) - No action needed
[2025-10-17 13:01:03] Purok P5: 0% used (0/1000) - No action needed
[2025-10-17 13:01:03] Purok P6: 0% used (0/1000) - No action needed
[2025-10-17 13:01:03] Purok P7: 0.1% used (1/1000) - No action needed
[2025-10-17 13:01:03] === Hourly Key Check Completed ===
[2025-10-17 13:01:03] Puroks regenerated: None
[2025-10-17 14:01:03] === Starting Hourly Key Check ===
[2025-10-17 14:01:03] Purok P1: 0.1% used (1/1000) - No action needed
[2025-10-17 14:01:03] Purok P2: 0.3% used (3/1000) - No action needed
[2025-10-17 14:01:03] Purok P3: 0.1% used (1/1000) - No action needed
[2025-10-17 14:01:03] Purok P4A: 0% used (0/1000) - No action needed
[2025-10-17 14:01:03] Purok P4B: 0% used (0/1000) - No action needed
[2025-10-17 14:01:03] Purok P5: 0% used (0/1000) - No action needed
[2025-10-17 14:01:03] Purok P6: 0% used (0/1000) - No action needed
[2025-10-17 14:01:03] Purok P7: 0.1% used (1/1000) - No action needed
[2025-10-17 14:01:03] === Hourly Key Check Completed ===
[2025-10-17 14:01:03] Puroks regenerated: None
[2025-10-17 15:01:03] === Starting Hourly Key Check ===
[2025-10-17 15:01:03] Purok P1: 0.1% used (1/1000) - No action needed
[2025-10-17 15:01:03] Purok P2: 0.3% used (3/1000) - No action needed
[2025-10-17 15:01:03] Purok P3: 0.1% used (1/1000) - No action needed
[2025-10-17 15:01:03] Purok P4A: 0% used (0/1000) - No action needed
[2025-10-17 15:01:03] Purok P4B: 0% used (0/1000) - No action needed
[2025-10-17 15:01:03] Purok P5: 0% used (0/1000) - No action needed
[2025-10-17 15:01:03] Purok P6: 0% used (0/1000) - No action needed
[2025-10-17 15:01:03] Purok P7: 0.1% used (1/1000) - No action needed
[2025-10-17 15:01:03] === Hourly Key Check Completed ===
[2025-10-17 15:01:03] Puroks regenerated: None
[2025-10-17 16:01:03] === Starting Hourly Key Check ===
[2025-10-17 16:01:03] Purok P1: 0.1% used (1/1000) - No action needed
[2025-10-17 16:01:03] Purok P2: 0.3% used (3/1000) - No action needed
[2025-10-17 16:01:03] Purok P3: 0.1% used (1/1000) - No action needed
[2025-10-17 16:01:03] Purok P4A: 0% used (0/1000) - No action needed
[2025-10-17 16:01:03] Purok P4B: 0% used (0/1000) - No action needed
[2025-10-17 16:01:03] Purok P5: 0% used (0/1000) - No action needed
[2025-10-17 16:01:03] Purok P6: 0% used (0/1000) - No action needed
[2025-10-17 16:01:03] Purok P7: 0.1% used (1/1000) - No action needed
[2025-10-17 16:01:03] === Hourly Key Check Completed ===
[2025-10-17 16:01:03] Puroks regenerated: None
[2025-10-17 17:01:03] === Starting Hourly Key Check ===
[2025-10-17 17:01:03] Purok P1: 0.1% used (1/1000) - No action needed
[2025-10-17 17:01:03] Purok P2: 0.3% used (3/1000) - No action needed
[2025-10-17 17:01:03] Purok P3: 0.1% used (1/1000) - No action needed
[2025-10-17 17:01:03] Purok P4A: 0% used (0/1000) - No action needed
[2025-10-17 17:01:03] Purok P4B: 0% used (0/1000) - No action needed
[2025-10-17 17:01:03] Purok P5: 0% used (0/1000) - No action needed
[2025-10-17 17:01:03] Purok P6: 0% used (0/1000) - No action needed
[2025-10-17 17:01:03] Purok P7: 0.1% used (1/1000) - No action needed
[2025-10-17 17:01:03] === Hourly Key Check Completed ===
[2025-10-17 17:01:03] Puroks regenerated: None
[2025-10-17 18:01:03] === Starting Hourly Key Check ===
[2025-10-17 18:01:03] Purok P1: 0.1% used (1/1000) - No action needed
[2025-10-17 18:01:03] Purok P2: 0.3% used (3/1000) - No action needed
[2025-10-17 18:01:03] Purok P3: 0.1% used (1/1000) - No action needed
[2025-10-17 18:01:03] Purok P4A: 0% used (0/1000) - No action needed
[2025-10-17 18:01:03] Purok P4B: 0% used (0/1000) - No action needed
[2025-10-17 18:01:03] Purok P5: 0% used (0/1000) - No action needed
[2025-10-17 18:01:03] Purok P6: 0% used (0/1000) - No action needed
[2025-10-17 18:01:03] Purok P7: 0.1% used (1/1000) - No action needed
[2025-10-17 18:01:03] === Hourly Key Check Completed ===
[2025-10-17 18:01:03] Puroks regenerated: None
[2025-10-17 19:01:02] === Starting Hourly Key Check ===
[2025-10-17 19:01:02] Purok P1: 0.1% used (1/1000) - No action needed
[2025-10-17 19:01:02] Purok P2: 0.3% used (3/1000) - No action needed
[2025-10-17 19:01:02] Purok P3: 0.1% used (1/1000) - No action needed
[2025-10-17 19:01:02] Purok P4A: 0% used (0/1000) - No action needed
[2025-10-17 19:01:02] Purok P4B: 0% used (0/1000) - No action needed
[2025-10-17 19:01:02] Purok P5: 0% used (0/1000) - No action needed
[2025-10-17 19:01:02] Purok P6: 0% used (0/1000) - No action needed
[2025-10-17 19:01:02] Purok P7: 0.1% used (1/1000) - No action needed
[2025-10-17 19:01:02] === Hourly Key Check Completed ===
[2025-10-17 19:01:02] Puroks regenerated: None
[2025-10-17 20:01:03] === Starting Hourly Key Check ===
[2025-10-17 20:01:03] Purok P1: 0.1% used (1/1000) - No action needed
[2025-10-17 20:01:03] Purok P2: 0.3% used (3/1000) - No action needed
[2025-10-17 20:01:03] Purok P3: 0.1% used (1/1000) - No action needed
[2025-10-17 20:01:03] Purok P4A: 0% used (0/1000) - No action needed
[2025-10-17 20:01:03] Purok P4B: 0% used (0/1000) - No action needed
[2025-10-17 20:01:03] Purok P5: 0% used (0/1000) - No action needed
[2025-10-17 20:01:03] Purok P6: 0% used (0/1000) - No action needed
[2025-10-17 20:01:03] Purok P7: 0.1% used (1/1000) - No action needed
[2025-10-17 20:01:03] === Hourly Key Check Completed ===
[2025-10-17 20:01:03] Puroks regenerated: None
[2025-10-17 21:01:03] === Starting Hourly Key Check ===
[2025-10-17 21:01:03] Purok P1: 0.1% used (1/1000) - No action needed
[2025-10-17 21:01:03] Purok P2: 0.3% used (3/1000) - No action needed
[2025-10-17 21:01:03] Purok P3: 0.1% used (1/1000) - No action needed
[2025-10-17 21:01:03] Purok P4A: 0% used (0/1000) - No action needed
[2025-10-17 21:01:03] Purok P4B: 0% used (0/1000) - No action needed
[2025-10-17 21:01:03] Purok P5: 0% used (0/1000) - No action needed
[2025-10-17 21:01:03] Purok P6: 0% used (0/1000) - No action needed
[2025-10-17 21:01:03] Purok P7: 0.1% used (1/1000) - No action needed
[2025-10-17 21:01:03] === Hourly Key Check Completed ===
[2025-10-17 21:01:03] Puroks regenerated: None
[2025-10-17 22:01:02] === Starting Hourly Key Check ===
[2025-10-17 22:01:02] Purok P1: 0.1% used (1/1000) - No action needed
[2025-10-17 22:01:02] Purok P2: 0.3% used (3/1000) - No action needed
[2025-10-17 22:01:02] Purok P3: 0.1% used (1/1000) - No action needed
[2025-10-17 22:01:02] Purok P4A: 0% used (0/1000) - No action needed
[2025-10-17 22:01:02] Purok P4B: 0% used (0/1000) - No action needed
[2025-10-17 22:01:02] Purok P5: 0% used (0/1000) - No action needed
[2025-10-17 22:01:02] Purok P6: 0% used (0/1000) - No action needed
[2025-10-17 22:01:02] Purok P7: 0.1% used (1/1000) - No action needed
[2025-10-17 22:01:02] === Hourly Key Check Completed ===
[2025-10-17 22:01:02] Puroks regenerated: None
[2025-10-17 23:01:02] === Starting Hourly Key Check ===
[2025-10-17 23:01:02] Purok P1: 0.1% used (1/1000) - No action needed
[2025-10-17 23:01:02] Purok P2: 0.3% used (3/1000) - No action needed
[2025-10-17 23:01:02] Purok P3: 0.1% used (1/1000) - No action needed
[2025-10-17 23:01:02] Purok P4A: 0% used (0/1000) - No action needed
[2025-10-17 23:01:02] Purok P4B: 0% used (0/1000) - No action needed
[2025-10-17 23:01:02] Purok P5: 0% used (0/1000) - No action needed
[2025-10-17 23:01:02] Purok P6: 0% used (0/1000) - No action needed
[2025-10-17 23:01:02] Purok P7: 0.1% used (1/1000) - No action needed
[2025-10-17 23:01:02] === Hourly Key Check Completed ===
[2025-10-17 23:01:02] Puroks regenerated: None
