[2025-11-23 00:01:03] === Starting Hourly Key Check ===
[2025-11-23 00:01:03] Purok P1: 1.1% used (11/1000) - No action needed
[2025-11-23 00:01:03] Purok P2: 0.9% used (9/1000) - No action needed
[2025-11-23 00:01:03] Purok P3: 0.5% used (5/1000) - No action needed
[2025-11-23 00:01:03] Purok P4A: 0.1% used (1/1000) - No action needed
[2025-11-23 00:01:03] Purok P4B: 1% used (10/1000) - No action needed
[2025-11-23 00:01:03] Purok P5: 1.9% used (19/1000) - No action needed
[2025-11-23 00:01:03] Purok P6: 0% used (0/1000) - No action needed
[2025-11-23 00:01:03] Purok P7: 0.7% used (7/1000) - No action needed
[2025-11-23 00:01:03] === Hourly Key Check Completed ===
[2025-11-23 00:01:03] Puroks regenerated: None
[2025-11-23 01:01:03] === Starting Hourly Key Check ===
[2025-11-23 01:01:03] Purok P1: 1.1% used (11/1000) - No action needed
[2025-11-23 01:01:03] Purok P2: 0.9% used (9/1000) - No action needed
[2025-11-23 01:01:03] Purok P3: 0.5% used (5/1000) - No action needed
[2025-11-23 01:01:03] Purok P4A: 0.1% used (1/1000) - No action needed
[2025-11-23 01:01:03] Purok P4B: 1% used (10/1000) - No action needed
[2025-11-23 01:01:03] Purok P5: 1.9% used (19/1000) - No action needed
[2025-11-23 01:01:03] Purok P6: 0% used (0/1000) - No action needed
[2025-11-23 01:01:03] Purok P7: 0.7% used (7/1000) - No action needed
[2025-11-23 01:01:03] === Hourly Key Check Completed ===
[2025-11-23 01:01:03] Puroks regenerated: None
[2025-11-23 02:01:03] === Starting Hourly Key Check ===
[2025-11-23 02:01:03] Purok P1: 1.1% used (11/1000) - No action needed
[2025-11-23 02:01:03] Purok P2: 0.9% used (9/1000) - No action needed
[2025-11-23 02:01:03] Purok P3: 0.5% used (5/1000) - No action needed
[2025-11-23 02:01:03] Purok P4A: 0.1% used (1/1000) - No action needed
[2025-11-23 02:01:03] Purok P4B: 1% used (10/1000) - No action needed
[2025-11-23 02:01:03] Purok P5: 1.9% used (19/1000) - No action needed
[2025-11-23 02:01:03] Purok P6: 0% used (0/1000) - No action needed
[2025-11-23 02:01:03] Purok P7: 0.7% used (7/1000) - No action needed
[2025-11-23 02:01:03] === Hourly Key Check Completed ===
[2025-11-23 02:01:03] Puroks regenerated: None
[2025-11-23 03:01:03] === Starting Hourly Key Check ===
[2025-11-23 03:01:03] Purok P1: 1.1% used (11/1000) - No action needed
[2025-11-23 03:01:03] Purok P2: 0.9% used (9/1000) - No action needed
[2025-11-23 03:01:03] Purok P3: 0.5% used (5/1000) - No action needed
[2025-11-23 03:01:03] Purok P4A: 0.1% used (1/1000) - No action needed
[2025-11-23 03:01:03] Purok P4B: 1% used (10/1000) - No action needed
[2025-11-23 03:01:03] Purok P5: 1.9% used (19/1000) - No action needed
[2025-11-23 03:01:03] Purok P6: 0% used (0/1000) - No action needed
[2025-11-23 03:01:03] Purok P7: 0.7% used (7/1000) - No action needed
[2025-11-23 03:01:03] === Hourly Key Check Completed ===
[2025-11-23 03:01:03] Puroks regenerated: None
[2025-11-23 04:01:03] === Starting Hourly Key Check ===
[2025-11-23 04:01:03] Purok P1: 1.1% used (11/1000) - No action needed
[2025-11-23 04:01:03] Purok P2: 0.9% used (9/1000) - No action needed
[2025-11-23 04:01:03] Purok P3: 0.5% used (5/1000) - No action needed
[2025-11-23 04:01:03] Purok P4A: 0.1% used (1/1000) - No action needed
[2025-11-23 04:01:03] Purok P4B: 1% used (10/1000) - No action needed
[2025-11-23 04:01:03] Purok P5: 1.9% used (19/1000) - No action needed
[2025-11-23 04:01:03] Purok P6: 0% used (0/1000) - No action needed
[2025-11-23 04:01:03] Purok P7: 0.7% used (7/1000) - No action needed
[2025-11-23 04:01:03] === Hourly Key Check Completed ===
[2025-11-23 04:01:03] Puroks regenerated: None
[2025-11-23 05:01:03] === Starting Hourly Key Check ===
[2025-11-23 05:01:03] Purok P1: 1.1% used (11/1000) - No action needed
[2025-11-23 05:01:03] Purok P2: 0.9% used (9/1000) - No action needed
[2025-11-23 05:01:03] Purok P3: 0.5% used (5/1000) - No action needed
[2025-11-23 05:01:03] Purok P4A: 0.1% used (1/1000) - No action needed
[2025-11-23 05:01:03] Purok P4B: 1% used (10/1000) - No action needed
[2025-11-23 05:01:03] Purok P5: 1.9% used (19/1000) - No action needed
[2025-11-23 05:01:03] Purok P6: 0% used (0/1000) - No action needed
[2025-11-23 05:01:03] Purok P7: 0.7% used (7/1000) - No action needed
[2025-11-23 05:01:03] === Hourly Key Check Completed ===
[2025-11-23 05:01:03] Puroks regenerated: None
[2025-11-23 06:01:03] === Starting Hourly Key Check ===
[2025-11-23 06:01:03] Purok P1: 1.1% used (11/1000) - No action needed
[2025-11-23 06:01:03] Purok P2: 0.9% used (9/1000) - No action needed
[2025-11-23 06:01:03] Purok P3: 0.5% used (5/1000) - No action needed
[2025-11-23 06:01:03] Purok P4A: 0.1% used (1/1000) - No action needed
[2025-11-23 06:01:03] Purok P4B: 1% used (10/1000) - No action needed
[2025-11-23 06:01:03] Purok P5: 1.9% used (19/1000) - No action needed
[2025-11-23 06:01:03] Purok P6: 0% used (0/1000) - No action needed
[2025-11-23 06:01:03] Purok P7: 0.7% used (7/1000) - No action needed
[2025-11-23 06:01:03] === Hourly Key Check Completed ===
[2025-11-23 06:01:03] Puroks regenerated: None
[2025-11-23 07:01:03] === Starting Hourly Key Check ===
[2025-11-23 07:01:03] Purok P1: 1.1% used (11/1000) - No action needed
[2025-11-23 07:01:03] Purok P2: 0.9% used (9/1000) - No action needed
[2025-11-23 07:01:03] Purok P3: 0.5% used (5/1000) - No action needed
[2025-11-23 07:01:03] Purok P4A: 0.1% used (1/1000) - No action needed
[2025-11-23 07:01:03] Purok P4B: 1% used (10/1000) - No action needed
[2025-11-23 07:01:03] Purok P5: 1.9% used (19/1000) - No action needed
[2025-11-23 07:01:03] Purok P6: 0% used (0/1000) - No action needed
[2025-11-23 07:01:03] Purok P7: 0.7% used (7/1000) - No action needed
[2025-11-23 07:01:03] === Hourly Key Check Completed ===
[2025-11-23 07:01:03] Puroks regenerated: None
[2025-11-23 08:01:03] === Starting Hourly Key Check ===
[2025-11-23 08:01:03] Purok P1: 1.1% used (11/1000) - No action needed
[2025-11-23 08:01:03] Purok P2: 0.9% used (9/1000) - No action needed
[2025-11-23 08:01:03] Purok P3: 0.5% used (5/1000) - No action needed
[2025-11-23 08:01:03] Purok P4A: 0.1% used (1/1000) - No action needed
[2025-11-23 08:01:03] Purok P4B: 1% used (10/1000) - No action needed
[2025-11-23 08:01:03] Purok P5: 1.9% used (19/1000) - No action needed
[2025-11-23 08:01:03] Purok P6: 0% used (0/1000) - No action needed
[2025-11-23 08:01:03] Purok P7: 0.7% used (7/1000) - No action needed
[2025-11-23 08:01:03] === Hourly Key Check Completed ===
[2025-11-23 08:01:03] Puroks regenerated: None
[2025-11-23 09:01:02] === Starting Hourly Key Check ===
[2025-11-23 09:01:02] Purok P1: 1.1% used (11/1000) - No action needed
[2025-11-23 09:01:02] Purok P2: 0.9% used (9/1000) - No action needed
[2025-11-23 09:01:02] Purok P3: 0.5% used (5/1000) - No action needed
[2025-11-23 09:01:02] Purok P4A: 0.1% used (1/1000) - No action needed
[2025-11-23 09:01:02] Purok P4B: 1% used (10/1000) - No action needed
[2025-11-23 09:01:02] Purok P5: 1.9% used (19/1000) - No action needed
[2025-11-23 09:01:02] Purok P6: 0% used (0/1000) - No action needed
[2025-11-23 09:01:02] Purok P7: 0.7% used (7/1000) - No action needed
[2025-11-23 09:01:02] === Hourly Key Check Completed ===
[2025-11-23 09:01:02] Puroks regenerated: None
[2025-11-23 10:01:03] === Starting Hourly Key Check ===
[2025-11-23 10:01:03] Purok P1: 1.1% used (11/1000) - No action needed
[2025-11-23 10:01:03] Purok P2: 0.9% used (9/1000) - No action needed
[2025-11-23 10:01:03] Purok P3: 0.5% used (5/1000) - No action needed
[2025-11-23 10:01:03] Purok P4A: 0.1% used (1/1000) - No action needed
[2025-11-23 10:01:03] Purok P4B: 1% used (10/1000) - No action needed
[2025-11-23 10:01:03] Purok P5: 1.9% used (19/1000) - No action needed
[2025-11-23 10:01:03] Purok P6: 0% used (0/1000) - No action needed
[2025-11-23 10:01:03] Purok P7: 0.7% used (7/1000) - No action needed
[2025-11-23 10:01:03] === Hourly Key Check Completed ===
[2025-11-23 10:01:03] Puroks regenerated: None
[2025-11-23 11:01:07] === Starting Hourly Key Check ===
[2025-11-23 11:01:07] Purok P1: 1.1% used (11/1000) - No action needed
[2025-11-23 11:01:07] Purok P2: 0.9% used (9/1000) - No action needed
[2025-11-23 11:01:07] Purok P3: 0.5% used (5/1000) - No action needed
[2025-11-23 11:01:07] Purok P4A: 0.1% used (1/1000) - No action needed
[2025-11-23 11:01:07] Purok P4B: 1% used (10/1000) - No action needed
[2025-11-23 11:01:07] Purok P5: 1.9% used (19/1000) - No action needed
[2025-11-23 11:01:07] Purok P6: 0% used (0/1000) - No action needed
[2025-11-23 11:01:07] Purok P7: 0.7% used (7/1000) - No action needed
[2025-11-23 11:01:07] === Hourly Key Check Completed ===
[2025-11-23 11:01:07] Puroks regenerated: None
[2025-11-23 12:01:03] === Starting Hourly Key Check ===
[2025-11-23 12:01:03] Purok P1: 1.1% used (11/1000) - No action needed
[2025-11-23 12:01:03] Purok P2: 1% used (10/1000) - No action needed
[2025-11-23 12:01:03] Purok P3: 0.5% used (5/1000) - No action needed
[2025-11-23 12:01:03] Purok P4A: 0.1% used (1/1000) - No action needed
[2025-11-23 12:01:03] Purok P4B: 1% used (10/1000) - No action needed
[2025-11-23 12:01:03] Purok P5: 1.9% used (19/1000) - No action needed
[2025-11-23 12:01:03] Purok P6: 0% used (0/1000) - No action needed
[2025-11-23 12:01:03] Purok P7: 0.7% used (7/1000) - No action needed
[2025-11-23 12:01:03] === Hourly Key Check Completed ===
[2025-11-23 12:01:03] Puroks regenerated: None
[2025-11-23 13:01:06] === Starting Hourly Key Check ===
[2025-11-23 13:01:06] Purok P1: 1.1% used (11/1000) - No action needed
[2025-11-23 13:01:06] Purok P2: 2.2% used (22/1000) - No action needed
[2025-11-23 13:01:06] Purok P3: 0.5% used (5/1000) - No action needed
[2025-11-23 13:01:06] Purok P4A: 0.1% used (1/1000) - No action needed
[2025-11-23 13:01:06] Purok P4B: 1% used (10/1000) - No action needed
[2025-11-23 13:01:06] Purok P5: 1.9% used (19/1000) - No action needed
[2025-11-23 13:01:06] Purok P6: 0% used (0/1000) - No action needed
[2025-11-23 13:01:06] Purok P7: 0.7% used (7/1000) - No action needed
[2025-11-23 13:01:06] === Hourly Key Check Completed ===
[2025-11-23 13:01:06] Puroks regenerated: None
[2025-11-23 14:01:03] === Starting Hourly Key Check ===
[2025-11-23 14:01:03] Purok P1: 1.1% used (11/1000) - No action needed
[2025-11-23 14:01:03] Purok P2: 3.5% used (35/1000) - No action needed
[2025-11-23 14:01:03] Purok P3: 0.5% used (5/1000) - No action needed
[2025-11-23 14:01:03] Purok P4A: 0.1% used (1/1000) - No action needed
[2025-11-23 14:01:03] Purok P4B: 1% used (10/1000) - No action needed
[2025-11-23 14:01:03] Purok P5: 1.9% used (19/1000) - No action needed
[2025-11-23 14:01:03] Purok P6: 0% used (0/1000) - No action needed
[2025-11-23 14:01:03] Purok P7: 0.7% used (7/1000) - No action needed
[2025-11-23 14:01:03] === Hourly Key Check Completed ===
[2025-11-23 14:01:03] Puroks regenerated: None
[2025-11-23 15:01:02] === Starting Hourly Key Check ===
[2025-11-23 15:01:02] Purok P1: 1.1% used (11/1000) - No action needed
[2025-11-23 15:01:02] Purok P2: 3.5% used (35/1000) - No action needed
[2025-11-23 15:01:02] Purok P3: 0.5% used (5/1000) - No action needed
[2025-11-23 15:01:02] Purok P4A: 0.1% used (1/1000) - No action needed
[2025-11-23 15:01:02] Purok P4B: 1% used (10/1000) - No action needed
[2025-11-23 15:01:02] Purok P5: 1.9% used (19/1000) - No action needed
[2025-11-23 15:01:02] Purok P6: 0% used (0/1000) - No action needed
[2025-11-23 15:01:02] Purok P7: 0.7% used (7/1000) - No action needed
[2025-11-23 15:01:02] === Hourly Key Check Completed ===
[2025-11-23 15:01:02] Puroks regenerated: None
[2025-11-23 16:01:03] === Starting Hourly Key Check ===
[2025-11-23 16:01:03] Purok P1: 1.1% used (11/1000) - No action needed
[2025-11-23 16:01:03] Purok P2: 3.5% used (35/1000) - No action needed
[2025-11-23 16:01:03] Purok P3: 0.5% used (5/1000) - No action needed
[2025-11-23 16:01:03] Purok P4A: 0.1% used (1/1000) - No action needed
[2025-11-23 16:01:03] Purok P4B: 1% used (10/1000) - No action needed
[2025-11-23 16:01:03] Purok P5: 1.9% used (19/1000) - No action needed
[2025-11-23 16:01:03] Purok P6: 0% used (0/1000) - No action needed
[2025-11-23 16:01:03] Purok P7: 0.7% used (7/1000) - No action needed
[2025-11-23 16:01:03] === Hourly Key Check Completed ===
[2025-11-23 16:01:03] Puroks regenerated: None
[2025-11-23 17:01:05] === Starting Hourly Key Check ===
[2025-11-23 17:01:05] Purok P1: 1.1% used (11/1000) - No action needed
[2025-11-23 17:01:05] Purok P2: 3.5% used (35/1000) - No action needed
[2025-11-23 17:01:05] Purok P3: 0.5% used (5/1000) - No action needed
[2025-11-23 17:01:05] Purok P4A: 0.1% used (1/1000) - No action needed
[2025-11-23 17:01:05] Purok P4B: 1% used (10/1000) - No action needed
[2025-11-23 17:01:05] Purok P5: 1.9% used (19/1000) - No action needed
[2025-11-23 17:01:05] Purok P6: 0% used (0/1000) - No action needed
[2025-11-23 17:01:05] Purok P7: 0.7% used (7/1000) - No action needed
[2025-11-23 17:01:05] === Hourly Key Check Completed ===
[2025-11-23 17:01:05] Puroks regenerated: None
[2025-11-23 18:01:03] === Starting Hourly Key Check ===
[2025-11-23 18:01:03] Purok P1: 1.1% used (11/1000) - No action needed
[2025-11-23 18:01:03] Purok P2: 3.5% used (35/1000) - No action needed
[2025-11-23 18:01:03] Purok P3: 0.5% used (5/1000) - No action needed
[2025-11-23 18:01:03] Purok P4A: 0.1% used (1/1000) - No action needed
[2025-11-23 18:01:03] Purok P4B: 1% used (10/1000) - No action needed
[2025-11-23 18:01:03] Purok P5: 1.9% used (19/1000) - No action needed
[2025-11-23 18:01:03] Purok P6: 0% used (0/1000) - No action needed
[2025-11-23 18:01:03] Purok P7: 0.7% used (7/1000) - No action needed
[2025-11-23 18:01:03] === Hourly Key Check Completed ===
[2025-11-23 18:01:03] Puroks regenerated: None
[2025-11-23 19:01:03] === Starting Hourly Key Check ===
[2025-11-23 19:01:03] Purok P1: 1.1% used (11/1000) - No action needed
[2025-11-23 19:01:03] Purok P2: 3.5% used (35/1000) - No action needed
[2025-11-23 19:01:03] Purok P3: 0.5% used (5/1000) - No action needed
[2025-11-23 19:01:03] Purok P4A: 0.1% used (1/1000) - No action needed
[2025-11-23 19:01:03] Purok P4B: 1% used (10/1000) - No action needed
[2025-11-23 19:01:03] Purok P5: 1.9% used (19/1000) - No action needed
[2025-11-23 19:01:03] Purok P6: 0% used (0/1000) - No action needed
[2025-11-23 19:01:03] Purok P7: 0.7% used (7/1000) - No action needed
[2025-11-23 19:01:03] === Hourly Key Check Completed ===
[2025-11-23 19:01:03] Puroks regenerated: None
[2025-11-23 20:01:03] === Starting Hourly Key Check ===
[2025-11-23 20:01:03] Purok P1: 1.1% used (11/1000) - No action needed
[2025-11-23 20:01:03] Purok P2: 3.5% used (35/1000) - No action needed
[2025-11-23 20:01:03] Purok P3: 0.5% used (5/1000) - No action needed
[2025-11-23 20:01:03] Purok P4A: 0.1% used (1/1000) - No action needed
[2025-11-23 20:01:03] Purok P4B: 1% used (10/1000) - No action needed
[2025-11-23 20:01:03] Purok P5: 1.9% used (19/1000) - No action needed
[2025-11-23 20:01:03] Purok P6: 0% used (0/1000) - No action needed
[2025-11-23 20:01:03] Purok P7: 0.7% used (7/1000) - No action needed
[2025-11-23 20:01:03] === Hourly Key Check Completed ===
[2025-11-23 20:01:03] Puroks regenerated: None
[2025-11-23 21:01:03] === Starting Hourly Key Check ===
[2025-11-23 21:01:03] Purok P1: 1.1% used (11/1000) - No action needed
[2025-11-23 21:01:03] Purok P2: 3.5% used (35/1000) - No action needed
[2025-11-23 21:01:03] Purok P3: 0.5% used (5/1000) - No action needed
[2025-11-23 21:01:03] Purok P4A: 0.1% used (1/1000) - No action needed
[2025-11-23 21:01:03] Purok P4B: 1% used (10/1000) - No action needed
[2025-11-23 21:01:03] Purok P5: 1.9% used (19/1000) - No action needed
[2025-11-23 21:01:03] Purok P6: 0% used (0/1000) - No action needed
[2025-11-23 21:01:03] Purok P7: 0.7% used (7/1000) - No action needed
[2025-11-23 21:01:03] === Hourly Key Check Completed ===
[2025-11-23 21:01:03] Puroks regenerated: None
[2025-11-23 22:01:03] === Starting Hourly Key Check ===
[2025-11-23 22:01:03] Purok P1: 1.1% used (11/1000) - No action needed
[2025-11-23 22:01:03] Purok P2: 3.5% used (35/1000) - No action needed
[2025-11-23 22:01:03] Purok P3: 0.5% used (5/1000) - No action needed
[2025-11-23 22:01:03] Purok P4A: 0.1% used (1/1000) - No action needed
[2025-11-23 22:01:03] Purok P4B: 1% used (10/1000) - No action needed
[2025-11-23 22:01:03] Purok P5: 1.9% used (19/1000) - No action needed
[2025-11-23 22:01:03] Purok P6: 0% used (0/1000) - No action needed
[2025-11-23 22:01:03] Purok P7: 0.7% used (7/1000) - No action needed
[2025-11-23 22:01:03] === Hourly Key Check Completed ===
[2025-11-23 22:01:03] Puroks regenerated: None
[2025-11-23 23:01:08] === Starting Hourly Key Check ===
[2025-11-23 23:01:08] Purok P1: 1.1% used (11/1000) - No action needed
[2025-11-23 23:01:08] Purok P2: 3.5% used (35/1000) - No action needed
[2025-11-23 23:01:08] Purok P3: 0.5% used (5/1000) - No action needed
[2025-11-23 23:01:08] Purok P4A: 0.1% used (1/1000) - No action needed
[2025-11-23 23:01:08] Purok P4B: 1% used (10/1000) - No action needed
[2025-11-23 23:01:08] Purok P5: 1.9% used (19/1000) - No action needed
[2025-11-23 23:01:08] Purok P6: 0% used (0/1000) - No action needed
[2025-11-23 23:01:08] Purok P7: 0.7% used (7/1000) - No action needed
[2025-11-23 23:01:08] === Hourly Key Check Completed ===
[2025-11-23 23:01:08] Puroks regenerated: None
