[2025-11-27 00:01:03] === Starting Hourly Key Check ===
[2025-11-27 00:01:03] Purok P1: 1.1% used (11/1000) - No action needed
[2025-11-27 00:01:03] Purok P2: 3.5% used (35/1000) - No action needed
[2025-11-27 00:01:03] Purok P3: 0.5% used (5/1000) - No action needed
[2025-11-27 00:01:03] Purok P4A: 2.3% used (23/1000) - No action needed
[2025-11-27 00:01:03] Purok P4B: 1% used (10/1000) - No action needed
[2025-11-27 00:01:03] Purok P5: 1.9% used (19/1000) - No action needed
[2025-11-27 00:01:03] Purok P6: 2.9% used (29/1000) - No action needed
[2025-11-27 00:01:03] Purok P7: 1.4% used (14/1000) - No action needed
[2025-11-27 00:01:03] === Hourly Key Check Completed ===
[2025-11-27 00:01:03] Puroks regenerated: None
[2025-11-27 01:01:03] === Starting Hourly Key Check ===
[2025-11-27 01:01:03] Purok P1: 1.1% used (11/1000) - No action needed
[2025-11-27 01:01:03] Purok P2: 3.5% used (35/1000) - No action needed
[2025-11-27 01:01:03] Purok P3: 0.5% used (5/1000) - No action needed
[2025-11-27 01:01:03] Purok P4A: 2.3% used (23/1000) - No action needed
[2025-11-27 01:01:03] Purok P4B: 1% used (10/1000) - No action needed
[2025-11-27 01:01:03] Purok P5: 1.9% used (19/1000) - No action needed
[2025-11-27 01:01:03] Purok P6: 2.9% used (29/1000) - No action needed
[2025-11-27 01:01:03] Purok P7: 1.4% used (14/1000) - No action needed
[2025-11-27 01:01:03] === Hourly Key Check Completed ===
[2025-11-27 01:01:03] Puroks regenerated: None
[2025-11-27 02:01:03] === Starting Hourly Key Check ===
[2025-11-27 02:01:03] Purok P1: 1.1% used (11/1000) - No action needed
[2025-11-27 02:01:03] Purok P2: 3.5% used (35/1000) - No action needed
[2025-11-27 02:01:03] Purok P3: 0.5% used (5/1000) - No action needed
[2025-11-27 02:01:03] Purok P4A: 2.3% used (23/1000) - No action needed
[2025-11-27 02:01:03] Purok P4B: 1% used (10/1000) - No action needed
[2025-11-27 02:01:03] Purok P5: 1.9% used (19/1000) - No action needed
[2025-11-27 02:01:03] Purok P6: 2.9% used (29/1000) - No action needed
[2025-11-27 02:01:03] Purok P7: 1.4% used (14/1000) - No action needed
[2025-11-27 02:01:03] === Hourly Key Check Completed ===
[2025-11-27 02:01:03] Puroks regenerated: None
[2025-11-27 03:01:09] === Starting Hourly Key Check ===
[2025-11-27 03:01:09] Purok P1: 1.1% used (11/1000) - No action needed
[2025-11-27 03:01:09] Purok P2: 3.5% used (35/1000) - No action needed
[2025-11-27 03:01:09] Purok P3: 0.7% used (7/1000) - No action needed
[2025-11-27 03:01:09] Purok P4A: 2.3% used (23/1000) - No action needed
[2025-11-27 03:01:09] Purok P4B: 1% used (10/1000) - No action needed
[2025-11-27 03:01:09] Purok P5: 1.9% used (19/1000) - No action needed
[2025-11-27 03:01:09] Purok P6: 2.9% used (29/1000) - No action needed
[2025-11-27 03:01:09] Purok P7: 1.4% used (14/1000) - No action needed
[2025-11-27 03:01:09] === Hourly Key Check Completed ===
[2025-11-27 03:01:09] Puroks regenerated: None
[2025-11-27 04:01:03] === Starting Hourly Key Check ===
[2025-11-27 04:01:03] Purok P1: 1.1% used (11/1000) - No action needed
[2025-11-27 04:01:03] Purok P2: 3.5% used (35/1000) - No action needed
[2025-11-27 04:01:03] Purok P3: 1.4% used (14/1000) - No action needed
[2025-11-27 04:01:03] Purok P4A: 2.3% used (23/1000) - No action needed
[2025-11-27 04:01:03] Purok P4B: 1% used (10/1000) - No action needed
[2025-11-27 04:01:03] Purok P5: 1.9% used (19/1000) - No action needed
[2025-11-27 04:01:03] Purok P6: 2.9% used (29/1000) - No action needed
[2025-11-27 04:01:03] Purok P7: 1.4% used (14/1000) - No action needed
[2025-11-27 04:01:03] === Hourly Key Check Completed ===
[2025-11-27 04:01:03] Puroks regenerated: None
[2025-11-27 05:01:06] === Starting Hourly Key Check ===
[2025-11-27 05:01:06] Purok P1: 1.1% used (11/1000) - No action needed
[2025-11-27 05:01:06] Purok P2: 3.5% used (35/1000) - No action needed
[2025-11-27 05:01:06] Purok P3: 1.4% used (14/1000) - No action needed
[2025-11-27 05:01:06] Purok P4A: 2.3% used (23/1000) - No action needed
[2025-11-27 05:01:06] Purok P4B: 1% used (10/1000) - No action needed
[2025-11-27 05:01:06] Purok P5: 1.9% used (19/1000) - No action needed
[2025-11-27 05:01:06] Purok P6: 2.9% used (29/1000) - No action needed
[2025-11-27 05:01:06] Purok P7: 1.4% used (14/1000) - No action needed
[2025-11-27 05:01:06] === Hourly Key Check Completed ===
[2025-11-27 05:01:06] Puroks regenerated: None
