[2025-11-21 00:01:03] === Starting Hourly Key Check ===
[2025-11-21 00:01:03] Purok P1: 1.1% used (11/1000) - No action needed
[2025-11-21 00:01:03] Purok P2: 0.3% used (3/1000) - No action needed
[2025-11-21 00:01:03] Purok P3: 0.5% used (5/1000) - No action needed
[2025-11-21 00:01:03] Purok P4A: 0.1% used (1/1000) - No action needed
[2025-11-21 00:01:03] Purok P4B: 1% used (10/1000) - No action needed
[2025-11-21 00:01:03] Purok P5: 1.9% used (19/1000) - No action needed
[2025-11-21 00:01:03] Purok P6: 0% used (0/1000) - No action needed
[2025-11-21 00:01:03] Purok P7: 0.7% used (7/1000) - No action needed
[2025-11-21 00:01:03] === Hourly Key Check Completed ===
[2025-11-21 00:01:03] Puroks regenerated: None
[2025-11-21 01:01:03] === Starting Hourly Key Check ===
[2025-11-21 01:01:03] Purok P1: 1.1% used (11/1000) - No action needed
[2025-11-21 01:01:03] Purok P2: 0.3% used (3/1000) - No action needed
[2025-11-21 01:01:03] Purok P3: 0.5% used (5/1000) - No action needed
[2025-11-21 01:01:03] Purok P4A: 0.1% used (1/1000) - No action needed
[2025-11-21 01:01:03] Purok P4B: 1% used (10/1000) - No action needed
[2025-11-21 01:01:03] Purok P5: 1.9% used (19/1000) - No action needed
[2025-11-21 01:01:03] Purok P6: 0% used (0/1000) - No action needed
[2025-11-21 01:01:03] Purok P7: 0.7% used (7/1000) - No action needed
[2025-11-21 01:01:03] === Hourly Key Check Completed ===
[2025-11-21 01:01:03] Puroks regenerated: None
[2025-11-21 02:01:03] === Starting Hourly Key Check ===
[2025-11-21 02:01:03] Purok P1: 1.1% used (11/1000) - No action needed
[2025-11-21 02:01:03] Purok P2: 0.3% used (3/1000) - No action needed
[2025-11-21 02:01:03] Purok P3: 0.5% used (5/1000) - No action needed
[2025-11-21 02:01:03] Purok P4A: 0.1% used (1/1000) - No action needed
[2025-11-21 02:01:03] Purok P4B: 1% used (10/1000) - No action needed
[2025-11-21 02:01:03] Purok P5: 1.9% used (19/1000) - No action needed
[2025-11-21 02:01:03] Purok P6: 0% used (0/1000) - No action needed
[2025-11-21 02:01:03] Purok P7: 0.7% used (7/1000) - No action needed
[2025-11-21 02:01:03] === Hourly Key Check Completed ===
[2025-11-21 02:01:03] Puroks regenerated: None
[2025-11-21 03:01:03] === Starting Hourly Key Check ===
[2025-11-21 03:01:03] Purok P1: 1.1% used (11/1000) - No action needed
[2025-11-21 03:01:03] Purok P2: 0.3% used (3/1000) - No action needed
[2025-11-21 03:01:03] Purok P3: 0.5% used (5/1000) - No action needed
[2025-11-21 03:01:03] Purok P4A: 0.1% used (1/1000) - No action needed
[2025-11-21 03:01:03] Purok P4B: 1% used (10/1000) - No action needed
[2025-11-21 03:01:03] Purok P5: 1.9% used (19/1000) - No action needed
[2025-11-21 03:01:03] Purok P6: 0% used (0/1000) - No action needed
[2025-11-21 03:01:03] Purok P7: 0.7% used (7/1000) - No action needed
[2025-11-21 03:01:03] === Hourly Key Check Completed ===
[2025-11-21 03:01:03] Puroks regenerated: None
[2025-11-21 04:01:03] === Starting Hourly Key Check ===
[2025-11-21 04:01:03] Purok P1: 1.1% used (11/1000) - No action needed
[2025-11-21 04:01:03] Purok P2: 0.3% used (3/1000) - No action needed
[2025-11-21 04:01:03] Purok P3: 0.5% used (5/1000) - No action needed
[2025-11-21 04:01:03] Purok P4A: 0.1% used (1/1000) - No action needed
[2025-11-21 04:01:03] Purok P4B: 1% used (10/1000) - No action needed
[2025-11-21 04:01:03] Purok P5: 1.9% used (19/1000) - No action needed
[2025-11-21 04:01:03] Purok P6: 0% used (0/1000) - No action needed
[2025-11-21 04:01:03] Purok P7: 0.7% used (7/1000) - No action needed
[2025-11-21 04:01:03] === Hourly Key Check Completed ===
[2025-11-21 04:01:03] Puroks regenerated: None
[2025-11-21 05:01:04] === Starting Hourly Key Check ===
[2025-11-21 05:01:04] Purok P1: 1.1% used (11/1000) - No action needed
[2025-11-21 05:01:04] Purok P2: 0.3% used (3/1000) - No action needed
[2025-11-21 05:01:04] Purok P3: 0.5% used (5/1000) - No action needed
[2025-11-21 05:01:04] Purok P4A: 0.1% used (1/1000) - No action needed
[2025-11-21 05:01:04] Purok P4B: 1% used (10/1000) - No action needed
[2025-11-21 05:01:04] Purok P5: 1.9% used (19/1000) - No action needed
[2025-11-21 05:01:04] Purok P6: 0% used (0/1000) - No action needed
[2025-11-21 05:01:04] Purok P7: 0.7% used (7/1000) - No action needed
[2025-11-21 05:01:04] === Hourly Key Check Completed ===
[2025-11-21 05:01:04] Puroks regenerated: None
[2025-11-21 06:01:03] === Starting Hourly Key Check ===
[2025-11-21 06:01:03] Purok P1: 1.1% used (11/1000) - No action needed
[2025-11-21 06:01:03] Purok P2: 0.3% used (3/1000) - No action needed
[2025-11-21 06:01:03] Purok P3: 0.5% used (5/1000) - No action needed
[2025-11-21 06:01:03] Purok P4A: 0.1% used (1/1000) - No action needed
[2025-11-21 06:01:03] Purok P4B: 1% used (10/1000) - No action needed
[2025-11-21 06:01:03] Purok P5: 1.9% used (19/1000) - No action needed
[2025-11-21 06:01:03] Purok P6: 0% used (0/1000) - No action needed
[2025-11-21 06:01:03] Purok P7: 0.7% used (7/1000) - No action needed
[2025-11-21 06:01:03] === Hourly Key Check Completed ===
[2025-11-21 06:01:03] Puroks regenerated: None
[2025-11-21 07:01:03] === Starting Hourly Key Check ===
[2025-11-21 07:01:03] Purok P1: 1.1% used (11/1000) - No action needed
[2025-11-21 07:01:03] Purok P2: 0.3% used (3/1000) - No action needed
[2025-11-21 07:01:03] Purok P3: 0.5% used (5/1000) - No action needed
[2025-11-21 07:01:03] Purok P4A: 0.1% used (1/1000) - No action needed
[2025-11-21 07:01:03] Purok P4B: 1% used (10/1000) - No action needed
[2025-11-21 07:01:03] Purok P5: 1.9% used (19/1000) - No action needed
[2025-11-21 07:01:03] Purok P6: 0% used (0/1000) - No action needed
[2025-11-21 07:01:03] Purok P7: 0.7% used (7/1000) - No action needed
[2025-11-21 07:01:03] === Hourly Key Check Completed ===
[2025-11-21 07:01:03] Puroks regenerated: None
[2025-11-21 08:01:03] === Starting Hourly Key Check ===
[2025-11-21 08:01:03] Purok P1: 1.1% used (11/1000) - No action needed
[2025-11-21 08:01:03] Purok P2: 0.3% used (3/1000) - No action needed
[2025-11-21 08:01:03] Purok P3: 0.5% used (5/1000) - No action needed
[2025-11-21 08:01:03] Purok P4A: 0.1% used (1/1000) - No action needed
[2025-11-21 08:01:03] Purok P4B: 1% used (10/1000) - No action needed
[2025-11-21 08:01:03] Purok P5: 1.9% used (19/1000) - No action needed
[2025-11-21 08:01:03] Purok P6: 0% used (0/1000) - No action needed
[2025-11-21 08:01:03] Purok P7: 0.7% used (7/1000) - No action needed
[2025-11-21 08:01:03] === Hourly Key Check Completed ===
[2025-11-21 08:01:03] Puroks regenerated: None
[2025-11-21 09:01:02] === Starting Hourly Key Check ===
[2025-11-21 09:01:02] Purok P1: 1.1% used (11/1000) - No action needed
[2025-11-21 09:01:02] Purok P2: 0.3% used (3/1000) - No action needed
[2025-11-21 09:01:02] Purok P3: 0.5% used (5/1000) - No action needed
[2025-11-21 09:01:02] Purok P4A: 0.1% used (1/1000) - No action needed
[2025-11-21 09:01:02] Purok P4B: 1% used (10/1000) - No action needed
[2025-11-21 09:01:02] Purok P5: 1.9% used (19/1000) - No action needed
[2025-11-21 09:01:02] Purok P6: 0% used (0/1000) - No action needed
[2025-11-21 09:01:02] Purok P7: 0.7% used (7/1000) - No action needed
[2025-11-21 09:01:02] === Hourly Key Check Completed ===
[2025-11-21 09:01:02] Puroks regenerated: None
[2025-11-21 10:01:03] === Starting Hourly Key Check ===
[2025-11-21 10:01:03] Purok P1: 1.1% used (11/1000) - No action needed
[2025-11-21 10:01:03] Purok P2: 0.3% used (3/1000) - No action needed
[2025-11-21 10:01:03] Purok P3: 0.5% used (5/1000) - No action needed
[2025-11-21 10:01:03] Purok P4A: 0.1% used (1/1000) - No action needed
[2025-11-21 10:01:03] Purok P4B: 1% used (10/1000) - No action needed
[2025-11-21 10:01:03] Purok P5: 1.9% used (19/1000) - No action needed
[2025-11-21 10:01:03] Purok P6: 0% used (0/1000) - No action needed
[2025-11-21 10:01:03] Purok P7: 0.7% used (7/1000) - No action needed
[2025-11-21 10:01:03] === Hourly Key Check Completed ===
[2025-11-21 10:01:03] Puroks regenerated: None
[2025-11-21 11:01:03] === Starting Hourly Key Check ===
[2025-11-21 11:01:03] Purok P1: 1.1% used (11/1000) - No action needed
[2025-11-21 11:01:03] Purok P2: 0.3% used (3/1000) - No action needed
[2025-11-21 11:01:03] Purok P3: 0.5% used (5/1000) - No action needed
[2025-11-21 11:01:03] Purok P4A: 0.1% used (1/1000) - No action needed
[2025-11-21 11:01:03] Purok P4B: 1% used (10/1000) - No action needed
[2025-11-21 11:01:03] Purok P5: 1.9% used (19/1000) - No action needed
[2025-11-21 11:01:03] Purok P6: 0% used (0/1000) - No action needed
[2025-11-21 11:01:03] Purok P7: 0.7% used (7/1000) - No action needed
[2025-11-21 11:01:03] === Hourly Key Check Completed ===
[2025-11-21 11:01:03] Puroks regenerated: None
[2025-11-21 12:01:02] === Starting Hourly Key Check ===
[2025-11-21 12:01:02] Purok P1: 1.1% used (11/1000) - No action needed
[2025-11-21 12:01:02] Purok P2: 0.3% used (3/1000) - No action needed
[2025-11-21 12:01:02] Purok P3: 0.5% used (5/1000) - No action needed
[2025-11-21 12:01:02] Purok P4A: 0.1% used (1/1000) - No action needed
[2025-11-21 12:01:02] Purok P4B: 1% used (10/1000) - No action needed
[2025-11-21 12:01:02] Purok P5: 1.9% used (19/1000) - No action needed
[2025-11-21 12:01:02] Purok P6: 0% used (0/1000) - No action needed
[2025-11-21 12:01:02] Purok P7: 0.7% used (7/1000) - No action needed
[2025-11-21 12:01:02] === Hourly Key Check Completed ===
[2025-11-21 12:01:02] Puroks regenerated: None
[2025-11-21 13:01:03] === Starting Hourly Key Check ===
[2025-11-21 13:01:03] Purok P1: 1.1% used (11/1000) - No action needed
[2025-11-21 13:01:03] Purok P2: 0.3% used (3/1000) - No action needed
[2025-11-21 13:01:03] Purok P3: 0.5% used (5/1000) - No action needed
[2025-11-21 13:01:03] Purok P4A: 0.1% used (1/1000) - No action needed
[2025-11-21 13:01:03] Purok P4B: 1% used (10/1000) - No action needed
[2025-11-21 13:01:03] Purok P5: 1.9% used (19/1000) - No action needed
[2025-11-21 13:01:03] Purok P6: 0% used (0/1000) - No action needed
[2025-11-21 13:01:03] Purok P7: 0.7% used (7/1000) - No action needed
[2025-11-21 13:01:03] === Hourly Key Check Completed ===
[2025-11-21 13:01:03] Puroks regenerated: None
[2025-11-21 14:01:02] === Starting Hourly Key Check ===
[2025-11-21 14:01:02] Purok P1: 1.1% used (11/1000) - No action needed
[2025-11-21 14:01:02] Purok P2: 0.3% used (3/1000) - No action needed
[2025-11-21 14:01:02] Purok P3: 0.5% used (5/1000) - No action needed
[2025-11-21 14:01:02] Purok P4A: 0.1% used (1/1000) - No action needed
[2025-11-21 14:01:02] Purok P4B: 1% used (10/1000) - No action needed
[2025-11-21 14:01:03] Purok P5: 1.9% used (19/1000) - No action needed
[2025-11-21 14:01:03] Purok P6: 0% used (0/1000) - No action needed
[2025-11-21 14:01:03] Purok P7: 0.7% used (7/1000) - No action needed
[2025-11-21 14:01:03] === Hourly Key Check Completed ===
[2025-11-21 14:01:03] Puroks regenerated: None
[2025-11-21 15:01:03] === Starting Hourly Key Check ===
[2025-11-21 15:01:03] Purok P1: 1.1% used (11/1000) - No action needed
[2025-11-21 15:01:03] Purok P2: 0.3% used (3/1000) - No action needed
[2025-11-21 15:01:03] Purok P3: 0.5% used (5/1000) - No action needed
[2025-11-21 15:01:03] Purok P4A: 0.1% used (1/1000) - No action needed
[2025-11-21 15:01:03] Purok P4B: 1% used (10/1000) - No action needed
[2025-11-21 15:01:03] Purok P5: 1.9% used (19/1000) - No action needed
[2025-11-21 15:01:03] Purok P6: 0% used (0/1000) - No action needed
[2025-11-21 15:01:03] Purok P7: 0.7% used (7/1000) - No action needed
[2025-11-21 15:01:03] === Hourly Key Check Completed ===
[2025-11-21 15:01:03] Puroks regenerated: None
[2025-11-21 16:01:03] === Starting Hourly Key Check ===
[2025-11-21 16:01:03] Purok P1: 1.1% used (11/1000) - No action needed
[2025-11-21 16:01:03] Purok P2: 0.3% used (3/1000) - No action needed
[2025-11-21 16:01:03] Purok P3: 0.5% used (5/1000) - No action needed
[2025-11-21 16:01:03] Purok P4A: 0.1% used (1/1000) - No action needed
[2025-11-21 16:01:03] Purok P4B: 1% used (10/1000) - No action needed
[2025-11-21 16:01:03] Purok P5: 1.9% used (19/1000) - No action needed
[2025-11-21 16:01:03] Purok P6: 0% used (0/1000) - No action needed
[2025-11-21 16:01:03] Purok P7: 0.7% used (7/1000) - No action needed
[2025-11-21 16:01:03] === Hourly Key Check Completed ===
[2025-11-21 16:01:03] Puroks regenerated: None
[2025-11-21 17:01:03] === Starting Hourly Key Check ===
[2025-11-21 17:01:03] Purok P1: 1.1% used (11/1000) - No action needed
[2025-11-21 17:01:03] Purok P2: 0.3% used (3/1000) - No action needed
[2025-11-21 17:01:03] Purok P3: 0.5% used (5/1000) - No action needed
[2025-11-21 17:01:03] Purok P4A: 0.1% used (1/1000) - No action needed
[2025-11-21 17:01:03] Purok P4B: 1% used (10/1000) - No action needed
[2025-11-21 17:01:03] Purok P5: 1.9% used (19/1000) - No action needed
[2025-11-21 17:01:03] Purok P6: 0% used (0/1000) - No action needed
[2025-11-21 17:01:03] Purok P7: 0.7% used (7/1000) - No action needed
[2025-11-21 17:01:03] === Hourly Key Check Completed ===
[2025-11-21 17:01:03] Puroks regenerated: None
[2025-11-21 18:01:03] === Starting Hourly Key Check ===
[2025-11-21 18:01:03] Purok P1: 1.1% used (11/1000) - No action needed
[2025-11-21 18:01:03] Purok P2: 0.3% used (3/1000) - No action needed
[2025-11-21 18:01:03] Purok P3: 0.5% used (5/1000) - No action needed
[2025-11-21 18:01:03] Purok P4A: 0.1% used (1/1000) - No action needed
[2025-11-21 18:01:03] Purok P4B: 1% used (10/1000) - No action needed
[2025-11-21 18:01:03] Purok P5: 1.9% used (19/1000) - No action needed
[2025-11-21 18:01:03] Purok P6: 0% used (0/1000) - No action needed
[2025-11-21 18:01:03] Purok P7: 0.7% used (7/1000) - No action needed
[2025-11-21 18:01:03] === Hourly Key Check Completed ===
[2025-11-21 18:01:03] Puroks regenerated: None
[2025-11-21 19:01:03] === Starting Hourly Key Check ===
[2025-11-21 19:01:03] Purok P1: 1.1% used (11/1000) - No action needed
[2025-11-21 19:01:03] Purok P2: 0.3% used (3/1000) - No action needed
[2025-11-21 19:01:03] Purok P3: 0.5% used (5/1000) - No action needed
[2025-11-21 19:01:03] Purok P4A: 0.1% used (1/1000) - No action needed
[2025-11-21 19:01:03] Purok P4B: 1% used (10/1000) - No action needed
[2025-11-21 19:01:03] Purok P5: 1.9% used (19/1000) - No action needed
[2025-11-21 19:01:03] Purok P6: 0% used (0/1000) - No action needed
[2025-11-21 19:01:03] Purok P7: 0.7% used (7/1000) - No action needed
[2025-11-21 19:01:03] === Hourly Key Check Completed ===
[2025-11-21 19:01:03] Puroks regenerated: None
[2025-11-21 20:01:03] === Starting Hourly Key Check ===
[2025-11-21 20:01:03] Purok P1: 1.1% used (11/1000) - No action needed
[2025-11-21 20:01:03] Purok P2: 0.3% used (3/1000) - No action needed
[2025-11-21 20:01:03] Purok P3: 0.5% used (5/1000) - No action needed
[2025-11-21 20:01:03] Purok P4A: 0.1% used (1/1000) - No action needed
[2025-11-21 20:01:03] Purok P4B: 1% used (10/1000) - No action needed
[2025-11-21 20:01:03] Purok P5: 1.9% used (19/1000) - No action needed
[2025-11-21 20:01:03] Purok P6: 0% used (0/1000) - No action needed
[2025-11-21 20:01:03] Purok P7: 0.7% used (7/1000) - No action needed
[2025-11-21 20:01:03] === Hourly Key Check Completed ===
[2025-11-21 20:01:03] Puroks regenerated: None
[2025-11-21 21:01:03] === Starting Hourly Key Check ===
[2025-11-21 21:01:03] Purok P1: 1.1% used (11/1000) - No action needed
[2025-11-21 21:01:03] Purok P2: 0.3% used (3/1000) - No action needed
[2025-11-21 21:01:03] Purok P3: 0.5% used (5/1000) - No action needed
[2025-11-21 21:01:03] Purok P4A: 0.1% used (1/1000) - No action needed
[2025-11-21 21:01:03] Purok P4B: 1% used (10/1000) - No action needed
[2025-11-21 21:01:03] Purok P5: 1.9% used (19/1000) - No action needed
[2025-11-21 21:01:03] Purok P6: 0% used (0/1000) - No action needed
[2025-11-21 21:01:03] Purok P7: 0.7% used (7/1000) - No action needed
[2025-11-21 21:01:03] === Hourly Key Check Completed ===
[2025-11-21 21:01:03] Puroks regenerated: None
[2025-11-21 22:01:03] === Starting Hourly Key Check ===
[2025-11-21 22:01:03] Purok P1: 1.1% used (11/1000) - No action needed
[2025-11-21 22:01:03] Purok P2: 0.3% used (3/1000) - No action needed
[2025-11-21 22:01:03] Purok P3: 0.5% used (5/1000) - No action needed
[2025-11-21 22:01:03] Purok P4A: 0.1% used (1/1000) - No action needed
[2025-11-21 22:01:03] Purok P4B: 1% used (10/1000) - No action needed
[2025-11-21 22:01:03] Purok P5: 1.9% used (19/1000) - No action needed
[2025-11-21 22:01:03] Purok P6: 0% used (0/1000) - No action needed
[2025-11-21 22:01:03] Purok P7: 0.7% used (7/1000) - No action needed
[2025-11-21 22:01:03] === Hourly Key Check Completed ===
[2025-11-21 22:01:03] Puroks regenerated: None
[2025-11-21 23:01:03] === Starting Hourly Key Check ===
[2025-11-21 23:01:03] Purok P1: 1.1% used (11/1000) - No action needed
[2025-11-21 23:01:03] Purok P2: 0.3% used (3/1000) - No action needed
[2025-11-21 23:01:03] Purok P3: 0.5% used (5/1000) - No action needed
[2025-11-21 23:01:03] Purok P4A: 0.1% used (1/1000) - No action needed
[2025-11-21 23:01:03] Purok P4B: 1% used (10/1000) - No action needed
[2025-11-21 23:01:03] Purok P5: 1.9% used (19/1000) - No action needed
[2025-11-21 23:01:03] Purok P6: 0% used (0/1000) - No action needed
[2025-11-21 23:01:03] Purok P7: 0.7% used (7/1000) - No action needed
[2025-11-21 23:01:03] === Hourly Key Check Completed ===
[2025-11-21 23:01:03] Puroks regenerated: None
